['53', '484', '55', '439', '18', '122', '135', '4', '74', '410', '448', '123', '185', '487', '156', '374', '101', '451', '386', '54', '51', '125', '45', '288', '137', '469', '319', '350', '285', '52', '342', '238', '88', '391', '253', '41', '276', '250']
['434', '6', '269', '328', '153', '86', '433', '471', '58', '389', '349', '379', '267', '346', '177', '464', '436', '139', '85', '1', '435', '78', '35', '316', '151', '432', '315', '232', '258', '409', '172', '62', '202', '244', '437', '84']
['418', '124', '13', '142', '318', '225', '478', '100', '468', '447', '380', '417', '332', '66', '416', '36', '12', '71', '42', '361', '419', '457', '235', '291', '370', '263', '65', '242']
['241', '211', '158', '393', '377', '199', '458', '300', '207', '480', '79', '167', '210', '240', '454', '305', '68', '295', '450', '257', '32', '249', '183', '0', '243', '280', '181', '23', '3']
['155', '120', '475', '431', '5', '230', '59', '421', '472', '251', '77', '157', '401', '75', '396', '69', '19', '154', '462', '26', '474', '337', '108', '194', '320', '121', '72', '119']
['353', '214', '430', '247', '355', '43', '351', '182', '270', '150', '325', '281', '205', '116', '329', '273', '298', '344', '354', '252', '136', '165', '352', '76', '424']
['327', '109', '17', '330', '33', '485', '378', '94', '46', '118', '303', '254', '149', '166', '382', '326', '259', '178']
['365', '398', '364', '8', '340', '147', '367', '366', '233', '456', '102', '248', '117', '152', '376', '460', '387', '200', '363', '49', '321', '132', '161', '83', '306', '226', '314']
['128', '204', '27', '236', '466', '384', '406', '129', '348', '127', '287', '163', '126', '173', '486', '67', '138', '169', '278', '216']
['38', '30', '160', '195', '489', '228', '223', '467', '438', '180', '229', '255', '334', '271', '37', '39', '301', '403', '395', '476', '22']
['7', '317', '383', '304', '336', '234', '425', '105', '112', '81', '29', '371', '9', '111', '168', '426']
['2', '90', '310', '134', '443', '356', '311', '385', '95', '296', '286', '442', '413']
['106', '213', '428', '104', '313', '219', '107', '283', '308', '170', '222', '201']
['47', '394', '297', '293', '294', '48', '479', '193', '227', '372', '191', '452', '284', '446']
['209', '455', '360', '192', '420', '61', '208', '444', '302', '343', '87']
['133', '145', '20', '217', '131', '275', '141', '80', '56', '265']
['347', '415', '390', '28', '143', '256', '345']
['368', '279', '25', '246', '461', '369', '262', '187']
['323', '441', '290', '188', '324', '322', '146', '470', '404', '24', '481', '196']
['339', '338', '215', '272', '92', '375', '331', '212', '186', '362', '373']
['488', '359', '57', '89', '14', '31', '463']
['292', '190', '266', '459', '400', '482']
['115', '15', '414', '114', '113']
['164', '449', '282', '162', '289', '341', '260', '264']
['144', '268', '261', '98', '91']
['97', '381', '16', '96', '465', '427', '50', '99', '184', '189']
['453', '483', '10']
['277', '197']
['179', '159', '171', '405']
['423', '422', '231', '399']
['175', '408', '176', '335', '174', '299', '429']
['93', '40']
['70', '21']
['411', '60', '412', '357', '206']
['130', '473', '445']
['407', '73', '82']
['148', '224', '140', '103']
['402', '34', '358']
['63', '312', '64']
['392', '237']
['333', '11']
['440', '239']
['397', '307']
['477', '218']
['221', '220']
['203', '309']
['44', '110']
['388', '245']
['198']
['274']
