['48', '303', '254', '137', '239', '5', '28', '73', '330', '183', '267', '328', '325', '193', '144', '256', '121', '173']
['287', '6', '333', '185', '145', '212', '122', '107', '155', '41', '127', '84', '184', '280', '320', '36', '118', '14']
['248', '98', '290', '25', '35', '95', '243', '279', '332', '235', '92', '53', '77', '282', '10']
['294', '221', '176', '271', '219', '157', '304', '277', '207', '308', '80', '223', '210', '196', '83', '198', '242']
['33', '55', '295', '188', '168', '363', '302', '331', '336', '355', '76', '264', '156', '103', '88']
['307', '177', '27', '251', '4', '344', '59', '26', '311', '348', '343', '314', '222', '199', '42', '262']
['21', '340', '20', '148', '326', '261', '209', '171', '276', '104', '120', '310', '231', '74', '281']
['91', '30', '159', '57', '317', '17', '186', '195', '15', '300', '258', '218', '211', '201', '112']
['101', '204', '124', '329', '316', '315', '39', '257', '236', '19', '268', '46', '99', '158', '187']
['69', '81', '213', '16', '338', '274', '233', '263', '54', '110', '29', '43', '341', '238', '228']
['136', '299', '106', '334', '297', '323', '140', '352', '246', '147', '135', '174', '94', '342', '71', '151']
['318', '90', '175', '312', '169', '161', '131', '252', '170', '105', '250', '241', '50', '337', '273']
['214', '293', '85', '138', '298', '286', '97', '191', '150', '66', '349', '278', '68', '327', '1']
['12', '359', '13', '129', '234', '62', '181', '265', '2', '162', '358', '3', '240', '309', '82']
['102', '351', '164', '301', '357', '126', '291', '237', '296', '347', '339', '227', '206', '65', '288']
['220', '142', '114', '215', '217', '93', '132', '324', '45', '40', '24', '60', '305', '180', '350']
['9', '353', '96', '141', '108', '163', '7', '89', '109', '67', '149', '245', '165', '160', '232']
['133', '269', '205', '37', '111', '362', '119', '216', '306', '63', '166', '128', '22', '202', '172']
['8', '152', '356', '179', '146', '224', '229', '75', '230', '249', '322', '0', '225', '319']
['34', '285', '154', '200', '203', '197', '275', '346', '123', '117', '130', '253', '270', '192']
['87', '354', '321', '208', '289', '134', '361', '335', '178', '259', '116', '78', '113', '52']
['139', '345', '272', '115', '292', '182', '313', '47', '266', '49', '61', '283', '244', '190']
['86', '70', '51', '189', '284', '194', '72', '31', '167', '260', '79', '100', '247', '360']
['226', '153', '44', '125', '143', '32', '56', '64', '255', '18', '11', '38', '58', '23']
