['asa', 'adn', 'age', 'aqu', 'aqh', 'alj', 'agn', 'afs', 'anj', 'ail', 'aes', 'ajh', 'aqi', 'ane', 'afb', 'ajz', 'agb', 'aqm', 'asn', 'ajb', 'aom', 'adm', 'aka', 'adx', 'akp', 'ahx', 'asc', 'aox', 'akf', 'acl', 'adl', 'aaj', 'aqs', 'ahk']
['aqc', 'aot', 'abw', 'asf', 'ait', 'asb', 'abj', 'amz', 'amq', 'adp', 'ajt', 'aeg', 'afe', 'aou', 'alq', 'and', 'agv', 'apv', 'arm', 'akn', 'ara', 'abb', 'aay', 'aij', 'afo', 'aef', 'apl', 'adi', 'asp', 'aib', 'akm', 'agh', 'atc', 'apz', 'amm']
['adt', 'aba', 'asm', 'all', 'aqx', 'air', 'aov', 'alx', 'apq', 'aen', 'asj', 'abx', 'asg', 'acb', 'aii', 'afi', 'ahd', 'afg', 'acy', 'afp', 'afv', 'acd', 'apt', 'asw', 'afz', 'akk', 'alh', 'ass', 'asv', 'agl', 'aha', 'aqk', 'aig', 'aez', 'aco', 'aca']
['abq', 'aaw', 'aip', 'anv', 'aaz', 'aav', 'akd', 'ank', 'atf', 'ang', 'arg', 'adz', 'aei', 'aea', 'ago', 'akb', 'aej', 'alp', 'adv', 'aqe', 'aar', 'aqz', 'acu', 'aqq', 'acx', 'abc', 'amy', 'ahp', 'aow', 'arf', 'abm', 'agz', 'aff', 'ahy']
['alt', 'aof', 'apa', 'afx', 'arh', 'ahb', 'akv', 'asq', 'aiq', 'act', 'ajl', 'agg', 'aob', 'ajn', 'apu', 'asl', 'ajr', 'amr', 'amx', 'acw', 'arx', 'acm', 'apr', 'arj', 'akg', 'ach', 'arv', 'ahc', 'aeq', 'abg', 'aab', 'alr', 'agu', 'aoi', 'ajg']
['apk', 'afq', 'agj', 'ahl', 'asr', 'aln', 'anu', 'afr', 'aja', 'adr', 'apd', 'alo', 'afa', 'afm', 'aep', 'asu', 'amd', 'arw', 'anx', 'aik', 'ari', 'aje', 'alf', 'aqf', 'anl', 'ald', 'ajw', 'asy', 'adc', 'afy', 'amu', 'ahe', 'amv', 'aew', 'alu']
['aqn', 'aey', 'api', 'agf', 'alb', 'anz', 'adu', 'aoc', 'aaq', 'aju', 'apo', 'aia', 'aqt', 'aag', 'ame', 'apf', 'amt', 'aqg', 'aok', 'alv', 'ajf', 'akq', 'aec', 'ahw', 'akr', 'aji', 'anc', 'ajj', 'ase', 'ams', 'abh', 'apn', 'acs']
['ads', 'abo', 'amj', 'aoa', 'aet', 'amb', 'ack', 'ake', 'ata', 'aft', 'agk', 'aad', 'afn', 'anm', 'aqb', 'aps', 'ajc', 'asz', 'aon', 'add', 'acf', 'aqv', 'ahm', 'ajs', 'agr', 'aph', 'aaf', 'arq', 'akl', 'amf', 'anq', 'apc', 'aht', 'art', 'aiu']
['amc', 'akz', 'aga', 'aer', 'aeh', 'aal', 'adj', 'anb', 'abu', 'anh', 'ado', 'ahg', 'aop', 'ahq', 'amh', 'aro', 'any', 'are', 'adq', 'aev', 'ask', 'afd', 'als', 'aci', 'aqw', 'apm', 'adg', 'ant', 'aah', 'aaa', 'arl', 'aat', 'aio', 'akj', 'arr', 'abl']
['akw', 'arb', 'aas', 'abn', 'arp', 'aih', 'agd', 'ahv', 'aks', 'aif', 'aho', 'anw', 'abt', 'aog', 'atb', 'alw', 'ami', 'aoe', 'aeu', 'ahi', 'amk', 'aek', 'anp', 'ady', 'aeb', 'amw', 'aed', 'ace', 'amn', 'afh', 'amp', 'aoo', 'aem', 'apg', 'aai', 'atd', 'aic']
['aqo', 'aru', 'agq', 'ala', 'aiv', 'ako', 'ajq', 'ajm', 'aoz', 'ary', 'afj', 'aky', 'adw', 'ahz', 'abv', 'aau', 'aam', 'aby', 'ahr', 'agw', 'alm', 'anf', 'ast', 'aan', 'aqr', 'ajx', 'aly', 'adf', 'ahs', 'aol', 'aod', 'aid', 'asi', 'ade', 'acq', 'ale']
['aos', 'amg', 'ama', 'ars', 'abf', 'acz', 'agy', 'afc', 'acn', 'alg', 'abp', 'adk', 'aki', 'aiw', 'ajv', 'ais', 'anr', 'aqp', 'app', 'abs', 'agc', 'abk', 'agx', 'ali', 'aor', 'aax', 'alz', 'aac', 'apy', 'ags', 'afw', 'aie', 'aiy', 'acg', 'apb', 'aqa']
['arc', 'aak', 'akh', 'aqy', 'acr', 'abz', 'ana', 'alk', 'aao', 'ajy', 'aim', 'acc', 'ape', 'aqj', 'aex', 'aae', 'abe', 'alc', 'aml', 'afl', 'acv', 'abi', 'abd', 'ans', 'ark', 'akc', 'apj', 'ani', 'ada', 'ash', 'aoq', 'acp', 'ahn', 'adh', 'ahu', 'ahj']
['agt', 'aee', 'aiz', 'asd', 'ate', 'agi']
['acj']
['aku']
['aoy']
['ahh']
['asx']
['afu']
['akt']
['ano']
['ard']
['ael']
['ajk']
['apw']
['arn']
['aso']
['akx']
['apx']
['adb']
['ajp']
['ajd']
['aqd']
['aql']
['ain']
['aoj']
['aix']
['ann']
['agp']
['aap']
['aoh']
['afk']
['arz']
['abr']
['ahf']
['ajo']
['aeo']
['amo']
['agm']
