['138', '109', '181', '133', '75', '176', '86', '96', '32', '207']
['54', '199', '162', '78', '90', '20', '208', '255', '200', '43']
['79', '140', '257', '4', '48', '115', '92', '254', '163', '126']
['13', '42', '35', '160', '100', '15', '228', '232', '0', '144']
['231', '85', '82', '215', '220', '146', '88', '164']
['156', '172', '178', '97', '235', '53', '136', '263', '171']
['44', '124', '236', '17', '107', '39', '174', '193', '218']
['259', '184', '190', '253', '237', '180', '262', '247', '244']
['112', '50', '93', '2', '69', '197', '227', '108', '72', '221']
['127', '175', '1', '16', '266', '209', '258', '105']
['24', '58', '153', '29', '114', '256', '238', '5', '121', '26']
['73', '129', '116', '134', '239', '61', '161', '196']
['216', '230', '11', '192', '167', '151', '240', '63']
['77', '45', '168', '206', '28', '110', '130']
['83', '81', '177', '265', '31', '148', '14']
['183', '65', '189', '173', '3', '241']
['12', '30', '248', '37']
['101', '99', '219', '106', '47', '49']
['74', '113', '141', '149', '118', '242']
['250', '59', '158', '8', '135', '222']
['182', '150']
['139', '27', '224', '213', '194']
['225', '21', '33']
['40', '94', '64', '123']
['95', '122', '246', '203']
['166', '267']
['18', '6', '128']
['55', '191', '119', '56', '51']
['22', '223', '132']
['131', '155', '252']
['9', '214', '102']
['80', '226']
['98', '87']
['120', '268', '233']
['165', '205']
['103', '137']
['60', '62']
['195', '170']
['57', '159', '185', '261']
['245']
['264', '91']
['234', '210', '67']
['179']
['76', '201', '89']
['202']
['145', '211']
['34']
['198', '38']
['249']
['154']
['111', '217']
['147']
['229', '10']
['19', '143']
['70']
['125']
['243']
['212']
['260']
['7']
['25']
['204']
['66']
['157']
['52']
['187', '269']
['117']
['152']
['41']
['104']
['46']
['23']
['71']
['186']
['251']
['84']
['169']
['68']
['36']
['188']
['142']
