['352', '211', '11', '5', '353', '367', '97', '254', '127', '210', '274', '14', '140']
['42', '197', '215', '195', '324', '379', '79', '80', '336', '246', '302', '245', '358', '201']
['74', '394', '375', '285', '160', '217', '272', '223', '161', '150', '229', '68', '50', '31', '362']
['86', '158', '236', '317', '115', '78', '61', '399', '235']
['134', '365', '290', '312', '20', '192', '234', '281', '139', '376', '344', '37', '111', '382']
['238', '6', '188', '4', '380', '33', '156', '118', '371', '330', '391', '179', '291']
['44', '333', '83', '293', '366', '237', '64', '202', '89', '208', '186', '166', '258']
['348', '267', '203', '81', '1', '222', '41', '341', '194', '216', '23', '180']
['383', '112', '296', '70', '233', '231', '29', '288', '157', '209', '284', '395']
['381', '27', '167', '311', '128', '327', '124', '9', '98', '321']
['305', '214', '120', '263', '257', '252', '204', '3']
['343', '335', '304', '390', '271', '342', '338', '255']
['103', '378', '125', '182', '148', '72']
['373', '325', '116', '320', '22']
['113', '185', '331', '388', '265', '259', '165', '65']
['26', '275', '392', '241']
['205', '39', '159', '131', '270', '102', '268', '279', '40']
['126', '300', '87', '250', '168', '260']
['17', '175', '239', '310', '256', '262']
['155', '132', '345']
['189', '224', '147', '212', '123', '374']
['121', '163', '294', '248', '138', '181']
['73', '8', '59']
['303', '386']
['174', '328', '71', '313', '76']
['95', '36', '206']
['107', '60', '309']
['7']
['347', '176']
['361', '230', '47']
['153', '200']
['48', '90', '384']
['18', '53']
['242', '91', '318']
['289']
['322', '398']
['21']
['316']
['247', '142']
['63']
['385']
['278']
['221']
['35']
['280']
['337']
['19']
['93']
['55']
['372']
['397']
['207']
['51']
['253']
['152']
['283']
['117']
['130']
['298']
['105']
['218']
['109']
['389']
['232']
['85']
['15']
['359']
['46']
['220']
['308']
['198']
['162']
['101']
['136']
['66']
['108']
['133']
['292']
['226']
['287']
['332']
['92']
['329']
['282']
['100']
['151']
['266']
['269']
['251']
['141']
['45']
['30']
['187']
['104']
['62']
['96']
['38']
['354']
['396']
['368']
['24']
['171']
['184']
['346']
['393']
['82']
['190']
['286']
['387']
['351']
['356']
['119']
['349']
['172']
['377']
['137']
['75']
['228']
['364']
['110']
['173']
['340']
['355']
['193']
['25']
['164']
['177']
['244']
['276']
['273']
['213']
['106']
['297']
['58']
['363']
['2']
['154']
['56']
['0']
['323']
['129']
['350']
['12']
['196']
['314']
['277']
['94']
['16']
['135']
['143']
['295']
['326']
['227']
['99']
['178']
['191']
['52']
['243']
['146']
['10']
['199']
['264']
['54']
['357']
['369']
['219']
['315']
['169']
['249']
['28']
['34']
['145']
['88']
['144']
['261']
['77']
['301']
['370']
['69']
['43']
['32']
['334']
['114']
['307']
['49']
['360']
['240']
['225']
['306']
['67']
['183']
['57']
['122']
['13']
['170']
['339']
['149']
['84']
['319']
['299']
