['214', '120', '158', '176', '215', '155', '77', '118', '117', '138', '29', '143', '78', '166', '37', '113', '189', '13', '179']
['139', '182', '227', '123', '74', '165', '10', '109', '247', '245', '237', '127', '174', '101', '94', '104', '246', '231', '152']
['168', '163', '146', '171', '82', '95', '232', '221', '83', '181', '226', '20', '228', '89', '114', '19', '64', '9', '211', '200', '39', '238', '244']
['224', '119', '136', '233', '50', '26', '144', '242', '185', '18', '236', '17', '128', '213', '7', '55']
['190', '8', '65', '191', '201', '208', '183', '44', '148', '178', '141', '79', '193', '67', '122', '99', '140', '91', '219', '206', '160', '241']
['194', '134', '207', '22', '5', '107', '153', '151', '102', '218', '33', '48', '205', '14', '45', '90', '71', '110']
['49', '106', '204', '159', '225', '70', '63', '126', '100', '108', '103']
['88', '184', '69']
['3', '222']
['23']
['156']
['38']
['31']
['16']
['170']
['41']
['52']
['199']
['145']
['81']
['85']
['112']
['243']
['230']
['203']
['36']
['161']
['57']
['56']
['186']
['58']
['43']
['0']
['73']
['75']
['188']
['195']
['12']
['197']
['1']
['177']
['98']
['30']
['209']
['61']
['25']
['21']
['239']
['111']
['96']
['217']
['202']
['162']
['68']
['87']
['121']
['24']
['220']
['27']
['132']
['76']
['157']
['28']
['84']
['240']
['196']
['54']
['137']
['131']
['32']
['210']
['53']
['40']
['11']
['187']
['192']
['235']
['130']
['175']
['149']
['60']
['135']
['180']
['2']
['248']
['34']
['66']
['125']
['124']
['47']
['46']
['86']
['212']
['59']
['223']
['105']
['97']
['169']
['229']
['173']
['147']
['249']
['92']
['51']
['129']
['6']
['115']
['167']
['133']
['154']
['62']
['142']
['35']
['42']
['216']
['164']
['15']
['4']
['172']
['93']
['80']
['198']
['150']
['72']
['116']
['234']
