['237lol', '33lol', '440lol', '403lol', '61lol', '29lol', '60lol', '80lol', '368lol', '185lol', '282lol', '417lol', '132lol', '81lol', '446lol', '330lol', '454lol', '263lol', '320lol', '207lol', '26lol', '130lol', '206lol', '339lol', '447lol', '22lol', '67lol', '257lol', '40lol', '348lol', '246lol', '205lol', '445lol', '157lol', '326lol', '212lol', '143lol', '211lol', '194lol', '164lol', '46lol', '41lol', '344lol', '489lol', '487lol', '418lol', '482lol', '96lol', '464lol', '191lol', '312lol', '110lol', '166lol', '351lol', '247lol', '145lol', '255lol', '119lol', '105lol', '136lol', '234lol', '335lol', '496lol', '364lol', '430lol', '313lol', '163lol', '268lol', '400lol', '180lol', '202lol', '235lol', '154lol', '419lol', '283lol', '361lol', '122lol', '379lol', '389lol', '376lol', '373lol', '479lol', '398lol', '307lol', '121lol', '359lol', '71lol', '352lol', '216lol', '427lol', '346lol', '463lol', '395lol', '331lol', '372lol', '70lol', '120lol', '270lol', '39lol', '6lol', '318lol', '11lol', '394lol', '227lol', '272lol', '53lol', '200lol', '290lol', '73lol', '406lol', '24lol', '223lol', '117lol', '160lol', '138lol', '240lol', '492lol', '396lol', '289lol', '355lol', '165lol', '300lol', '208lol', '261lol', '12lol', '64lol', '225lol', '497lol', '476lol', '220lol', '114lol', '433lol', '15lol', '150lol', '323lol', '152lol', '415lol', '108lol', '94lol', '76lol', '321lol', '23lol', '48lol', '315lol', '475lol', '337lol', '392lol', '16lol', '358lol', '38lol', '17lol', '324lol', '470lol', '213lol', '219lol', '275lol', '472lol', '384lol', '416lol', '14lol', '341lol', '238lol', '74lol', '215lol']
['209lol', '19lol', '345lol', '189lol', '432lol', '88lol', '50lol', '378lol', '250lol', '162lol', '133lol', '262lol', '79lol', '69lol', '89lol', '465lol', '28lol', '256lol', '271lol', '118lol', '269lol', '349lol', '483lol', '98lol', '13lol', '310lol', '233lol', '177lol', '47lol', '385lol', '115lol', '224lol', '63lol', '49lol', '365lol', '314lol', '455lol', '196lol', '422lol', '101lol', '425lol', '407lol', '175lol', '116lol', '10lol', '135lol', '109lol', '126lol', '267lol', '302lol', '412lol', '83lol', '37lol', '222lol', '336lol', '77lol', '491lol', '383lol', '181lol', '106lol', '448lol', '322lol', '371lol', '103lol', '171lol', '316lol', '156lol', '357lol', '253lol', '217lol', '0lol', '243lol', '265lol', '370lol', '124lol', '281lol', '354lol', '188lol', '242lol', '299lol', '167lol', '84lol', '7lol', '179lol', '254lol', '92lol', '153lol', '334lol', '380lol', '347lol', '245lol', '264lol', '369lol', '274lol', '393lol', '277lol', '350lol', '333lol', '451lol', '459lol', '85lol', '473lol', '414lol', '413lol', '278lol', '428lol', '366lol', '356lol', '343lol']
['498lol', '409lol', '147lol', '159lol', '5lol', '457lol', '292lol', '78lol', '203lol', '426lol', '27lol', '319lol', '386lol', '91lol', '123lol', '128lol', '31lol', '100lol', '186lol', '408lol', '66lol', '35lol', '62lol', '377lol', '327lol', '199lol', '303lol', '466lol', '231lol', '176lol', '452lol', '296lol', '172lol', '170lol', '375lol', '456lol', '141lol', '342lol', '210lol', '201lol', '478lol', '367lol', '54lol', '155lol', '161lol', '151lol', '148lol', '36lol', '183lol', '139lol', '474lol', '95lol', '499lol', '125lol', '434lol', '450lol', '405lol', '59lol', '44lol', '232lol', '99lol', '304lol', '362lol', '173lol', '2lol', '252lol']
['251lol', '444lol', '360lol', '490lol', '288lol', '149lol', '102lol', '258lol', '140lol', '259lol', '481lol', '429lol', '441lol', '442lol', '30lol', '32lol', '178lol', '57lol', '174lol', '308lol', '142lol', '374lol', '353lol', '298lol', '169lol', '248lol', '436lol', '295lol', '329lol', '480lol', '381lol', '86lol', '146lol', '55lol']
['401lol', '244lol', '340lol', '460lol', '388lol', '443lol', '229lol', '93lol', '3lol', '249lol', '276lol', '391lol', '72lol', '104lol', '214lol', '467lol', '494lol', '65lol']
['21lol', '458lol', '226lol', '9lol', '439lol', '42lol', '187lol', '193lol']
['241lol']
['4lol', '134lol']
['488lol']
['301lol']
['493lol']
['486lol']
['390lol']
['184lol']
['236lol']
['127lol']
['18lol']
['363lol']
['182lol']
['317lol']
['190lol']
['461lol']
['113lol']
['325lol']
['43lol']
['437lol']
['399lol']
['402lol']
['387lol']
['144lol']
['51lol']
['449lol']
['279lol']
['291lol']
['204lol']
['287lol']
['328lol']
['230lol']
['284lol']
['260lol']
['469lol']
['462lol']
['137lol']
['484lol']
['221lol']
['75lol']
['410lol']
['285lol']
['397lol']
['218lol']
['168lol']
['34lol']
['286lol']
['107lol']
['197lol']
['87lol']
['332lol']
['421lol']
['423lol']
['471lol']
['338lol']
['195lol']
['453lol']
['90lol']
['129lol']
['382lol']
['294lol']
['411lol']
['198lol']
['1lol']
['280lol']
['52lol']
['305lol']
['82lol']
['495lol']
['58lol']
['477lol']
['297lol']
['311lol']
['420lol']
['25lol']
['239lol']
['309lol']
['20lol']
['431lol']
['404lol']
['266lol']
['97lol']
['192lol']
['56lol']
['485lol']
['131lol']
['424lol']
['468lol']
['68lol']
['228lol']
['158lol']
['306lol']
['112lol']
['8lol']
['438lol']
['45lol']
['293lol']
['111lol']
['273lol']
['435lol']
