['458', '441', '27', '431', '195', '448', '473', '71', '318', '379', '479']
['43', '394', '158', '389', '135', '154', '60', '351', '155', '270', '150']
['129', '269', '353', '163', '171', '281', '470', '337', '354', '376', '443']
['113', '484', '321', '101', '94', '138', '347', '387', '339', '369', '391']
['204', '383', '118', '425', '364', '123', '454', '341', '343', '170', '83']
['208', '186', '324', '77', '220', '426', '24', '206', '390', '333', '188']
['309', '406', '375', '397', '404', '462', '338', '189', '16', '451']
['54', '396', '91', '149', '121', '434', '214', '461', '239', '237', '228']
['225', '437', '247', '68', '136', '245', '380', '348', '267', '223', '104']
['238', '97', '436', '385', '411', '37', '409', '119', '175', '122', '304']
['144', '52', '401', '357', '13', '410', '134', '300', '414', '439', '174']
['139', '420', '424', '116', '246', '412', '75', '137', '19', '9', '26']
['227', '182', '419', '432', '374', '58', '421', '231', '78', '460', '200']
['65', '319', '57', '478', '463', '346', '395', '89', '201', '241', '21']
['331', '455', '105', '405', '50', '399', '3', '55', '72', '266', '53']
['274', '283', '362', '81', '415', '370', '218', '86', '327', '403', '183']
['280', '481', '286', '398', '368', '297', '192', '456', '80', '465', '67']
['276', '263', '413', '320', '190', '17', '159', '234', '486', '459', '254']
['6', '344', '476', '49', '272', '277', '213', '157', '427', '317', '306']
['85', '367', '457', '472', '242', '408', '141', '184', '212', '288', '151']
['176', '477', '230', '146', '59', '298', '193', '438', '106', '133', '312']
['82', '99', '148', '482', '278', '382', '187', '284', '453', '11', '285']
['340', '452', '328', '291', '160', '264', '196', '30', '483', '70', '384']
['326', '430', '444', '402', '20', '63', '366', '48', '487', '45', '416']
['172', '73', '198', '4', '335', '293', '33', '467', '126', '162', '386']
['140', '222', '130', '156', '325', '203', '46', '474', '199', '360', '256']
['393', '429', '191', '12', '407', '260', '47', '8', '125', '215', '310']
['44', '428', '2', '232', '93', '240', '349', '14', '98', '271', '100']
['197', '235', '417', '442', '252', '315', '124', '120', '167', '117', '311']
['202', '114', '161', '314', '400', '329', '273', '207', '38', '88', '108']
['257', '480', '289', '316', '180', '352', '485', '392', '210', '173', '1']
['307', '464', '248', '40', '95', '84', '488', '422', '66', '243', '433']
['334', '447', '418', '74', '15', '166', '205', '164', '165', '226', '221']
['194', '10', '287', '282', '177', '342', '373', '115', '110', '5', '216']
['450', '244', '29', '181', '211', '290', '423', '295', '471', '127']
['219', '381', '103', '259', '109', '322', '64', '152', '35', '142']
['323', '345', '185', '229', '145', '90', '468', '61', '28', '107', '250']
['7', '469', '350', '34', '336', '0', '209', '292', '359', '96', '102']
['147', '265', '449', '39', '18', '178', '128', '79', '313', '303', '249']
['435', '377', '475', '25', '42', '217', '92', '268', '261', '31', '258']
['76', '236', '275', '132', '251', '371', '168', '111', '224', '131', '294']
['440', '233', '365', '56', '87', '62', '22', '302', '361', '301', '41']
['36', '23', '378', '355', '372', '356', '299', '358', '253', '279', '169']
['445', '69', '255', '305', '296', '153', '330', '143', '363', '446']
['332', '262', '308']
['112', '388']
['51']
['179']
['32']
['466']
