['100', '158', '27', '135', '154', '60', '195', '97', '155', '150', '77', '171', '118', '138', '149', '123', '37', '113', '24', '189']
['200', '269', '186', '101', '270', '163', '220', '170', '121', '206', '214', '175', '247', '239', '245', '237', '228', '267', '174', '223']
['182', '124', '120', '125', '176', '146', '167', '117', '177', '166', '115', '164', '181', '179', '109', '145', '122', '199', '134', '129']
['105', '162', '127', '147', '104', '116', '152', '137', '192', '148', '157', '107', '114', '144', '183', '198', '142', '185', '190', '197']
['130', '178', '128', '141', '191', '102', '193', '132', '188', '139', '140', '184', '133', '151', '111', '187', '119', '136', '161', '196']
['106', '159', '112', '172', '160', '131', '156', '126', '173', '110', '153', '169', '180', '143', '168', '108', '194', '103', '165']
['90', '8', '74', '15', '53', '66', '85', '1', '29', '82', '95', '89', '83', '13', '10', '6', '98', '16', '68', '34']
['81', '58', '25', '94', '64', '51', '75', '50', '99', '42', '35', '78', '19', '28', '73', '92', '26', '39', '32', '21']
['2', '61', '76', '72', '18', '44', '5', '17', '80', '96', '7', '59', '79', '43', '56', '67', '54', '55', '93', '69']
['9', '31', '57', '52', '4', '62', '3', '22', '30', '11', '70', '86', '20', '33', '48', '63', '36', '46', '14', '45']
['12', '71', '47', '38', '40', '88', '91', '49', '41', '65', '23', '87', '84']
['280', '215', '210', '257', '243', '229', '232', '221', '259', '202', '216', '226', '211', '296', '233', '246', '231', '201', '208', '235']
['227', '266', '236', '217', '272', '275', '230', '277', '252', '234', '268', '248', '261', '251', '240', '249', '212', '219', '274', '278']
['218', '253', '258', '263', '264', '204', '213', '224', '225', '238', '203', '207', '254', '255', '265', '205', '250', '273', '256', '279']
['242', '241', '262', '209', '271', '260', '222', '276', '244']
['300', '281', '292', '294']
['283', '284', '282', '299']
['286', '287', '285', '295']
['288', '289', '297', '298']
['291', '290', '293']
