['go', 'cd', 'dp', 'fl', 'ga', 'kd', 'il', 'ca', 'jt', 'bv']
['o', 'jw', 'i', 'dt', 'fj', 'is', 'hp', 'gl', 'ez', 'ia']
['df', 'ea', 'jh', 'kb', 'gq', 'hr', 'fz', 'gr', 'hu', 'gt']
['fn', 'cw', 'gy', 'ec', 'fd', 'iy', 'w', 'dl', 'ch', 'fm']
['fh', 'hs', 'kg', 'cn', 'ex', 'ji', 'az', 'bo', 'ee', 'kh']
['fv', 'dc', 'do', 'iv', 'eh', 'cl', 'at', 'cu', 'jg', 'cp']
['z', 'p', 'ap', 'ce', 'm', 'jd', 'cx', 'fe', 'ir', 'fr']
['jx', 'eo', 'aj', 'ft', 'kf', 'di', 'u', 'bi', 'iz', 'in']
['fw', 's', 'ax', 'ep', 'jl', 'dm', 'jo', 'bk', 'hk', 'fi']
['fy', 'al', 'gw', 'fp', 'aw', 'jy', 'bm', 'ht', 'kc', 'ac']
['dz', 'de', 'dg', 'jk', 'cc', 'cb', 'fo', 'hc', 'k', 'fc']
['gn', 'db', 'fg', 'ke', 'jv', 'gb', 'hg', 'hv', 'hq', 'bq']
['g', 'km', 'jc', 'ck', 'as', 'ew', 'hj', 'ah', 'hy', 'be']
['bc', 'ip', 'bw', 'gg', 'dy', 'gi', 'by', 'bf', 'ii', 'iu']
['dv', 'jn', 'bp', 'ho', 'gh', 'bx', 'ag', 't', 'bg', 'ev']
['q', 'ib', 'jj', 'gx', 'l', 'dw', 'hx', 'bb', 'cf', 'bh']
['dk', 'hn', 'hi', 'ef', 'd', 'eq', 'en', 'it', 'ic', 'bd']
['aa', 'dq', 'hw', 'cy', 'hz', 'ha', 'bn', 'b', 'ct', 'ad']
['r', 'ci', 'gp', 'et', 'fs', 'ba', 'v', 'ej', 'ij', 'am']
['io', 'aq', 'fq', 'jm', 'bl', 'dr', 'af', 'eg', 'fb', 'ix']
['bu', 'jr', 'au', 'av', 'fx', 'ey', 'gu', 'kk', 'im', 'dj']
['cv', 'e', 'ig', 'dd', 'jb', 'es', 'bt', 'iq', 'ek', 'ab']
['ae', 'ar', 'gv', 'ik', 'an', 'ai', 'hm', 'cm', 'ei', 'bs']
['if', 'gz', 'gc', 'ak', 'ih', 'fu', 'hh', 'jf', 'dx', 'hl']
['x', 'ie', 'gs', 'ju', 'he', 'je', 'bz', 'gk', 'ao', 'gj']
['cs', 'kj', 'gf', 'el', 'ay', 'cj', 'h', 'f', 'dn', 'ge']
['er', 'ff', 'br', 'da', 'zz', 'jp', 'cq', 'ed', 'eb', 'a']
['hf', 'n', 'j', 'ki', 'cz', 'js', 'fk', 'em', 'jq', 'hd']
['hb', 'dh', 'ds', 'c', 'ja', 'co', 'gm', 'eu', 'fa', 'jz']
['kn', 'ka', 'cg', 'y', 'iw', 'gd', 'cr', 'kl', 'bj', 'du']
