['oUs', 'sfk', 's6M', 'hHB', 'jFu', 'rC8', 'G2k', 'N08', 'fFE', 'jEj', 'sKX', 'gVV']
['ux2', 'AK4', 'kYz', 'ISX', '5U2', 'gTC', '6Ip', 'vca', 'iS6', 'nQj', 'Pas', 'u9Q']
['rz4', 'HvR', 'dlb', 'Fmb', 'JYa', 'blA', 'oak', '8j5', 'LTB', 'Zc5', 'DoC', 'H68']
['uQL', 'USE', 'SV9', '4Nd', 'Eou', 'mUL', 'ewc', 'UmG', 'gEp', 'GRw', 'NiX', 'VoJ']
['Fws', 'D5B', 'CYA', 'eGG', 'XMr', 'mFO', 'L1u', '0RD', 'iGU', 'ZNv', 'oPH', 'WLk']
['pf5', 'oZQ', 'c3v', 'pTi', 'xpw', 'bAf', 'i9C', 'aTI', 'mLL', 'Epk', 'YEe', 'W4L']
['CwC', 'VAV', '5i6', 'fKV', 'Qtt', 'Jgp', 'dSZ', 'f9z', 'iW8', 'xqY', 'b7z', '8nm']
['FzE', 'rXN', '8VG', 'Ql9', 'lKO', 'mIe', 'PJa', 'euj', '4fp', 'VZ7', 'cEk', 'xRH']
['X9s', 'WXJ', 'NXP', 'HkK', 'PlJ', 'tm4', 'iTo', 'qmj', 'fFJ', 'BPL', 'Xim', 'IZQ']
['iiE', 'rgC', 'qkE', 'BV4', 'gfv', 'YBr', 'qPq', 'kiK', '0gI', 'NGB', 'd60', 'ZFU']
['u1N', 'upV', 'dNX', 'zgJ', '4gy', 'czy', '2vJ', 'Z7b', 'JyM', '9F9', '81k', 'fQ3']
['KGR', 'h3r', 'PqY', 'm5j', 'j3s', 'yAp', '9ug', 'EJD', '1gc', '8uu', 'stN', 'ptf']
['JLF', 'Itn', 'e8H', 'SiL', '5zB', 'FbA', 'ttO', '28R', 'tpP', 'Ns3', 'xx7', 'QhQ']
['FkC', 'wGp', 'mRG', 'kT2', 'KS2', 'h6l', 'LiP', 'mLF', 'U4K', '1QY', '00m', 'CU9']
['FEQ', 'AJT', 'yLV', 'PQT', 'qDy', 'Ihb', 'J8r', '9NA', 'gEU', 'hYw', 'Y2z', '2UA']
['uii', 'xxJ', '0Qs', 'cDc', 'hdp', 'uGP', 'e8d', 'nf5', 'Wmv', 'ziA', 'tFU', 'BDE']
['btz', '6sH', 'rMd', 'hct', 'X5a', 'HWv', 'psG', 'x8V', 'zfK', 'hiF', '5Li', 'Qti']
['kZ0', 'E2A', 'uZt', 's1n', '4KN', 'rmu', '96X', 'B99', '5qS', 'W8n', 'H9O', 'O2z']
['4LY', 'nRH', '5n5', 'Qyh', 'F9o', 'b9f', 'IU6', 'JWV', 'QDa', 'lsG', 'X5J', 'AcJ']
['ZxX', 'cmd', 'iba', '70K', 'xLA', 'a4K', '6na', 'KZy', 'jWX', 'oSh', 'uH4', 'D40']
['wgA', 'tEu', '69w', 'ZQL', 'EJa', 'emD', 'xz4', 'rYU', '8uz', 'cFa', '17Q', 'Afe']
['ZVF', 'bDO', 'mGb', 'rGT', 'gE4', 'txp', 'Bfu', 'SmS', 'PiG', 'etm', 'i4H', '6Hl']
['PPi', 'WB2', 'MrD', '3kn', 'Twl', '27J', '3QX', 'U0Z', 'wqW', 'tK7', 'TUB', '1xS']
['Tn8', '5jv', 'Swe', 'kte', '4p5', 'PoH', 'MQT', 'nQv', 'JcP', 'P8b', 'Ot9', 'zTH']
['VCH', 'z1H', 'W2Z', 'gkI', 'Hi0', 'wwD', 'zfD', 'OCL', 'SFn', 'EoI', 'KRy']
['dvU', 'qLD', 'UDc', 'SMj', 'gWT', 'x86', 'YUZ', 'a55', 'iFt', 'QEF', 'YFC', 'aLB']
['I2S', 'bLd', 'Mvm', 'uVg', 'vJC', 'GpL', '1aX', 'zEh', '4nb', 'YMC', 'Hbr', 'klv']
['6pB', 'VVW', 'Kn8', 'n99', 'VPb', '6ro', 'IJ1', '19T', 'Hyj', 'AHs', 'e6S']
['1uW', 'ZY3', 'XHa', 'JVP', 'nkl', 'Qa3', 'UPL', '0oy', 'AKr', '0ID', 'Hxo', 'NqO']
['nc0', 'I2i', 'dLc', 'b99', 's3z', 'nqI', 'YNK', 'oSw', 'Gu6', '1RB', 'aZv', 'Jla']
['GUX', 'NyP', 'XlR', 'slQ', 'ULj', 'g08', 'JfN', '2mv', 'tfQ', 'jGk', 'mcI', 'bA6']
['tKI', 'Ke0', 'vyM', 'U0P', 'MNb']
['hQH']
['WLo']
['v6U']
