['5', '214', '266', '185', '18', '135', '239', '100', '215', '234', '299', '275', '113', '192', '59']
['279', '124', '269', '142', '155', '43', '96', '128', '150', '193', '67', '281', '210', '117', '99']
['242', '120', '190', '125', '176', '9', '17', '195', '272', '97', '56', '213', '286', '102', '77']
['23', '236', '145', '217', '158', '141', '287', '146', '171', '54', '282', '225', '177', '240', '283']
['108', '204', '186', '221', '297', '166', '228', '7', '268', '40', '212', '257', '82', '95', '119']
['224', '231', '44', '178', '60', '80', '4', '1', '162', '133', '115', '31', '123', '274', '91']
['255', '154', '92', '55', '85', '140', '235', '149', '219', '52', '37', '24', '258', '22', '109']
['26', '81', '211', '74', '46', '132', '93', '184', '187', '118', '248', '181', '161', '196', '175']
['256', '200', '227', '15', '163', '252', '188', '69', '151', '261', '189', '136', '170', '263', '121']
['32', '226', '79', '251', '106', '238', '164', '62', '202', '13', '3', '241', '6', '16', '70']
['48', '27', '8', '230', '90', '254', '12', '220', '259', '73', '250', '112', '296', '285', '134']
['156', '197', '198', '270', '168', '284', '278', '159', '11', '34', '20', '131', '293', '182', '101']
['194', '277', '289', '157', '165', '30', '290', '172', '33', '58', '237', '25', '94', '104', '105']
['65', '53', '260', '88', '83', '103', '179', '129', '294', '174', '173', '64', '89', '295', '222']
['247', '87', '265', '291', '246', '86', '147', '203', '110', '45', '153', '42', '61', '28', '169']
['0', '148', '292', '206', '233', '223', '51', '14', '137', '201', '76', '19', '271', '280', '183']
['10', '107', '167', '243', '111', '216', '245', '71', '152', '232', '207', '38', '84']
['267', '122', '57', '116', '114']
['262', '126', '229', '47', '49']
['72', '75', '78', '35', '209', '29', '144', '276']
['21', '160', '264', '36', '218', '244']
['273', '249']
['298', '66', '68', '205', '2']
['138', '139', '130', '63', '143']
['127', '191']
['98', '39', '41']
['199', '288', '180']
['208']
['50']
['253']
