['Brandi', 'Caren', 'Austina', 'Allegra', 'Cami', 'Calida', 'Angie', 'Abra', 'Cheslie', 'Annabelle']
['Cherrita', 'Ardeen', 'Aveline', 'Berty', 'Belva', 'Brigid', 'Brittaney', 'Caroljean', 'Alayne', 'Bunny']
['Aubrette', 'Arlene', 'Anjela', 'Abby', 'Caron', 'Bessy', 'Bettine', 'Camel', 'Cherilyn', 'Alicea']
['Bernete', 'Blythe', 'Aaren', 'Casie', 'Babette', 'Candis', 'Agatha', 'Brigida', 'Ariela', 'Christel']
['Carena', 'Carlye', 'Bobinette', 'Ardella', 'Ardra', 'Allissa', 'Babbette', 'Amanda', 'Christal', 'Chiarra']
['Bobbye', 'Ashli', 'Annora', 'Bernardina', 'Belita', 'Catherine', 'Aeriel', 'Arliene', 'Betteann', 'Cassondra']
['Cele', 'Bertine', 'Carole', 'Ara', 'Benita', 'Andriana', 'Carrissa', 'Brandie', 'Audy', 'Celie']
['Charleen', 'Alysa', 'Carri', 'Arlina', 'Asia', 'Calli', 'Candra', 'Angela', 'David', 'Chiquia']
['Brandea', 'Bride', 'Catriona', 'Cesya', 'Aubine', 'Carmel', 'Anni', 'Barbabra', 'Carmine', 'Astrix']
['Alverta', 'Casandra', 'Chanda', 'Cammi', 'Anabelle', 'Cammy', 'Billie', 'Charmion', 'Blanche', 'Cathrine']
['Beverie', 'Anastassia', 'Angil', 'Bibbie', 'Aurore', 'Andrea', 'Berri', 'Babs', 'Catharine', 'Alyda']
['Angel', 'Christan', 'Bernardine', 'Catlaina', 'Athena', 'Cherye', 'Bobette', 'Anet', 'Caril', 'Addi']
['Bliss', 'Carina', 'Celestyn', 'Christye', 'Adoree', 'Barbaraanne', 'Aurelea', 'Calla', 'Berni', 'Anatola']
['Christabella', 'Cassy', 'Ailene', 'April', 'Bert', 'Babita', 'Alexi', 'Alexia', 'Bridgette', 'Alanah']
['Charin', 'Anabal', 'Carolyn', 'Bernadine', 'Berta', 'Ashlen', 'Billy', 'Avis', 'Anica', 'Alisun']
['Cal', 'Penny', 'Ada', 'Betti', 'Bill', 'Annamaria', 'Babara', 'Bren', 'Berna', 'Annadiane']
['Bobby', 'Ardene', 'Anallese', 'Bryna', 'Brier', 'Ambur', 'Alejandra', 'Anthiathia', 'Alice']
['Brandise', 'Carlynn', 'Cody', 'Agace', 'Carolina', 'Alikee', 'Bobbie', 'Charlot', 'Christyna']
['Binni', 'Bamby', 'Bunni', 'Caryl', 'Annabela', 'Bonnee', 'Arlie', 'Bethany', 'Aliza']
['Ali', 'Babbie', 'Alexandrina', 'Cariotta', 'Bess', 'Amy', 'Bobbee', 'Alix', 'Adelice']
['Bellanca', 'Adelheid', 'Andree', 'Analiese', 'Alvira', 'Andi', 'Amargo', 'Alissa', 'Celestine']
['Allix', 'Catlee', 'Cacilia', 'Brandy', 'Carlee', 'Caro', 'Cherise', 'Charity', 'Catie']
['Agnola', 'Aile', 'Augusta', 'Ashlie', 'Caralie', 'Beatrice', 'Blancha', 'Alys', 'Amabel']
['Antoinette', 'Camella', 'Angelina', 'Benetta', 'Blinnie', 'Carlyn', 'Callida', 'Alie', 'Annabel']
['Adorne', 'Carmelita', 'Caryn', 'Billi', 'Anastasia', 'Almeda', 'Aimil', 'Barbey', 'Aili']
['Chelsey', 'Athene', 'Barbra', 'Anne', 'Chelsy', 'Betty', 'Auroora', 'Annelise', 'Charyl']
