['238', '215', '217', '230', '101', '210', '248', '240', '212', '243', '219', '227', '111', '232', '220', '206', '202', '241', '221', '204', '213', '188', '239', '245', '203', '247', '233', '228', '229', '231', '199', '216', '201', '208', '9', '200']
['127', '120', '142', '125', '100', '96', '97', '118', '117', '139', '106', '133', '149', '123', '115', '119', '121', '109', '145', '148', '131', '134', '129', '25', '105', '122', '116', '137', '114', '141', '73', '107', '108']
['22', '18', '8', '44', '5', '17', '15', '7', '16', '39', '85', '37', '34', '24', '3', '30', '4', '33', '46', '12', '42', '35', '19', '28', '26', '38', '40', '0', '47', '49', '10']
['190', '176', '166', '163', '192', '150', '198', '167', '171', '177', '151', '154', '187', '77', '179', '197', '164', '181', '193', '196', '175', '172', '162', '152', '157', '165', '180']
['80', '74', '66', '59', '53', '56', '67', '54', '93', '75', '83', '98', '57', '50', '58', '94', '64', '51', '81', '71', '82', '92', '76', '68', '65', '72', '84']
['209', '235', '242']
['103']
['31']
['250']
['143']
['244']
['110']
['184']
['41']
['112']
['224']
['159']
['55']
['161']
['218']
['62']
['132']
['186']
['87']
['69']
['99']
['102']
['79']
['128']
['178']
['236']
['185']
['191']
['61']
['211']
['6']
['226']
['95']
['1']
['124']
['88']
['168']
['14']
['29']
['126']
['156']
['48']
['63']
['20']
['70']
['225']
['11']
['160']
['86']
['32']
['183']
['144']
['21']
['78']
['130']
['89']
['246']
['104']
['174']
['237']
['214']
['13']
['170']
['189']
['113']
['138']
['90']
['223']
['155']
['195']
['60']
['135']
['27']
['158']
['23']
['194']
['146']
['169']
['2']
['222']
['153']
['45']
['205']
['36']
['173']
['207']
['182']
['147']
['136']
['91']
['52']
['249']
['140']
['234']
['43']
