['148', '269', '158', '27', '389', '135', '321', '353', '97', '318', '379', '270', '150', '77', '171', '118', '364', '376', '149', '105', '362', '387', '369', '220', '189', '341', '343', '13', '121', '214']
['217', '394', '60', '195', '396', '155', '281', '385', '91', '338', '113', '24', '409', '175', '16', '122', '57', '239', '351', '370', '374', '348', '267', '223', '412', '68', '50', '408', '327']
['287', '163', '138', '419', '397', '404', '357', '170', '83', '119', '390', '334', '314', '410', '304', '104', '246', '89', '345', '78', '137', '392', '19', '399', '211', '161', '238', '241', '183']
['37', '227', '380', '324', '383', '354', '283', '339', '405', '326', '333', '188', '415', '58', '300', '174', '101', '75', '201', '9', '3', '330', '402', '242', '406', '277', '157', '43', '193']
['28', '52', '316', '337', '123', '134', '94', '231', '26', '200', '21', '144', '320', '72', '398', '297', '272', '192', '59', '375', '191', '80', '234', '54', '106', '212', '312', '278', '102', '187']
['236', '317', '411', '179', '414', '377', '368', '73', '17', '230', '381', '67', '139', '254', '184', '288', '151', '344', '206', '395', '264', '196', '225', '70', '328', '20', '366']
['210', '90', '391', '81', '228', '99', '35', '286', '413', '53', '93', '384', '284', '86', '160', '293', '156', '126', '400', '360', '329', '273', '417', '271', '100', '76', '168', '260', '352', '276']
['129', '205', '247', '403', '418', '103', '382', '263', '291', '30', '213', '11', '63', '416', '325', '46', '14', '98', '12', '257', '256', '47', '315', '84', '124', '8', '125', '176', '310']
['282', '186', '266', '190', '4', '335', '45', '240', '199', '289', '332', '38', '40', '88', '222', '401', '215', '356', '146', '388', '117', '85', '322', '232', '166', '373', '216', '109', '145']
['15', '302', '114', '198', '48', '162', '182', '407', '252', '49', '244', '130', '74', '66', '167', '177', '82', '95', '265', '110', '164', '165', '202', '226', '233', '25', '336', '51', '39']
['259', '331', '141', '133', '285', '172', '203', '349', '10', '1', '243', '229', '378', '235', '250', '142', '393', '197', '178', '309', '128', '7', '92', '56', '268', '248', '313', '367', '303', '140']
['18', '154', '55', '280', '221', '6', '290', '34', '64', '116', '42', '152', '61', '107', '319', '44', '5', '96', '79', '305', '251', '249', '87', '372', '274', '111', '363', '218', '255', '159']
['194', '365', '311', '29', '342', '181', '208', '0', '359', '371', '31', '292', '204', '296', '147', '294', '307', '36', '153', '71', '2', '169', '180', '301', '308', '41']
['295', '120', '32', '185', '275', '132', '219', '258', '136', '62', '112', '131', '207', '173', '299', '298', '253', '279', '361', '65', '23']
['224', '323', '261', '209', '143']
['350', '69', '22']
['355']
['347']
['306']
['262']
['33']
['358']
['127']
['108']
['340']
['115']
['245']
['237']
['386']
['346']
