['0', '184', '320', '4', '194', '169', '130', '31']
['201', '269', '318', '321', '351', '97', '155', '101', '379', '94', '77', '138', '364', '127', '91', '347', '123', '387', '341', '343', '170', '83', '13', '175', '247']
['51', '124', '389', '182', '176', '74', '215', '310', '195', '353', '392', '324', '270', '150', '146', '37', '164', '118', '125', '177', '257', '283', '95', '149', '297']
['251', '212', '158', '27', '8', '394', '289', '254', '198', '167', '63', '311', '85', '1', '143', '354', '295', '316', '243', '268', '12', '166', '342', '373', '374']
['301', '277', '60', '15', '340', '369', '53', '302', '281', '117', '29', '396', '82', '229', '115', '113', '205', '192', '165', '6', '109', '217', '16', '122', '57']
['151', '120', '266', '356', '287', '66', '210', '276', '400', '265', '391', '386', '89', '221', '259', '121', '197', '206', '333', '228', '296', '239', '190', '304', '300']
['71', '219', '336', '163', '282', '246', '162', '36', '220', '181', '188', '34', '237', '134', '267', '174', '346', '64', '75', '114', '334', '148', '107', '32', '271']
['241', '154', '171', '105', '357', '390', '145', '309', '370', '348', '233', '223', '104', '116', '50', '78', '19', '298', '191', '49', '242', '393', '236', '178', '80']
['331', '337', '376', '46', '24', '350', '45', '58', '207', '68', '42', '152', '208', '9', '238', '144', '183', '72', '185', '5', '275', '79', '56', '54', '313']
['137', '232', '339', '202', '317', '380', '322', '231', '81', '218', '399', '327', '21', '61', '365', '18', '368', '17', '272', '230', '248', '139', '93', '106', '133']
['253', '25', '338', '227', '388', '293', '110', '153', '73', '157', '250', '159', '234', '193', '67', '261', '140', '288', '87', '186', '372', '292', '3', '264', '204']
['382', '52', '189', '179', '90', '323', '371', '216', '286', '345', '359', '142', '44', '92', '375', '355', '99', '249', '278', '119', '136', '395', '291', '211', '213']
['285', '135', '329', '349', '214', '128', '59', '26', '132', '383', '103', '258', '284', '22', '30', '344', '377', '160', '33', '366', '332', '156', '307', '360', '299']
['129', '126', '255', '358', '28', '76', '7', '43', '35', '397', '161', '11', '20', '131', '385', '23', '38', '262', '108', '222', '244']
['312', '245', '398', '141', '367', '187', '196', '224', '112', '70', '328', '294', '173', '14', '199', '100', '280', '10']
['319', '290', '330', '102', '200', '303', '252', '384', '325', '65', '168', '88', '363', '41']
['98', '378', '263', '39', '352', '55', '69', '62', '147', '381', '225', '273', '40']
['96', '235', '279', '305', '274', '111', '362', '86', '2', '209', '84']
['180', '226', '314', '48', '256', '326', '308', '260']
['240', '172', '335', '47', '361', '315', '306', '203']
