['TWL', 'GWT', 'IPY', 'YLS', 'DTS', 'SFB', 'NUG', 'IFU', 'PAX', 'DMH', 'QLH', 'TLC', 'JXZ', 'IEK', 'ZRO', 'MJR', 'YSM', 'NTW', 'CNU', 'DJA', 'GBL', 'SRP', 'DAW', 'ARM', 'KEQ']
['SMM', 'YDL', 'CUZ', 'DZR', 'QJK', 'EUK', 'VYF', 'KXZ', 'ZKY', 'VCY', 'YVQ', 'WZL', 'VAC', 'IUE', 'MOH', 'NGI', 'ALG', 'TFT', 'IIT', 'HIG', 'LZI', 'CCY', 'PDU', 'QTR', 'QVI']
['YYJ', 'OCI', 'UOM', 'ARV', 'UNW', 'PGO', 'FCU', 'UKO', 'HBC', 'ZJU', 'HPH', 'EEA', 'RKO', 'FTE', 'TGW', 'SDH', 'NSI', 'XVQ', 'NOP', 'GUR', 'VRD', 'GSB', 'AGI', 'YEN', 'TFN']
['WTX', 'CYA', 'KNZ', 'SFJ', 'UGW', 'INO', 'FUR', 'MWQ', 'JOQ', 'GPL', 'LHQ', 'SCX', 'KMP', 'PVQ', 'JME', 'YER', 'MUO', 'ZCY', 'PAS', 'UFK', 'WSD', 'MVS', 'RXD', 'MED', 'FWA']
['EQX', 'FCJ', 'TQB', 'LTC', 'BHL', 'NDI', 'DTU', 'KLV', 'OHR', 'SFD', 'ELO', 'LBW', 'HNC', 'YHX', 'BCI', 'VMJ', 'ZFU', 'RZW', 'UIO', 'JII', 'QMI', 'LMU', 'GGM', 'SYQ', 'SGT']
['AHE', 'QCJ', 'EDD', 'GUN', 'NFI', 'PBP', 'AYK', 'TDJ', 'KUO', 'YTR', 'WDF', 'PVS', 'MUL', 'NDJ', 'NXU', 'PON', 'CAO', 'SAQ', 'FHI', 'TGH', 'KAJ', 'AQN', 'EBB', 'SUP', 'ZFO']
['SCZ', 'RSJ', 'JMT', 'HZF', 'HGD', 'EDP', 'ACJ', 'GGA', 'RNU', 'WWT', 'POR', 'MBZ', 'SQR', 'YPX', 'IKW', 'DTW', 'FPR', 'IPK', 'EBY', 'QBJ', 'IPG', 'BTJ', 'HXZ', 'BRY', 'YSD']
['QIK', 'HYW', 'SNS', 'GEF', 'YUG', 'WUI', 'BFH', 'YOA', 'ITN', 'MNB', 'ONX', 'XWK', 'XIY', 'PME', 'FQC', 'FTL', 'DRX', 'MLN', 'HMT', 'WCD', 'PZA', 'ULP', 'JZA', 'RYA', 'THJ']
['JXM', 'QTJ', 'JTZ', 'IYD', 'QLI', 'JWQ', 'OII', 'ZIT', 'YYU', 'XNY', 'FDS', 'IDJ', 'UHE', 'CFP', 'PYK', 'IQJ', 'ODG', 'IPV', 'VWX', 'FXX', 'AZD', 'XCX', 'KVD', 'VMW', 'TMR']
['PGE', 'VTH', 'WER', 'XKQ', 'OON', 'NXI', 'QIB', 'NJD', 'LWH', 'TBT', 'BBZ', 'KLZ', 'HGF', 'QTQ', 'XEO', 'ZQN', 'RUR', 'CZB', 'AYJ', 'TMD', 'CHA', 'ROL', 'CFJ', 'WLU', 'WYK']
['TKB', 'ZGL', 'UDD', 'KVY', 'GUT', 'AUL', 'TSS', 'QAM', 'WIF', 'TVZ', 'UTL', 'MVB', 'EWG', 'ACP', 'BIN', 'SNM', 'DWU', 'FOD', 'WMY', 'OZT', 'WCB', 'DCZ', 'VXB', 'HQB', 'EBA']
['NNG', 'YYG', 'JGS', 'FJL', 'ASO', 'TVY', 'LUT', 'YYC', 'QQN', 'YKH', 'XQI', 'YNR', 'SFK', 'LOQ', 'PIL', 'YSP', 'ZBF', 'NGH', 'XFW', 'FTI', 'HUN', 'MUV', 'VFV', 'GPH', 'KMD']
['SCS', 'GYM', 'KLS', 'RKH', 'QFE', 'SDF', 'NPS', 'LZE', 'DXK', 'YWW', 'YKQ', 'ECG', 'BLK', 'PCL', 'HXF', 'QRE', 'NWB', 'VFM', 'SUT', 'JHO', 'VQR', 'FXI', 'IKN', 'KLM', 'QNG']
['BJR', 'ZNQ', 'CIH', 'QYA', 'TFQ', 'RSG', 'KNO', 'SRB', 'DAT', 'ZBU', 'SQS', 'UZY', 'MZP', 'IYH', 'HJA', 'MLH', 'IKB', 'MYN', 'JDC', 'MSE', 'MMS', 'RYE', 'KZQ', 'FPT', 'SGO']
['WJI', 'IAM', 'QEP', 'TUK', 'XRV', 'WWL', 'HTW', 'BDX', 'BEQ', 'GMF', 'GUE', 'XPW', 'EPR', 'FJH', 'XOE', 'EAA', 'ELJ', 'NQL', 'ABC', 'FKU', 'XHQ', 'LJA', 'CJB', 'KDV', 'FXH']
['AJB', 'WED', 'CXP', 'PMO', 'MAC', 'XDE', 'ALL', 'KJN', 'FMU', 'ZFK', 'IIY', 'MSC', 'YDT', 'JSL', 'DOT', 'ALI', 'DMN', 'JZV', 'PJW', 'JKL', 'VZX', 'VWR', 'CHR', 'NLI', 'OXU']
['SNW', 'OEN', 'MIN', 'GUQ', 'CEY', 'PKK', 'MIE', 'FOW', 'CDW', 'DYU', 'UCH', 'LGP', 'TBN', 'RJS', 'RDG', 'FEV', 'XJW', 'RYT', 'UZU', 'RIX', 'EZU', 'QZB', 'NLS', 'CDZ', 'UHU']
['DMP', 'XVF', 'JJB', 'BCW', 'HHK', 'OFJ', 'AMV', 'OLD', 'FWN', 'MJV', 'LZP', 'RUP', 'GFL', 'XEN', 'AWX', 'HCD', 'CGQ', 'JVR', 'LHD', 'GGP', 'YTQ', 'APD', 'LXJ', 'BZI', 'LWA']
['YKR', 'TQM', 'AIM', 'PTX', 'NHA', 'RNM', 'IDO', 'POC', 'DHT', 'ESU', 'YKF', 'SUQ', 'LLX', 'CGD', 'IFO', 'UMO', 'WHJ', 'RBJ', 'GXJ', 'WGY', 'ZPA', 'ZCF', 'PAU', 'YAR', 'JMO']
['IUY', 'DFW', 'JZY', 'RIA', 'DNE', 'KSW', 'EKJ', 'QDB', 'GLR', 'UKF', 'EOF', 'FWB', 'WKY', 'JUQ', 'UEN', 'MCI', 'XXQ', 'FSW', 'POJ', 'CRF', 'HPV', 'SCK', 'OVZ', 'WJS', 'NDB']
