['376', '394', '393', '476', '125', '176', '051', '025', '351', '275', '392', '378', '379', '150', '000', '325', '398', '397', '451', '377', '396', '385', '383', '386', '151']
['026', '036', '043', '226', '042', '045', '047', '126', '027', '038', '030', '032', '251', '425', '450', '001', '034', '049', '033', '050', '426', '350', '031', '039', '040']
['175', '185', '190', '178', '195', '187', '198', '193', '225', '177', '184', '186', '179', '189', '197', '181', '196', '375', '188', '182', '300', '076', '101', '075', '400']
['201', '212', '215', '217', '223', '210', '214', '219', '220', '206', '209', '202', '216', '221', '204', '211', '213', '224', '203', '207', '205', '218', '208', '100', '475']
['250', '269', '266', '272', '270', '268', '261', '257', '274', '258', '259', '263', '264', '254', '267', '255', '265', '273', '253', '200', '252', '262', '301', '326', '256']
['276', '287', '281', '282', '288', '278', '297', '283', '292', '284', '279', '285', '299', '290', '296', '293', '294', '295', '291', '277', '289', '286', '298', '401']
['158', '159', '154', '160', '155', '156', '163', '167', '173', '171', '174', '153', '162', '152', '166', '169', '157', '161', '168', '172', '164', '170', '165']
['318', '311', '317', '321', '310', '309', '304', '323', '324', '322', '307', '313', '306', '305', '303', '316', '302', '312', '319', '308', '320', '315', '314']
['135', '142', '145', '147', '131', '134', '129', '141', '140', '127', '146', '139', '132', '128', '138', '133', '137', '149', '148', '143', '136', '144', '130']
['473', '461', '466', '458', '463', '467', '456', '472', '465', '454', '455', '453', '468', '469', '470', '460', '457', '462', '474', '459', '464', '452', '471']
['118', '124', '109', '112', '120', '122', '102', '104', '105', '110', '117', '116', '106', '114', '103', '123', '107', '111', '115', '113', '119', '121', '108']
['493', '484', '490', '480', '494', '483', '485', '478', '487', '497', '479', '488', '498', '486', '495', '477', '491', '499', '496', '482', '492', '489', '481']
['337', '333', '338', '328', '335', '332', '348', '331', '336', '346', '349', '330', '329', '334', '347', '344', '342', '327', '339', '340', '341', '343', '345']
['023', '007', '022', '010', '004', '008', '006', '018', '011', '015', '005', '024', '002', '016', '012', '019', '009', '020', '003', '013', '014', '017', '021']
['364', '359', '365', '368', '353', '367', '366', '356', '355', '358', '373', '360', '371', '354', '374', '372', '369', '361', '362', '363', '357', '370', '352']
['432', '437', '441', '430', '431', '444', '443', '434', '447', '448', '428', '439', '449', '438', '436', '427', '435', '440', '433', '442', '446', '445', '429']
['391', '389', '384', '381', '380', '388', '390', '399', '387', '382', '395', '180', '199', '192', '191', '194', '183']
['059', '068', '058', '064', '074', '063', '069', '052', '062', '053', '070', '060', '066', '055', '073', '067', '061', '054', '056', '065', '057', '072', '071']
['415', '408', '418', '420', '405', '410', '417', '421', '422', '406', '412', '416', '424', '402', '419', '403', '404', '407', '411', '409', '423', '414', '413']
['238', '247', '236', '239', '245', '237', '228', '230', '233', '234', '246', '229', '231', '240', '249', '232', '243', '227', '235', '248', '244', '241', '242']
['078', '077', '097', '084', '082', '079', '086', '098', '094', '088', '090', '080', '091', '081', '087', '096', '085', '095', '099', '093', '089', '083', '092']
['044', '035', '029', '037', '046', '028', '048', '041', '260', '271', '280', '222']
