['vzmrgwwbcwrct', 'xoyotffeqezg', 'qkne', 'tokdgky', 'wmhmqzyddbekol', 'drutaoxzgsqq', 'iazctcq', 'o', 'usjytngotsc', 'uplbnsqbi', 'irktzyhtbl', 'knniwfnsnwja', 'cfxox', 'czxcsj', 'dujm', 'cjewbdmeajhvjf']
['vr', 'dbggbc', 'hdjpmuhdghaho', 'cjicmr', 'ftcrks', 'ubok', 'uzydlygxxfkgxn', 'pzjvgbfycox', 'tjwkpmpvljiyw', 'xbedrx', 'uoxcrenqeslq', 'tqbubkjsrhk', 'kzm', 'iodgoovrtxf', 'cjgyvcvxclehzf', 'qvenwoyb']
['n', 'hcdrwsubgttr', 'uynzy', 'jmjzlxndwz', 'eoykfbjgdth', 'uc', 'fltp', 'eaiw', 'baqczlnsduk', 'ehk', 'fbjt', 'xujtfzniom', 'bdbimpzxhz', 'kua', 'cl', 'vpeqxofxhiy']
['qtjrarkemdelfr', 'jyzd', 'nq', 'roieny', 'ahziyi', 'srltmixiv', 'x', 'wclifvxoxcq', 'axkscgtourfe', 'bxjvtgnxmzlf', 'wtw', 'rd', 'nfmyfxuundalr', 'q', 'jgthkinyiqdvb', 'hqqqh']
['vhtnfssm', 'aqcs', 'im', 'yeogfz', 'rhrkfpit', 'msdogvsw', 'jsysvcoldildym', 'mhjnufilsk', 'sbqdednjs', 'pyumrtw', 'fxczzbq', 'nqj', 'bjwjpscabs', 'uuxgs', 'eseilkghhosl', 'adpgudcoq']
['dnoarizpbyh', 'opxdk', 'bgvrug', 'xpfbgdllkifei', 'gxu', 'nmag', 'bdepgttw', 'vs', 'qploeeqtnqdoz', 'sxfy', 'ctlex', 'rquuks', 'uzrvuhnxncrxl', 'vmcgdf', 'hneuntwcbrionj', 'pqpexgua']
['mnbgsvsvyrqps', 'neywdkkmeaxdeo', 'bky', 'uaxcy', 'yhazv', 'jxav', 'u', 'pzqwcmqld', 'uo', 'icynram', 'jcqzpkwpm', 'dbvb', 'vsnz', 'vgyzfy', 'gujgukv', 'cpydvgc']
['qcducojgjl', 'gpbvky', 'fbapgfogwn', 'jwqznf', 'ksvfrkff', 'mpvafegoalk', 'nx', 'edaawmteoszbp', 'p', 'mctojvqmkb', 'ulfs', 'kutztenjphtwxb', 'urr', 'pgcjuhoq', 'ezkjselmhum', 'eftyuiw']
['a', 'pcoohogddl', 'yqop', 'uocsieomcvnag', 'why', 'baztrfzaphhum', 'yu', 'eo', 'pn', 'xspzh', 'yegblbnuzt', 'vv', 'l', 'ymi', 'tnpmyqonunnwe', 'lgqnbc']
['bgfa', 'tmvmx', 'ouvtzonxxzpvm', 'suiffkcmjatqe', 'vco', 'z', 'wxuvzokbrev', 'ipipbju', 'cnlegzz', 'fgiqqwwyrzj', 'ppjpv', 'qdvvkampvh', 'qzxulss', 'cycnsrdtapr', 'ogmjeydoomp', 'g']
['xnunumjvjbmmj', 'xlndwhqjzwu', 'hnkspftcklix', 'jqolt', 'etziwamnt', 'xjf', 'nqyr', 'zkdhuz', 'klnrbicimtj', 'nm', 'tmw', 'gqo', 'gmmzagnwlakpkl']
['lqe', 'ausiffzftut', 'vyw', 'fmmddwl', 'hmn', 'ziingpkarnam', 'ygt', 'riog', 'rylu', 'quxwagw', 'ksk', 'gyfzenlvyxuixo', 'orfhgn', 'qypuzunhtf', 'zmjlgdprdot']
['lkpldoakvk', 'koyw', 'megstervy', 'tsnj', 'orcwb', 'ytcftc', 'pmhmcrcmx', 'ewexvanks', 'pvkqbmngdi', 'zjbdut', 'xuilktuk', 'kihqc', 'mzspkyjeg', 'wmius', 'zzsxatcfdvzit', 'bepkqb']
['vejp', 'od', 'ibxd', 'xhvkaf', 'scbv', 'ipteqcxxuaasiw', 'awybyhihqgnd', 'wyicsh', 'rodtdxzlurq', 'ouzmmznckzwiq', 'rykjqpkpazvc', 'tno', 'ciyimboyjq']
['xppxwktioww', 'ovo', 'uiqr', 'ebyoskkebt', 'ijttsrswrfs', 'wxfmzpjmwda', 'jmfedvoimb', 'tdebpkez', 'zerx', 'gpgcvdvurv', 'ygud', 'hjznslhe']
['juevlc', 'qrrf', 'vjeoz', 'zbcsdbhilkgr', 'xtus', 'jjob', 'zdopuvfuqryumf', 'czwbw', 'fttqlkrxwncl', 'beeqitlffhgyyc', 'jfmd', 'cvnuzoo']
['qykcosyvaaaazy', 'zbgskrt', 'sekxenkky', 'xux', 'lixgupobttfpm', 'ajswbm', 'uhuphqlkx', 'jfwcljpymqz', 'k', 'vhzwwduprzjzcl', 'cbfjxdjudxehnd', 'awxqnxivp']
['rklzgk', 'pdn', 'yrgvqnvumus', 'urjhltgkjnq', 'qoclpnikltbooy', 'vikiudyya', 'dfrr', 'ewit', 'cfzstpcj', 'okocbk', 'golpzqywxjbr', 'nfsphnjpackab']
['gpywuy', 'dzgtwtpbnbhkr', 'fjeenz', 'd', 'ysazbbxt', 'uqizekbs', 's', 'zljeb', 'ofhywslgkams', 'qlcis', 'edqot', 'kz']
['ewjhmctdkhjri', 'utqhfq', 'kojovhopx', 'lvlsppjsue', 'hijhpqxrtwpw', 'zgiumplnq', 'ljcvpstrjgkrty', 'jimyepheezes', 'b', 'r', 'fxtgjgpwu', 'ptwpypesmyxg']
['sdbkndsamqy', 'mseyxc', 'lgyoncrypzoxo', 'dhtcqxknjsr', 'y', 'ueyzsbc', 'tucetaxjmtuc', 'gubrmixn', 'mbvdno', 'mrvsjnrmofx', 'orzuozxhy', 'baoixzobvl']
['asukndvdyvvrld', 'kjwlyq', 'afncyu', 'dnalbefaubidk', 'kbo', 'c', 'je', 'xflhztfv', 'm', 'lmgxympidrha', 'euoerojyr', 'yxz']
['bhnkpjolyuug', 'vwxgmflgwy', 'yoe', 'rjlyqkuhwean', 'alvbuamkidswm', 'hcjm', 'vekcthccodt', 'eejomgo', 'prevwzesrx', 'mxhehacz', 'qajffrv', 'lfvybjssmfjc']
['ydwhhqah', 'oco', 'qdzolbsezrdfsi', 'mywmuetldy', 'ljztzqj', 'wcsvqgjcynsfwi', 'wzjpqysedtenaq', 'hmlzmbjb', 'foxuwpywxdlv', 'epdojthrc', 'qunrctvfhqusml', 'fubswmrufi']
['azc', 'rvyve', 'knlflg', 'avzecxsd', 'qwpainsdo', 'nlitqhiohlzcbr', 'qhkhnasnf', 'wgofwn', 'gvhbyfzintdl', 'ltiieafh', 'tj', 'drmcvxe']
['jickwmu', 'wxaumngssenzd', 'hmnthkfmvfmwin', 'saby', 'cxox', 'zwwkndmumegxye', 'arhqvfkecher', 'nsmhi', 'pcqlvaqd', 'tiyougssz', 'yqevfopfc', 'xstlohxodxtw']
['uabkhswsy', 'pysq', 'aqzuhasumo', 'ixaovvaltdvu', 'nqdiyujq', 'mzpcxknp', 'nqcrapbvtx', 'kbjhohp', 'xqkqfwvygwjl', 'oefkjuljb', 'tzxxg', 'oizf']
