['269', '214', '408', '266', '224', '225', '483', '267', '272', '237', '275', '58', '277', '25', '270', '281', '265', '282', '32', '54', '453', '303', '29', '273', '278', '271', '460', '285', '274', '283', '268', '452', '284', '12', '280', '276', '226', '264', '22']
['420', '437', '439', '436', '434', '423', '448', '113', '428', '430', '421', '422', '162', '102', '438', '424', '425', '418', '431', '98', '153', '427', '435', '337', '114', '419', '350', '433', '61', '344', '432', '138', '426', '347', '476', '147', '429']
['158', '154', '175', '104', '170', '172', '160', '163', '309', '167', '155', '159', '156', '174', '173', '171', '325', '93', '376', '201', '166', '169', '157', '161', '168', '164', '260', '263', '216', '121', '165']
['318', '293', '16', '338', '321', '447', '473', '323', '392', '48', '324', '317', '322', '355', '313', '316', '311', '397', '184', '35', '329', '319', '457', '475', '327', '315', '361', '88', '312', '326', '308', '213', '328', '310', '320', '3', '314']
['394', '393', '384', '378', '302', '380', '381', '379', '127', '383', '66', '375', '388', '387', '454', '390', '199', '295', '377', '385', '288', '389', '386', '143', '374', '382', '391', '258', '118', '395', '249', '178', '445']
['60', '6', '55', '18', '44', '52', '196', '15', '63', '59', '46', '45', '53', '41', '56', '210', '64', '248', '51', '81', '47', '50', '57', '227', '26', '339', '209', '21', '19', '62', '65', '49']
['27', '30', '142', '135', '443', '37', '38', '185', '43', '336', '234', '36', '39', '42', '354', '31', '28', '404', '413', '40', '34', '24', '144', '345', '23', '255', '33']
['77', '71', '83', '190', '68', '405', '80', '76', '335', '79', '67', '70', '229', '75', '85', '78', '82', '69', '253', '87', '238', '74', '86', '73', '215', '72', '84']
['105', '109', '8', '279', '20', '96', '97', '101', '92', '94', '89', '99', '90', '106', '469', '95', '100', '107', '373', '91', '411', '363', '108', '103', '241']
['123', '122', '125', '131', '119', '128', '111', '130', '126', '193', '112', '451', '120', '124', '117', '412', '129', '246', '110', '403', '116', '369', '115']
['409', '367', '415', '398', '410', '400', '417', '414', '406', '416', '402', '399', '396', '220', '407', '206', '301', '401']
['341', '333', '219', '340', '9', '351', '182', '294', '332', '348', '479', '331', '346', '349', '330', '364', '334', '342', '343', '180']
['179', '176', '195', '192', '456', '189', '188', '177', '181', '133', '2', '186', '463', '191', '187', '197', '194', '218', '183']
['223', '204', '236', '458', '5', '228', '235', '233', '356', '239', '240', '231', '230', '232', '221', '222']
['137', '359', '145', '139', '134', '132', '478', '449', '146', '140', '152', '141', '150', '151', '148', '362', '292', '149', '244']
['368', '365', '358', '353', '198', '360', '468', '371', '372', '366', '357', '370', '352', '481']
['465', '211', '480', '466', '289', '462', '471', '467', '472', '242', '464', '477', '482', '252', '474', '470', '10']
['212', '296', '217', '203', '207', '205', '14', '257', '298', '208', '200', '202']
['291', '305', '287', '297', '304', '300', '307', '306', '290', '286', '299']
['256', '247', '245', '254', '261', '251', '243', '262', '250', '259']
['7', '17', '4', '1', '13', '0', '11', '136']
['442', '455', '444', '459', '461', '441', '450', '440', '446']
