['332', '27', '8', '389', '74', '227', '195', '396', '97', '324', '287', '163', '66', '167', '388', '118', '368', '311', '177', '1', '35']
['203', '120', '125', '312', '310', '353', '356', '53', '436', '455', '85', '329', '91', '441', '342', '229', '207', '113', '302', '189', '164']
['348', '124', '269', '158', '318', '394', '338', '434', '417', '266', '392', '420', '315', '146', '438', '350', '404', '364', '400', '419', '78']
['88', '216', '431', '215', '155', '336', '323', '432', '412', '171', '282', '138', '385', '82', '149', '292', '387', '191', '374', '89', '197']
['133', '81', '405', '15', '379', '422', '270', '383', '77', '210', '173', '450', '376', '95', '123', '4', '265', '369', '220', '391', '24']
['116', '176', '344', '448', '372', '289', '424', '337', '316', '36', '255', '232', '454', '409', '83', '13', '226', '221', '214', '109', '333']
['429', '135', '271', '393', '150', '117', '283', '397', '166', '349', '341', '121', '6', '299', '175', '145', '451', '403', '239', '314', '129']
['249', '46', '339', '373', '347', '433', '37', '386', '165', '308', '211', '378', '367', '399', '330', '237', '228', '58', '428', '421', '127']
['320', '281', '243', '362', '357', '259', '73', '202', '119', '16', '122', '34', '365', '410', '223', '64', '51', '230', '371', '345', '152']
['331', '437', '52', '60', '406', '425', '115', '402', '343', '179', '290', '415', '317', '351', '134', '304', '267', '449', '68', '50', '28']
['31', '23', '257', '247', '188', '233', '174', '346', '246', '70', '75', '137', '114', '19', '172', '286', '107', '32', '0', '76', '185']
['148', '408', '162', '205', '251', '57', '443', '86', '245', '71', '231', '181', '327', '413', '39', '144', '218', '398', '430', '18', '236']
['128', '170', '295', '136', '423', '101', '61', '9', '235', '256', '446', '190', '178', '80', '272', '59', '159', '102', '427', '355', '248']
['254', '382', '65', '217', '296', '90', '370', '380', '360', '395', '42', '334', '26', '445', '183', '242', '359', '142', '96', '277', '92']
['452', '439', '182', '63', '305', '321', '14', '411', '238', '264', '442', '198', '297', '192', '375', '157', '56', '54', '261', '99', '377']
['263', '29', '307', '300', '414', '25', '416', '291', '208', '200', '17', '381', '79', '7', '234', '67', '184', '219', '103', '161', '204']
['241', '186', '319', '98', '322', '104', '201', '253', '49', '5', '309', '262', '141', '456', '43', '252', '132', '306', '93', '390', '361']
['328', '278', '12', '94', '55', '72', '407', '268', '153', '106', '111', '62', '30', '11', '384', '48', '156', '105', '199', '358', '298']
['169', '275', '193', '225', '303', '440', '274', '258', '20', '196', '240', '147', '131', '294', '140', '194', '244', '279', '160', '41', '213']
['180', '143', '325', '212', '340', '44', '447', '426', '418', '288', '187', '284', '22', '112', '130', '110', '435', '273', '100', '40', '260']
['33', '276', '2', '21', '139', '87', '335', '326', '352']
['280', '45', '69', '3', '224', '285', '366', '38', '301', '108', '47']
['250', '84', '293', '168', '209', '222']
['313', '453', '206', '363', '401', '126']
['154', '354', '151', '444', '10']
