['149']
['387', '433']
['345', '437', '85', '289']
['112', '174', '369', '259']
['48', '213', '456', '388', '144']
['104', '4', '74', '472', '91', '23']
['234', '27', '230', '93', '376']
['335', '439', '122', '494', '418', '87', '339']
['400', '28', '317', '353', '322', '105', '45', '151', '235', '350', '482']
['467', '211', '178', '126', '377', '280', '276', '72']
['66', '365', '224', '443', '416', '114', '344']
['92', '153', '71', '57', '201', '334', '142', '332', '324', '368']
['340', '125', '60', '168', '21', '246', '434', '205']
['50']
['256']
['62', '287', '487', '321', '385', '438', '17', '160', '15', '133']
['404']
['410', '120', '486', '375', '370', '181', '281', '206']
['19', '143', '199', '225', '469', '252', '139', '13', '119', '231']
['254', '56', '450', '288', '440', '5', '255', '372']
['455', '311', '490', '191', '419', '466', '36', '460']
['413', '283', '415', '2', '197', '210', '342', '264']
['135', '299', '82', '338', '495', '474', '117']
['403', '278', '359', '348', '445', '103', '282']
['263', '146', '0', '138', '463', '371', '228', '196']
['97', '177']
['258', '55', '397', '189', '159', '328', '341', '132']
['318', '458', '362', '179', '68', '173', '309', '233']
['123', '417', '113', '212', '257', '180']
['432', '65']
['389', '373', '429', '275', '312', '22']
['406', '75', '331', '386', '310', '227']
['8', '124', '315', '308', '61', '203', '244']
['405', '99', '337', '300', '164', '20', '499', '73']
['392', '43']
['98', '367', '32', '192', '63']
['34', '6', '414', '479', '39', '267', '262']
['188', '129', '327', '271', '491', '96', '215']
['296', '360', '435', '108', '150', '154']
['147', '251', '307', '194', '219', '169', '304']
['302', '269', '18', '186', '355']
['484', '356', '451', '402']
['76', '81', '277', '121', '47', '3']
['290', '111', '12', '492', '366', '33']
['465', '79', '426', '243', '250', '37']
['195', '393', '29', '152', '198', '447', '268']
['272', '294', '391', '343', '473', '274']
['384', '351', '496']
['354', '305', '398', '209', '172', '216']
['100', '468', '78', '52', '200']
['38', '319', '378', '101', '41', '88']
['481', '329', '260', '316', '222', '448']
['217', '361', '130', '175', '422']
['363', '116', '261', '313', '464', '134']
['84', '449', '145', '284', '237']
['306', '421', '379', '193']
['453', '136', '374']
['184', '420', '207', '326', '349', '110']
['30', '441', '424', '395']
['11', '115', '330', '457']
['285', '477', '31', '314', '10']
['293', '346', '383', '89', '26']
['25', '214', '471', '236', '325', '301']
['336', '59', '249', '165']
['478', '303', '140', '106', '480', '131']
['394', '485', '53', '253', '167', '64']
['163', '411', '127']
['347', '95', '16', '409', '9', '454']
['220', '204', '107', '51']
['24', '190', '240', '166']
['223', '232']
['94', '128', '497', '238', '69', '446']
['241', '381', '396', '401', '399', '229']
['320', '187', '273', '425', '218']
['266', '442', '298', '380']
['408', '407']
['483', '44', '77', '86', '489']
['176', '109', '357', '297', '182']
['462', '137', '35', '239']
['242', '493', '42', '208', '475']
['46', '171']
['221', '323', '333']
['202', '90', '247', '102', '148']
['265', '185', '286']
['423', '40', '412', '162', '54']
['470', '155', '156', '452']
['157', '358', '291']
['248', '270', '141']
['245', '352', '430']
['428', '292']
['279', '427']
['58', '459', '436', '118']
['488', '390', '295', '67', '382']
['226', '7', '183']
['158', '70', '444']
['364', '461']
['161', '1', '80', '170']
['49', '498', '476']
['14', '83', '431']
