['439', '269', '394', '158', '27', '135', '60', '155', '318', '379', '163', '77', '171', '118', '364', '376', '347', '441', '105', '123', '432', '37', '220', '391', '24', '454', '189', '341', '121', '214']
['428', '420', '473', '337', '81', '175', '16', '415', '351', '134', '228', '389', '348', '94', '75', '50', '78', '19', '9', '26', '241', '403', '144', '320', '266', '368', '408', '383', '141', '426']
['457', '424', '414', '130', '238', '21', '398', '190', '272', '193', '427', '93', '377', '133', '288', '151', '312', '4', '382', '206', '172', '284', '291', '314', '196', '375', '444', '70', '384', '160']
['446', '396', '409', '237', '223', '263', '448', '48', '126', '416', '63', '386', '46', '98', '12', '385', '256', '100', '88', '108', '280', '180', '8', '125', '176', '405', '434', '310', '392', '66']
['437', '406', '137', '36', '277', '478', '325', '349', '260', '215', '142', '198', '210', '282', '311', '451', '329', '316', '438', '373', '374', '221', '165', '202', '350', '6', '109', '290', '145', '34']
['412', '116', '400', '419', '38', '352', '259', '378', '423', '129', '233', '418', '51', '390', '128', '152', '35', '61', '28', '73', '157', '235', '0', '271', '250', '359', '185', '18', '44', '5']
['459', '328', '33', '402', '322', '42', '429', '217', '96', '275', '323', '7', '79', '331', '56', '132', '188', '305', '442', '303', '249', '371', '252', '355', '87', '154', '248', '111', '91', '362']
['440', '470', '234', '333', '31', '274', '313', '62', '3', '204', '55', '381', '296', '410', '147', '182', '294', '332', '356', '229', '302', '299', '71', '222', '435', '334', '319', '253', '279', '169']
['417', '346', '201', '335', '127', '367', '450', '283', '255', '425', '159', '90', '244', '361', '262', '363', '401', '186', '431', '321', '195', '353', '97', '324', '150', '281', '436', '138', '354', '443']
['430', '474', '411', '119', '10', '270', '149', '491', '404', '387', '339', '369', '113', '343', '170', '83', '13', '122', '57', '239', '136', '245', '380', '304', '58', '300', '267', '174', '101', '104']
['407', '115', '30', '213', '167', '472', '84', '47', '219', '247', '421', '246', '89', '231', '68', '399', '200', '183', '49', '490', '53', '297', '17', '447', '230', '59', '327', '456', '80', '67']
['449', '286', '72', '192', '306', '397', '254', '344', '278', '187', '179', '452', '161', '395', '264', '11', '285', '86', '20', '366', '156', '29', '240', '199', '360', '273', '40', '168', '242', '276']
['413', '212', '480', '211', '54', '184', '453', '293', '487', '14', '289', '124', '494', '74', '15', '484', '307', '287', '173', '117', '455', '162', '257', '82', '95', '243', '433', '166', '232', '110']
['445', '112', '218', '45', '52', '357', '106', '315', '120', '338', '422', '146', '177', '1', '342', '164', '216', '226', '25', '336', '181', '208', '2', '148', '191', '32', '76', '365', '458', '197']
['388', '43', '64', '39', '393', '236', '178', '309', '92', '102', '489', '261', '99', '69', '292', '345', '340', '203', '265', '330', '143', '301', '209', '308', '65', '23']
['205', '139', '153', '207', '488', '471']
['251', '227', '194', '463', '481', '498']
['372', '483', '370', '131', '461', '482', '22']
['41', '466', '140', '493', '467']
['225', '224', '477', '476', '496']
['358', '114', '465', '497', '486']
['317', '258', '268', '485', '464']
['107', '468', '469', '475', '492']
['85', '462', '295', '460', '495']
['298', '103', '326', '479', '499']
