['158', '147', '142', '159', '145', '154', '160', '150', '155', '141', '156', '163', '146', '153', '162', '152', '149', '151', '148', '143']
['318', '305', '317', '321', '310', '309', '304', '323', '324', '322', '307', '313', '306', '311', '303', '319', '312', '316', '301', '315']
['60', '55', '57', '63', '58', '59', '53', '43', '64', '46', '51', '45', '50', '47', '42', '62', '61', '44', '52', '48']
['379', '365', '381', '368', '384', '380', '366', '378', '382', '383', '375', '371', '369', '377', '364', '372', '367', '373', '374', '362']
['182', '185', '188', '199', '176', '197', '178', '195', '192', '198', '193', '190', '177', '181', '184', '186', '191', '200', '187', '179']
['77', '75', '70', '74', '85', '79', '80', '66', '67', '81', '68', '71', '78', '82', '69', '73', '83', '65', '72']
['118', '124', '120', '122', '125', '109', '101', '102', '104', '105', '110', '112', '116', '106', '114', '121', '107', '111', '115', '113']
['337', '333', '340', '335', '332', '331', '336', '325', '330', '329', '334', '344', '342', '327', '339', '326', '341', '343', '328']
['376', '385', '361', '363', '370', '98', '56', '54', '49', '240', '39', '298', '108']
['123', '135', '131', '134', '129', '140', '127', '126', '132', '117', '139', '138', '133', '137', '128', '119', '130']
['37', '30', '27', '34', '33', '25', '29', '36', '40', '35', '31', '28', '26', '38', '32', '24', '21', '41', '23']
['220', '214', '211', '213', '224', '225', '215', '217', '203', '207', '223', '210', '205', '222', '212', '216', '208', '219', '204', '206']
['16', '6', '18', '8', '4', '5', '17', '15', '7', '11', '20', '14', '12', '22', '1', '2', '9', '13', '10']
['201', '209', '202', '218', '196', '359', '351', '353', '348', '356', '346', '355', '349', '358', '360', '354', '347', '352', '345', '350']
['238', '236', '239', '245', '237', '228', '230', '233', '234', '229', '231', '235', '243', '227', '244', '232', '221', '226', '241']
['144', '157', '136', '260', '247', '246', '248', '251', '254', '249', '253', '250', '252', '255', '242']
['320', '302', '314', '308', '180', '175', '172', '174', '167', '173', '171', '166', '169', '161', '168', '164', '170', '165', '183']
['398', '400', '393', '394', '392', '389', '388', '386', '390', '397', '396', '387', '391', '395', '3']
['277', '269', '266', '267', '285', '265', '272', '275', '270', '281', '280', '261', '273', '283', '271', '268', '279', '274', '278', '262']
['284', '290', '296', '289', '297', '293', '294', '287', '300', '282', '299', '295', '288', '286', '292', '291', '276']
['263', '257', '258', '256', '259', '264', '357', '399', '19', '338', '76', '189', '194']
['100', '86', '96', '97', '92', '94', '89', '99', '90', '93', '95', '87', '91', '88', '103', '84']
