['32', '420', '27', '431', '441', '154', '351', '448', '97', '155', '379', '163', '302', '77', '171', '118', '436', '493']
['264', '269', '394', '457', '318', '270', '281', '337', '138', '331', '396', '354', '443', '149', '491', '404', '123', '387', '37']
['320', '186', '195', '479', '150', '470', '498', '364', '376', '369', '220', '113', '24', '357', '189', '321', '343', '170', '326']
['344', '473', '324', '383', '339', '338', '391', '83', '13', '121', '434', '390', '175', '57', '239', '481', '410', '134']
['492', '389', '135', '455', '60', '353', '101', '405', '206', '214', '247', '122', '499', '228', '300', '348', '174', '223']
['89', '317', '424', '419', '415', '245', '237', '58', '413', '267', '94', '425', '231', '412', '75', '50', '345', '78', '408']
['63', '305', '347', '397', '454', '409', '341', '310', '16', '495', '439', '104', '68', '35', '392', '19', '399', '26']
['435', '322', '496', '462', '432', '116', '188', '374', '246', '460', '286', '238', '21', '442', '144', '183', '49', '490']
['99', '227', '367', '370', '137', '201', '421', '472', '72', '429', '398', '266', '430', '368', '297', '17', '272', '230', '192']
['440', '90', '428', '406', '59', '327', '80', '67', '427', '54', '459', '139', '254', '212', '444', '278', '488']
['352', '411', '9', '255', '403', '190', '73', '198', '191', '456', '43', '193', '306', '93', '184', '133', '288', '235', '382']
['301', '385', '380', '395', '53', '148', '277', '381', '418', '453', '426', '452', '86', '284', '263', '291', '476', '196']
['497', '182', '283', '179', '304', '414', '161', '242', '384', '478', '234', '486', '328', '3', '482', '30', '375', '225']
['28', '114', '241', '141', '438', '151', '312', '103', '248', '160', '11', '172', '20', '335', '293', '33', '126', '325']
['204', '437', '463', '330', '102', '314', '285', '4', '366', '467', '240', '386', '46', '14', '12', '360', '273', '289', '332']
['162', '333', '401', '480', '45', '203', '187', '464', '48', '156', '349', '474', '329', '417', '38', '40', '316', '244', '10']
['29', '70', '416', '400', '271', '168', '260', '280', '222', '494', '176', '299', '15', '342', '485', '66', '167', '210', '117']
['34', '105', '461', '55', '232', '402', '98', '199', '487', '108', '465', '124', '120', '8', '74', '484', '422', '388']
['446', '319', '205', '261', '218', '213', '88', '276', '315', '125', '365', '287', '146', '282', '177', '85', '257']
['433', '82', '166', '265', '115', '221', '165', '202', '216', '226', '483', '109', '290', '466', '450', '423', '129', '127']
['468', '71', '311', '373', '259', '181', '6', '378', '145', '471', '336', '51', '81', '128', '42', '152', '61', '107']
['292', '180', '215', '469', '243', '350', '64', '323', '2', '157', '39', '0', '76', '359', '142', '393', '44', '458']
['119', '100', '1', '95', '5', '208', '334', '256', '185', '18', '197', '178', '7', '268', '132', '140', '355']
['23', '110', '362', '233', '25', '250', '236', '309', '92', '303', '249', '371', '69', '31', '274', '111', '258', '22']
['79', '356', '251', '219', '372', '136', '62', '224', '340', '131', '207', '130', '307', '295', '358', '298', '143']
['65', '407', '96', '56', '489', '313', '159', '112', '147', '173', '36', '229', '153', '253', '279', '361', '262']
['296', '294', '209', '308']
['169', '475']
['41', '194']
['158']
['211']
['477']
['164']
['363']
['451']
['445']
['346']
['447']
['84']
['252']
['200']
['87']
['217']
['377']
['52']
['91']
['106']
['275']
['449']
['47']
