['120', '269', '175', '186', '18', '236', '4', '370', '172']
['107', '204', '53', '57', '321', '60', '245', '323', '277', '289']
['191', '293', '398', '185', '224', '122', '100', '265', '309', '96']
['143', '394', '142', '367', '34', '73', '392', '15', '141', '134']
['179', '351', '381', '5', '80', '195', '353', '304', '79', '163']
['328', '368', '337', '340', '335', '58', '259', '43', '234', '388']
['348', '225', '125', '279', '315', '131', '102', '67', '258', '105']
['380', '211', '333', '290', '285', '70', '74', '20', '345', '203']
['232', '228', '383', '223', '313', '390', '139', '151', '88']
['190', '27', '16', '8', '378', '150', '7', '213', '287', '331']
['145', '178', '385', '156', '346', '325', '46', '302', '84']
['130', '266', '9', '215', '237', '336', '25', '146', '386', '75']
['177', '109', '365', '44', '270', '56', '64', '14', '93']
['209', '160', '297', '104', '200', '98', '360', '133', '329', '316']
['32', '30', '338', '128', '210', '229', '81', '12', '334']
['123', '6', '251', '159', '11', '153', '246', '54', '68', '294']
['116', '129', '366', '89', '45', '319', '149', '312', '363', '326']
['238', '299', '28', '147', '358', '397', '330', '171', '276', '283']
['377', '344', '135', '272', '48', '379', '233', '66', '281']
['154', '311', '343', '231', '55', '295', '82', '399', '317', '181']
['222', '47', '188', '140', '249', '227', '113', '391', '62', '395']
['308', '296', '275', '320', '267', '173', '282', '117', '31', '372']
['103', '85', '92', '144', '110', '71', '212', '95', '253', '39']
['21', '94', '35', '205', '162', '152', '376', '342', '274', '301']
['132', '280', '347', '29', '396', '19', '180', '284']
['169', '359', '393', '17', '310', '356', '255', '362', '260', '76']
['115', '167', '306', '235', '256', '91', '292', '226']
['201', '182', '77', '305', '184', '166', '196']
['36', '90', '268', '373', '137', '206', '136', '40']
['355', '352', '3']
['87', '217', '375', '114', '369', '252', '49']
['187', '198', '118', '41']
['350', '254', '243', '244']
['357', '300', '262', '83']
['273', '112', '384', '241']
['65', '50', '111', '278', '119', '341']
['248', '318', '389', '42', '164']
['97', '257', '23', '208']
['240', '124']
['1', '52', '183']
['106', '99', '72']
['158', '78']
['382', '374', '176', '63']
['349', '38', '161']
['202', '371', '10']
['332', '214', '24']
['22', '26', '108']
['2', '261']
['361']
['221', '264']
['157']
['250', '170']
['220', '59', '291']
['219']
['121']
['327']
['168']
['364']
['288']
['271']
['387']
['37']
['354']
['324']
['174']
['230']
['194']
['263']
['303']
['322']
['165']
['239']
['216']
['199']
['339']
['218']
['0']
['126']
['189']
['155']
['207']
['193']
['242']
['101']
['138']
['307']
['61']
['51']
['314']
['127']
['298']
['69']
['197']
['148']
['192']
['33']
['86']
['286']
['247']
['13']
