['72', '269', '70', '172', '131', '478', '442', '282', '14', '311', '143', '71', '29', '114', '2', '219', '404', '111', '51', '302']
['312', '386', '90', '266', '224', '139', '271', '87', '166', '449', '54', '91', '258', '347', '270', '174', '234', '173', '300', '276']
['83', '99', '375', '494', '329', '44', '176', '197', '491', '406', '344', '492', '294', '88', '170', '165', '103', '446', '49', '368']
['286', '6', '299', '307', '431', '257', '5', '385', '46', '129', '336', '59', '130', '267', '150', '102', '341', '325', '216', '229']
['18', '397', '56', '28', '398', '434', '475', '411', '200', '361', '0', '254', '445', '252', '356', '38', '486', '264', '117']
['217', '453', '27', '35', '251', '34', '243', '457', '353', '432', '369', '362', '146', '62', '388', '260', '355']
['319', '199', '107', '61', '498', '357', '293', '275', '485', '393', '96', '25', '284', '89', '79']
['13', '45', '337', '367', '95', '31', '340', '212', '156', '443', '66', '424', '121', '231']
['456', '124', '85', '17', '365', '303', '335', '332', '417', '292', '467', '41', '395', '481']
['403', '138', '106', '188', '288', '195', '448', '24', '206', '328', '304', '255', '464', '308']
['465', '120', '140', '384', '20', '469', '237', '238', '80', '352', '427', '36', '349', '313', '10']
['196', '153', '466', '1', '184', '240', '19', '147', '73', '21', '163', '423', '65', '476', '76']
['463', '455', '468', '401', '377', '57', '215', '383', '416', '67', '64', '350', '306']
['310', '408', '330', '316', '479', '191', '389', '233', '223', '194']
['235', '490', '333', '125', '239', '499', '462', '428', '259', '178', '241', '322']
['245', '354', '253', '160', '351', '380', '182', '164', '189', '101', '167', '132']
['261', '68', '364', '82', '115', '221', '94', '470']
['210', '159', '11', '483', '123', '363', '331', '144', '320', '298']
['128', '81', '345', '392', '201', '97', '32', '108', '339']
['279', '8', '419', '374', '426', '135', '285', '489']
['23', '58', '458', '105', '40', '378', '301', '291', '268', '180', '474', '84']
['317', '42', '190', '256', '134', '203', '127', '145', '218']
['93', '214', '63', '92', '171', '110', '297']
['43', '376', '86', '410', '327', '450', '413']
['381', '78', '74', '496', '471', '421', '248']
['287', '437', '447', '289', '343', '193', '77', '433']
['230', '400', '249', '202', '425', '305', '280']
['161', '484', '409', '148', '198', '346', '183']
['181', '133', '277', '207', '324', '422', '205']
['7', '390', '394', '399', '373', '262', '100', '136', '265', '118']
['209', '69', '440', '452', '3', '420', '22']
['444', '359', '142', '236', '334', '186', '366', '480', '482']
['169', '493', '391', '116', '473', '137', '290']
['321', '12', '222', '192', '246', '314', '220']
['104', '318', '371', '52', '15', '387', '472', '157']
['461', '211', '33', '272', '454', '273', '407']
['158', '412', '441', '50', '225', '278', '348', '459']
['37', '98', '155', '126', '26', '295']
['228', '487', '414', '242', '263', '379']
['9', '338', '283', '185', '168', '175']
['204', '435', '438', '122', '436', '477']
['113', '430', '247', '226', '296', '415', '402']
['309', '112', '323', '244', '187', '48']
['372', '152', '179', '177', '213', '154']
['16', '162', '227', '60', '451', '405', '360', '370']
['151', '141', '208', '119', '39', '281']
['274', '30', '418', '75', '53', '358']
['232', '149', '250', '382', '497', '4']
['109', '55', '495', '396', '460', '47']
['326', '488', '439', '342', '315', '429']
