['113', '269', '158', '27', '135', '227', '60', '155', '281', '123', '220', '24', '189', '83', '13']
['273', '195', '90', '270', '171', '118', '138', '283', '149', '170', '214', '247', '188', '57', '245']
['175', '8', '182', '176', '215', '167', '15', '97', '289', '184', '274', '150', '77', '210', '85']
['72', '120', '219', '129', '287', '66', '117', '29', '35', '257', '82', '51', '197', '259', '181']
['216', '217', '125', '299', '53', '146', '282', '177', '1', '233', '36', '37', '205', '165']
['75', '124', '74', '162', '229', '199', '141', '297', '243', '207', '192', '202', '226', '221', '116']
['48', '212', '267', '201', '223', '163', '143', '222', '95', '153', '251', '10', '6', '211', '16']
['255', '266', '254', '276', '265', '253', '187', '164', '121', '178', '179', '98', '296', '34', '148']
['3', '154', '208', '12', '166', '23', '232', '145', '242', '237', '127', '101', '64', '152', '81']
['38', '147', '142', '46', '44', '191', '89', '206', '290', '122', '134', '58', '25', '174']
['0']
['30', '250', '236', '109', '161', '228', '68', '198', '114', '78', '277', '19', '73', '92', '157']
['204', '272', '94', '246', '231', '50', '99', '42', '28', '26', '107', '39', '241', '21']
['238', '47', '61', '244', '196', '185', '18', '190', '203', '5', '17', '80', '96', '275']
['218', '45', '20', '295', '230', '9', '271', '76', '49', '239', '56', '59', '213', '79']
['278', '43', '102', '193', '67', '268', '54', '225', '279', '140', '106', '235', '69', '87', '186']
['112', '209', '286', '183', '298', '252', '55', '93', '137', '31', '70', '292', '62', '263', '264']
['14', '240', '168', '249', '234', '200', '132', '261', '139', '52', '258', '136', '284', '224', '4']
['293', '7', '260', '40', '262', '22', '11', '285', '33', '294', '156', '194', '126', '173', '63']
['86', '144', '288', '151', '159', '130', '256', '280', '65', '180']
['119', '133', '88', '91', '2', '100', '160', '103']
['248', '111', '71', '169', '84']
['131', '172', '108', '41']
['104']
['32']
['291']
['105']
['115']
['110']
['128']
