['153', '69', '218', '21']
['108', '203', '94']
['158', '58', '24', '174', '234']
['243', '75', '187', '104']
['149', '7', '19', '111', '166']
['242', '206']
['73', '144']
['48', '214']
['12', '4', '142', '57']
['181', '129', '189']
['173', '223', '16']
['180', '124', '147']
['97', '9', '183']
['155', '225', '49', '84']
['37', '230', '113']
['115', '17']
['14', '41', '90']
['74', '92', '130']
['216', '20', '80']
['42', '146', '10']
['107', '201', '162']
['222', '27']
['171']
['105']
['134']
['89']
['137']
['150', '70']
['139', '170']
['244', '135']
['85']
['128']
['247']
['122']
['87']
['195']
['163']
['205']
['83']
['179']
['116']
['188']
['50']
['78']
['200']
['238']
['67']
['133']
['235']
['211']
['161']
['196']
['63']
['168']
['88']
['53']
['221']
['5']
['18']
['79']
['132']
['249']
['52']
['143']
['209']
['23']
['60']
['118']
['220']
['239']
['231']
['26']
['192']
['30']
['213']
['156']
['68']
['176']
['215']
['198']
['1']
['82']
['164']
['202']
['226']
['6']
['25']
['28']
['114']
['91']
['22']
['207']
['33']
['127']
['227']
['77']
['123']
['175']
['246']
['190']
['59']
['172']
['160']
['126']
['38']
['40']
['167']
['29']
['46']
['232']
['199']
['81']
['191']
['39']
['43']
['193']
['102']
['219']
['136']
['159']
['224']
['131']
['36']
['229']
['66']
['65']
['169']
['103']
['212']
['112']
['99']
['204']
['3']
['154']
['119']
['96']
['197']
['236']
['32']
['186']
['35']
['71']
['237']
['34']
['145']
['217']
['109']
['165']
['95']
['177']
['117']
['15']
['8']
['120']
['56']
['240']
['86']
['241']
['157']
['72']
['101']
['228']
['245']
['121']
['13']
['138']
['194']
['151']
['2']
['45']
['110']
['184']
['182']
['62']
['248']
['31']
['140']
['55']
['178']
['44']
['185']
['76']
['0']
['148']
['208']
['61']
['141']
['152']
['51']
['64']
['233']
['210']
['125']
['47']
['100']
['98']
['11']
['106']
['93']
['54']
