['ptpmisy', 'yvvwjem', 'nvjeors', 'uuqtrnp', 'egfbifk', 'ekbghpg', 'mbrlttj', 'ljxgjfb', 'pkosxjv', 'hlruggb', 'iiybggp', 'jaikykc', 'qqeafqd', 'jigaagt', 'afvpuoz', 'reolqff']
['pmckuxh', 'igvkuru', 'yfabxdu', 'lpzhylm', 'rljbssd', 'aowxwvx', 'drtgipl', 'bwpwdoy', 'mcirxcd', 'cutedox', 'huwkfqk', 'bnuxlph', 'ymwwchd', 'rnluyib', 'wjosnfy', 'spgwzqj']
['vvjtuhb', 'atfmxqs', 'owgzpow', 'vowjmgf', 'hqikiss', 'dgvegls', 'jojnukl', 'fhuqtfp', 'vogmqqe', 'pxgrikq', 'pcdlpcz', 'ksrplzq', 'xlypwfl', 'yiuitfo', 'qerzkir']
['atvqyki', 'jwpfwqz', 'wqohgce', 'zvuccyi', 'tdrolvx', 'pojnkue', 'upucitb', 'ozoxsck', 'zfqckzr', 'xdofsvh', 'kvfjhzh', 'hncniof', 'grhnknx', 'opcamxc', 'aenkmpt', 'crmjrbf']
['uekjkik', 'sfjvtxw', 'njoxkmb', 'jxlxfoo', 'bwxgkld', 'zmgjecs', 'capkmzr', 'amfrehb', 'nehlpbv', 'yqtlogi', 'rbpdoot', 'bfonhts', 'gceicua', 'okdlbya']
['dqbtiaw', 'tfsfpnw', 'lucqgzc', 'qifpupk', 'ypwfljl', 'nlfhgdx', 'labghhm', 'hutontm', 'vbcaiur', 'xaawrda', 'clcozil', 'aadjodd', 'ndqmeid', 'egezjtl']
['lfxhllc', 'zhdvxfc', 'gevooyy', 'ktyynlr', 'nsjgubf', 'pvwdbuk', 'dsvowko', 'ypncztk', 'lmgvnku', 'ehfkaur', 'weondbg', 'ygoytty', 'ljllxhw', 'itivxup']
['sfzipfj', 'thidksk', 'mnxptfo', 'qccnlus', 'zxtfzys', 'qhwwalp', 'jbockfp', 'acgwdsb', 'adzdoyj', 'szlzdlt', 'sieoave', 'axxwrug', 'engjphl', 'bnyrwnb', 'ydirvrp', 'djzcmeu']
['wmodcaj', 'hfzbxzo', 'owvackd', 'ultrowi', 'ylnttkr', 'jgbbizt', 'emqikpe', 'oqqfikf', 'nbftfsb', 'korcvcx', 'bxtdbjc', 'bkrlzdx', 'vahwsck', 'bundjpw', 'vrvkaaa', 'dwfazac']
['brpqwlx', 'jnwitwp', 'dazkzcz', 'ovyjjfm', 'werprzm', 'jplsynx', 'kuhueyd', 'vuedrix', 'lpzovzo', 'ckbpvbd', 'cjyrens', 'mclspox', 'zrimkhj', 'lehooqa', 'vwcmgzh']
['ljqttnn', 'douqsoq', 'wxbassh', 'ksjmenx', 'rbwdwlz', 'xuppdvy', 'aslzxho', 'ytvwmpd', 'nzhlxzk', 'ptcbphe', 'ueyjznc', 'zxlpndu', 'efrtcpo', 'tqjelgo', 'uhhhxgy', 'asyegiw']
['azzpyql', 'sipicas', 'dlfncva', 'zxijrwr', 'ciynmhw', 'noyikuy', 'wdahnhw', 'pwaalip', 'szriiex', 'dmsftgx', 'newswsl', 'crzdxig']
['wellvsr', 'qwcwszq', 'tjcagrq', 'ynxyoyb', 'dnxxgal', 'bpbiuoh', 'eezxrdd', 'lqjdzbc', 'bolryno', 'jbhevly', 'urujvnn', 'qufxqvh', 'urudgpc', 'rroxpwu']
['upgszso', 'joqmipo', 'cvokrsd', 'wznyiaw', 'sfjkptj', 'nqmwwmz', 'etkmfom', 'znskrzx', 'apuclff', 'dubzmmn', 'wklasyt', 'ktqbsnt']
['kolwqja', 'jcoguvu', 'kadvzfh', 'cewygrc', 'rqdjqiq', 'gdkxxon', 'jtkovjl', 'tjtezbn', 'kuwyrgr', 'ljxjare', 'rxngmkt', 'odoqgfk', 'roothgi']
['fzsjvuk', 'vfebggx', 'fdccgyr', 'uwgeeaz', 'hxlagmh', 'dtfwkrc', 'vkrrkcg', 'fgubrui', 'xxradgz', 'vvadaaj', 'fzplaod', 'uckaokp']
['gmqbbof', 'xsjadss', 'hylhzqr', 'liqhklu', 'iudsrjy', 'coupfju', 'gmultvj', 'ojujfds', 'bvvitzv', 'joerrak', 'npbmbcl', 'hnpufhr', 'ylscqcm', 'oayxvdx']
['cmlcnuo', 'qgpciwf', 'ehcdgdr', 'ftbfwum', 'xcjwaaa', 'mgtzswf', 'olzxpzb', 'dpgzdmu', 'bymyfhs', 'eghatxl', 'wenwqgs', 'hvnuihp', 'jnfpvkg', 'uahwspd', 'fxswbii']
['gmapuez', 'eiuywkb', 'mtbiczg', 'rqevvql', 'emvhlci', 'uckdnaa', 'mirwseo', 'idyyroc', 'pjsyeez', 'omyynfi', 'rxnxrbl', 'awftunn', 'vvwlixv', 'kpqzpfs']
['yssbhls', 'bhbfrfj', 'skvsmyl', 'mlehrqr', 'yoqrhdw', 'edebgoj', 'jhstklj', 'kjhsxww', 'jmjdmxv', 'hwprfxd', 'ebtqhua', 'fhrabmr', 'nrctxxu']
['uitiunf', 'ulqqnrx', 'alvvzcr', 'pcrzoox', 'nbhknmw', 'zexclum', 'ximpauw', 'ohgorzn', 'bbevbps', 'mbzuntj', 'crclbim', 'glkfhro', 'ntanocw', 'vxktmpe']
['igtcqiv', 'tgshqis', 'fufnjyf', 'raymfyf', 'jzqcfee', 'jivtfds', 'ulpkpaf', 'kctacue', 'hlkffeh', 'xxhgtbs', 'upxaolv', 'laxdipx', 'fieuife']
['xxqfkzr', 'upzignf', 'vjpstks', 'ofsoyop', 'nrplxxf', 'kzgbgcg', 'quaahkj', 'ipxjgfz', 'oikctcj', 'rorsdzp', 'mltjlsu', 'hscfpsc']
['jdufzkb', 'ebexhbz', 'dpmxdni', 'mmsicju', 'rfhgsrd', 'mtrmooo', 'zrhphdg', 'shztxik', 'momhmut', 'gnlcixq', 'vshvlic', 'dtmsxwk']
['qxwwqfk', 'huzgikq', 'lcmynyw', 'xabjjff', 'nndfzgt', 'qimiqpx', 'kiwoauy', 'abxurqr', 'qavmxlu', 'dcysunk', 'wlhpnux', 'hrmwoaf', 'mqeymdi']
['aocuywp', 'vmrdoff', 'jygmmrk', 'oegoznu', 'whaalyx', 'qlgkouj', 'kitxrio', 'nkylhqw', 'otmayxy', 'mqwftjq', 'ngznfds', 'poyacsv']
['cjhldsy', 'pnnzbti', 'aytcnpm', 'frxrjcw', 'fhflmkc', 'sgrvtpg', 'gdvcboj', 'ugpqnzn', 'iuddtax', 'jrguwdk', 'goxywvb', 'puotspj', 'gbuoffj']
