['Julianne', 'Sonia', 'Aileen', 'Lorena', 'Brooklynn', 'Layla', 'Zoey', 'Carley', 'Clarissa', 'Diamond']
['Mariah', 'Claire', 'Faith', 'Marissa', 'Autumn', 'Peyton', 'Brenda', 'Hanna', 'Madyson', 'Alma']
['Daniela', 'Kaitlin', 'Valerie', 'Angelina', 'Hope', 'Anne', 'Marisa', 'Kristin', 'Vivian', 'Kiley']
['Litzy', 'Tia', 'Melody', 'Kasey', 'Tatyana', 'Julianna', 'Elise', 'Alana', 'Zoe', 'Cindy']
['Felicity', 'Joy', 'Tyra', 'Taryn', 'Maddison', 'Mckenna', 'Kendall', 'Kara', 'Alison', 'Brittany']
['Avery', 'Brooklyn', 'Jordyn', 'Ashlyn', 'Logan', 'Addison', 'Callie', 'Kiara', 'Skylar', 'Annika']
['Clare', 'Amber', 'Kelli', 'Eliana', 'Anastasia', 'Ashlee', 'Kassidy', 'Brandy', 'Francesca', 'Shania']
['Helen', 'Gina', 'Cassie', 'Tiana', 'Kamryn', 'Bailey', 'Kaylee', 'Melissa', 'Lucy', 'Annabelle']
['Amy', 'Mikayla', 'Jade', 'Cassidy', 'Leah', 'Malia', 'Kailee', 'Nora', 'Alina', 'Kaleigh']
['Delaney', 'Casey', 'Amaya', 'Raven', 'Amelia', 'Camille', 'Bridget', 'Priscilla', 'Selena', 'Aubrey']
['Alayna', 'Theresa', 'Bailee', 'Kali', 'Lillian', 'Meghan', 'Adriana', 'Mckenzie', 'Kaley', 'Mckayla']
['Annie', 'Lisa', 'Rosa', 'Carolyn', 'Nia', 'Serena', 'April', 'Mallory', 'Michaela', 'Carmen']
['Ana', 'Madelyn', 'Angelica', 'Britney', 'Kaitlynn', 'Haleigh', 'Lacey', 'Margaret', 'Audrey', 'Vanessa']
['Angelique', 'Irene', 'Regan', 'Sasha', 'Kelsey', 'Alexandria', 'Sabrina', 'Mikaela', 'Hailee', 'Kate']
['Madeline', 'Sara', 'Kimberly', 'Alissa', 'Ciara', 'Miriam', 'Ellen', 'Colleen', 'Iris', 'Tatiana']
['Tianna', 'Jayden', 'Macie', 'Aurora', 'Brittney', 'Hayley', 'Evelyn', 'Lilly', 'Jane', 'Catherine']
['Destinee', 'Denise', 'Josie', 'Madeleine', 'Kassandra', 'Makenna', 'Cecilia', 'Marina', 'Meagan', 'Kailey']
['Kierra', 'Talia', 'Virginia', 'Tiara', 'Katelynn', 'Nancy', 'Elena', 'Carlie', 'Sylvia', 'Esmeralda']
['Reagan', 'Josephine', 'Kiana', 'Aliyah', 'Tania', 'Kaila', 'Alyson', 'Janae', 'Chelsey', 'Miranda']
['Guadalupe', 'Genesis', 'Yesenia', 'Nadia', 'Katrina', 'Jayda', 'Phoebe', 'Halle', 'Imani', 'Bryanna']
['Jazmin', 'Rachael', 'Patricia', 'Sandra', 'Ruby', 'Haylee', 'Lucia', 'Deborah', 'Caitlin', 'Ella']
['Tessa', 'Jaqueline', 'Carolina', 'Makenzie', 'Karla', 'Kylee', 'Kathleen', 'Leslie', 'Molly', 'Hunter']
['Angie', 'Alanna', 'Elaina', 'Carrie', 'Makayla', 'Paige', 'Shelby', 'Esther', 'Deja', 'Lauryn']
['Gisselle', 'Cheyanne', 'Julissa', 'Precious', 'Kelsie', 'Lexi', 'Sydnee', 'Toni', 'Ayanna', 'Jamie']
['Kathryn', 'Isabel', 'Mia', 'Alexa', 'Esperanza', 'Tierra', 'Chyna', 'Luz', 'Kristen', 'Deanna']
['Jessie', 'Carla', 'Noelle', 'Kenya', 'Amari', 'Macey', 'Claudia', 'Abby', 'Gracie', 'Heidi']
['Angel', 'Gabriela', 'Lily', 'Erika', 'Ariana', 'Maya', 'Melanie', 'Cassandra', 'Diana', 'Mya']
['Wendy', 'Tabitha', 'Paola', 'Kaylin', 'Rhiannon', 'Madisyn', 'Breanna', 'Laura', 'Tyler', 'Madelynn']
['Zaria', 'Paulina', 'Felicia', 'Emilie', 'Caitlyn', 'Alicia', 'Jocelyn', 'Marilyn', 'Barbara', 'Emely']
['Monica', 'Carly', 'Bianca', 'Kayleigh', 'Ashton', 'Clara', 'Natasha', 'Mercedes', 'Trinity', 'Karen']
['Courtney', 'Jenna', 'Jacqueline', 'Perla', 'Eden', 'Miracle', 'Whitney', 'Celeste', 'Alisha', 'Desiree']
['Cheyenne', 'Kylie', 'Lindsey', 'Katie', 'Katlyn', 'Emilee', 'Georgia', 'Sophie', 'Alexia', 'Macy']
['Gabriella', 'Tiffany', 'Erica', 'Sage', 'Nichole', 'Ann', 'Skyler', 'Kirsten', 'Martha', 'Marisol']
['Lydia', 'Bethany', 'Shannon', 'Johanna', 'Paris', 'Justine', 'Regina', 'Cristal', 'Aaliyah', 'India']
['Karina', 'Payton', 'Cynthia', 'Christine', 'Asia', 'Nina', 'Cierra', 'Kyla', 'Sidney', 'Jaclyn']
['Lesley', 'Serenity', 'Karissa', 'Charlotte', 'Meredith', 'Eva', 'Jordan', 'Andrea', 'Tamia', 'Abbey']
['Jazmine', 'Tara', 'Gianna', 'Kendra', 'Julie', 'Holly', 'Ava', 'Naomi', 'Harley', 'Cara']
['Dominique', 'Jayla', 'Tori', 'Piper', 'Genevieve', 'Tayler', 'Marlene', 'Sofia', 'Jasmin', 'Christina']
['Tamara', 'Tatum', 'Susan', 'Gloria', 'Jenny', 'Renee', 'Ellie', 'Anahi', 'Dana', 'Ivy']
['Angela', 'Jada', 'Briana', 'Ashlynn', 'Elisabeth', 'Lesly', 'Chelsea', 'Summer', 'Kira', 'Chasity']
['Cristina', 'Raquel', 'Monique', 'Yasmine', 'Sharon', 'Alice', 'Heaven', 'Krystal', 'Eliza', 'Alondra']
['Kaylie', 'Jaden', 'Madalyn', 'Mayra', 'Brisa', 'Cora', 'Savanna', 'Adrianna', 'Janelle', 'Kiera']
['Lindsay', 'Camryn', 'Ariel', 'Kristina', 'Natalia', 'Valeria', 'Brenna', 'Alaina', 'Marie', 'Gillian']
['Pamela', 'Charity', 'Fiona', 'Eve', 'Melina', 'Arielle', 'Jillian', 'Heather', 'Kelly', 'Leilani']
['Arianna', 'Crystal', 'Riley', 'Hallie', 'Liliana', 'Rose', 'Skye', 'Larissa', 'Alejandra', 'Alexus']
['Baylee', 'Ashleigh', 'Teresa', 'Ruth', 'Gabrielle', 'Mary', 'Katelyn', 'Sierra', 'Eleanor', 'Sadie']
['Brandi', 'Allie', 'Viviana', 'Krista', 'Janet', 'Carissa', 'Rylee', 'Dakota', 'Shayla', 'Rebekah']
['Kennedy', 'Veronica', 'Isabelle', 'Maggie', 'Cameron', 'Kyra', 'Elisa', 'Devin', 'Yasmin', 'Mariana']
['Jacquelyn', 'Daniella', 'Linda', 'Lizbeth', 'Athena', 'Adrienne', 'Shyanne', 'Kiersten', 'Allyson', 'Breana']
['Joanna', 'Juliana', 'Fatima', 'Danielle', 'Michelle', 'Brooke', 'Erin', 'Caroline', 'Daisy', 'Giselle']
