['9999', '9976', '9991', '9997', '9916', '9979', '9958', '9925', '9917', '9929', '9994', '9945', '9946', '9972', '9944', '9974', '9971', '9932', '9930', '9973', '9992', '9927', '9987', '9949', '9950', '9959', '9952', '9980', '9984', '9942', '9928', '9955', '9967', '9966', '9915', '9922', '9943', '9957', '9923', '9995', '9954', '9964', '9981', '9998', '9961', '9990', '9939', '9996', '9937', '9985', '9921', '9956', '9975', '9960', '9986', '9993', '9983', '9982', '9963', '9947', '9989', '9934', '9951', '9962', '9931', '9970', '9936', '9919', '9968', '9926', '9920', '9988', '9935', '9948', '9918', '9933', '9965', '9940', '9978', '9938', '9941', '9924', '9953', '9969', '9977']
['1', '62', '56', '27', '18', '8', '44', '5', '17', '43', '15', '66', '59', '34', '79', '53', '80', '7', '77', '67', '38', '54', '55', '40', '85', '64', '29', '82', '69', '31', '57', '52', '37', '70', '75', '24', '74', '73', '83', '13', '3', '22', '6', '30', '60', '11', '12', '4', '20', '50', '33', '58', '48', '45', '25', '84', '63', '36', '46', '51', '14', '81', '68', '71', '47', '42', '35', '78', '19', '28', '9', '26', '16', '39', '32', '49', '21', '61', '41', '65', '23', '76', '72', '10']
['250', '9750', '249']
['9814', '9815', '9813']
['135', '134', '136']
['158', '159', '157']
['155', '154', '156']
['172', '171']
['9857', '9856', '9858']
['9785', '9786', '9784']
['118', '119', '117']
['9796', '9797', '9795']
['9805', '9804', '9806']
['9768', '9769', '9767']
['9871', '9872', '9870']
['105', '104', '106']
['123', '124', '122']
['220', '219', '221']
['187', '186', '188']
['9833', '9834', '9832']
['121', '120']
['214', '215', '213']
['175', '176', '174']
['9817', '9816', '9818']
['228', '227', '229']
['223', '222']
['94', '95', '93']
['9759', '9760', '9758']
['201', '202', '200']
['238', '239', '237']
['9801', '9800', '9802']
['144', '145']
['196', '197', '195']
['190', '191', '189']
['9775', '9774']
['9902', '9901', '9903']
['163', '164', '162']
['141', '142', '140']
['9909', '9908']
['9782', '9783', '9781']
['9829', '9828', '9830']
['133', '132']
['151', '152', '150']
['9789', '9790', '9788']
['103', '102']
['206']
['9808', '9809', '9807']
['9861', '9860']
['241', '240', '242']
['9755', '9754', '9756']
['160', '161']
['9772', '9773']
['9914', '9913']
['9853', '9852', '9854']
['9878', '9877', '9879']
['9825', '9824', '9826']
['126', '127', '125']
['9839', '9840']
['98', '99', '97']
['9812', '9811']
['9792', '9791', '9793']
['9869', '9868']
['9751', '9752']
['108', '109', '107']
['9831']
['9859']
['180', '181', '179']
['9821', '9820']
['9827']
['9895', '9896', '9894']
['9876', '9875']
['9794']
['210']
['9799']
['9777', '9778']
['165', '166']
['9864', '9865', '9863']
['9841', '9842']
['129', '128', '130']
['233', '232', '234']
['235', '236']
['9764', '9763']
['217', '216', '218']
['9892', '9891', '9893']
['9766']
['9881', '9880', '9882']
['9803']
['9890', '9889']
['9885', '9884', '9886']
['88', '87', '89']
['9753']
['248', '247']
['111', '110']
['91', '90', '92']
['9810']
['9851']
['204']
['9897', '9898']
['245', '246', '244']
['9888', '9887']
['9780']
['182', '183']
['9907', '9906']
['2']
['169', '168', '170']
['9905', '9904']
['9836', '9837', '9835']
['9844', '9845', '9843']
['9866', '9867']
['138', '139', '137']
['149', '148']
['9873', '9874']
['113', '114']
['101']
['231', '230']
['9855']
['9912', '9911']
['147', '146']
['225', '226']
['86']
['9849']
['9846', '9847']
['199', '198']
['9899', '9900']
['9762']
['9770']
['167']
['177', '178']
['243']
['9819']
['9757']
['96']
['116', '115']
['192', '193']
['208']
['9822']
['185']
['205']
['212']
['9850']
['209']
['9787']
['9779']
['9823']
['194']
['143']
['9838']
['9883']
['9776']
['153']
['211']
['173']
['184']
['100']
['207']
['9910']
['203']
['131']
['112']
['224']
['9765']
['9862']
['9848']
['9761']
['9771']
['9798']
