['201', '269', '394', '158', '27', '135', '322', '60', '155', '318', '379', '163', '77', '171', '118', '337', '396', '376', '347', '123', '37', '220', '391', '24']
['266', '105', '189', '341', '121', '214', '81', '333', '16', '195', '134', '228', '389', '348', '223', '94', '75', '50', '137', '19', '9', '26', '241', '21']
['326', '238', '144', '320', '398', '190', '383', '272', '277', '234', '93', '377', '133', '288', '151', '312', '4', '382', '206', '172', '284', '263', '291', '314']
['141', '124', '47', '321', '351', '365', '342', '127', '90', '270', '150', '66', '167', '282', '117', '85', '138', '162', '364', '257', '374', '316', '36', '373']
['54', '56', '25', '101', '74', '215', '392', '53', '198', '210', '281', '140', '368', '276', '385', '115', '95', '52', '166', '153', '339', '232', '221', '343']
['265', '8', '125', '208', '1', '29', '22', '387', '202', '216', '6', '116', '145', '261', '317', '330', '304', '300', '267', '336', '346', '104', '246', '120']
['268', '185', '287', '146', '18', '177', '386', '207', '170', '13', '350', '179', '45', '175', '310', '122', '34', '323', '286', '39', '390', '352', '250', '359']
['345', '344', '15', '307', '197', '83', '226', '109', '290', '148', '245', '237', '114', '174', '64', '152', '159', '3', '183', '72', '242', '356', '399', '17']
['329', '176', '311', '12', '51', '5', '165', '378', '247', '57', '136', '129', '89', '231', '42', '78', '86', '59', '157', '200', '32', '264', '142', '217']
['303', '338', '227', '353', '46', '324', '173', '354', '283', '259', '367', '334', '327', '49', '236', '211', '309', '96', '275', '128', '92', '43', '102', '224']
['273', '44', '292', '164', '68', '230', '35', '61', '73', '393', '297', '239', '331', '7', '248', '188', '397', '212', '87', '219', '41', '340', '362', '363']
['370', '184', '243', '113', '298', '107', '235', '76', '80', '191', '99', '168', '186', '372', '218', '161', '196', '375', '112', '384', '20', '203', '130', '302']
['222', '154', '296', '58', '256', '380', '28', '79', '313', '306', '55', '249', '106', '209', '108', '30', '11', '285', '131', '63', '110', '98', '253', '100']
['147', '91', '369', '132', '299', '233', '192', '0', '139', '69', '274', '187', '62', '225', '70', '366', '156', '126', '229', '14', '244', '319', '48', '315']
['361', '349', '2', '279', '169', '381', '355', '251', '254', '111', '258', '33', '260', '240', '271', '143', '88', '160', '280', '103']
['84', '325', '199', '119', '395', '204', '335', '182', '388', '289', '23']
['205', '97', '82', '357', '181', '40', '255', '293', '38', '149', '65']
['194', '278', '71', '358', '305', '295', '301', '180']
['371', '178', '67', '213', '294', '262', '252']
['308', '31', '328', '360', '332', '10', '193']
