['MV', 'HJW', 'J', 'HO', 'EVDQNK', 'X', 'C', 'MM', 'BNC', 'WAXWZU', 'SY', 'ACYQN', 'ICLIT', 'QGUYKQ', 'AL', 'DBGM', 'TUB', 'CTRFIJ', 'ZHCQG', 'GDFI']
['QIZWG', 'ANW', 'UHTMG', 'KKFPQ', 'OEJ', 'ORJB', 'MY', 'EJOR', 'AQDX', 'KAZEK', 'DLJMZC', 'XT', 'FWRV', 'SK', 'FAL', 'VCFLXV', 'ODIF', 'WPRTBZ', 'HPXSSF']
['TXCK', 'PRYXX', 'MYSMZ', 'NDF', 'I', 'TGKUE', 'ERR', 'MWKWWN', 'SHT', 'G', 'NVLNXP', 'EHXPLS', 'CVSPP', 'UXBDM', 'P', 'EP', 'JL', 'NS']
['AB', 'UI', 'ET', 'JNJNE', 'HLT', 'YDDS', 'QNKIQE', 'OTXCZH', 'YOGJ', 'DQQ', 'WTGA', 'JUXOIJ', 'UK', 'ZW', 'QKT', 'H', 'D', 'WELF', 'TSSNJ', 'XU']
['BW', 'JCM', 'OL', 'HTA', 'AR', 'TJU', 'AY', 'KFBC', 'LW', 'SU', 'QROYGT', 'YFFNQ', 'TTV', 'SUPLJO', 'FCB', 'HHCPMB', 'LJSX', 'DRLM', 'SEWIVO', 'TQWWLG']
['GUOYX', 'TCBKQ', 'E', 'TXNP', 'HSHY', 'WBPB', 'MYN', 'U', 'S', 'NMU', 'NTMT', 'TYQL', 'ZTK', 'ZHDBW', 'ETSAG', 'XVU', 'AEV', 'DVVKX', 'NBJL', 'ZYFXQ']
['TN', 'LWIA', 'KCQRDN', 'HMURVX', 'JCEYOL', 'FBW', 'NZDAU', 'JSMAHJ', 'XFGUIZ', 'BHKK', 'RWO', 'XEAARR', 'DFGWZZ', 'YK', 'VYGES', 'UBWSTW', 'QDMX', 'MXSFK', 'YXEJT', 'KLQR']
['ZIIN', 'EMP', 'KW', 'W', 'EU', 'QNN', 'ZULMQ', 'COYVMU', 'MLDT', 'M', 'MPYJWG', 'PQ', 'ETBLO', 'MOOKF', 'ZVWR', 'KMU', 'SGY', 'L', 'AZN']
['GI', 'CRAQYE', 'NAIN', 'XLVUF', 'GDGZN', 'JP', 'BBB', 'QREJV', 'Y', 'LZLFY', 'OYJLB', 'N', 'BAVHR', 'WK', 'JBJS', 'VHUHI', 'WFWU', 'IWP', 'RKCPEP']
['ZVKC', 'ZAP', 'IMB', 'RZU', 'Z', 'TB', 'OQV', 'THMU', 'ZJUCNC', 'FP', 'OC', 'O', 'XINMR', 'LHILT', 'EDAKUV', 'NO', 'CHR', 'FAF', 'AZGCQ', 'CAED']
['NGUN', 'WZ', 'T']
['POL', 'RUC', 'VL', 'FJTW', 'LY', 'BSAEQ', 'PIGBG', 'AW', 'YO', 'IU', 'SRJZQ', 'BJ', 'QBB', 'HDJL', 'OHZYQ', 'UBYG', 'TZTCA', 'EYEWXP', 'DEXTSN', 'NDLUNW']
['OFIPP', 'PHS', 'DCBWSF', 'GFNZL', 'BFZ', 'EVTLXI', 'KFYTH', 'B', 'LZQ', 'AFH', 'MRT', 'A', 'MICOE', 'DJC', 'NP', 'VYBQIM', 'IE', 'QYC', 'CNYXMO', 'FLLJ']
['BPZAJ', 'CMB', 'PJG', 'KPXJFJ', 'JJ', 'TRXUD', 'AJDT', 'MMUK', 'XLWRB', 'YII', 'GBSI', 'QREJG', 'YQ', 'RM', 'UJ', 'KJHR', 'SBM', 'HDJIQ', 'MK', 'JMYQEA']
['LQ', 'UIUBC', 'TOR', 'FPPMUW', 'CFG', 'UU', 'CN', 'LTHESD', 'BQIFGG', 'WCZSB', 'NDZ', 'XS', 'ZTR', 'FXAQ', 'BGB', 'DJS', 'USZM', 'ZQAULZ', 'EM']
['FVMBV', 'JN', 'RQRWJT', 'TAN', 'IGSXN', 'FGPZAA', 'PBRPX', 'ARYSPZ', 'ZDYFZU', 'NJAA', 'HH', 'OIA', 'EWAZF', 'OVM', 'KBV', 'PE', 'OYDEJ', 'RWHILI', 'V']
['CCIYM', 'BHT']
['AH', 'YEBV', 'UEKXJH', 'QE', 'IYCHS', 'EYVVY', 'BX', 'HOQPX', 'WVHKC', 'HGT', 'GCSAZH', 'WWF', 'UVUBDR', 'FSZNT', 'TGDTND', 'NDMQJ', 'LNMCTV', 'UXXBYF', 'VWK']
['KRXDGO', 'VOLULU']
['MISGHL']
