['JabariParker', 'ThonMaker']
['DejounteMurray', 'PauGasol']
['JohnHenson', 'KhrisMiddleton']
['DarrenCollison', 'AlJefferson']
['EdDavis', 'CJMcCollum']
['WesleyJohnson', 'AustinRivers']
['TajGibson', 'JeffTeague']
['PaulMillsap', 'EmmanuelMudiay']
['NikolaMirotic', 'ETwaunMoore']
['StevenAdams', 'RaymondFelton']
['CJMiles', 'DeMarDeRozan']
['MauriceHarkless', 'AlFarouqAminu']
['DomantasSabonis', 'VictorOladipo']
['JonasJerebko', 'RoyceONeale']
['JamesHarden', 'PJTucker']
['RobertCovington', 'BenSimmons']
['JameerNelson', 'DeMarcusCousins']
['DwightHoward', 'NicolasBatum']
['PatConnaughton', 'ZachCollins']
['MichaelKiddGilchrist', 'MarvinWilliams']
['OGAnunoby', 'KyleLowry']
['NeneHilario', 'ClintCapela']
['MichaelCarterWilliams', 'JeremyLamb']
['DennisSchroder', 'MarcoBelinelli']
['KentBazemore', 'JohnCollins']
['TorreyCraig', 'NikolaJokic']
['JaylenBrown', 'TerryRozier']
['AllenCrabbe', 'CarisLeVert']
['CoreyBrewer', 'KyleKuzma']
['WayneEllington', 'HassanWhiteside']
['JaredDudley', 'MarqueseChriss']
['RichaunHolmes', 'JerrydBayless']
['BrookLopez', 'JuliusRandle']
['YogiFerrell', 'HarrisonBarnes']
['GeraldGreen', 'EricGordon']
['LauriMarkkanen', 'DavidNwaba']
['ZazaPachulia', 'StephenCurry']
['ShaunLivingston', 'PatrickMcCaw']
['IanClark', 'DanteCunningham']
['FrankNtilikina', 'EnesKanter']
['TJMcConnell', 'JJRedick']
['ManuGinobili', 'PattyMills']
['KlayThompson', 'DavidWest']
['MasonPlumlee', 'JamalMurray']
['DariusMiller', 'AnthonyDavis']
['JerianGrant', 'CristianoFelicio']
['KyrieIrving', 'SemiOjeleye']
['DevinHarris', 'DennisSmith']
['RodneyHood', 'AlecBurks']
['DeAndreJordan', 'MontrezlHarrell']
['TylerJohnson', 'KellyOlynyk']
['AndrewHarrison', 'JamesEnnis']
['OttoPorter', 'KellyOubre']
['RobinLopez', 'DenzelValentine']
['DirkNowitzki', 'WesleyMatthews']
['BlakeGriffin', 'MilosTeodosic']
['DonovanMitchell', 'EkpeUdoh']
['TreveonGraham', 'FrankKaminsky']
['BenMcLemore', 'DillonBrooks']
['KyleKorver', 'JeffGreen']
['ShabazzMuhammad', 'NemanjaBjelica']
['TylerUlis', 'TJWarren']
['JarellMartin', 'MarioChalmers']
['PaulZipser', 'JustinHoliday']
['DamianLillard', 'JusufNurkic']
['JamalCrawford', 'AndrewWiggins']
['MarcusSmart', 'AronBaynes']
['CediOsman', 'DwyaneWade']
['MikeScott', 'JohnWall']
['DeyontaDavis', 'JaMychalGreen']
['JoshHuestis', 'PatrickPatterson']
['JJBarea', 'DwightPowell']
['ShelvinMack', 'AaronGordon']
['DionWaiters', 'JoshRichardson']
['JoseCalderon', 'KevinLove']
['JrueHoliday', 'RajonRondo']
['KarlAnthonyTowns', 'MalikMonk']
['LonzoBall', 'JordanClarkson']
['AlexAbrines', 'AndreRoberson']
['BrynForbes', 'LaMarcusAldridge']
['KostaKoufos', 'WillieCauleyStein']
['JoshJackson', 'DevinBooker']
['KembaWalker', 'EvanTurner']
['TylerZeller', 'DAngeloRussell']
['BradleyBeal', 'TomasSatoransky']
['MalcolmDelaney', 'MikeMuscala']
['SindariusThornwell', 'TobiasHarris']
['DeMarreCarroll', 'JoeHarris']
['TyusJones', 'GorguiDieng']
['AlHorford', 'JaysonTatum']
['TonySnell', 'GiannisAntetokounmpo']
['DraganBender', 'AlexLen']
['TysonChandler', 'SergeIbaka']
['RyanAnderson', 'LucMbahaMoute']
['LanceThomas', 'MichaelBeasley']
['MarcinGortat', 'MarkieffMorris']
['MarcusMorris', 'DanielTheis']
['JoshHart', 'LarryNance']
['KyleOQuinn', 'JarrettJack']
['ElfridPayton', 'WesleyIwundu']
['NikolaVucevic', 'JonathonSimmons']
['JRSmith', 'LeBronJames']
['MaxiKleber', 'SalahMejri']
['ZachRandolph', 'BuddyHield']
['JeramiGrant', 'CarmeloAnthony']
['DewayneDedmon', 'TaureanWallerPrince']
['MalcolmBrogdon', 'EricBledsoe']
['BojanBogdanovic', 'LanceStephenson']
['MylesTurner', 'ThaddeusYoung']
['GeorgeHill', 'GarrettTemple']
['NickYoung', 'KevinDurant']
['JarrettAllen', 'QuincyAcy']
['RudyGay', 'DannyGreen']
['BismackBiyombo', 'MarioHezonja']
['LouWilliams', 'SamDekker']
['JasonTerry', 'SterlingBrown']
['TroyDaniels', 'PascalSiakam']
['SkalLabissiere', 'JustinJackson']
['KyleAnderson', 'DavisBertans']
['DerrickFavors', 'RickyRubio']
['EvanFournier', 'DJAugustin']
['RussellWestbrook', 'PaulGeorge']
['RudyGobert', 'JamesJohnson']
['TrevorAriza', 'ChrisPaul']
['BogdanBogdanovic', 'AnthonyTolliver']
['DelonWright', 'JonasValanciunas']
['JoeIngles', 'IshSmith']
['JimmyButler', 'AndreDrummond']
['JaeCrowder', 'TristanThompson']
['JustiseWinslow', 'BamAdebayo']
['KristapsPorzingis', 'TimHardaway']
['FredVanVleet', 'JakobPoeltl']
['GoranDragic', 'ReggieBullock']
['BobbyPortis', 'KrisDunn']
['JoelEmbiid', 'DarioSaric']
['TimotheLuwawuCabarrot', 'AmirJohnson']
['JoeYoung', 'CoryJoseph']
['AndreIguodala', 'DraymondGreen']
['BrandonIngram', 'AveryBradley']
['ShabazzNapier', 'LukeKennard']
['TreyLyles', 'WillBarton']
['ErsanIlyasova', 'IsaiahTaylor']
['RondaeHollisJefferson', 'SpencerDinwiddie']
['TyrekeEvans', 'ReggieJackson']
['JodieMeeks', 'IanMahinmi']
['CourtneyLee', 'DougMcDermott']
['WilsonChandler', 'GaryHarris']
['MarcGasol', 'StanleyJohnson']
['KentaviousCaldwellPope', 'LangstonGalloway']
['DeAaronFox']
