['CQ', 'HB', 'NG', 'PK', 'MO', 'RE', 'NC', 'JF', 'QT', 'BL']
['BS', 'OJ', 'MD', 'IM', 'RF', 'SI', 'GK', 'QE', 'PS', 'LE']
['QA', 'GF', 'PE', 'MT', 'EL', 'DE', 'JY', 'BQ', 'NB', 'KJ']
['OU', 'QW', 'DP', 'NJ', 'BY', 'JT', 'EH', 'HF', 'KW', 'NU']
['LO', 'CV', 'PR', 'HA', 'QR', 'P', 'CR', 'QB', 'SC', 'RI']
['SV', 'CE', 'IL', 'IO', 'CL', 'PP', 'QI', 'JH', 'CA', 'EM']
['LW', 'OY', 'GB', 'GQ', 'FE', 'FZ', 'CT', 'FM', 'RQ']
['BX', 'QP', 'TB', 'QS', 'JV', 'DA', 'HZ', 'DH', 'CB', 'IV']
['IH', 'FX', 'EY', 'NT', 'FI', 'GN', 'KD', 'IS', 'CY', 'LV']
['MU', 'OG', 'LR', 'II', 'BR', 'OR', 'SF', 'RV', 'HX', 'MG']
['IF', 'BB', 'BV', 'ML', 'SM', 'MX', 'JA', 'GY', 'ES', 'ED']
['KY', 'IT', 'BW', 'GT', 'FV', 'KR', 'RP', 'DO', 'CU', 'U']
['O', 'FT', 'RK', 'GR', 'QX', 'ID', 'OE', 'KU', 'KP', 'LI']
['K', 'PZ', 'BT', 'I', 'NA', 'GS', 'LD', 'B', 'QJ', 'JJ']
['LZ', 'DI', 'KN', 'QK', 'MI', 'EG', 'KQ', 'MW', 'LK', 'LA']
['BJ', 'KE', 'TC', 'JK', 'LU', 'EK', 'JG', 'IA', 'IY', 'BN']
['QQ', 'HG', 'PU', 'FP', 'OT', 'MH', 'RJ', 'IW', 'BI', 'JM']
['LQ', 'GG', 'EU', 'Y', 'L', 'GC', 'EW', 'IK', 'OX', 'IU']
['LS', 'FG', 'DF', 'G', 'LG', 'CS', 'BF', 'HM', 'KT', 'FK']
['HD', 'D', 'EV', 'HW', 'FA', 'EC', 'RH', 'SG', 'PF', 'BO']
['Z', 'GE', 'FY', 'EQ', 'CZ', 'BD', 'DL', 'KH', 'CP', 'PD']
['CJ', 'LN', 'IQ', 'DX', 'KZ', 'J', 'BE', 'MZ', 'OB', 'GJ']
['BK', 'KL', 'EO', 'LH', 'SP', 'JP', 'FF', 'QG', 'DC', 'HU']
['OC', 'MJ', 'EP', 'QZ', 'RN', 'KG', 'CK', 'NL', 'GV']
['BG', 'KO', 'V', 'SW', 'ST', 'CG', 'KB', 'QY', 'MR', 'LT']
['RU', 'HE', 'SN', 'EA', 'MA', 'OO', 'KS', 'NH', 'OV']
['FW', 'NO', 'KX', 'IN', 'EN', 'A', 'NV', 'TF', 'NY', 'HV']
['HR', 'OH', 'NE', 'SS', 'IB', 'SX', 'RD', 'NK', 'OK']
['PW', 'QL', 'DV', 'PH', 'FH', 'NM', 'PC', 'LC', 'JR', 'DJ']
['HH', 'JN', 'NX', 'JU', 'FU', 'RM', 'EZ', 'GW', 'CC', 'JW']
['SQ', 'S', 'PX', 'CH', 'N', 'EX', 'KV']
['JO', 'FQ', 'JD', 'RL', 'DS', 'FL', 'IR', 'KC', 'KI']
['DU', 'FS', 'DY', 'CW', 'BA', 'CM', 'LF']
['JS', 'NN', 'C', 'ME', 'NP', 'NR', 'FN', 'EB']
['FJ', 'FR', 'QN', 'RT', 'JX', 'GL', 'CN', 'T', 'RZ']
['KA', 'RO', 'X', 'DN']
['CO', 'ET', 'RA', 'F', 'MM', 'GP', 'CF']
['E', 'OP', 'LM', 'OF', 'QD', 'MY']
['BM', 'LY', 'ON', 'FB', 'EJ']
['HN', 'HP', 'KF', 'BU', 'SD']
['BC', 'QV', 'DM', 'GA', 'PI', 'IG']
['PA', 'OW', 'HL', 'FD']
['KM', 'QF', 'SE', 'HI']
['GH', 'PY', 'QH', 'PB', 'NI']
['NZ', 'CI', 'JB', 'GM', 'NF']
['IZ', 'M', 'PJ', 'TE', 'HS']
['PT', 'JQ', 'DB', 'MB', 'RC']
['PN', 'SL', 'OA', 'HT', 'SJ', 'PG', 'MQ', 'RS']
['OI', 'IJ']
['MK', 'NW', 'HK', 'EI']
['TA', 'EE', 'R', 'IE']
['FO', 'SB', 'HO']
['SO', 'RG', 'MP']
['GD', 'GX', 'FC', 'BP']
['DD', 'OQ', 'SU']
['HY', 'HC', 'JI', 'ND']
['QC', 'H']
['CD', 'GI']
['BH', 'ER', 'HQ']
['OL', 'GZ', 'MS', 'RB']
['SH']
['IP', 'SK']
['MN', 'OD', 'LB', 'SR']
['LP', 'LL']
['Q']
['DK']
['SZ', 'PL']
['MC']
['JL']
['BZ', 'MV']
['DR', 'RX']
['JZ', 'DW']
['PV', 'DZ']
['DQ', 'LX']
['NQ', 'QO']
['LJ', 'KK']
['DG', 'OZ', 'PM']
['SA']
['PQ']
['PO']
['OM', 'GU']
['NS']
['OS']
['MF']
['JE', 'CX']
['RW']
['EF']
['IC']
['DT']
['HJ']
['RY']
['JC']
['QU']
['W']
['GO']
['TD']
['QM']
['IX']
['RR']
['SY']
