['Richard', 'Brenda', 'Nellie', 'Matthew', 'Cynthia', 'Ashley']
['Kristina', 'Lakesha', 'Latonya', 'Julie', 'Melanie']
['Debra', 'Christian', 'Josie', 'Renee', 'Hillary', 'Kathryn']
['Maybell', 'Jennifer', 'Gilbert', 'Tom', 'Erik']
['Paul', 'Curtis', 'Trenton', 'Frank', 'Melvin', 'Cyndy', 'Jim']
['Jonathan', 'Casandra', 'Octavia', 'Anita', 'Anthony', 'Jessie', 'Gregory']
['Bernard', 'Maryann', 'Alvin', 'Cathleen', 'Angel']
['Argentina', 'Albert', 'Nathaniel', 'Carol', 'Myra', 'Bernie', 'Gordon']
['Isabelle', 'Felipe', 'Helen', 'Delia', 'Lottie', 'Dorothy', 'Bobby']
['Randall', 'Harold', 'Byron', 'Ted', 'Doretha', 'Doris']
['Annie', 'Donald', 'Eduardo', 'Emily', 'Tommy', 'Thelma', 'Tracy']
['Lorena', 'Katrina', 'Steve', 'Evelyn', 'Pamela', 'Charlotte']
['Lidia', 'Ethel', 'Sally', 'Edward', 'Bonita', 'Matt', 'Chelsea']
['Jane', 'Steven', 'Larry', 'Lauren', 'Carlos', 'Carole', 'Harriett']
['John', 'Roger', 'Shirley', 'Kenny', 'Victor', 'Jasmine', 'Tanya']
['Carl', 'Phillip', 'Kristine', 'Jeff', 'Daphne', 'Evan']
['Kristen', 'Rueben', 'Cameron', 'Jerome']
['Toni', 'Jacqueline', 'Lena', 'Jammie', 'Austin', 'Marta', 'Kim']
['Marybeth', 'Pauline', 'Deandre', 'Lucille', 'Virginia', 'Tomas']
['Barbra', 'Joel', 'Benjamin', 'Milton']
['Ronald', 'Carmen', 'Ray', 'Michelle', 'Carroll', 'Bruce', 'Jeremy']
['Regina', 'Manuel', 'Shawn', 'Arline', 'Antonietta', 'Melissa']
['Randy', 'Colin', 'Lucia', 'Warren', 'Aileen', 'Douglas', 'Wilbur']
['Darryl', 'Louise', 'Vanessa', 'Rafael', 'Oscar', 'Patrice', 'Ladonna']
['Allen', 'Molly', 'Susan', 'Horace', 'Gale']
['Rebecca', 'Quentin', 'Guadalupe', 'Marcus']
['Mary', 'Martin', 'Keith', 'Jewell', 'Shane']
['Julius', 'Lucy', 'Cheri', 'Earl', 'Laurie', 'Sulema']
['Ruth', 'Jessica', 'Katherine', 'Harriet', 'Fredrick', 'Leigh']
['Raquel', 'Damian', 'Brian', 'Kelli', 'Danielle', 'Dottie']
['Jonathon', 'Chester', 'Jerry', 'Salvatore', 'Maxine', 'Esta']
['Stephen', 'Victoria', 'Julia', 'Claudia', 'Tommie', 'Nicholas', 'Terry']
['Joseph', 'Alonzo', 'Barry', 'Stanley', 'Hector', 'Shelly']
['Rena', 'Nancy', 'Peter', 'Darrin', 'Ernest', 'Robin', 'Juan']
['Hugo', 'Sheryl', 'Rick', 'Janice', 'Kathleen', 'Arturo', 'Craig']
['Heather', 'Tonya', 'Carina', 'Melony', 'Mavis', 'Roberta']
['Alberta', 'Anne', 'Lowell', 'Lester', 'Scotty', 'Mari', 'Brooks']
['Carlton', 'Ella', 'Lillie', 'Blanche', 'Lydia', 'Lorenzo']
['Anna', 'Adrian', 'Crystal', 'Catherine', 'Roy', 'Chris', 'Virgie']
['Zachary', 'Samantha', 'Fred', 'Stacy', 'Betty', 'Jean']
['Jason', 'George', 'Marjorie', 'Sheila', 'Justin', 'Jeanette', 'Hildegard']
['Frances', 'Vicente', 'Marla', 'Katie', 'Mona', 'Billie']
['Sharon', 'William', 'Russel', 'Olive', 'Josephine', 'Kyle', 'Donna']
['Dwayne', 'Clyde', 'Sam', 'Erica', 'Dewayne', 'Lacey', 'Shante']
['Heidi', 'Newton', 'Esther', 'Mireya', 'Dolores', 'Jeffrey']
['Miriam', 'Joan', 'Harry', 'Ivan', 'Mario', 'Barbara', 'Jodi']
['Dennis', 'Elvera', 'Mae', 'Minnie', 'Clara', 'Roberto']
['Vicky', 'Monica', 'Merle', 'Sarah', 'Philip', 'Wanda', 'Wade']
['Colleen', 'Bernadette', 'Rod', 'Aron', 'Rachel', 'Jami']
['Adam', 'Peggy', 'Pearl', 'Johnny', 'Elizabeth', 'Rory']
['Antonio', 'Lizzie', 'Arthur', 'Eric', 'Antoinette', 'Dan']
['Reggie', 'Sheldon', 'Michael', 'Carla', 'Alan', 'Bernice']
['Cindy', 'Andrea', 'Raymond', 'Ericka', 'Esperanza', 'Judith', 'Cesar']
['Theresa', 'Leola', 'Karen', 'Janet', 'Wilfredo']
['Mamie', 'Kimberly', 'Weldon', 'Porfirio', 'James', 'Marge', 'Joe']
['Tiara', 'Fay', 'Martha', 'Irene', 'Frida', 'Vance']
['Abdul', 'Dawn', 'Todd', 'Desiree', 'Christopher', 'Samuel', 'Cleo']
['Ada', 'Kelvin', 'Thomas', 'Lori', 'Robert', 'Dena']
['Gladys', 'Sandra', 'Lexie', 'David', 'Noma', 'Erma', 'Cedric']
['Carolyn', 'Mitchell', 'Margaret', 'Gerard', 'Lisa', 'Ralph']
['Christiana', 'Teresa', 'Clifford', 'Cara', 'Beatriz', 'Kelly', 'Kathryne']
['Devon', 'Gerald', 'Beatrice', 'Brett', 'Hilton', 'Henry', 'Johnnie']
['Brittany', 'Derrick', 'Marion', 'Marie', 'Shaun', 'Daniel', 'Alice']
['Megan', 'Amanda', 'Phyllis', 'Gary', 'Patsy', 'Linda']
['Christine', 'Mark', 'Diane', 'Pat', 'Sara']
['Emerson', 'Laura', 'Debbie', 'Andre', 'Hazel', 'Matilda']
['Jewel', 'Lela', 'Fletcher', 'Carrie']
['Maria', 'Alex']
['Rocio', 'Timothy', 'Tim']
['Vickie']
['Walter']
['Shawna']
['Kenneth']
['Bessie']
['Beverly']
['Tabatha']
['Kay']
['Mei']
['Patricia']
['Jayne']
['Edwin']
['Mildred']
['Norma']
['Brandon']
['Joyce']
['Loretta']
['Emilee']
['Houston']
['Leo']
['Paula']
['Gene']
['Lawrence']
['Ricardo']
['Maureen']
['Joy']
['Joshua']
['Isaac']
['Grace']
['Luis']
['Gail']
['Johnathan']
['Vera']
['Krista']
['Iris']
['Gloria']
['Cheryl']
['Eunice']
['Geraldine']
['Patrick']
['Tammy']
['Jeffery']
['Eva']
['Deborah']
['Stephanie']
['Corinne']
['Louis']
['Kurt']
['Lorene']
['Claire']
['Ruthie']
['Rhonda']
['Charles']
['Justine']
['Levi']
