['77', '158', '312', '310', '195', '353', '223', '32', '53', '163', '198', '210', '171', '281', '118', '177']
['366', '120', '125', '338', '215', '266', '123', '155', '101', '270', '167', '282', '85', '321', '82', '95']
['264', '124', '27', '176', '74', '162', '354', '232', '37', '113', '341', '164', '83', '216', '121', '116']
['314', '212', '8', '344', '351', '97', '126', '66', '138', '364', '257', '52', '166', '342', '369', '374']
['130', '60', '150', '149', '373', '24', '170', '13', '350', '226', '119', '214', '290', '122', '57', '191']
['219', '356', '324', '339', '1', '337', '316', '347', '189', '276', '45', '333', '367', '80', '34', '315']
['252', '117', '243', '343', '165', '334', '228', '58', '114', '25', '336', '346', '64', '50', '78', '35']
['139', '15', '146', '325', '311', '207', '205', '357', '6', '16', '136', '245', '304', '322', '104', '72']
['108', '269', '65', '188', '296', '12', '237', '259', '127', '174', '229', '202', '87', '42', '152', '19']
['30', '227', '287', '199', '265', '220', '302', '221', '98', '134', '348', '233', '51', '137', '298', '73']
['254', '47', '90', '179', '175', '317', '89', '68', '148', '157', '320', '76', '242', '18', '297', '5']
['309', '365', '329', '283', '115', '110', '181', '17', '109', '247', '153', '246', '81', '144', '142', '185']
['9', '29', '267', '192', '61', '28', '186', '107', '359', '44', '230', '132', '112', '184', '361', '91']
['46', '94', '291', '208', '327', '3', '236', '43', '272', '128', '7', '56', '193', '268', '93', '355']
['349', '318', '129', '71', '2', '26', '39', '183', '178', '331', '96', '277', '92', '54', '55', '288']
['102', '307', '206', '211', '239', '286', '238', '196', '197', '323', '79', '261', '40', '303', '151', '285']
['194', '360', '200', '143', '256', '368', '275', '141', '67', '305', '251', '31', '154', '372', '274', '362']
['135', '306', '145', '300', '70', '231', '248', '313', '140', '133', '258', '161', '218', '255', '22', '204']
['345', '370', '235', '250', '49', '106', '371', '69', '292', '263', '241', '11', '340', '328', '20', '33']
['358', '289', '284', '62', '147', '213', '225', '160', '293', '182', '332', '156', '299', '295', '273', '319']
['169', '10', '201', '271', '278', '190', '111', '187', '172', '375', '105', '253', '209', '84']
['203', '249', '4', '294', '14', '363', '352']
['41', '21', '86', '63', '38', '23']
['75', '330', '99', '224', '335', '280', '301']
['260', '279', '217', '234', '168', '131', '100', '222']
['173', '159', '36', '244', '308']
['103', '180']
['326']
['48', '88']
['262']
['240']
['59']
