['233', '158', '27', '135', '52', '195', '97', '155', '150', '77', '171', '118', '123', '37', '220', '113', '24', '189', '170', '83', '13', '214', '116', '175', '122', '75', '245', '134', '58', '174', '101', '94', '246', '89', '231', '68', '50', '78', '9', '26', '200', '238', '21', '201', '144', '183', '72', '242', '190', '73', '163', '192', '59', '63', '43', '193', '67', '139', '184', '133', '108', '235', '151', '4', '3', '160', '241', '196', '30', '225', '70', '172', '20', '33', '48', '156', '203', '199', '100', '40', '168', '88', '49', '47', '180', '84', '124', '8', '125', '176', '215', '227', '15', '53', '167', '210', '1', '29', '95', '243', '166', '229', '232', '205', '164', '165', '202', '181', '226', '221', '6', '109', '145', '12', '34', '237', '129', '25', '64', '51', '81', '42', '152', '35', '208', '28', '219', '157', '39', '32', '76', '142', '185', '236', '44', '197', '80', '96', '128', '92', '79', '234', '7', '248', '188', '99', '140', '69', '31', '186', '154', '111', '119', '62', '218', '161', '22', '204', '55', '159', '224', '112', '147', '131', '182', '173', '105', '211', '110', '45', '153', '71', '143', '209', '250', '41', '23', '87']
['169', '60', '90', '121', '247', '228', '104', '54', '93', '106', '212', '206', '213', '11', '46', '14', '137', '98', '120', '146', '117', '177', '85', '82', '115', '5', '127', '114', '61', '191', '107', '18', '178', '217', '56', '249', '91', '207', '36', '194', '65']
['16', '149', '57', '179', '222', '74', '66', '136']
['141', '187']
['38']
['17']
['244']
['130']
['148']
['216']
['102']
['2']
['86']
['126']
['132']
['240']
['138']
['162']
['198']
['239']
['230']
['103']
['19']
['223']
['10']
