['22394B', '7B325B', '33ABEE', '82B105', '3FAE1E', '45CE10', 'FCB503', '9B09E5', '6C1A62', 'E9F19A', '7647CD', '92C42A', '82BD08', '316244', '62BC31', '83ACF7', 'D65E29', '1D9893', 'B49939', '29267F']
['C2A74D', 'F1DB81', 'D8849E', 'E0044F', '3E7F60', '81E0FA', '5C016B', 'F4C13E', '95F017', '38515C', '3CB50A', 'E277CB', 'B32674', 'BA7ED0', '5ABFA9', '0231A4', '9330C0', '51197D', 'CC4384', '8FF839']
['73271F', '2E4B9D', '052CC7', '2BEC39', 'A4FCD1', '0C3AFF', '4DBE20', '3963FC', '41AFC9', '60B803', '05F2DC', 'F13455', '18AEFC', '882258', '273165', '1D4417', 'C07CCC', '7D4045', '75C017', '09FFA6']
['3D046E', '81A0D3', 'C5416A', '20C0D0', 'E81232', '89A551', '77042F', '503A55', 'A89402', '97D861', 'D83AF7', '747199', '923B8C', '88E0AE', '5C5B8D', '5D4F2F', '0D6A28', '58ED2B', 'E2701A', '1A770B']
['26DA83', '929578', '99392B', '94C20E', 'E7EFA5', 'D8A834', '98B1CA', 'F37211', 'BB986B', 'A34095', '9D6554', '6246E1', 'FFD642', 'E3583F', '5BC875', '1330B3', 'DF44F5', 'F8B91A', '398310', '8963E1']
['71AC6D', '43FE78', 'B2C529', 'DDB7C8', '2EDC82', '30C157', 'BCD2F5', '6C5208', '0CFFC9', '6BF4D3', 'DBF47C', '99E133', '1F6554', '5A3E90', 'EB3718', 'E1B665', 'BE5B1D', '2215AE', '099A40', '00CD58']
['A0DDCD', 'F61AD7', 'FF3177', '89372A', 'E4F6EF', '5332A9', 'E479C8', 'FB3B86', '2DE42A', '26B294', '696B37', 'C748A2', '10BBE1', '8ECA84', '05473A', '78E144', 'F9011B', '77B9A5', '3228BB', 'D6DD9E']
['C34593', '5C4F81', '36FCBF', '369765', 'AB96B9', '25B295', 'CD374A', '3EF396', '5F88E7', '7B306C', '47063A', '1DD8D0', 'E15D93', '552199', '5E2607', '823C51', 'FE7E47', 'E46F9E', '6AFCAC', 'FD33F7']
['69FD70', 'E8A38A', 'FAB638', 'D0E36A', '94AED5', 'FC75E7', '26C6B9', 'D2F8E5', 'CED5FC', '1E571E', '3E6399', '4A32EA', '81DA52', 'DFE9C6', '8EC8D8', '940AC5', '71AE93', 'EEF23E', 'A4EAD9', 'FCD63D']
['FBF275', '29D22B', 'B166D1', 'E191B0', 'A03FB7', '5B4152', '5D5C76', '8806E7', '4430C2', '8AC55C', '5A681E', '539972', 'F9EB1F', '4C0FCD', '9C4F00', '4C1D36', '0AFD91', 'C19610', '4FCF52', 'C9EF6D']
['BC38A8', '9DF876', '49EEB4', '4BC7D0', '9D8AD8', '01E026', 'AF83FA', '8254EB', 'A5F27A', 'E492E0', '2F584A', '292CB3', '420711', '177A03', 'C0A19A', '72D023', 'D50881', '565E46', '77EB41', 'FD1DAC']
['15AA36', '43F505', '38EA17', '206150', '035E05', 'C8F1A7', '24A4D1', '2C02B7', '4BBAFA', 'D31361', 'F33ACF', '5C91EE', 'DE6241', 'D6F426', '00C269', 'BE3703', 'F32B0B', '865328', '8DF985', '400D20']
['46371B', 'B85F11', 'B6FA16', '608F21', '74ADA7', '5BEDDF', '19EFAF', '628552', '3F75A9', 'FECCAB', '463E2C', 'B56D74', 'B2CB4D', '160ED4', '7F8E1D', '49EB71', 'B2A692', '992AEE', 'B8B01F', 'BA6187']
['93D432', '2D56C1', '2B8F4B', 'EB9D60', '0264AF', '026256', '2D4D61', '7334F9', 'C96CD6', '9BAC71', '2F46CD', 'D79D49', 'C4882F', '893D61', '73F93C', '6E3DED', '98497D', '8BEC15', '66B93A', '2819EE']
['B4257C', '605983', '26DB4C', 'C60FE7', '3B6837', '83752D', 'B6ACFC', 'D98FB6', '861E09', '1656DC', '848C87', '09944C', 'FBB00D', '364B78', '833C34', '3D4600', '57FCD8', '468F31', '1B06C5', '1986A0']
['4BD8B1', '6DCBC8', 'EB7E6A', 'D883C0', '189812', 'F2B7FD', '4AE7C7', '244528', '0FC6EE', '5ADC6D', '7AADBC', '1866E0', '7C730C', '54C37C', '1600AD', 'DBDDB5', '5C0D69', '326662', '7848BA', '9C5DCF']
['DCB902', '6833E8', 'F545E1', '1FBE40', 'BB9072', '511040', '1D39ED', 'D9180C', 'F85131', '113E1F', '5E4F6B', 'B78EF9', 'E8C5B8', '0AC7A0', '75002A', 'B00B7F', 'C1CAB9', '4D74EB', '4AC817', 'F3EDD7']
['1CAAAC', '0E6FA7', '943005', '255208', '0B99EF', '9FCB42', 'CA893B', 'A4F4BB', '935873', '8D43AD', 'D2BDB6', 'CC9A13', '76131B', '56B4C2', '66F8EA', '846154', '42EE34', '90E78E', '0C4437', '1C3933']
['D049CD', '04279E', '6EEE66', 'CBE0EA', '40C7FF', '0A3E48', '52FB79', '9C4CA5', '068D28', '2B8E0B', '3D830C', '2B3DD7', '7FE1F2', '739ABF', 'B2C27D', '78DB65', '18D668', 'A911EF', 'D363AB', 'CD5322']
['29BFBC', '7FADE3', '7C8A3D', '718436', 'DDA295', 'EFBA0C', '380FF7', '4EBF50', '88FFF8', '593840', '5AF312', 'AC34B5', 'EF37A6', '9C0B9D', 'B38307', 'D2EB79', 'C3678B', '1743CD', '8F75EC', 'D8492F']
['917501', '770A4C', '80F9BC', '6D4C8F', '2961DB', '9CE56C', '920715', 'B0C2D3', '4E8355', 'EE9200', '1D0C35', '2E6B38', '029563', '35DA72', 'EC35B5', '82F466', '414B77', '87EE7F', '09CFE9', '5248A9']
['3A0D10', 'E33128', '1D528C', '52BFE5', 'B0F05D', 'ABE83F', '6D4DDC', 'C54164', 'E77DD8', '7CC3A7', '34E9FE', 'A1D29E', '1E0B30', 'AAAF0B', 'DB6CBF', '1D216B', '31B17E', '85CFC7', '66547C', 'CE0D10']
['037831', '66C38E', '415552', '118FE2', '0E78AA', '8E8C76', '2D2248', 'EDB261', 'CC08F5', '6E7E64', '30EA83', '03B42D', '39CAB7', '593AF4', '81A856', '478A7C', 'E1A380', '1F4650', 'B13536', '28CCA5']
['34ACF3', 'D0E5BE', 'AD6105', '6C3CD5', 'F7F9CB', '55B952', '8883AC', 'F4EDF8', '672145', 'F1B367', 'B4BD91', 'EC2626', 'CC66B0', 'CB5EDA', '31B801', 'E4C3BA', 'DF5F9C', 'F28C7F', '0FE5DD', 'D78532']
['0525B9', 'C0EA59', 'C69699', 'D78522', '9ABAFB', '5A5DE8', 'EB90EE', 'E93252', '5451FF', 'D324E7', 'F448AE', '1350AD', '31C6A3', '601CA7', '3235BA', '219F75', '187923', 'EED7BB', '9923B4', '14A3E7']
