['53', '120', '185', '18', '8', '236', '44', '74', '178', '107', '97', '146', '80', '193', '67', '200', '248', '118', '85', '1', '184', '82', '95', '186']
['245', '81', '27', '125', '238', '223', '215', '227', '15', '92', '222', '187', '7', '234', '171', '54', '55', '138', '149', '31', '166', '111', '91', '177', '221']
['192', '124', '142', '9', '155', '141', '79', '163', '56', '167', '190', '99', '249', '133', '168', '87', '12', '197', '165', '231', '241', '204', '224', '122', '153']
['188', '212', '195', '96', '128', '210', '225', '39', '151', '154', '232', '113', '206', '214', '30', '172', '131', '237', '182', '129', '207', '174', '173', '246', '36']
['35', '62', '135', '158', '230', '116', '77', '11', '117', '93', '127', '52', '220', '136', '202', '181', '3', '159', '16', '170', '70', '203', '156', '63']
['199', '60', '213', '191', '150', '69', '243', '57', '43', '164', '83', '13', '161', '196', '109', '217', '90', '216', '25', '101', '64', '211', '51', '50', '47']
['139', '233', '5', '208', '66', '32', '219', '123', '205', '121', '6', '239', '58', '105', '110', '14', '68', '152', '76', '88', '144', '23', '49', '84']
['140', '102', '162', '73', '179', '45', '247', '126', '29', '98', '71', '78', '201', '180', '21', '72']
['94', '59', '112', '37', '218', '34', '42', '137', '2', '143', '235', '103', '198', '242']
['20', '244', '106', '228', '24', '226', '33', '130', '114', '61', '28', '148', '26', '40', '0', '108', '19', '41', '183']
['22', '89', '48', '229', '157', '209', '194']
['104', '189', '175', '145', '240', '75', '38']
['17', '132', '160']
['10', '176', '4']
['147', '134', '46', '169']
['115']
['100']
['65']
['119']
['86']
