['14', '269', '27', '60', '195', '97', '155', '163', '302', '171', '138', '149', '105', '37', '113', '170', '83', '13', '121', '214']
['77', '158', '270', '220', '24', '189', '175', '16', '122', '239', '245', '237', '228', '300', '174', '101', '94', '104', '246', '89']
['39', '186', '52', '150', '281', '247', '267', '223', '231', '75', '137', '19', '9', '286', '238', '49', '266', '53', '203']
['91', '81', '304', '50', '200', '21', '144', '183', '242', '17', '272', '230', '59', '80', '234', '254', '106', '103', '278', '102']
['131', '227', '118', '58', '218', '78', '161', '72', '190', '297', '157', '67', '54', '306', '93', '212', '288', '151', '187']
['84', '90', '188', '57', '241', '277', '26', '43', '133', '206', '86', '248', '291', '264', '196', '11', '225']
['283', '154', '68', '201', '73', '141', '139', '284', '263', '30', '213', '70', '20', '293', '33', '156', '240', '46', '199', '273']
['147', '108', '4', '285', '126', '98', '256', '100', '289', '40', '88', '260', '280', '222', '276', '180', '10', '124', '120']
['301', '135', '176', '74', '299', '184', '287', '66', '167', '117', '177', '85', '29', '82', '166', '292', '115', '205']
['243', '125', '215', '307', '146', '1', '233', '191', '51', '164', '165', '226', '6', '217', '34', '255', '127', '64']
['62', '182', '210', '282', '143', '257', '95', '36', '109', '253', '148', '229', '207', '202', '216', '42', '114', '61', '28', '92']
['251', '15', '123', '221', '192', '209', '290', '145', '261', '87', '116', '172', '107', '0', '244', '185', '5', '208', '275', '56']
['47', '162', '236', '265', '232', '197', '181', '12', '152', '298', '32', '96', '128', '7', '132', '305', '303', '250', '252', '111']
['142', '259', '153', '18', '44', '140', '31', '249', '119', '3', '204', '112', '48', '130', '173', '295', '294', '169', '38', '198']
['194', '268', '99', '69', '262', '22', '159', '110', '71', '41']
['178', '76', '79', '224', '45', '2', '271', '279', '168', '65']
['25', '193', '55', '296', '136', '219']
['235']
['63']
['274']
['179']
['258']
['211']
['160']
['23']
['134']
['35']
['129']
['8']
