['457', '266', '480', '494', '17', '58', '366', '497', '66', '325']
['385', '333', '378', '4', '425', '155', '439', '234', '64', '252']
['129', '109', '159', '122', '120', '178', '335', '102', '240', '115']
['410', '393', '16', '190', '210', '46', '313', '299', '251', '377']
['148', '475', '448', '237', '478', '130', '53', '449', '67', '246']
['169', '78', '35', '135', '34', '380', '241', '323', '300', '288']
['152', '142', '278', '444', '405', '31', '101', '254', '370', '163']
['108', '311', '441', '1', '236', '253', '384', '20', '105', '392']
['165', '331', '431', '61', '174', '136', '411', '258', '345', '170']
['409', '305', '273', '91', '243', '460', '353', '327', '294', '262']
['87', '437', '420', '145', '351', '272', '40', '496', '357', '452']
['307', '45', '303', '396', '403', '74', '304', '232', '416', '324']
['500', '30', '162', '270', '151', '73', '372', '191', '471', '265']
['196', '490', '453', '419', '166', '63', '493', '414', '387', '451']
['176', '82', '268', '9', '432', '56', '156', '347', '259', '65']
['6', '140', '367', '125', '319', '131', '427', '221', '322']
['248', '488', '466', '423', '293', '413', '267', '146', '489', '302']
['59', '295', '329', '443', '344', '286', '426', '62']
['368', '139', '418', '499', '182', '70', '127', '340']
['284', '412', '482', '188', '2', '338', '97', '168', '223', '103']
['111', '461', '479', '69', '179', '89', '84']
['371', '27', '5', '227', '213', '422', '3', '107']
['281', '93', '358', '317', '433', '310', '48', '149']
['421', '394', '71', '328', '203', '193', '442', '110']
['177', '468', '450', '343', '36', '195', '7', '287', '80', '164']
['263', '90', '224', '316', '219', '52', '88', '187', '43']
['222', '50', '201', '230', '276', '401', '245', '395']
['244', '99', '28', '173', '226', '464', '456']
['10', '133', '483', '342', '361', '255', '8']
['484', '85', '436', '137', '205', '161', '261']
['150', '12', '218', '86', '92', '37', '180', '22']
['57', '430', '212', '458', '279', '349', '238', '233', '277']
['54', '360', '114', '256', '354', '406', '104', '132']
['229', '181', '364', '239', '404', '209', '25']
['208', '269', '68', '447', '75', '15', '492', '346']
['106', '282', '242', '334', '26', '14', '301']
['298', '337', '112', '285', '96', '292', '379', '189', '350']
['51', '98', '153', '95', '154', '373', '362']
['214', '359', '138', '147', '200', '77', '134']
['21', '257', '141', '498', '465', '309', '477']
['429', '81', '204', '291', '167', '228', '126']
['289', '375', '215', '202', '481', '445', '424']
['41', '44', '336', '83', '339', '462', '400']
['415', '123', '249', '381', '388', '473', '171']
['94', '390', '469', '271', '217', '487', '184', '49']
['144', '186', '113', '231', '128', '341', '491']
['382', '247', '348', '183', '470', '206', '55']
['260', '321', '391', '486', '320', '397', '459']
['306', '39', '198', '407', '119', '383', '47']
['117', '175', '185', '356', '369', '467', '476']
['290', '235', '280', '72', '172', '330', '100']
['389', '408', '13', '463', '220', '474', '143']
['485', '211', '434', '11', '455', '38']
['157', '296', '250', '32', '365', '363']
['440', '398', '42', '225', '23', '495']
['274', '376', '297', '374', '194', '355']
['33', '386', '326', '264', '315', '18', '399']
['124', '435', '312', '472', '60', '29', '76', '314']
['308', '352', '24', '79', '197', '428', '118']
['446', '275', '207', '158', '417', '438']
['121', '283', '454', '318', '199', '332']
['160', '192', '402', '116', '216', '19']
