['Haley', 'Bertie', 'Kaitlin', 'Austina', 'Gae', 'Jessamyn', 'Idelle', 'Nicki', 'Desiri', 'Casi', 'Erica', 'Maddalena', 'Andie', 'Madelena', 'Addi']
['Gavra', 'Dee', 'Drusy', 'Fawnia', 'Mirna', 'Shoshana', 'Daphene', 'Alexandrina', 'Gerry', 'Ramonda', 'Korney', 'Marlena', 'Lisette', 'Patty', 'Netty']
['Kathryn', 'Annice', 'Stephannie', 'Agneta', 'Clarissa', 'Latisha', 'Beatrice', 'Livy', 'Estele', 'Kellie', 'Hortense', 'Willi', 'Mufinella', 'Della', 'Cassondra']
['Cristen', 'Lorie', 'Lani', 'Nancie', 'Gale', 'Kellsie', 'Amalee', 'Ulrike', 'Josepha', 'Tani', 'Lorain', 'Xylina', 'Melinde', 'Maxie', 'Arlee']
['Katti', 'Selinda', 'Starlin', 'Rosene', 'Sula', 'Ranice', 'Mei', 'Dyane', 'Julie', 'Terese', 'Rivkah', 'Rosamond', 'Fernande', 'Noreen', 'Mariellen']
['Marcella', 'Erminia', 'Paulina', 'Colline', 'Malva', 'Laverne', 'Leda', 'Estella', 'Sada', 'Gabbie', 'Ronnica', 'Marabel', 'Anabelle', 'Kathy', 'Cherilynn']
['Claudie', 'Brook', 'Clemence', 'Zulema', 'Marisa', 'Cheslie', 'Anabel', 'Paige', 'Jolie', 'Dita', 'Janice', 'Eve', 'Britteny', 'Jesse', 'Stesha']
['Allie', 'Mechelle', 'Allene', 'Roslyn', 'Krissy', 'Orsa', 'Gianina', 'Birgitta', 'Helyn', 'Sofie', 'Bonita', 'Sadye', 'Bernice', 'Rowena', 'Gwennie']
['Silva', 'Eolanda', 'Briny', 'Morena', 'Clemmie', 'Jen', 'Chelsy', 'Yetta', 'Faythe', 'Sonni', 'Tiphanie', 'Marris', 'Diahann', 'Veradis', 'Brunhilda']
['Lotte', 'Melloney', 'Shirl', 'Kathleen', 'Debora', 'Collete', 'Anastassia', 'Lorena', 'Johanna', 'Delly', 'Rita', 'Adriane', 'Sileas', 'Tarra', 'Nicoli']
['Valli', 'Jaynell', 'Carla', 'Alia', 'Anabal', 'Euphemia', 'Opal', 'Andromache', 'Rhodia', 'Conchita', 'Oliy', 'Georgiana', 'Oralee', 'Shanie', 'Rosana']
['Mella', 'Kiele', 'Kittie', 'Peg', 'Belle', 'Sherrie', 'Vinni', 'Jacqui', 'Cathryn', 'Tanitansy', 'Sandie', 'Kala', 'Doroteya', 'Marcie', 'Britney']
['Dotti', 'Camala', 'Kaitlynn', 'Tiffany', 'Tallie', 'Jemie', 'Eran', 'Marlie', 'Jorrie', 'Teddi', 'Athena', 'Tiffy', 'Angelica', 'Cassandra', 'Carri']
['Tim', 'Karie', 'Kania', 'Fran', 'Hedwiga', 'Kara', 'Brigitte', 'Vonni', 'Natalya', 'Lynnet', 'Gaby', 'Adiana', 'Joanna', 'Vicky', 'Demetria']
['Nedda', 'Ansley', 'Stormi', 'Yovonnda', 'Doris', 'Dorine', 'Nanon', 'Joelly', 'Eulalie', 'Tamra', 'Caryn', 'Winifred', 'Dena', 'Mair', 'Carroll']
['Elvera', 'Matilde', 'Flory', 'Brittan', 'Corly', 'Lydie', 'Lesly', 'Ingunna', 'Nissie', 'Leanora', 'Tamara', 'Antonietta', 'Meggi', 'Danni', 'Thia']
['Quintana', 'Sheila', 'Emelda', 'Agatha', 'Idalina', 'Serena', 'Else', 'Vanni', 'Nelie', 'Fredericka', 'Harriet', 'Agnes', 'Reggi', 'Aviva', 'Dominica']
['Edith', 'Sile', 'Cindie', 'Millisent', 'Roxane', 'Cristionna', 'Risa', 'Lulu', 'Pammy', 'Row', 'Randie', 'Georgeanne', 'Stefa', 'Charita', 'Marijo']
['Bekki', 'Myrtle', 'Missy', 'Neile', 'Avivah', 'Anette', 'Ruperta', 'Noell', 'Lira', 'Monique', 'Yolanda', 'Babara', 'Zenia', 'Catha', 'Inga']
['Diane', 'Agnese', 'Martina', 'Corinne', 'Rhody', 'Brear', 'Alyson', 'Lyda', 'Frankie', 'Fania', 'Bridgette', 'Yoshi', 'Moyna', 'Charmine', 'Cristabel']
