['382', '158', '27', '344', '351', '97', '318', '379', '150', '171', '281', '118', '364', '354', '149', '347', '105', '123', '339', '338', '220', '113', '24', '357', '83', '57', '239', '245', '237', '58', '94', '246', '75', '50', '114']
['233', '269', '389', '155', '182', '385', '362', '189', '121', '333', '315', '300', '267', '104', '395', '68', '137', '78', '201', '327', '3', '238', '241', '72', '398', '287', '399', '305', '198', '80', '234', '306', '139', '192']
['96', '337', '387', '214', '247', '374', '130', '19', '26', '330', '21', '320', '242', '53', '375', '184', '312', '278', '263', '291', '196', '213', '225', '4', '328', '160', '386', '46']
['296', '154', '353', '396', '346', '345', '286', '200', '266', '190', '203', '141', '43', '67', '377', '288', '187', '86', '314', '11', '366', '325', '240', '14', '360', '329', '273', '100', '289', '49', '280', '47', '124', '120', '74', '215', '15']
['343', '52', '316', '73', '284', '161', '33', '12', '256', '252', '352', '276', '180', '8', '342', '66', '210', '117', '85', '1', '162', '257', '95', '166', '391', '164', '216', '226', '6', '45', '378', '90', '129']
['367', '205', '175', '232', '98', '392', '388', '282', '265', '115', '110', '5', '165', '350', '109', '34', '64', '181', '152', '28', '39', '334', '271', '76', '142', '185', '236', '44', '197', '178', '309', '102']
['23', '186', '134', '311', '373', '208', '32', '7', '79', '56', '355', '248', '313', '99', '251', '303', '371', '69', '372', '292', '363', '224', '356', '173', '153', '358']
['229', '381', '302', '259', '323', '250', '18', '268', '55', '140', '31', '111', '22', '204', '294', '307', '253', '361', '209', '308', '65']
['25', '199', '88', '146', '249', '380', '295', '143', '301', '326', '41', '127']
['169', '258']
['10']
['71']
['368']
['132']
['310']
['299']
['261']
['9']
['365']
['384']
['70']
['151']
['138']
['36']
['77']
['336']
['40']
['390']
['13']
['119']
['322']
['260']
['92']
['167']
['397']
['270']
['163']
['219']
['293']
['174']
['370']
['332']
['255']
['202']
['349']
['144']
['228']
['131']
['285']
['179']
['254']
['89']
['147']
['42']
['128']
['157']
['35']
['145']
['221']
['48']
['277']
['20']
['30']
['230']
['212']
['223']
['348']
['116']
['37']
['298']
['235']
['61']
['383']
['16']
['394']
['136']
['227']
['264']
['297']
['170']
['125']
['108']
['38']
['272']
['341']
['60']
['103']
['194']
['340']
['243']
['106']
['122']
['319']
['2']
['62']
['359']
['51']
['206']
['135']
['81']
['82']
['369']
['321']
['262']
['159']
['91']
['275']
['290']
['63']
['126']
['376']
['133']
['211']
['107']
['29']
['222']
['156']
['59']
['283']
['324']
['244']
['218']
['274']
['207']
['193']
['148']
['317']
['177']
['335']
['183']
['231']
['101']
['304']
['84']
['279']
['188']
['217']
['0']
['93']
['195']
['112']
['393']
['191']
['54']
['17']
['87']
['168']
['331']
['176']
['172']
