['63', '484', '394', '431', '494', '338', '195', '473', '496', '392', '438', '171', '281', '282', '117', '337', '138', '396']
['179', '125', '310', '353', '15', '497', '324', '270', '346', '146', '472', '177', '118', '311', '162', '329', '419']
['344', '120', '488', '176', '74', '215', '227', '448', '97', '223', '479', '406', '455', '425', '376', '205', '57', '433']
['418', '498', '8', '405', '60', '480', '163', '77', '37', '1', '243', '491', '12', '387', '339', '369', '232', '409']
['256', '441', '27', '436', '351', '379', '385', '150', '462', '46', '373', '24', '189', '259', '202', '350', '226', '6']
['443', '437', '155', '185', '340', '422', '124', '493', '364', '82', '95', '397', '404', '123', '432', '341', '492', '83']
['378', '81', '389', '135', '307', '53', '347', '265', '426', '357', '170', '216', '390', '333', '145', '239', '245', '237']
['111', '318', '210', '368', '257', '115', '110', '121', '175', '188', '499', '410', '374', '428', '127', '267', '89']
['104', '158', '101', '343', '411', '367', '304', '421', '322', '468', '42', '152', '35', '208', '186', '286', '161', '235']
['204', '269', '420', '402', '85', '105', '268', '113', '466', '34', '300', '51', '231', '230', '78']
['18', '321', '383', '198', '316', '474', '164', '165', '13', '214', '323', '370', '295', '75', '19', '460', '148']
['30', '354', '181', '134', '228', '129', '449', '424', '246', '412', '50', '218', '470', '26', '200', '336', '32', '72']
['203', '52', '220', '478', '87', '114', '403', '9', '413', '0', '55', '429', '359', '365', '408', '277', '59', '439']
['140', '312', '461', '206', '109', '199', '64', '454', '68', '495', '445', '352', '348', '309', '192', '80', '67']
['261', '255', '263', '327', '144', '320', '76', '490', '398', '266', '430', '5', '447', '96', '128', '79', '489']
['224', '166', '211', '16', '122', '463', '94', '116', '137', '39', '393', '297', '275', '92', '191', '56', '486', '143']
['325', '485', '274', '315', '93', '91', '4', '477', '201', '271', '17', '102', '331', '7', '234', '248', '306', '305']
['442', '173', '36', '391', '446', '380', '414', '25', '217', '272', '456', '43', '427', '459', '254', '377', '133', '69']
['328', '212', '167', '98', '61', '28', '21', '279', '197', '54', '99', '371', '440', '73', '375', '296', '384', '147']
['400', '290', '233', '172', '292', '190', '458', '287', '193', '139', '303', '106', '288', '31', '219', '278', '345', '241']
['334', '382', '90', '136', '183', '184', '372', '187', '119', '476', '11', '417', '487', '130', '252', '153', '2', '23']
['251', '388', '423', '157', '49', '236', '141', '249', '457', '395', '482', '196', '381', '70', '48', '194', '356', '229']
['126', '178', '132', '453', '3', '335', '294', '156', '349', '71', '180', '207', '467', '308', '29', '10', '481', '84']
['209', '313', '363', '284', '159', '225', '20', '332', '451', '47', '475', '262', '301', '41', '65']
['358', '360', '242', '22', '299', '407', '280', '244', '444']
['250', '149', '302', '285', '40', '88']
['355', '283', '112', '86', '293', '240', '330', '107', '221']
['362', '33', '66']
['319', '450', '435', '273', '361', '326', '103']
['151', '44', '465', '314', '131', '14', '222']
['38', '142', '154', '213', '469', '401']
['168']
['160', '464']
['291']
['289']
['169', '45']
['483']
['260']
['416', '276']
['452', '182', '399']
['366']
['108']
['253']
['415']
['386']
['100']
['471']
['58']
['258']
['264']
['62']
['317']
['174']
['247']
['298']
['342']
['434']
['238']
