['x', 'xxxx', 'xxxxxxx', 'xxxxxx', 'xxxxxxxx', 'wwwwwww', 'w', 'wwww', 'xxxxx', 'xxx', 'ww', 'wwwww', 'www', 'wwwwwwww', 'ffff', 'qqqqq']
['8', '7777', '888888', '77777777', '777', '88888', '8888888', '88', '8888', '7', '77', '888', '77777', 'PPPPPPP', 'OOOOOOO', 'P']
['iiiiiiii', 'iiiii', 'jj', 'iiiiiii', 'iiii', 'i', 'ii', 'jjjjj', 'iiiiii', 'jjjjjj', 'iii', 'jjjjjjj', 'j', '777777', 'DDDDD', 'DDD', 'CC']
['zzzzz', 'zzz', 'yyy', 'yyyyyy', 'zzzz', 'yyyy', 'z', 'yyyyyyyy', 'zz', 'y', 'yy', 'zzzzzzz', 'yyyyyyy', 'tttt', 'ttttt', 'wwwwww']
['OOOO', 'OO', 'PPPPPP', 'PPP', 'OOO', 'O', 'PP', 'PPPP', 'OOOOO', 'OOOOOO', 'OOOOOOOO', 'PPPPPPPP', 'PPPPP', 'oo', 'pppppppp', 'lll']
['HHHHHHH', 'HH', 'GGGGGGG', 'GGGGGG', 'GGGGG', 'HHHHHHHH', 'GGGGGGGG', 'H', 'HHH', 'GG', 'HHHHHH', 'G', 'LLLLL', 'LLLL', 'LLL', 'xx']
['mmmmmmm', 'mmmmm', 'nnnnnn', 'n', 'nnnnnnnn', 'nnnnnnn', 'nn', 'mmmm', 'mmmmmmmm', 'm', 'nnnnn', 'mm', 'fff', 'eeeeeeee', 'D', 'C']
['I', 'J', 'JJJ', 'JJJJJ', 'II', 'JJJJJJJ', 'IIII', 'III', 'JJJJJJ', 'IIIII', 'IIIIIIII', 'IIIIIII', 'HHHH', 'GGGG', 'uuuu', '6666666']
['Q', 'QQQQQQ', 'QQQQQ', 'QQQ', 'RR', 'QQQQQQQ', 'RRRR', 'QQQQQQQQ', 'R', 'QQQQ', 'RRRRRR', 'QQ', 'VVVVVVVV', 'VVVVVVV', 'ZZZZZ', 'Y']
['cc', 'cccccccc', 'ddddddd', 'dd', 'ddd', 'ddddd', 'dddddd', 'cccccc', 'd', 'c', 'ccccccc', 'cccc', '7777777', '33', '3333333', '4']
['k', 'llll', 'llllllll', 'kk', 'l', 'kkkk', 'll', 'llllll', 'lllllll', 'kkk', 'kkkkkkk', 'lllll', 'NNNNNNN', 'WWW', 'ssssssss', 'UUUUUUU']
['vvvvvv', 'vvvvvvvv', 'vvvvvvv', 'uuuuuuu', 'vv', 'uu', 'v', 'vvvvv', 'uuu', 'vvv', 'u', 'uuuuuu', '333', '444', 'q', 'rrrrrr']
['hhhhhhh', 'hhhhh', 'ggggggg', 'gg', 'hhh', 'h', 'hhhhhh', 'ggg', 'hhhhhhhh', 'hh', 'gggggggg', 'EEEEEEEE', 'FFF', 'gggg', 'ggggg', 'ffffff']
['tttttt', 'ssss', 'ssssss', 't', 'sssss', 'tttttttt', 'ttttttt', 'sss', 's', 'tt', 'ttt', 'hhhh', 'gggggg', 'g', 'mmm', 'YYYYYYYY']
['rrrrr', 'rrrr', 'qq', 'qqqqqq', 'qqqqqqq', 'r', 'rr', 'rrrrrrr', 'qqqqqqqq', 'rrr', 'rrrrrrrr', 'UUU', 'VVVVVV', 'E', 'jjjj', 'jjjjjjjj']
['VVVVV', 'UU', 'UUUUUUUU', 'UUUU', 'VVV', 'U', 'V', 'VV', 'UUUUUU', 'VVVV', 'UUUUU', 'JJ', 'JJJJ', 'JJJJJJJJ', 'mmmmmm', 'GGG']
['ppppp', 'pp', 'p', 'ppppppp', 'ooooooo', 'oooo', 'pppppp', 'ooooo', 'o', 'ooo', 'oooooo', 'FFFFF', 'FF', 'HHHHH', 'jjj', 'qqq']
['111', '1111111', '22222', '22222222', '11', '111111', '2222', '222222', '222', '2222222', '22', '666', '5555', '666666', '66666', 'IIIIII']
['TTT', 'TTTTTTTT', 'TTTTTT', 'SSSS', 'SSSSS', 'SSSSSS', 'TTTTT', 'S', 'TT', 'SSSSSSSS', 'SSSSSSS', '88888888', 'nnnn', 'nnn', 'qqqq', 'RRR']
['kkkkkk', 'kkkkkkkk', 'kkkkk', 'uuuuu', 'vvvv', 'uuuuuuuu', '44444444', '33333', '3333', '333333', '4444444', '44444', '44', '33333333', '444444', '3']
['WWWWWWW', 'XXXXXX', 'XXXXX', 'WW', 'XX', 'WWWW', 'XXXXXXX', 'W', 'WWWWW', 'WWWWWWWW', 'XXXXXXXX', 'yyyyy', 'zzzzzz', 'zzzzzzzz', 'TTTTTTT', '4444']
['CCCCCCCC', 'DDDDDDDD', 'CCCCCCC', 'DDDDDD', 'DD', 'CCCCC', 'CCCC', 'DDDD', 'CCC', 'DDDDDDD', 'CCCCCC', 'T', 'SS', 'SSS', 'TTTT']
['XXXX', 'X', 'XXX', 'WWWWWW', 'YYYYY', 'ZZZZZZZ', 'YYYYYYY', 'YYY', 'Z', 'ZZZZZZZZ', 'YYYY', 'YY', 'ZZZ', 'ZZZZ', 'ss', 'sssssss']
['BBBBB', 'BBBBBB', 'BBBBBBB', 'AAAAAAAA', 'BBBB', 'BB', 'BBBBBBBB', 'B', 'AAAAAAA', 'AAAAAA', 'eeeee', 'ff', 'eeee', 'f', 'fffffff', 'ee', 'eeeeeee', 'fffff', 'ffffffff']
['a', 'aaaaaaaa', 'bb', 'bbbbbb', 'aaaaa', 'bbb', 'bbbbbbbb', 'bbbb', 'bbbbb', 'bbbbbbb', 'AA', 'A', 'AAAA', 'AAAAA', 'BBB', 'AAA']
['RRRRRRRR', 'RRRRRRR', 'RRRRR', '66666666', '6', '55', '6666', '66', '5', '555', '55555555', '555555', '5555555', 'eee', 'e', 'eeeeee']
['KKKKK', 'LLLLLLLL', 'LLLLLL', 'KKKK', 'KKKKKKK', 'KKK', 'K', 'LLLLLLL', 'KKKKKK', 'L', 'MMMMM', 'MMMMMMMM', 'N', 'NNN', 'MMMM']
['EEE', 'EEEEEE', 'FFFFFFF', 'EE', 'EEEE', 'FFFFFFFF', 'EEEEEEE', 'FFFF', 'F', 'EEEEE', 'dddddddd', 'ccc', 'ccccc', 'dddd', 'FFFFFF']
['oooooooo', 'ppp', 'pppp', '11111111', '11111', '1', '2', '1111', 'KKKKKKKK', 'LL', 'KK', 'YYYYYY', 'ZZ', 'ZZZZZZ', '55555']
['aa', 'aaaa', 'b', 'aaaaaaa', 'aaa', 'aaaaaa', 'MMMMMM', 'NN', 'MM', 'M', 'MMM', 'NNNN', 'NNNNNNNN', 'NNNNNN', 'MMMMMMM', 'NNNNN']
