['2', '394', '27', '431', '135', '60', '195', '353', '473', '479', '270', '383', '63', '436', '493', '337', '385', '404', '432', '37', '369', '24', '341', '343', '170', '83', '13', '179', '487', '116', '333', '16', '188', '451', '57', '351', '58', '478', '414', '346']
['1', '227', '396', '155', '318', '77', '118', '138', '364', '354', '376', '149', '338', '401', '113', '357', '321', '214', '122', '75', '370', '245', '380', '228', '300', '348', '267', '223', '94', '246', '231', '412', '68', '78', '19', '9', '26', '421', '238', '324']
['162', '368', '437', '158', '448', '97', '379', '171', '283', '123', '391', '405', '121', '390', '415', '237', '101', '104', '99', '137', '201', '413', '470', '144', '242', '490', '398', '190', '482', '272', '59', '381', '191', '43', '397', '67', '427', '486', '54', '459']
['114', '269', '420', '163', '425', '491', '339', '454', '189', '247', '443', '134', '389', '89', '50', '218', '392', '460', '161', '21', '183', '49', '266', '430', '297', '447', '198', '456', '234', '139', '254', '184', '151', '312', '406', '476', '241', '439', '11', '225']
['289', '319', '441', '150', '419', '205', '292', '220', '426', '175', '239', '399', '327', '477', '320', '17', '230', '157', '286', '306', '377', '212', '457', '382', '187', '206', '452', '160', '314', '196', '498', '375', '444', '4', '20', '293', '33', '48', '156', '416']
['418', '281', '347', '387', '174', '395', '200', '264', '480', '429', '232', '288', '344', '328', '284', '263', '291', '30', '70', '384', '182', '349', '14', '199', '360', '442', '100', '463', '407', '40', '88', '108', '260', '222', '276', '315', '10', '124', '215', '310']
['367', '91', '411', '53', '465', '453', '93', '106', '133', '455', '400', '497', '325', '98', '273', '271', '95', '244', '84', '484', '8', '125', '393', '287', '66', '472', '402', '311', '85', '257', '82', '316', '166', '46', '374', '221', '202', '168', '6', '109']
['330', '488', '496', '428', '277', '32', '285', '366', '467', '240', '386', '250', '352', '47', '481', '120', '494', '485', '167', '210', '117', '469', '243', '342', '373', '5', '492', '216', '350', '226', '378', '466', '468', '495', '35', '141', '208', '28', '148', '235']
['371', '172', '3', '474', '12', '80', '207', '38', '180', '176', '388', '282', '438', '115', '164', '145', '409', '471', '129', '233', '449', '64', '51', '403', '76', '359', '236', '211', '197', '217', '309', '331', '102', '268', '132', '313', '55', '303', '440', '489']
['219', '154', '255', '278', '408', '86', '34', '329', '146', '433', '165', '317', '423', '71', '259', '25', '336', '42', '192', '61', '107', '39', '142', '44', '178', '96', '92', '79', '7', '248', '251', '249', '450', '355', '258', '119', '22', '112']
['326', '410', '304', '461', '464', '126', '252', '72', '130', '74', '356', '422', '177', '290', '322', '152', '18', '275', '56', '261', '69', '87', '372', '362', '136', '445', '224', '280', '131', '307', '173', '36', '229', '302', '90', '295', '358', '298', '253', '279']
['204', '213', '483', '335', '45', '332', '29', '424', '185', '128', '31', '186', '274', '345', '296', '147', '294', '265', '110', '299', '143', '262', '209', '41', '65', '446']
['0', '193', '256', '15', '105', '81', '458', '305', '140', '62', '153', '334', '475', '363', '308', '23']
['361', '73', '499', '127', '52', '111', '301', '203', '169']
['103', '365', '181', '323', '340']
['159']
['434', '194']
['435']
['417']
['462']
