['1', '394', '158', '27', '420', '60', '473', '155', '318', '379', '163', '171', '424', '118', '493', '498', '396', '376', '347', '123', '432', '37', '220', '391', '24', '454', '189', '341', '121', '214', '81', '175', '415', '351', '134', '228', '389', '348', '223', '94', '50', '137', '19', '460', '9', '327', '482', '238', '241', '21', '477', '144', '320', '398', '266', '368', '408', '383', '272', '277', '439', '426', '193', '427', '93', '133', '288', '130', '457', '312', '70', '382', '206', '384', '284', '263', '448', '314', '196', '375', '444', '4', '328', '160', '478', '48', '467', '416', '325', '63', '386', '46', '98', '12', '256', '419', '100', '463', '38', '88', '108', '280', '481', '180', '8', '125', '176', '405', '215', '310', '462', '485', '392', '480', '198', '472', '210', '282', '451', '329', '438', '373', '374', '221', '259', '165', '202', '350', '6', '211', '378', '145', '409', '466', '34', '423', '129', '322', '418', '51', '84', '390', '128', '495', '42', '152', '61', '28', '73', '157', '235', '0', '271', '250']
['150', '154', '195', '97', '101', '138', '149', '491', '113', '170', '13', '434', '16', '122', '239', '237', '267', '174', '104', '89', '231', '345', '201', '26', '200', '183', '242', '190', '203', '297', '230', '192', '59', '234', '67', '306', '139', '106', '151', '187', '179', '213', '225', '172', '20', '400', '156', '126', '240', '199', '332', '442', '168', '222', '124', '120', '494', '365', '146', '167', '117', '455', '177', '162', '115', '95', '105', '166', '342', '232', '164', '181', '226', '109', '447', '153', '233', '116', '216', '114', '141', '208', '148', '219', '191', '107', '359', '142', '185', '236', '197', '178', '217', '96', '92', '102', '132', '188', '99', '140', '87', '186', '227', '274', '111', '91', '119', '136', '218', '161', '204', '159', '112', '147', '131', '182', '207', '184', '173', '36', '229', '205', '212', '299', '90', '330', '110', '169', '143', '209', '103', '31', '127']
['135', '269', '387', '369', '78', '286', '17', '406', '486', '86', '3', '335', '40', '15', '287', '243', '499', '25', '450', '224', '294', '465', '413', '298', '194']
['355', '74', '353', '356', '324', '422', '270', '66', '388', '402', '337', '364', '316', '404', '339', '338', '357', '321', '411', '412', '333', '367', '317', '410', '360', '380', '304', '343', '336', '346', '358', '403', '399', '429', '393', '309', '323', '381', '331', '313', '303', '377', '371', '361', '372', '278', '362', '363', '453', '370', '395', '414', '425', '344', '428', '397', '340', '33', '366', '307', '349', '417', '354', '334', '319', '253', '385', '244', '407', '301', '326', '421', '352', '401', '276', '315']
['30', '441', '479', '29', '10', '468', '35', '39', '32', '49', '18', '44', '43', '7', '261', '251', '459', '255', '22', '11', '497', '14', '45', '252', '41', '47', '23', '446']
['52', '53', '85', '68', '58', '64', '75', '72', '56', '489', '54', '55', '57', '283', '62', '264', '71', '65']
['275', '281', '290', '265', '300', '279', '268', '296', '292', '291', '285', '293', '295', '273', '289']
['476', '484', '490', '5', '435', '496', '492', '245', '487', '474', '488', '475']
['483', '430', '445', '431', '262']
['248', '79', '257', '258', '308', '247', '254', '83', '260']
['471', '437', '302', '469', '470']
['69', '452']
['458', '456', '464']
['311', '305', '82', '2', '80', '76']
['440', '436', '433', '449']
['77']
['246']
['249']
['443']
['461']
