['Ludovico9', 'Azue3', 'Serse1', 'Ermes4', 'Leonardo1', 'Walter3', 'Loredana6', 'Elga8', 'Lidia4', 'Terzo7', 'Maika6', 'Filomena3', 'Demi9', 'Enzo0', 'Trevis3', 'Erminio4', 'Costanzo6', 'Gerlando9', 'Romeo4', 'Lisa0']
['Mattia9', 'Edipo4', 'Tristano8', 'Amerigo1', 'Rosalino2', 'Laerte0', 'Monia8', 'Alessio7', 'Laura9', 'Nabil5', 'Benedetta5', 'Deborah2', 'Raniero0', 'Flaviana6', 'Diamante4', 'Mattia6', 'Penelope5', 'Carmela6', 'Emanuel3', 'Rosalba1']
['Giacinto6', 'Jari2', 'Elga3', 'Leonardo7', 'Timoteo5', 'Noel4', 'Radames4', 'Emanuel1', 'Enzo3', 'Damiana9', 'Kayla3', 'Rodolfo9', 'Baldassarre3', 'Loretta4', 'Rosita1', 'Elda2', 'Sesto8', 'Kai5', 'Gaetano4', 'Edilio2']
['Cira7', 'Ercole9', 'Pacifico5', 'Quarto3', 'Mietta2', 'Fiorentino3', 'Elio3', 'Odino9', 'Lino4', 'Anselmo3', 'Armando8', 'Antimo9', 'Edilio5', 'Ercole4', 'Doriana2', 'Joannes5', 'Cesidia8', 'Priamo8', 'Fatima2', 'Marieva7']
['Renzo5', 'Sue2', 'Odone9', 'Concetta9', 'Tazio1', 'Soriana6', 'Tazio7', 'Lorenzo9', 'Nestore3', 'Demi6', 'Primo9', 'Battista3', 'Oretta9', 'Alan9', 'Joseph7', 'Caio2', 'Hector0', 'Concetta5', 'Piersilvio0', 'Mariano0']
['Caio6', 'Gelsomina6', 'Erminia8', 'Jacopo3', 'Olimpia3', 'Samira6', 'Rebecca5', 'Nestore4', 'Alberto5', 'Cleros4', 'Fabiano3', 'Carmela3', 'Erminio9', 'Lia2', 'Elio8', 'Mariagiulia0', 'Enzo6', 'Anselmo8', 'Vinicio8', 'Guido1']
['Benedetta4', 'Timoteo9', 'Jacopo4', 'Mattia1', 'Odone8', 'Artes8', 'Secondo0', 'Siro9', 'Anastasio3', 'Muzio8', 'Penelope7', 'Karim8', 'Monia6', 'Tancredi6', 'Giacobbe7', 'Maggiore3', 'Sirio1', 'Sasha7', 'Sarita4', 'Nazzareno0']
['Maruska3', 'Cira8', 'Alighiero7', 'Nayade9', 'Pierfrancesco0', 'Cleopatra1', 'Isabel6', 'Bettino1', 'Laerte9', 'Matilde9', 'Guendalina3', 'Davide8', 'Genziana8', 'Liborio8', 'Orfeo5', 'Mariagiulia4', 'Clodovea1', 'Vania2', 'Dylan9', 'Marcella3']
['Santo9', 'Renzo6', 'Akira3', 'Clodovea2', 'Orfeo9', 'Marzio7', 'Ileana5', 'Anselmo9', 'Nestore7', 'Ausonio0', 'Folco0', 'Raoul7', 'Kayla9', 'Costantino7', 'Marino8', 'Radames7', 'Joshua3', 'Orfeo4', 'Loretta1', 'Claudia1']
['Gianriccardo3', 'Enrico1', 'Bibiana6', 'Loris4', 'Arduino5', 'Quasimodo0', 'Carlo1', 'Michele7', 'Celeste3', 'Gianantonio3', 'Lauro5', 'Lazzaro2', 'Fabio9', 'Cleros7', 'Giovanna5', 'Gioacchino6', 'Marianita8', 'Vania3', 'Giorgio3', 'Marina4']
['Giancarlo3', 'Marzio5', 'Irene7', 'Siro0', 'Sasha9', 'Pablo9', 'Amerigo5', 'Luce6', 'Gioacchino7', 'Fatima9', 'Gavino8', 'Marcella4', 'Cleopatra7', 'Nathan2', 'Graziano0', 'Nathan3', 'Osvaldo5', 'Cirino1', 'Davide5', 'Primo3']
['Eustachio2', 'Nico6', 'Eusebio3', 'Danthon5', 'Demis3', 'Rosalba8', 'Avide3', 'Luigi7', 'Sirio6', 'Nestore8', 'Thea4', 'Caligola0', 'Ethan3', 'Priamo0', 'Kris3', 'Rufo5', 'Fabio8', 'Umberto9', 'Miriam8', 'Pablo7']
['Sue0', 'Jelena1', 'Secondo5', 'Sesto4', 'Enzo7', 'Gianmaria7', 'Oretta5', 'Miriana9', 'Luigi4', 'Anastasio7', 'Laerte5', 'Ferdinando6', 'Mariagiulia9', 'Dante0', 'Luce0', 'Kris2', 'Xavier7', 'Arduino8', 'Demis1', 'Gianantonio5']
['Marvin0', 'Romeo2', 'Fortunata0', 'Augusto8', 'Fiorenzo7', 'Alessio3', 'Rocco9', 'Fiorenzo8', 'Rebecca2', 'Filomena4', 'Folco3', 'Primo1', 'Lidia0', 'Eriberto7', 'Marzio4', 'Vera2', 'Amedeo5', 'Ercole2', 'Claudia6', 'Jari0']
['Giulietta7', 'Nestore6', 'Diamante6', 'Deborah4', 'Antonio9', 'Gianriccardo2', 'Moreno5', 'Mietta1', 'Ruth1', 'Ercole1', 'Sabino2', 'Bettino8', 'Loredana0', 'Alessandro3', 'Caligola7', 'Rosolino0', 'Gianleonardo6', 'Assia0', 'Nico1', 'Marieva8']
['Odone4', 'Michael4', 'Osea0', 'Rosaria8', 'Mirko6', 'Sibilla4', 'Bortolo5', 'Brigitta8', 'Marcella0', 'Prisca3', 'Lamberto6', 'Bibiana4', 'Donatella7', 'Sandro2', 'Ethan9', 'Cassiopea3', 'Cassiopea8', 'Bortolo9', 'Fabiano1', 'Zaccaria2']
['Albino1', 'Folco6', 'Adriano0', 'Eriberto9', 'Eusebio6', 'Gaetano5', 'Iacopo2', 'Italo9', 'Thea5', 'Cleros6', 'Alighieri1', 'Celeste4', 'Mietta0', 'Ulrico6', 'Carmelo4', 'Giobbe6', 'Tristano5', 'Mecren9', 'Matteo9', 'Tancredi4']
['Jarno1', 'Mirko4', 'Cleopatra8', 'Umberto6', 'Noah0', 'Erminia2', 'Joseph3', 'Ferdinando0', 'Dante5', 'Elsa0', 'Maggiore2', 'Nathan9', 'Miriana7', 'Ursula5', 'Fernando8', 'Sebastian2', 'Giorgio6', 'Ione9', 'Domiziano7', 'Isabel1']
['Armando5', 'Davide1', 'Pietro1', 'Ettore0', 'Danuta0', 'Sesto2', 'Mariagiulia3', 'Liborio4', 'Giordano5', 'Silvano4', 'Siro8', 'Demis2', 'Ethan7', 'Osea9', 'Eliziario6', 'Cleros2', 'Ilario9', 'Xavier5', 'Marina6', 'Ian0']
['Rosalino0', 'Deborah9', 'Elsa1', 'Tolomeo6', 'Egisto1', 'Folco8', 'Giulio2', 'Gilda5', 'Ludovico2', 'Italo5', 'Adriano1', 'Mauro7', 'Karim1', 'Rebecca6', 'Assia4', 'Sabatino1', 'Folco4', 'Edilio6', 'Ubaldo1', 'Orfeo1']
['Gilda2', 'Damiana2', 'Fortunata6', 'Gregorio7', 'Concetta1', 'Renato5', 'Marianita7', 'Aroldo4', 'Cosetta2', 'Antonino6', 'Nicoletta3', 'Giovanna3', 'Sebastian4', 'Odino6', 'Orfeo7', 'Emidio9', 'Furio5', 'Timoteo4', 'Santo3', 'Modesto4']
['Jack2', 'Marina7', 'Valdo9', 'Cleros5', 'Fiorenzo1', 'Manfredi5', 'Osea1', 'Pacifico0', 'Samira4', 'Jole3', 'Quirino1', 'Iacopo1', 'Mecren5', 'Oreste0', 'Piersilvio3', 'Siro3', 'Miriam7', 'Teseo4', 'Tancredi5', 'Marino4']
['Valdo2', 'Trevis2', 'Laura1', 'Emanuel7', 'Patrizio4', 'Trevis8', 'Maika9', 'Marianita5', 'Sarita7', 'Edipo5', 'Fatima0', 'Gianantonio6', 'Eriberto1', 'Ian2', 'Tommaso8', 'Ermes9', 'Armando0', 'Cassiopea9', 'Lauro3', 'Amedeo6']
['Tolomeo0', 'Umberto0', 'Marianita1', 'Eustachio1', 'Radames1', 'Benedetta1', 'Walter1', 'Violante6', 'Ivano3', 'Noah6', 'Giorgio2', 'Costanzo4', 'Erminia5', 'Max1', 'Gianmarco5', 'Cleopatra5', 'Evangelista9', 'Zelida4', 'Michael9', 'Marzio6']
['Brigitta5', 'Ercole8', 'Joshua0', 'Nestore5', 'Miriana4', 'Ubaldo2', 'Elda4', 'Rita6', 'Siro2', 'Guido6', 'Gregorio2', 'Ariel9', 'Arcibaldo8', 'Arturo8', 'Walter7', 'Amedeo1', 'Audenico0', 'Leonardo0', 'Lidia6', 'Prisca2']
