['Ortensia', 'Crystie', 'Marigold', 'Jessamyn', 'Linette', 'Tammy', 'Paula', 'Jennica', 'Feliza', 'Deeann', 'Joannes', 'Laverna', 'Katalin', 'Stepha', 'Jasmin', 'Jeannie', 'Marley', 'Gwenette', 'Cynde']
['Elinor', 'Henrietta', 'Cecelia', 'Gaynor', 'Kiersten', 'Brynne', 'Bria', 'Laureen', 'Imogen', 'Billy', 'Siobhan', 'Koressa', 'Maryl', 'Lisabeth', 'Barbaraanne', 'Jess', 'Emmalynne', 'SheilaKathryn', 'Phedra']
['Laura', 'Maddalena', 'Sallyanne', 'Courtnay', 'Pollyanna', 'Pandora', 'Heidie', 'Sue', 'Lorrin', 'Erna', 'Lisbeth', 'Helenka', 'Midge', 'Di', 'Joly', 'Eve', 'Laverne', 'Karol', 'Edeline']
['Anya', 'Grazia', 'Goldina', 'Darcee', 'Laraine', 'Jeannine', 'Phillis', 'Ondrea', 'Rosalinde', 'Isabelle', 'Pavla', 'Pansie', 'Natala', 'Tobi', 'Arliene', 'Cordy', 'Paulette', 'Henriette', 'Jorey']
['Lorna', 'Patience', 'Lilla', 'Nevsa', 'Marice', 'Hendrika', 'Kassia', 'Maryjo', 'Minnnie', 'Amabel', 'Ashli', 'Bonnee', 'Tamarra', 'Cinnamon', 'Lavinia', 'Lindsy', 'Raye', 'Corella', 'Dana']
['Clemmy', 'Milena', 'Vivia', 'Saundra', 'Esmaria', 'Miquela', 'Shaina', 'Karlotta', 'Matilda', 'Dolores', 'Wilow', 'Marlyn', 'Lois', 'Emilee', 'Cordie', 'Corinna', 'Betteanne', 'Biddie', 'Tatiana']
['Vonny', 'Brandie', 'Madalena', 'Delila', 'Mable', 'Moyra', 'Mehetabel', 'Fawne', 'Fayina', 'Raven', 'Coral', 'Inna', 'Kalindi', 'Eadie', 'Magdaia', 'Mia', 'Harriett', 'Renelle', 'Freda']
['Rebbecca', 'Rachel', 'Frankie', 'Tybi', 'Tova', 'Laurice', 'Tressa', 'Gabriell', 'Jaime', 'Costanza', 'Johnette', 'Shay', 'Zorana', 'Eula', 'Tiffani', 'Brandise', 'Renae', 'Deny', 'Therine']
['Dianna', 'Lila', 'Aubrette', 'Ellie', 'Edi', 'Cate', 'Andriette', 'Jane', 'Kacey', 'Dayle', 'Oliy', 'Meggy', 'Verina', 'Terra', 'Stefa', 'Lorraine', 'Susana', 'Lori', 'Jaclyn']
['Tanhya', 'Mariejeanne', 'Jolie', 'Joleen', 'Sephira', 'Merrielle', 'Genni', 'Veronike', 'Natka', 'Claudina', 'AnnaDiana', 'Andree', 'Uta', 'Clari', 'Karisa', 'Christin', 'Erinna', 'Shayne', 'Carree']
['Pierrette', 'Sayre', 'Allsun', 'Dulcea', 'Herminia', 'Myrilla', 'Sheilah', 'Shelli', 'Katha', 'Chelsea', 'Kathlin', 'Ashely', 'Keri', 'Suellen', 'Reta', 'Tersina', 'Corey', 'Faith', 'Madonna']
['Kippy', 'Ashlen', 'Jeniffer', 'Chris', 'Lona', 'Yalonda', 'Livia', 'Elayne', 'Caryn', 'Winifred', 'Lorena', 'Jacquenette', 'Madelyn', 'Robena', 'Vanessa', 'Tilda', 'Misti', 'Kata', 'Liz']
['Jeannette', 'Wendeline', 'Denyse', 'Kelcey', 'Jessika', 'Avivah', 'Starr', 'Annie', 'Romonda', 'Thomasina', 'Cory', 'Loria', 'Dulcie', 'Donella', 'Carlye', 'Bessy', 'Shani', 'Erma', 'Kay']
['Una', 'Libby', 'Shelia', 'Barbe', 'Nerissa', 'Janette', 'Rosene', 'Bobbie', 'Willabella', 'Arleyne', 'Analise', 'Sharla', 'Brynna', 'Shayna', 'Roseann', 'Goldi', 'Eddi', 'Leona', 'Fredelia']
['Mina', 'Meris', 'Wilone', 'Melodie', 'Honey', 'Libbi', 'Bibbie', 'Ray', 'Fayth', 'Brenn', 'Idell', 'Nora', 'Anthe', 'Tessy', 'Nadine', 'Phil', 'Gayle', 'Lynnett', 'Gwendolen']
['Valerie', 'Neila', 'Alvina', 'Christabel', 'Lillis', 'Tresa', 'Nerta', 'Geralda', 'Toma', 'Siusan', 'Christina', 'Gerianna', 'Sheena', 'Leilah', 'Kaylyn', 'Jada', 'Carline', 'Philomena', 'Tamarah']
['Sophie', 'Nolana', 'Ula', 'Constantina', 'Marcia', 'Zoe', 'Callie', 'Carmelia', 'Flori', 'Martguerita', 'Danell', 'Lauretta', 'Brigid', 'Ardenia', 'Ealasaid', 'Melva', 'Noelyn', 'Charis', 'Rasla']
['Gussy', 'Ethelind', 'Kerstin', 'Dulcia', 'Cherry', 'Ardine', 'Sofia', 'Sherline', 'Kettie', 'Merline', 'Ginger', 'Paulina', 'Hyacinth', 'Valentine', 'Alyce', 'Almeda', 'Anjanette', 'Genna', 'Riannon']
['Daisi', 'Kora', 'Joycelin', 'Kial', 'Randene', 'Amitie', 'Kania', 'HelenElizabeth', 'Debby', 'Blake', 'Catina', 'Kinna', 'Trista', 'Silva', 'Sibylle', 'Penny', 'Rosina', 'Nelia', 'Lia']
['Cristina', 'Serena', 'Pia', 'Vickie', 'Evangeline', 'Garland', 'Annalee', 'Madelin', 'Lita', 'Cammie', 'Lyn', 'Janey', 'Vilma', 'Licha', 'Lorinda', 'Vallie', 'Reggi', 'Kylen', 'Nicoli']
['Constantia', 'Sara', 'Debbie', 'Trude', 'Mareah', 'Sharron', 'Nomi', 'Rosalind', 'Tanya', 'Hatty', 'AnnaDiane', 'Kellen', 'Jeralee', 'Viva', 'Sheeree', 'Geri', 'Jodi', 'Jobina', 'Gigi']
['Neilla', 'Emmy', 'Thalia', 'Megan', 'Bell', 'Sheree', 'Gerrilee', 'Lettie', 'Devinne', 'Prudi', 'Patti', 'Chrystel', 'Leora', 'Susi', 'Harrie', 'Kristin', 'Drucill', 'Ivie']
['Cayla', 'Katleen', 'Coretta', 'Jenna', 'Rozanna', 'Lina', 'Marylou', 'Zita', 'Reeva', 'Raine', 'Camilla']
['Vi', 'Clemmie', 'Giralda', 'Lanni', 'Idalina', 'Lacey', 'Camille', 'Natalina', 'Marla', 'Mariette', 'Essa']
['Giselle', 'Heather', 'Toni', 'Shelby', 'Pippy', 'Marjie', 'Jsandye', 'Emelina', 'Elisabet', 'Vin', 'Evvy']
