['Vertex388', 'Vertex223', 'Vertex162', 'Vertex248', 'Vertex258', 'Vertex381', 'Vertex265', 'Vertex102', 'Vertex190', 'Vertex225', 'Vertex118', 'Vertex111', 'Vertex385', 'Vertex307', 'Vertex268', 'Vertex149', 'Vertex236', 'Vertex78', 'Vertex434', 'Vertex350']
['Vertex364', 'Vertex287', 'Vertex424', 'Vertex148', 'Vertex433', 'Vertex237', 'Vertex44', 'Vertex193', 'Vertex115', 'Vertex429', 'Vertex430', 'Vertex229', 'Vertex438', 'Vertex177', 'Vertex187', 'Vertex232', 'Vertex90', 'Vertex234', 'Vertex153']
['Vertex323', 'Vertex257', 'Vertex251', 'Vertex294', 'Vertex183', 'Vertex340', 'Vertex264', 'Vertex168', 'Vertex371', 'Vertex87', 'Vertex369', 'Vertex169', 'Vertex288', 'Vertex370', 'Vertex179', 'Vertex295', 'Vertex246', 'Vertex76', 'Vertex390', 'Vertex84']
['Vertex342', 'Vertex435', 'Vertex436', 'Vertex311', 'Vertex245', 'Vertex59', 'Vertex362', 'Vertex274', 'Vertex184', 'Vertex71', 'Vertex413', 'Vertex426', 'Vertex250', 'Vertex439', 'Vertex165', 'Vertex297', 'Vertex290', 'Vertex170', 'Vertex312', 'Vertex267']
['Vertex93', 'Vertex289', 'Vertex151', 'Vertex58', 'Vertex217', 'Vertex130', 'Vertex213', 'Vertex181', 'Vertex146', 'Vertex210', 'Vertex141', 'Vertex302', 'Vertex182', 'Vertex420', 'Vertex393', 'Vertex51', 'Vertex392', 'Vertex352', 'Vertex270', 'Vertex271']
['Vertex208', 'Vertex405', 'Vertex417', 'Vertex411', 'Vertex367', 'Vertex366', 'Vertex240', 'Vertex207', 'Vertex330', 'Vertex321', 'Vertex315', 'Vertex158', 'Vertex45', 'Vertex275', 'Vertex254', 'Vertex389', 'Vertex276', 'Vertex337', 'Vertex82', 'Vertex376']
['Vertex272', 'Vertex68', 'Vertex185', 'Vertex135', 'Vertex357', 'Vertex157', 'Vertex280', 'Vertex120', 'Vertex172', 'Vertex220', 'Vertex361', 'Vertex239', 'Vertex40', 'Vertex283', 'Vertex113', 'Vertex310', 'Vertex414', 'Vertex328', 'Vertex99', 'Vertex160']
['Vertex263', 'Vertex194', 'Vertex228', 'Vertex127', 'Vertex128', 'Vertex313', 'Vertex186', 'Vertex427', 'Vertex41', 'Vertex226', 'Vertex329', 'Vertex138', 'Vertex222', 'Vertex66', 'Vertex428', 'Vertex198', 'Vertex62', 'Vertex133', 'Vertex46', 'Vertex108']
['Vertex70', 'Vertex212', 'Vertex92', 'Vertex395', 'Vertex244', 'Vertex131', 'Vertex384', 'Vertex77', 'Vertex205', 'Vertex423', 'Vertex348', 'Vertex140', 'Vertex293', 'Vertex412', 'Vertex301', 'Vertex286', 'Vertex81', 'Vertex372', 'Vertex191', 'Vertex180']
['Vertex112', 'Vertex188', 'Vertex156', 'Vertex224', 'Vertex431', 'Vertex391', 'Vertex56', 'Vertex260', 'Vertex204', 'Vertex199', 'Vertex202', 'Vertex273', 'Vertex341', 'Vertex104', 'Vertex54', 'Vertex53', 'Vertex69', 'Vertex50', 'Vertex252', 'Vertex206']
['Vertex122', 'Vertex305', 'Vertex97', 'Vertex400', 'Vertex163', 'Vertex332', 'Vertex101', 'Vertex159', 'Vertex279', 'Vertex57', 'Vertex399', 'Vertex410', 'Vertex48', 'Vertex117', 'Vertex317', 'Vertex94', 'Vertex230', 'Vertex42', 'Vertex166', 'Vertex292']
['Vertex396', 'Vertex63', 'Vertex119', 'Vertex345', 'Vertex176', 'Vertex195', 'Vertex142', 'Vertex249', 'Vertex269', 'Vertex67', 'Vertex296', 'Vertex227', 'Vertex247', 'Vertex354', 'Vertex73', 'Vertex109', 'Vertex406', 'Vertex139', 'Vertex211']
['Vertex64', 'Vertex231', 'Vertex419', 'Vertex105', 'Vertex403', 'Vertex107', 'Vertex167', 'Vertex52', 'Vertex85', 'Vertex333', 'Vertex121', 'Vertex320', 'Vertex334', 'Vertex415', 'Vertex125', 'Vertex281', 'Vertex383', 'Vertex365', 'Vertex216', 'Vertex137']
['Vertex299', 'Vertex335', 'Vertex103', 'Vertex145', 'Vertex408', 'Vertex379', 'Vertex432', 'Vertex49', 'Vertex201', 'Vertex401', 'Vertex221', 'Vertex421', 'Vertex203', 'Vertex375', 'Vertex298', 'Vertex214', 'Vertex256', 'Vertex55', 'Vertex91', 'Vertex171']
['Vertex196', 'Vertex86', 'Vertex380', 'Vertex47', 'Vertex175', 'Vertex373', 'Vertex80', 'Vertex215', 'Vertex397', 'Vertex338', 'Vertex173', 'Vertex351', 'Vertex134', 'Vertex241', 'Vertex155', 'Vertex398', 'Vertex314', 'Vertex318']
['Vertex75', 'Vertex161', 'Vertex394', 'Vertex291', 'Vertex409', 'Vertex378', 'Vertex259', 'Vertex126', 'Vertex437', 'Vertex150', 'Vertex192', 'Vertex261', 'Vertex262', 'Vertex65']
['Vertex116', 'Vertex382', 'Vertex174', 'Vertex164', 'Vertex339', 'Vertex278', 'Vertex106', 'Vertex374', 'Vertex353', 'Vertex72', 'Vertex319', 'Vertex331']
['Vertex255', 'Vertex100', 'Vertex303', 'Vertex242', 'Vertex83', 'Vertex200', 'Vertex266', 'Vertex300', 'Vertex347', 'Vertex218']
['Vertex418', 'Vertex282', 'Vertex96', 'Vertex60', 'Vertex386', 'Vertex363']
['Vertex284', 'Vertex404', 'Vertex243', 'Vertex359', 'Vertex355', 'Vertex346']
['Vertex358', 'Vertex136', 'Vertex285', 'Vertex407', 'Vertex79', 'Vertex88', 'Vertex416', 'Vertex325']
['Vertex189', 'Vertex387', 'Vertex368', 'Vertex360']
['Vertex43', 'Vertex253', 'Vertex152']
['Vertex143', 'Vertex124', 'Vertex377', 'Vertex235', 'Vertex422', 'Vertex324', 'Vertex98']
['Vertex327', 'Vertex425', 'Vertex326', 'Vertex356', 'Vertex238']
['Vertex61', 'Vertex343', 'Vertex309']
['Vertex304', 'Vertex147', 'Vertex89', 'Vertex132', 'Vertex154']
['Vertex110', 'Vertex74']
['Vertex144']
['Vertex209', 'Vertex277', 'Vertex349']
['Vertex233', 'Vertex197']
['Vertex316', 'Vertex219', 'Vertex114']
['Vertex178', 'Vertex402']
['Vertex336']
['Vertex344']
['Vertex322', 'Vertex95']
['Vertex308']
['Vertex306']
['Vertex123']
['Vertex129']
