['Cliff', 'Fidel', 'Chang', 'Margo', 'Helga', 'Lauri', 'Rhett', 'Josie', 'Wally', 'Mandy', 'Wyatt', 'Marty', 'Edwin']
['Leona', 'Naomi', 'Robin', 'Willy', 'Daisy', 'Jared', 'Linda', 'Donny', 'Zelma', 'Audra', 'Orval', 'Lacey', 'Sybil']
['Tanya', 'Julia', 'Jayne', 'Britt', 'Ellen', 'Clyde', 'Benny', 'Annie', 'Dwain', 'Ronny', 'Dante', 'Marla', 'Mitch']
['Tasha', 'Jonah', 'Julio', 'Mason', 'Tyron', 'Louis', 'Nelda', 'Pearl', 'Adela', 'Effie', 'Terry', 'Vicky', 'Josef']
['Clark', 'Joann', 'Mikel', 'Malik', 'Adele', 'Monty', 'Elvin', 'Quinn', 'Tonya', 'Sadie', 'Pansy', 'Hyman', 'Tammi']
['Maura', 'April', 'Gayle', 'Sonja', 'Billy', 'Berta', 'Wilma', 'Dario', 'Renee', 'Hilda', 'Bryon', 'Myron', 'Irvin']
['Steve', 'Melba', 'Erick', 'Kevin', 'Carly', 'Corey', 'Perry', 'Roman', 'Terri', 'Odell', 'Basil', 'Ernie', 'Wanda']
['Staci', 'Robyn', 'Cyrus', 'Teddy', 'Lucio', 'Clint', 'Moses', 'Flora', 'Casey', 'Leann', 'Leila', 'Marci', 'Joyce']
['Darin', 'Ollie', 'Sally', 'Ervin', 'Kelly', 'Felix', 'Essie', 'Deann', 'Sonny', 'Jason', 'Issac', 'Avery', 'Erika']
['Bobbi', 'Arlen', 'Sandy', 'Ruben', 'Maria', 'Sofia', 'Elena', 'Pedro', 'Vilma', 'Eddie', 'Elias', 'Erica', 'Lorna']
['Brian', 'Craig', 'Alvin', 'Alice', 'Bruno', 'Aline', 'Allan', 'Garry', 'Percy', 'Emery', 'Wendi', 'Chris']
['Lydia', 'Verna', 'Jamar', 'Cindy', 'Grant', 'Betsy', 'Randy', 'Bette', 'Kirby', 'Rufus', 'Nadia', 'Roxie']
['Patti', 'Mable', 'Karen', 'Carla', 'Micah', 'Laura', 'Misty', 'Becky', 'Queen', 'Jacob', 'Major', 'Emily']
['Brock', 'Amado', 'Brady', 'Trent', 'Jamel', 'Kathy', 'Della', 'Moshe', 'Donna', 'Shaun', 'Claud', 'Buddy']
['David', 'Tommy', 'James', 'Karin', 'Janet', 'Danny', 'Alton', 'Fritz', 'Twila', 'Ilene', 'Homer', 'Debra']
['Sheri', 'Dixie', 'Freda', 'Jaime', 'Lyman', 'Timmy', 'Hazel', 'Lanny', 'Janis', 'Sammy', 'Chase', 'Holly']
['Ebony', 'Ahmad', 'Clara', 'Mario', 'Elsie', 'Peter', 'Greta', 'Marcy', 'Dusty', 'Rhoda', 'Randi', 'Paige']
['Kayla', 'Brent', 'Doris', 'Rusty', 'Chong', 'Maude', 'Katie', 'Brant', 'Merle', 'Davis', 'Candy', 'Tessa']
['Ariel', 'Shane', 'Elmer', 'Mitzi', 'Bryce', 'Wendy', 'Roger', 'Tonia', 'Amber', 'Leroy', 'Elvia', 'Barry']
['Cesar', 'Lorie', 'Mamie', 'Aaron', 'Nancy', 'Olive', 'Tracy', 'Nikki', 'Bryan', 'Daron', 'Devin', 'Viola']
