['135', '158', '27', '150', '220', '24']
['223', '130', '218']
['93', '37', '113', '189', '170', '83']
['192', '195', '149', '123', '175', '122']
['147', '30', '219', '8', '10', '109']
['23', '236', '34', '97', '128', '207']
['230', '142', '188', '176', '155', '92']
['78', '172', '215', '33', '1', '191']
['162', '74', '20', '96', '182', '67']
['243', '185', '16', '227', '134', '63']
['41', '246', '225', '139', '48', '156']
['15', '124', '211', '197', '45', '101']
['54', '159', '239', '237', '228', '233']
['103', '238', '60', '203', '127', '53']
['77', '56', '9', '131', '43', '125']
['13', '214', '5', '118', '146', '98']
['36', '204', '86', '199', '89', '143']
['32', '120', '157', '25', '194', '190']
['108', '18', '73', '234', '210', '46']
['47', '247', '105', '14', '106', '235']
['200', '99', '221', '4', '153', '240']
['167', '145', '112', '57', '178', '181']
['226', '129', '171', '117', '55', '2']
['81', '17', '58', '59', '94', '132']
['152', '160', '104', '229', '75', '208']
['248', '116', '51', '169', '26', '40']
['70', '193', '87', '161', '91', '179']
['244', '163', '173', '90', '35']
['111', '115', '151', '107', '88', '222']
['136', '212', '82', '76']
['245', '102', '12', '71', '28', '144']
['19', '11', '64', '249', '137', '69']
['187', '141', '232', '29', '95', '168']
['165', '166', '0', '250']
['186', '68', '44']
['138', '31', '38', '133']
['213', '7', '242', '121']
['126', '100', '183', '21', '3', '49']
['84', '50', '209']
['61', '201', '217', '140']
['62', '52', '148']
['114', '206', '119', '66']
['72', '198', '174']
['80', '6', '85', '79']
['196', '180', '224']
['216', '202']
['39', '42', '241']
['22', '184', '154']
['205', '164', '177', '65']
['231', '110']
