['Richard', 'Nathan', 'Brody', 'George', 'Beckett', 'Charles', 'Adam', 'Micah', 'Angel', 'Knox']
['Killian', 'Victor', 'Avery', 'Maverick', 'Iker', 'Jesse', 'Jacob', 'Malachi', 'Adrian', 'Julian']
['Isaac', 'Owen', 'Blake', 'Corbin', 'Declan', 'Cayden', 'Carlos', 'Kameron', 'Beau', 'Jason']
['Carson', 'Elias', 'Michael', 'Legend', 'Jayce', 'Derek', 'Maxwell', 'Brian', 'Wesley', 'Jonathan']
['Enzo', 'Mark', 'Mateo', 'Alexander', 'Samuel', 'Chance', 'Jayden', 'Amari', 'Tyler', 'Steven']
['David', 'Emerson', 'Matthew', 'Giovanni', 'Kenneth', 'Emmanuel', 'Zion', 'Rafael', 'Miles', 'Logan']
['River', 'Dallas', 'Reid', 'Lincoln', 'am', 'Ryker', 'Martin', 'Charlie', 'Nicholas', 'Maddox']
['Omar', 'Cameron', 'Jaxson', 'Eli', 'Zander', 'August', 'Alan', 'King', 'Lorenzo', 'Leo']
['Jesus', 'Silas', 'Camden', 'Brantley', 'Lukas', 'Abel', 'Graham', 'Kingston', 'Ayden', 'Alex']
['Gunner', 'Paxton', 'Theo', 'Dawson', 'Ezekiel', 'Ivan', 'Josiah', 'Sean', 'John', 'Hayden']
['Edward', 'Connor', 'Tobias', 'Bryson', 'Felix', 'Javier', 'Anthony', 'Preston', 'Jeremiah', 'Emilio']
['Riley', 'Archer', 'Vincent', 'Kayden', 'Brady', 'Louis', 'Santiago', 'Oliver', 'Evan', 'Aaron']
['Finn', 'Judah', 'Adriel', 'Landon', 'Nash', 'Aidan', 'Erick', 'Amir', 'Abraham', 'Kaleb']
['Brooks', 'Karter', 'Wyatt', 'Leon', 'Kaiden', 'Emiliano', 'Tristan', 'Nathaniel', 'Messiah', 'Luca']
['Leonardo', 'Jackson', 'Max', 'Josue', 'Jose', 'Benjamin', 'Cole', 'Thomas', 'Bradley', 'Elijah']
['Elliot', 'Remington', 'Dylan', 'Easton', 'Joel', 'Arthur', 'Phoenix', 'Jeremy', 'Matias', 'Christopher']
['Karson', 'Ethan', 'Rhett', 'Tucker', 'Jasper', 'Lucas', 'Timothy', 'Simon', 'Eric', 'Oscar']
['Andrew', 'Sebastian', 'Mason', 'Robert', 'Bryce', 'Xavier', 'Kai', 'Damian', 'James', 'Gabriel']
['Brayden', 'Asher', 'Caleb', 'Brandon', 'Joseph', 'Sawyer', 'William', 'Chase', 'Griffin', 'Gavin']
['Jude', 'Maximus', 'Bentley', 'Braxton', 'Grayson', 'Matteo', 'Alejandro', 'Andre', 'Damien', 'Elliott']
['Rylan', 'Harrison', 'Hunter', 'Ashton', 'Colton', 'Nicolas', 'Parker', 'Grant', 'Dean']
['Peter', 'Andres', 'Thiago', 'Colt', 'Ian', 'Carter', 'Luis', 'Miguel', 'Israel']
['Jaxon', 'Jake', 'Bennett', 'Kevin', 'Isaiah', 'Greyson', 'Jorge', 'Marcus', 'Jonah']
['Cash', 'Holden', 'Justin', 'Nolan', 'Jack', 'Ryan', 'Aiden', 'Finley', 'Milo', 'Calvin']
['Daniel', 'Caden', 'Eduardo', 'Levi', 'Gael', 'Francisco', 'Emmett', 'Jameson', 'Kyrie']
['Waylon', 'Zachary', 'Antonio', 'Myles', 'Jordan', 'Austin', 'Diego', 'Patrick', 'Stephen']
['Weston', 'Cody', 'Paul', 'Everett', 'Ezra', 'Henry', 'Joshua', 'Roman', 'Noah']
['Beckham', 'Tanner', 'Axel', 'Jace', 'Clayton', 'Kyle', 'Bryan', 'Colin', 'Kaden']
['Ryder', 'Christian', 'Juan', 'Zane', 'Theodore', 'Dominic', 'Luke', 'Barrett', 'Hudson']
['Rowan', 'Ace', 'Xander', 'Jax', 'Walter', 'Cooper', 'Jaden', 'Manuel', 'Zayden']
