['135', '99', '175', '304', '82', '74', '147', '37', '123', '387', '63', '283']
['195', '153', '85', '216', '162', '329', '317', '253', '20', '289', '164', '40']
['165', '124', '368', '399', '334', '148', '292', '226', '238', '59', '301', '110']
['28', '269', '129', '291', '249', '371', '5', '160', '96', '323', '32', '207']
['382', '6', '330', '213', '106', '57', '305', '290', '217', '228', '397', '254']
['324', '42', '354', '172', '60', '328', '134', '182', '362', '370', '347', '310']
['56', '390', '11', '166', '52', '186', '128', '363', '270', '170', '263', '240']
['314', '116', '311', '140', '35', '87', '143', '332', '1', '369', '259', '46']
['183', '68', '333', '112', '61', '219', '180', '111', '258', '274', '200', '281']
['45', '297', '197', '312', '66', '25', '174', '234', '171', '155']
['318', '81', '93', '377', '251', '157', '373', '284', '204', '156', '223', '121']
['163', '158', '29', '374', '69', '279', '107', '361', '209', '267', '101', '395']
['2', '39', '138', '342', '88', '341', '173', '47', '23', '250']
['53', '185', '18', '9', '277', '262', '67', '3', '231']
['199', '365', '221', '154', '343', '73', '322', '336', '260', '349', '117']
['381', '393', '133', '300', '309', '286', '115', '268', '17']
['7', '184', '396', '188', '91', '321', '80', '202', '271', '306', '122']
['358', '225', '335', '339', '366', '24', '287', '198', '194', '320', '105']
['190', '27', '256', '178', '372', '15', '130', '102', '346']
['193', '0', '356', '167', '276', '10', '214', '54', '168']
['241', '86', '41', '113', '62', '144', '280', '391', '203']
['325', '95', '272', '179', '77', '388', '235', '189', '8']
['385', '247', '353', '293', '19', '94', '352', '218', '22']
['142', '44', '34', '26', '275', '72', '146', '83', '205']
['316', '359', '21', '114', '243', '79', '350', '345', '261', '206']
['161', '75', '177', '136', '384', '149', '236', '151', '315']
['159', '394', '125', '192', '326', '201', '150', '294', '303', '215']
['344', '266', '16', '389', '227', '278', '210', '244', '196']
['307', '139', '229', '97', '376', '357', '65', '13', '30']
['141', '145', '380', '230', '109', '51', '285', '212', '224']
['211', '378', '58', '242', '126', '273', '296', '282', '120']
['308', '90', '367', '375', '119', '327', '337', '187', '100']
['70', '71', '265', '364', '288', '84', '76', '4', '208']
['33', '252', '181', '118', '31', '298', '14', '78', '237']
['246', '295', '379', '43', '64', '127', '12', '108', '302']
['264', '169', '104', '348', '255', '355', '103', '248']
['49', '50', '137', '340', '191', '220', '36', '398', '239']
['338', '55', '152', '351', '132', '38', '313', '400', '92', '176']
['257', '319', '48', '392', '331', '131', '98', '89']
['232', '245', '386', '360', '222', '233', '299', '383']
