['100', '90', '320', '212']
['13', '298', '253']
['117', '158', '247']
['23', '35', '288']
['26', '337', '216']
['303', '299', '211', '11']
['324', '311', '137']
['315', '153', '271']
['115', '269']
['251', '71', '140']
['50', '12', '42', '296', '9']
['109', '354']
['128', '177', '185']
['154', '255', '342']
['353', '28', '289']
['174', '95']
['14', '214', '79', '160']
['5', '168', '61', '279']
['280', '1', '239']
['281', '145']
['245', '80', '96']
['104', '55', '172']
['285', '18']
['307']
['203', '266', '176', '321']
['189']
['259', '33']
['165', '276']
['237']
['331', '238']
['56', '182']
['302', '124']
['339', '142', '106', '149', '37']
['188', '108', '164']
['183', '242', '21']
['17']
['240', '121']
['40', '52']
['198', '85', '282']
['313']
['99', '6']
['41', '148']
['341']
['175', '230', '127']
['221', '48']
['161']
['150', '88', '233']
['170']
['123']
['220']
['348']
['70', '274']
['290']
['268']
['357']
['246']
['306']
['317', '223', '171']
['76']
['132']
['328']
['46']
['68']
['192']
['107']
['330']
['94']
['312']
['4']
['125']
['167']
['229']
['78']
['147']
['278']
['30']
['243']
['178']
['98']
['47']
['286']
['72']
['273']
['65']
['155']
['114']
['135']
['228']
['291']
['45']
['304']
['295']
['103']
['193']
['126']
['130']
['112']
['36']
['151']
['0']
['217']
['169']
['84']
['179']
['318']
['202']
['250']
['362']
['204']
['191']
['346']
['209']
['102']
['93']
['89']
['292']
['38']
['272']
['345']
['258']
['82']
['301']
['173']
['309']
['59']
['119']
['62']
['184']
['310']
['284']
['143']
['326']
['219']
['181']
['10']
['252']
['360']
['53']
['138']
['270']
['186']
['31']
['244']
['319']
['332']
['261']
['51']
['66']
['195']
['340']
['22']
['39']
['208']
['338']
['213']
['67']
['305']
['152']
['316']
['210']
['215']
['8']
['352']
['314']
['206']
['19']
['134']
['347']
['105']
['7']
['81']
['205']
['29']
['156']
['264']
['300']
['334']
['294']
['111']
['87']
['275']
['333']
['359']
['235']
['241']
['232']
['75']
['24']
['60']
['308']
['358']
['92']
['141']
['64']
['335']
['86']
['225']
['187']
['344']
['54']
['297']
['58']
['57']
['113']
['351']
['361']
['356']
['218']
['249']
['248']
['349']
['63']
['133']
['277']
['190']
['144']
['118']
['77']
['27']
['110']
['355']
['234']
['25']
['226']
['257']
['146']
['15']
['199']
['293']
['139']
['327']
['159']
['122']
['73']
['129']
['329']
['260']
['325']
['322']
['207']
['224']
['236']
['336']
['287']
['120']
['222']
['20']
['200']
['231']
['101']
['267']
['83']
['323']
['256']
['34']
['350']
['180']
['196']
['263']
['16']
['116']
['163']
['265']
['194']
['131']
['136']
['69']
['43']
['197']
['32']
['2']
['166']
['162']
['74']
['49']
['227']
['3']
['254']
['201']
['343']
['91']
['97']
['262']
['283']
['44']
['157']
