['Oluwatobi', 'Lazaria', 'Tobias', 'Lamariah', 'Timia', 'Hakop', 'Desteni', 'Shanaiya', 'Jemiah', 'Caliegh', 'Deidre', 'Mylie', 'Sharlene', 'Aibhilin', 'Mikelle', 'Hannelore', 'Tacori', 'Gwendolynn', 'Kaymi', 'Trinitey', 'Jalyiah', 'Natasia', 'Samauri', 'Dea', 'Shalonda', 'Salmaan', 'Jirah', 'Tralaya', 'Kaeley', 'Coi']
['Kirubel', 'Lilyonna', 'Sayd', 'Farah', 'Thien', 'Marialy', 'Antrone', 'Seiry', 'Khalee', 'Jaimarie', 'Vyncent', 'Miley', 'Adeleine', 'Lealand', 'Keili', 'Jailon', 'Stafford', 'Alyze', 'Marcellino', 'Sussy', 'Anadalay', 'Tam', 'Mumin', 'Kemily', 'Azavier', 'Juliano', 'Dereck', 'Zamyah', 'Merlina', 'Kaushik']
['Fe', 'Fidel', 'Tajuan', 'Terriona', 'Lynia', 'Nohely', 'Taye', 'Jaaziah', 'Casondra', 'Jalilah', 'Vinnie', 'Meryl', 'Carena', 'Cicily', 'Dhalia', 'Lukis', 'Kinzie', 'Lilienne', 'Deliany', 'Daxen', 'Jaleesa', 'Sanae', 'Coulson', 'Andriy', 'Monserath', 'Trenise', 'Larrissa', 'Avigail', 'Mikea', 'Amr']
['Abhinav', 'Lailani', 'Sihaam', 'Rohil', 'Zaahir', 'Asa', 'Eeliyah', 'Makyra', 'Leib', 'Zackrey', 'Navia', 'Atika', 'Arsalan', 'Merary']
['Kenniyah', 'Jamonte', 'Nancy', 'Haya', 'Keemya', 'Elway', 'Montana', 'Mckaylin', 'Vanesa', 'Taegan', 'Nakari', 'Jezzelle', 'Nidhi', 'Gracia', 'Kensleigh', 'Abdulraheem', 'Detravion', 'Kairy', 'Ettel', 'Delisha', 'Shardae', 'Dragon', 'Natsumi', 'Thaddius', 'Feven', 'Katalina', 'Elysha', 'Ramses', 'Citlally', 'Treyson']
['Ilyn', 'Takia', 'Anouk', 'Jaquan', 'Quentyn', 'Srinath', 'Khamil', 'Avielle', 'Zuzanna', 'Veena', 'Vivica', 'Raphael', 'Azeriah', 'Jos', 'Deriyon', 'Dashun', 'Yajahira', 'Camill', 'Braeley', 'Amor', 'Eddieberto', 'Leilah', 'Guy', 'Mezmariah', 'Coraline', 'Ishmel', 'Dajana', 'Kamora', 'Jeru', 'Osmin']
['Chidi', 'Keyin', 'Eleah', 'Kyo', 'Bright', 'Jeremias', 'Marik', 'Keni']
['Keion', 'Fox', 'Adriene', 'Jophy', 'Margie', 'Janine', 'Artie']
['Dusan', 'Leighann', 'Guadalupe', 'Sincere', 'Nitzia', 'Abriyana', 'Aley', 'Jersi', 'Charlett']
['Gertrude', 'Cylah', 'Demetreus', 'Matt', 'Kay', 'Zolin', 'Malaja', 'Zykerria', 'Adaley', 'Jdan', 'Ganon', 'Chanze', 'Kellon', 'Amritha', 'Venezia', 'Lada', 'Donnelle', 'Noha', 'Adysen', 'Niemah', 'Loni', 'Spartan', 'Kalum']
['Zahriyah', 'Brenya', 'Olive', 'Marcellius', 'Bow']
['Jovey', 'Emmanuela', 'Anastacio', 'Kobe', 'Jema', 'Dhyan', 'Brinleigh', 'Mykaylah', 'Michaell', 'Aylana', 'Aleiyah', 'Mikaelah', 'Jaleena', 'Alayasia', 'Mikyla', 'Kariana', 'Khila', 'Lauralynn', 'Danyca', 'Basha', 'Giannie', 'Jakelin', 'Jerriah']
['Ameerah', 'Raymir', 'Khloee', 'Shamyia', 'Griffon', 'Marrius', 'Stefanny', 'Ori', 'Carsten', 'Iris', 'Tyannah', 'Kaeleen', 'Larry', 'Ancel', 'Byron', 'Mircale', 'Marifer', 'Michai', 'Adanna', 'Kitty', 'Sameeha']
['Crystina', 'Soriya', 'Maude', 'Fabrizzio', 'Jacob', 'Zayquan', 'Julia', 'Bristol', 'Jahred', 'Kameryn', 'Joed', 'Merissa', 'Jarem', 'Xaviel', 'Serenety', 'Marwan', 'Jaydah', 'Estephanie', 'Jaquis', 'Nakaya', 'Rock', 'Rey', 'Jebediah', 'Jasahn']
['Tahir', 'Marck', 'Ailene', 'Rosalio', 'Abaan', 'Aizik', 'Jatziry', 'Ally', 'Donnovan', 'Markise', 'Laticia', 'Chyna', 'Jamaine', 'Dainen', 'Gunther', 'Dorcas']
['Denize', 'Gyzelle', 'Harlem', 'Tashvi', 'Daxx', 'Isaak', 'Emmely', 'Nayara', 'Jamear', 'Abdoulaziz', 'Shanell', 'Sabastion', 'Lizmari', 'Derionna', 'Kenzington', 'Blaine', 'Thadius', 'Dairon', 'Halo', 'Jarrell', 'Dell', 'Deedra']
['Britnee', 'Aysenur', 'Ebany', 'Taigen', 'Tanyla', 'Hashem', 'Janesha', 'Mylani', 'Jesalyn', 'Kapena', 'Zinia', 'Ingrid', 'Cynae', 'Yavian', 'Artyom', 'Zyeir']
['Sevastian', 'Cliff', 'Dessie', 'Satomi', 'Carine', 'Asha', 'Alainna', 'Hayven', 'Zoiee', 'Quintasia', 'Sinia', 'Shahid', 'Saheim', 'Seleen', 'Jamaad', 'Yonason', 'Jesus']
['Jax', 'Mylez', 'Kaira', 'Analiah', 'Kirrah', 'Ahnaya', 'Raeleigh', 'Cisco', 'Bailynn', 'Salif', 'Soniah', 'Shy', 'Devaun', 'Aarohi']
['Jamiyla', 'Akasha']
['Shannel', 'Jabes', 'Tasi', 'Aanyah', 'Antwane', 'Antonin', 'Nalaya', 'Giankarlo', 'Aayana', 'Emilie', 'Anwesha', 'Azzareya']
['Jayme', 'Inaki', 'Leni', 'Tayseer', 'Cordai', 'Alyiana', 'Kaleo']
['Brydan', 'Hesham', 'Mariaelena', 'Selena', 'Kvaughn', 'Apollonia', 'Nakeya']
['Endi', 'Yu', 'Milene', 'Rielly', 'Elisah', 'Lakiyah', 'Liann', 'Jomary', 'Gauge', 'Kenzlie']
['Tafari', 'Armita', 'Tobechi', 'Tayyab', 'Handsome', 'Reynaldo', 'Quintavious']
['Jandre', 'Noami', 'Doyle', 'Aman', 'Bailei', 'Sydelle']
['Abdulrehman', 'Rexford', 'Yaire', 'Alison', 'Davidjr', 'Amonti', 'Sagan', 'Aryeh', 'Treyonna', 'Charlize']
['Casandra', 'Delara', 'Jameisha', 'Johnavan', 'Shamiyah', 'Liat', 'Marnae', 'Sashya']
['Jahlen', 'Dyami', 'Ayahna', 'Tralyn']
['Eliziah', 'Ellarie', 'Sheniyah']
['Dominika', 'Nethra', 'Ron', 'Renyah', 'Siena']
['Shiala', 'Hugo', 'Prakruti', 'Serra', 'Alaija', 'Orren', 'Katarina']
['Shakila', 'Jekeria', 'Jazir', 'Alieyah', 'Shelbee']
['Jerel', 'Kaymarie', 'Oviya', 'Benito']
['Evangelyne', 'Jaeline', 'Ricky']
['Emree', 'Kimball', 'Anagha', 'Litsy', 'Hallei']
['Nishta', 'Masud', 'Yarithza']
['Gor', 'Keyvin', 'Farha', 'Vedika', 'Kyston']
['Mykenna', 'Cyris']
['Kenzo', 'Colie', 'Shamaiya', 'Rayne']
['Adaisha', 'Yarisbel', 'Trystian']
['Evia']
['Sevren', 'Mailen']
['Ryleeann']
['Jasiya', 'Anela']
['Helaman']
['Kayliann', 'Suri']
