['359', '441', '488', '436', '125', '74', '215', '60', '351', '353', '496', '393', '146', '438', '171', '493', '331', '396', '243', '198', '339', '369', '220', '6', '211', '447', '122', '57', '410', '134', '304', '247', '478', '25', '424', '64', '403', '28', '286', '238', '445', '183', '49', '185', '458', '5', '43', '309', '80', '56', '234', '427', '54', '106', '371', '499', '52', '372', '258', '384', '284', '263', '218', '255', '196', '332', '254', '169', '14', '256', '100', '48', '47']
['302', '342', '145', '61', '368', '192', '93', '278', '292', '314', '16', '213', '224', '245', '417', '299', '273', '11', '407', '40', '168', '280', '23', '244']
['275']
['190', '474', '470', '289', '155', '141', '324', '422', '118', '117', '455', '139', '184', '257', '235', '186', '115', '426', '282', '343', '291', '161', '22', '408', '367', '466', '443', '172', '160', '203', '58', '487', '322', '174', '173', '246', '105', '349', '110', '469', '477', '298', '399', '157', '442', '361', '201', '320', '103', '31', '72', '233']
['415', '124', '266', '457', '236', '405', '128', '456', '150', '66', '67', '38', '459', '177', '162', '385', '419', '69', '347', '433', '296', '404', '382', '187', '24', '221', '409', '164', '62', '83', '181', '344', '413', '381', '68', '4', '423', '237', '348', '267', '223', '346', '388', '231', '390', '75', '495', '2', '19', '107']
['316']
['176', '365', '318', '434', '310', '15', '230', '418', '99', '140', '29', '212', '376', '149', '491', '312', '205', '165', '202', '345', '350', '439', '112', '86', '1', '414', '454', '35', '137', '73', '209']
['240', '497', '156', '389', '127', '307', '416', '36', '116', '360', '216', '252', '88', '401']
['374']
['136', '437', '120', '333', '287', '44', '398', '197', '17', '354', '448', '440', '79', '53', '465', '126', '94', '308', '386', '89', '431', '481', '337', '295', '152', '78', '334', '271', '472', '26', '39', '0', '113', '326', '119', '355', '489', '306', '476', '453']
['429']
['260', '272', '167', '7', '498', '364', '391', '377', '432', '444', '241']
['222']
['301']
['462']
['151']
['283']
['121']
['166']
['394']
['12']
['406']
['311']
['480']
['27']
['129']
['395']
['264']
['55']
['262']
['483']
['46']
['20']
['228']
['131']
['329']
['248']
['133']
['251']
['98']
['30']
['300']
['87']
['446']
['65']
['475']
['492']
['132']
['97']
['363']
['239']
['323']
['392']
['265']
['3']
['178']
['277']
['293']
['285']
['59']
['147']
['303']
['268']
['449']
['226']
['338']
['315']
['227']
['179']
['101']
['249']
['210']
['123']
['108']
['70']
['341']
['366']
['356']
['340']
['378']
['199']
['451']
['430']
['412']
['380']
['8']
['319']
['92']
['189']
['290']
['375']
['37']
['269']
['464']
['41']
['91']
['242']
['253']
['18']
['180']
['400']
['313']
['109']
['142']
['471']
['82']
['276']
['170']
['362']
['402']
['288']
['9']
['357']
['484']
['383']
['138']
['435']
['90']
['204']
['96']
['51']
['259']
['373']
['21']
['194']
['207']
['32']
['468']
['411']
['327']
['425']
['421']
['188']
['111']
['175']
['217']
['328']
['460']
['50']
['214']
['77']
['81']
['143']
['358']
['153']
['95']
['482']
['452']
['486']
['13']
['281']
['195']
['321']
['279']
['71']
['182']
['274']
['420']
['305']
['250']
['352']
['42']
['485']
['232']
['330']
['102']
['191']
['208']
['114']
['317']
['45']
['494']
['294']
['63']
['225']
['397']
['387']
['270']
['479']
['428']
['34']
['463']
['33']
['325']
['467']
['206']
['144']
['163']
['379']
['473']
['158']
['135']
['76']
['148']
['461']
['336']
['10']
['85']
['84']
['261']
['335']
['193']
['159']
['297']
['490']
['200']
['104']
['370']
['219']
['229']
['130']
['154']
['450']
