['208', '368', '394', '27', '389', '135', '322', '52', '60', '353', '97', '155', '101', '324', '379', '270', '150', '302', '77', '171', '281', '63', '337', '138', '364', '283', '149', '387', '37', '220', '113', '24', '321']
['165', '269', '351', '289', '318', '118', '316', '331', '354', '376', '347', '123', '369', '338', '189', '83', '13', '121', '206', '214', '390', '175', '16', '122', '57', '239', '374', '237', '228', '284', '348', '267', '174', '94']
['188', '158', '195', '317', '163', '278', '105', '357', '341', '170', '333', '315', '245', '58', '300', '104', '246', '89', '75', '137', '9', '211', '3', '238', '314', '21', '320', '183', '72', '242', '377', '266', '297', '17']
['244', '396', '385', '205', '362', '339', '179', '116', '367', '370', '223', '68', '50', '78', '201', '26', '200', '264', '144', '190', '73', '272', '230', '198', '59', '375', '327', '80', '193', '93', '106', '212']
['42', '397', '304', '346', '395', '345', '19', '161', '330', '203', '383', '141', '287', '234', '67', '306', '139', '133', '277', '130', '102', '263', '291', '30', '213', '11', '225', '285', '70', '86', '293', '33']
['373', '154', '326', '310', '114', '49', '381', '157', '43', '54', '254', '288', '312', '187', '384', '160', '196', '4', '172', '20', '48', '126', '325', '240', '386', '46', '14', '98', '329', '273', '256', '100', '38']
['311', '227', '286', '192', '235', '151', '344', '382', '241', '109', '366', '162', '360', '332', '252', '260', '352', '222', '276', '180', '120', '125', '176', '215', '66', '167', '282', '117', '1', '29', '257', '232']
['274', '81', '380', '146', '88', '280', '8', '74', '15', '356', '53', '388', '166', '110', '5', '164', '202', '181', '350', '290', '145', '34', '295', '259', '127', '336', '64', '216', '28', '148', '191', '107']
['136', '305', '156', '349', '250', '40', '108', '10', '365', '392', '210', '243', '342', '115', '391', '221', '226', '6', '299', '25', '152', '76', '359', '142', '185', '18', '236', '44', '178', '217', '309', '275', '323']
['22', '35', '248', '271', '393', '95', '265', '12', '233', '84', '39', '0', '197', '96', '92', '378', '268', '132', '261', '99', '251', '249', '371', '69', '355', '31', '186', '372', '292', '119', '218', '255']
['45', '168', '51', '87', '298', '32', '7', '56', '303', '219', '111', '91', '258', '62', '204', '159', '224', '334', '340', '147', '131', '294', '41', '229', '153', '47', '358', '2', '319', '253', '279', '169', '361']
['112', '247', '363', '313', '207', '36', '143', '262', '301', '209', '65', '23']
['55', '103', '79', '307', '173', '71', '194']
['296', '140', '308']
['177']
['335']
['343']
['90']
['184']
['182']
['124']
['134']
['85']
['199']
['231']
['82']
['61']
['129']
['128']
['328']
