['AGD', 'ANP', 'ATP', 'AHW', 'AFC', 'AMT', 'AJJ', 'AHQ', 'ABV', 'AJX', 'ANH', 'AHN', 'AQD', 'ACT', 'ANQ']
['ABE', 'AEP', 'ALX', 'AAN', 'AJP', 'AAL', 'ASR', 'ANB', 'AEY', 'AOW', 'AAK', 'AHJ', 'AKI', 'AIY']
['AOB', 'AOL', 'ATB', 'AAM', 'ATL', 'AII', 'AAI', 'AHU', 'AQM', 'AIL', 'AAA', 'AQL', 'ACY']
['ACA', 'AJD', 'AJF', 'AAT', 'AHS', 'AAQ', 'AES', 'ADR', 'APR', 'AGO', 'ATV', 'AFK', 'AIE', 'AMH']
['ASL', 'ARG', 'API', 'APW', 'AET', 'AMB', 'APV', 'ALF', 'AMI', 'AND', 'ANI', 'AER', 'ATK', 'AAP']
['AME', 'ARI', 'AHK', 'AOE', 'AFG', 'AHB', 'AKR', 'AOH', 'AGW', 'AFT', 'AFJ', 'AGV', 'ARN', 'ALW']
['AMQ', 'AFL', 'ABJ', 'ATR', 'ABN', 'AAH', 'AQU', 'AJT', 'ABG', 'ASF', 'ADP', 'AGU', 'AHO', 'AON']
['APA', 'AJE', 'AIP', 'AEC', 'AMF', 'AOQ', 'ABP', 'AGH', 'APY', 'APS', 'ATX', 'ALN', 'ADJ', 'ASI']
['ANW', 'AAV', 'AHL', 'AIM', 'AKX', 'AOA', 'AGI', 'ARK', 'AJM', 'AEM', 'AOR', 'AMS', 'AAB']
['AFN', 'ADH', 'ALQ', 'ARP', 'AEV', 'APC', 'AHI', 'AQH', 'AJG', 'ALS', 'ABI', 'APF', 'AGC', 'ASN']
['AFU', 'ALK', 'AFQ', 'AAF', 'AJA', 'AIH', 'AJY', 'APU', 'AGA', 'ARC', 'AMV', 'ACO', 'AAU', 'APO']
['AFS', 'AGJ', 'AFF', 'AFO', 'AKE', 'ARF', 'AJL', 'ANU', 'AIA', 'ATI', 'ACX', 'ASM', 'ABQ']
['ARV', 'ATT', 'APB', 'AMN', 'ACQ', 'ACC', 'APX', 'ADA', 'AGY', 'ASD', 'ASB', 'AMA']
['AQV', 'AJV', 'ART', 'ALI', 'AQF', 'AGP', 'AJS', 'AFE', 'AJW', 'AFY', 'ABL', 'ADS', 'ANA']
['ALO', 'ALE', 'ABW', 'AJI', 'AIO', 'ARS', 'AKD', 'AHD', 'AMU', 'AIF', 'AOU', 'AHV', 'AED']
['ARL', 'AIB', 'AHH', 'APH', 'ARE', 'AOY', 'ACB', 'AIU', 'ATW', 'ANV', 'ALR', 'AKG']
['AKN', 'AEB', 'AQS', 'ACV', 'AHR', 'AKC', 'AQT', 'ASC', 'ACK', 'AQB', 'ABC', 'AKU', 'ABA']
['AIQ', 'AEL', 'AAJ', 'AQO', 'ATF', 'ASS', 'AGE', 'AGN', 'AHA', 'ALG', 'ADB', 'AKL']
['AST', 'ANT', 'AEX', 'ASH', 'AJH', 'ARU', 'ABH', 'AGB', 'AJU', 'AKK', 'ADW']
['ANX', 'AEN', 'AIG', 'ASK', 'AKS', 'ASV', 'AFV', 'AKH', 'ADC', 'AIC', 'ACL', 'AHF', 'AOG']
['ADT', 'AQA', 'ANY', 'AKQ', 'AGX', 'ATS', 'ALM', 'AKF', 'ATG', 'AOF', 'ATQ', 'AFP']
['ADX', 'ACR', 'APM', 'AOI', 'AFW', 'ADG', 'ANS', 'ATC', 'AJN', 'AFB', 'AQP', 'ACU']
['AGG', 'ALJ', 'ADN', 'AGL', 'AEJ', 'AKP', 'AEE', 'AKT', 'AGQ', 'ACP', 'AQE', 'AHE']
['ANC', 'AHC', 'ANF', 'AAG', 'AHG', 'AFM', 'ABS', 'AHT', 'ASG', 'AKB', 'AEW']
['ACI', 'AAY', 'ALC', 'ALT', 'ADE', 'ATA', 'AEU', 'AAC', 'ABT', 'ANN', 'AJK', 'AFD']
['APE', 'AMR', 'AMK', 'ABU', 'AKM', 'ACJ', 'ADK', 'APK', 'AJQ', 'ADO', 'ACE', 'ALD', 'ABF']
['ARB', 'ARJ', 'APG', 'AGS', 'ATH', 'AMG', 'ATJ', 'AKA', 'AIT', 'AQK', 'ADF']
['ADD', 'ALL', 'AOM', 'ACH', 'ARH', 'AIR', 'ADI', 'ATY', 'AEK', 'ARM', 'ASE', 'AQG']
['ADQ', 'ABO', 'ALV', 'ABK', 'AMO', 'ARA', 'AGR', 'ANR', 'APP', 'ADV', 'AQQ', 'AEA']
['AAO', 'ALP', 'ADM', 'ATM', 'ATO', 'AEG', 'AIX', 'AOO', 'AOX', 'AOP', 'AIJ', 'AMM']
['ANE', 'AFR', 'APQ', 'AQY', 'ATD', 'ASO', 'ALU', 'AMP', 'ANG', 'AOD', 'AOV']
['AMW', 'AIK', 'ARY', 'AGM', 'ASW', 'ASJ', 'ARR', 'AQI', 'APJ', 'AEF', 'ABR', 'ANL']
['ASU', 'AMC', 'ASQ', 'AKY', 'ALH', 'AAE', 'AFI', 'AGK', 'ADY', 'ALB', 'ADU', 'ASY']
['ANJ', 'ABX', 'AKO', 'ASX', 'AAR', 'ACD', 'ACF', 'AAW', 'ANO', 'AGF', 'ARQ', 'AJC']
['AOT', 'ABM', 'AID', 'AOJ', 'ARX', 'ATU', 'AKV', 'AEO', 'ASP', 'AIV', 'AMJ']
['AQW', 'AMX', 'ABB', 'ATE', 'ACM', 'ASA', 'AJO', 'AFH', 'AKW', 'AAX', 'AKJ', 'ARD']
['AIW', 'AQN', 'ARO', 'AJR', 'APN', 'ABY', 'ANM', 'ANK', 'AJB', 'ALA']
['AFX', 'AOK', 'ALY', 'ADL', 'AMY', 'APL', 'AMD', 'AIS', 'ACW', 'AOC', 'AQC', 'ATN']
['AQR', 'ABD', 'AHM', 'AEQ', 'ACS', 'AHX', 'AEI', 'AFA', 'ACG', 'APT', 'AIN', 'AAD']
['APD', 'AAS', 'AHY', 'AQJ', 'ACN', 'AML', 'AQX', 'AOS', 'AGT', 'AEH', 'AHP', 'ARW']
