['185', '204', '211', '158', '159', '221', '177', '172', '160', '195', '175', '182', '223', '207', '194', '198', '167', '173', '199', '188', '153', '216', '162', '152', '192', '201', '151', '166', '157', '161']
['222', '224', '176', '217', '213', '156', '205', '212', '214', '186', '169', '220', '225', '209', '189', '197', '164', '202', '181', '183', '196']
['170', '203', '163', '210', '190', '184', '219', '191', '200', '206', '178', '401', '423', '404']
['58', '6', '30', '27', '18', '34', '5', '60', '33', '56', '48', '62', '7', '13', '63', '67', '51', '45', '75', '50', '1', '35', '19', '31', '28', '52', '59', '38', '70', '73']
['180', '193', '218', '208', '168', '165', '255', '238', '264', '263', '417', '422', '425', '447', '440']
['125', '124', '116', '147', '112', '86', '118', '122', '97', '128', '141', '92', '140', '134', '80', '102', '132', '110', '117', '81', '90', '138', '106', '114', '78', '82', '121', '100', '98', '143']
['154', '171', '179', '215', '346', '337', '363', '341', '352', '335', '484', '490', '493', '483', '499', '497', '498', '481']
['32', '47', '8', '74', '20', '15', '61', '25', '46', '14', '12', '2', '69', '3', '39', '24', '21', '68', '17', '10']
['9', '11', '4', '16', '36', '54', '71', '57', '37', '40', '55', '462', '465', '445']
['44', '43', '64', '26', '41', '49', '22', '486', '480', '494', '476', '477', '496', '485', '478', '487', '479', '488', '492', '500', '489', '482']
['174', '137', '135', '79', '126', '230', '236', '246', '358', '356', '443', '437', '430', '441', '434', '442']
['105', '109', '120', '96', '129', '130', '101', '94', '87', '123', '107', '111', '108', '136', '144']
['315', '311', '318', '319', '297', '317', '321', '309', '293', '304', '294', '322', '287', '282', '281', '302', '306', '299', '303', '320', '288', '298', '316', '312', '278', '292', '301', '308', '280', '291']
['29', '66', '23', '88', '95', '421', '400', '397', '377', '385', '376', '398', '403', '407', '382', '391', '379', '409', '412', '424', '386', '413', '402']
['115', '142', '145', '146', '139', '85', '133', '148', '89', '76', '84', '495', '436', '448']
['284', '305', '290', '307', '325', '300', '279', '286', '283', '313', '452', '455', '467', '459', '466', '472', '460', '451', '475', '463', '454', '471']
['155', '187', '237', '257', '239', '254', '233', '259', '261', '242', '408', '491', '342', '387']
['65', '53', '42', '329', '330', '338', '333', '327', '366', '362', '374', '350', '365', '343']
['271', '269', '226', '245', '228', '270', '252', '234', '240', '268', '248', '231', '251', '249', '273', '232', '243', '227', '229', '235', '262', '275', '256', '260', '244', '241']
['72', '266', '253', '247', '265', '272', '258', '274', '267', '250', '464', '461', '453', '468', '473', '456', '470', '469', '474']
['276', '296', '310', '323', '295', '277', '380', '394', '393', '396', '420', '419', '399', '392', '381', '414', '384', '388']
['314', '289', '285', '324', '360', '353', '373', '355', '432', '439', '435', '431', '444', '433', '428', '426', '449', '438', '427', '429', '446', '450']
['331', '359', '368', '340', '328', '351', '348', '336', '349', '367', '371', '364', '354', '334', '347', '344', '372', '339', '369', '361', '326', '357', '370', '345']
['119', '99', '127', '104', '93', '91', '103', '395', '390', '406', '389', '411', '405', '458', '457']
['149', '131', '150', '77', '113', '83', '332', '375', '415', '378', '418', '410', '383', '416']
