['Roy', 'Kisha', 'Glennie', 'Clarissa', 'Albert', 'Hedwig', 'Gerardo', 'Jacque', 'Kathryn', 'Matthew', 'Frank', 'Steve', 'Alicia', 'Bonnie', 'Christian', 'Angelica', 'Lyle', 'Mike', 'Louis', 'Pamela', 'Loraine', 'Eva', 'Charlotte', 'Tommy', 'Lawrence', 'Dana', 'Karren', 'Lena', 'Laurence', 'Carole', 'Kristine', 'Maryann', 'Laura', 'Berta', 'Lorraine', 'Imogene', 'Don', 'Chris', 'Willis', 'Bertha', 'Eugenia', 'Carmen', 'Glenna', 'Michelle', 'Jessica', 'Larry', 'Melissa', 'Douglas', 'Viola', 'Rafael', 'Steven', 'Alexander', 'Molly', 'Fredrick', 'Lynne', 'Darlene', 'Laurie', 'Polly', 'Richard', 'Eugene', 'Reggie', 'Kellie', 'Peter', 'Kaitlyn', 'Lillian', 'Catherine', 'Annalee', 'Juan', 'Donald', 'Curtis', 'Jo', 'Erik', 'Mabel', 'Garrett', 'Wallace', 'Ronald', 'Derek', 'Betty', 'Lewis', 'Beverly', 'Justin', 'Wayne', 'Sam', 'Harold', 'Michael', 'Jeffrey', 'Adele', 'Mario', 'Angela', 'Judy', 'Jeanine', 'Wesley', 'Philip', 'Harvey', 'Lucie', 'Bradley', 'Elia', 'Eric', 'Guy', 'Nola', 'Ryan', 'Emily']
['Blair', 'Brenda', 'Sheryl', 'Mildred', 'Jennifer', 'Wendy', 'Gilda', 'Carol', 'Randolph', 'Alvin', 'Phillip', 'Miles', 'Janene', 'Leticia', 'Edward', 'Kristin', 'Alison', 'Timothy', 'Jeff', 'Booker', 'Jeremy', 'Norma', 'Willie', 'Deborah', 'Kenneth', 'Herbert', 'Jose', 'Brian', 'Jimmy', 'Stanley', 'Bessie', 'Raphael', 'Dorothy', 'Amos', 'Raeann', 'Arturo', 'Mack', 'Roberta', 'Kirk', 'Andrew', 'Theresa', 'Troy', 'Jean', 'Stacy', 'Andres', 'Tony', 'Lana', 'Charles', 'Josephine', 'Stephen', 'Anthony', 'Alfred', 'Bernard', 'Jodi', 'Amy', 'Ellis', 'Elizabeth', 'Carlos', 'Raymond', 'Jorge', 'Morris', 'Joanne', 'Kim', 'Marjorie', 'Janet', 'James', 'Ivonne', 'Ricky', 'Ward', 'Selma', 'Francisco', 'Leanne', 'Martha', 'Clyde', 'Ann', 'Joni', 'Debra', 'Derrick', 'Rolf', 'Samuel', 'Priscilla', 'David', 'Shannon', 'Martin', 'Robert', 'Clarence', 'Jane', 'Cory', 'Bruce', 'Rosa', 'Belinda', 'Tamika', 'Craig', 'Mireya', 'Joshua', 'Ralph', 'Reuben', 'Marie', 'Hugh']
['Gary', 'Myriam', 'Dorothea', 'Bobby', 'Beth', 'Thelma', 'John', 'Rosie', 'Suzie', 'Kevin', 'Edwin', 'Clayton', 'Annette', 'Scot', 'Stephanie', 'Pete', 'Susan', 'Ruby', 'Quintin', 'Bethany', 'Shirley', 'Rebecca', 'Ida', 'Cornelius', 'Evelyn', 'Selina', 'Robyn', 'Lahoma', 'Gail', 'Barbara', 'Olivia', 'Virginia', 'Jonathan', 'Sylvia', 'Jeffery', 'Natalie', 'Elsie', 'Lori', 'Glen', 'Marion', 'Deanna', 'Tracy', 'Winnifred', 'Mary', 'Cecile', 'Kelly', 'Maria', 'Jason', 'Constance', 'Sherri', 'Del', 'Phyllis', 'Marlene', 'Warren', 'Lonnie', 'Lilian', 'Tanya', 'Joseph', 'Wanda', 'Carl', 'Peggy', 'Dennis', 'Lloyd', 'Marcella', 'Rosalee', 'Linda', 'Andre', 'Dawn', 'Lisha', 'Maureen', 'Ursula', 'Tara', 'Nina', 'Antonio', 'Monica', 'Eura', 'Calvin', 'Alex', 'Tim']
['Moses', 'Jayme', 'Travis', 'Winifred', 'Gwen', 'Frederick', 'Theodore', 'Margert', 'Kerri', 'Will', 'Fred', 'Patricia', 'Veronica', 'Marcelino', 'Inez', 'Cheryl', 'Irving', 'Gerald', 'Marco', 'Burl', 'Raul', 'Eleanor', 'Gladys', 'Rhonda', 'Ouida', 'Ernestine', 'Toni', 'Kerrie', 'Morgan', 'Cindy', 'Roosevelt', 'Fernando', 'Christopher']
['Patrick', 'Paula', 'Domingo', 'April', 'Fredda', 'Thomas', 'Keri', 'Tuan', 'Ana', 'Leona', 'Wilma', 'Marlin', 'Seth', 'Sarita', 'Pat', 'Brandon', 'Dawna', 'Mark', 'Emery', 'Jesus']
['Roberto', 'Ashley', 'Nancy', 'Dale', 'Daniel', 'Donna']
['Rachel', 'Joann', 'Emmie']
['Lulu']
['Marilyn']
['Lucy']
['Robin']
['Mable']
['Susanna']
['Cecilia']
['Paul']
['Lydia']
['Krysten']
['Danny']
['Michele']
['Stephany']
['Esther']
['Rosalyn']
['Kylie']
['Leigh']
['Pablo']
['Georgette']
['Walter']
['Freda']
['Christine']
['Lane']
['Beulah']
['Grant']
['Lessie']
['Cassie']
['Gregory']
['Helen']
['Corey']
['Reginald']
['Katherine']
['Juanita']
['Stacie']
['Jacob']
['Teresa']
['Joe']
['Reinaldo']
['Margarito']
['Alice']
['Gertrude']
['Danielle']
['Lucille']
['Diana']
['Latisha']
['George']
['Nelson']
['Ernest']
['Terry']
['Ronda']
['Roger']
['Everett']
['Ray']
['Gordon']
['Andrea']
['Marian']
['Cesar']
['Miguel']
['Pamella']
['Sylvester']
['Ellen']
['Audrey']
['Kathleen']
['Adam']
['Margaret']
['Cathy']
['Rick']
['Victor']
['Caridad']
['Christina']
['Kimberly']
['Matt']
['William']
['Dean']
['Cassandra']
['Darrell']
['Irene']
['Norman']
['Myron']
['Gloria']
['Vella']
['Heather']
['Nicole']
['Sally']
['Geraldine']
['Marquerite']
['Therese']
['Pauline']
['Doris']
['Carmelita']
['Wilson']
['Judith']
['Karen']
['Sofia']
['Melanie']
['Jesse']
['Anna']
['Crystal']
['Ruth']
['Ollie']
['Connie']
['Sharon']
['Mae']
['Ingeborg']
