['196', '6', '50', '186', '8', '2', '340', '149', '31', '60', '82', '169', '286', '33', '155', '32', '262', '119', '331', '303']
['240', '142', '27', '11', '257', '284', '328', '195', '15', '107', '192', '102', '318', '287', '260', '164', '165', '274', '281', '396']
['375', '85', '93', '225', '296', '34', '350', '160', '9', '304', '317', '362', '384', '221', '146', '210', '103', '351', '231']
['360', '55', '145', '35', '235', '357', '395', '342', '157', '391', '313', '383', '173', '380', '280', '261', '322']
['315', '369', '216', '376', '292', '3', '300', '59', '264', '179', '316', '246', '23', '132', '72', '242']
['5', '311', '251', '112', '115', '4', '19', '279', '327', '255', '347', '324', '108', '86', '248']
['75', '217', '212', '236', '135', '321', '310', '166', '237', '250', '48', '172', '66', '188']
['325', '390', '139', '190', '253', '123', '228', '198', '130', '61', '183', '368']
['147', '120', '143', '382', '113', '24', '356', '194', '64']
['201', '99', '305', '349', '377', '208', '244', '111', '366', '258', '346', '151']
['26', '98', '367', '148', '370', '229', '230', '163', '343', '40']
['54', '185', '288', '338', '344', '363', '326', '205']
['209', '214', '381', '385', '254', '156', '234', '13']
['158', '152', '319', '121', '306', '200', '332', '84', '144', '65', '386', '49']
['211', '159', '137', '70', '399', '88', '110']
['97', '398', '18', '273', '182', '259', '56', '36', '226', '118']
['247', '12', '175', '138', '28', '191', '96', '339', '46']
['95', '140', '224', '150', '227', '293', '323', '378', '174', '16']
['379', '309', '275', '374', '126', '41']
['21', '397', '213', '278', '243', '83', '181', '177']
['73', '81', '266', '129', '294', '348']
['171', '90', '133', '199', '101', '80', '336', '105']
['122', '116', '299', '393', '91', '352']
['249', '358', '392', '301']
['387', '162', '57', '256', '285', '361', '197']
['308', '215', '77']
['320', '134', '53', '241']
['206', '131', '218']
['354', '45']
['184', '30', '298', '289']
['290', '92', '127', '178']
['44', '76', '0', '180']
['355', '359', '373']
['71', '52', '39', '252']
['89', '204', '389', '87']
['269', '297']
['333', '291']
['154', '265', '10']
['104', '47']
['67', '136', '43']
['222']
['20', '68', '233', '109']
['51', '1', '270']
['245', '334', '353']
['187', '239']
['124', '69']
['388']
['78']
['58', '14']
['106']
['63', '167', '372']
['219', '283', '125', '117']
['220']
['238', '141']
['100']
['271', '314']
['62']
['74', '345']
['29']
['394']
['364']
['341']
['94']
['263']
['202', '189']
['307']
['232']
['302']
['282']
['329']
['42']
['17', '223']
['295']
['268']
['161']
['170']
['114']
['337']
['267']
['335']
['276']
['193']
['272']
['79']
['22']
['312']
['330']
['7']
['168']
['371']
['277']
['25']
['128']
['176']
['38']
['37']
['153']
['207']
['203']
['365']
