['node302', 'node236', 'node182', 'node99', 'node282', 'node299', 'node294', 'node297', 'node1', 'node273', 'node399', 'node300', 'node224', 'node201', 'node242']
['node375', 'node377', 'node364', 'node413', 'node374', 'node368', 'node372', 'node373', 'node45', 'node20', 'node371', 'node330', 'node283', 'node180', 'node367']
['node73', 'node154', 'node76', 'node234', 'node83', 'node74', 'node328', 'node78', 'node161', 'node80', 'node411', 'node231', 'node71', 'node293', 'node326']
['node312', 'node321', 'node409', 'node61', 'node317', 'node320', 'node152', 'node251', 'node218', 'node316', 'node309', 'node319', 'node419', 'node304', 'node163']
['node344', 'node140', 'node343', 'node356', 'node349', 'node11', 'node188', 'node370', 'node206', 'node336', 'node341', 'node337', 'node347', 'node394', 'node408']
['node363', 'node211', 'node220', 'node26', 'node193', 'node353', 'node333', 'node164', 'node361', 'node351', 'node359', 'node362', 'node355', 'node96', 'node307']
['node382', 'node388', 'node156', 'node389', 'node215', 'node160', 'node386', 'node378', 'node404', 'node295', 'node387', 'node14', 'node366', 'node384', 'node381']
['node106', 'node178', 'node239', 'node109', 'node110', 'node250', 'node100', 'node59', 'node66', 'node104', 'node111', 'node108', 'node107', 'node102', 'node93']
['node174', 'node173', 'node324', 'node169', 'node123', 'node4', 'node298', 'node172', 'node88', 'node170', 'node168', 'node101', 'node179', 'node177', 'node181']
['node365', 'node369', 'node65', 'node146', 'node39', 'node129', 'node342', 'node131', 'node103', 'node376', 'node221', 'node254', 'node402']
['node38', 'node292', 'node33', 'node37', 'node35', 'node130', 'node34', 'node31', 'node30', 'node335', 'node28', 'node141', 'node205', 'node41', 'node98']
['node116', 'node117', 'node210', 'node113', 'node230', 'node124', 'node118', 'node16', 'node125', 'node121', 'node112', 'node120', 'node244', 'node114', 'node338']
['node259', 'node260', 'node264', 'node3', 'node255', 'node258', 'node134', 'node64', 'node256', 'node265', 'node269', 'node414', 'node67', 'node257', 'node261']
['node318', 'node151', 'node162', 'node314', 'node310', 'node322', 'node311', 'node313', 'node262', 'node308', 'node127', 'node315', 'node391']
['node6', 'node8', 'node208', 'node13', 'node9', 'node51', 'node7', 'node2', 'node90', 'node12', 'node68', 'node348', 'node22', 'node5', 'node240']
['node417', 'node415', 'node412', 'node410', 'node147', 'node52', 'node418', 'node407', 'node416', 'node406', 'node48', 'node274']
['node396', 'node400', 'node403', 'node398', 'node401', 'node405', 'node62', 'node392', 'node395', 'node243', 'node393', 'node397', 'node207', 'node70']
['node249', 'node247', 'node238', 'node171', 'node196', 'node241', 'node248', 'node246', 'node245', 'node289', 'node286', 'node287', 'node281']
['node44', 'node46', 'node54', 'node346', 'node55', 'node53', 'node63', 'node43', 'node42', 'node50', 'node49', 'node288', 'node105', 'node47']
['node214', 'node219', 'node266', 'node271', 'node213', 'node222', 'node216', 'node212', 'node285', 'node217', 'node223', 'node420']
['node132', 'node91', 'node136', 'node92', 'node126', 'node133', 'node306', 'node138', 'node137', 'node128', 'node32', 'node135', 'node149', 'node139', 'node191']
['node329', 'node325', 'node332', 'node331', 'node334', 'node323', 'node175', 'node327', 'node29', 'node40', 'node36']
['node390', 'node84', 'node385', 'node379', 'node305', 'node380', 'node383', 'node303', 'node301', 'node296', 'node340', 'node339']
['node197', 'node82', 'node145', 'node200', 'node199', 'node204', 'node202', 'node198', 'node209', 'node233', 'node203']
['node192', 'node195', 'node184', 'node89', 'node194', 'node186', 'node189', 'node187', 'node24', 'node190', 'node183', 'node185']
['node17', 'node18', 'node21', 'node87', 'node15', 'node25', 'node27', 'node19', 'node23', 'node290', 'node10']
['node155', 'node291', 'node166', 'node165', 'node167', 'node157', 'node159', 'node263', 'node158', 'node237', 'node354']
['node77', 'node272', 'node75', 'node79', 'node72', 'node81', 'node115', 'node358', 'node122', 'node119', 'node176']
['node85', 'node97', 'node95', 'node94', 'node86', 'node252', 'node253', 'node278', 'node277', 'node270', 'node267', 'node275', 'node279', 'node276', 'node268']
['node60', 'node57', 'node280', 'node56', 'node58', 'node69', 'node144', 'node150', 'node148', 'node142', 'node284', 'node153', 'node143']
['node228', 'node229', 'node235', 'node225', 'node232', 'node227', 'node226', 'node350', 'node360', 'node352', 'node357', 'node345']
