['475', '437', '120', '457', '420', '434', '365', '155', '432', '66', '118', '455', '85', '162', '385', '199', '243', '166', '387', '373', '113', '51', '409', '164', '170', '121', '10', '109', '334', '367']
['49', '125', '338', '321', '215', '353', '392', '270', '406', '470', '177', '257', '150', '347', '123', '374', '341', '216', '290', '145', '188', '415', '90', '317', '71', '122', '348', '25', '101', '89']
['8', '135', '176', '74', '310', '473', '479', '287', '383', '438', '117', '138', '329', '82', '316', '83', '350', '206', '214', '175', '239', '136', '428', '174', '449', '424', '137', '460', '2', '26']
['88', '124', '336', '53', '77', '171', '337', '354', '419', '267', '342', '339', '221', '423', '226', '116', '16', '466', '245', '380', '304', '129', '454', '412', '75', '403', '469', '9', '413', '238']
['369', '269', '394', '27', '431', '351', '163', '472', '173', '282', '29', '364', '105', '362', '37', '189', '405', '202', '6', '333', '443', '134', '228', '414', '322', '246', '81', '50', '107', '39']
['14', '318', '195', '157', '396', '302', '462', '46', '232', '220', '474', '461', '421', '233', '114', '28', '255', '32', '21', '185', '5', '217', '96', '79', '43', '7', '193', '306', '305', '453']
['426', '410', '379', '422', '146', '210', '388', '1', '343', '378', '57', '478', '127', '346', '230', '323', '35', '250', '272', '128', '59', '159', '80', '268', '313', '442', '212', '54', '411', '261']
['154', '441', '158', '167', '281', '115', '433', '197', '301', '211', '12', '471', '94', '64', '152', '19', '148', '327', '201', '76', '183', '190', '297', '447', '92', '456', '465', '151', '372', '111']
['47', '393', '376', '179', '247', '34', '300', '358', '390', '78', '192', '73', '22', '242', '430', '368', '44', '309', '277', '139', '303', '254', '69', '31', '186', '344', '274', '119', '161', '196']
['363', '312', '97', '24', '357', '181', '68', '87', '42', '477', '208', '429', '169', '381', '102', '234', '132', '459', '55', '143', '93', '106', '285', '258', '328', '445', '204', '375', '296', '340']
['451', '436', '231', '468', '286', '61', '398', '141', '249', '450', '288', '227', '370', '284', '476', '311', '112', '20', '293', '417', '325', '273', '366', '319', '256', '289', '262', '65']
['140', '223', '397', '404', '425', '391', '399', '200', '17', '331', '248', '99', '251', '52', '278', '292', '408', '224', '86', '131', '182', '130', '260', '265', '205', '98', '435', '253', '100', '40']
['295', '448', '324', '283', '149', '382', '165', '58', '389', '70', '352', '56', '427', '371', '91', '452', '241', '11', '160', '203', '229', '110', '298', '209', '280']
['307', '15', '402', '191', '3', '314', '271', '142', '178', '219', '264', '30', '225', '207', '467', '194', '126', '386', '349', '279', '407', '168', '41', '276']
['330', '259', '13', '458', '275', '377', '62', '291', '4', '332', '464', '400', '38', '326', '446']
['401', '266', '263', '345', '235', '144', '236', '67', '133', '395', '218', '63', '103']
['156', '237', '0', '213', '444', '172', '335', '240', '36', '299', '153', '308', '23']
['95', '439', '355', '440', '418', '147', '294', '360', '222']
['60', '18', '356', '361']
['252', '320', '384', '33', '244']
['315', '72', '416', '84']
['184', '108', '187']
['359', '198', '45', '180']
['48', '463', '104']
