['150', '437', '158', '135', '60', '195', '155', '479', '163', '77', '171', '470', '354', '149', '404', '292', '339', '220', '113', '24', '454', '405', '343', '170', '83', '13', '121', '214', '175', '16', '188', '415', '443', '136', '410']
['342', '269', '441', '27', '431', '351', '473', '71', '324', '383', '281', '118', '493', '337', '396', '376', '347', '491', '123', '409', '341', '434', '333', '122', '57', '245', '304', '389', '348', '346', '199', '75', '218', '137', '78']
['442', '394', '321', '448', '379', '385', '91', '432', '37', '187', '206', '461', '247', '367', '68', '239', '134', '58', '421', '223', '425', '412', '50', '19', '9', '238', '429', '266', '430', '203', '297', '277', '80', '234', '427']
['119', '457', '97', '101', '138', '419', '387', '369', '338', '189', '94', '104', '231', '201', '286', '161', '21', '183', '242', '159', '26', '465', '306', '397', '106', '444', '263', '482', '314', '196', '498', '408', '225', '285', '160']
['39', '499', '318', '270', '357', '390', '228', '300', '414', '267', '174', '246', '114', '399', '200', '144', '49', '190', '406', '192', '327', '43', '54', '453', '254', '377', '133', '288', '235', '151', '86', '264', '439', '483', '70']
['256', '420', '154', '364', '222', '391', '374', '89', '255', '241', '477', '398', '73', '272', '456', '193', '486', '312', '452', '284', '291', '30', '4', '384', '293', '325', '400', '329', '273', '294', '271', '289', '98', '252', '108']
['287', '237', '472', '17', '230', '59', '438', '139', '93', '212', '278', '426', '172', '3', '335', '366', '48', '467', '156', '386', '12', '360', '407', '40', '352', '276', '315', '8', '310', '142', '496', '422', '66', '167', '210']
['44', '353', '283', '368', '148', '198', '459', '418', '179', '476', '375', '33', '240', '46', '14', '100', '280', '180', '10', '484', '494', '125', '15', '485', '146', '117', '29', '257', '110', '165', '202', '216', '350', '6', '145']
['362', '478', '320', '72', '490', '130', '296', '344', '395', '11', '451', '463', '168', '88', '487', '481', '124', '120', '488', '436', '176', '462', '497', '53', '173', '85', '162', '232', '316', '166', '373', '115', '221', '492', '211']
['480', '61', '184', '382', '328', '20', '260', '84', '392', '1', '95', '243', '433', '259', '181', '226', '153', '317', '64', '116', '495', '298', '32', '76', '185', '18', '458', '197', '178', '447', '275', '323', '79', '331', '489']
['311', '81', '99', '213', '126', '349', '474', '227', '74', '469', '378', '466', '34', '322', '25', '449', '424', '42', '208', '0', '250', '359', '365', '5', '309', '96', '128', '7', '268', '248', '313', '305', '303', '69', '87']
['262', '380', '38', '282', '455', '164', '307', '229', '127', '152', '35', '28', '107', '393', '56', '132', '261', '251', '249', '440', '355', '219', '274', '111', '411', '258', '22', '204', '194', '356', '388', '265', '45', '295', '435']
['334', '102', '332', '290', '423', '336', '403', '217', '92', '371', '31', '345', '381', '112', '340', '131', '182', '207', '464', '299', '330', '428', '169', '326', '103', '446']
['62', '460', '67', '63', '416', '177', '205', '51', '2', '157', '55', '140', '52', '372', '370', '413', '224', '302', '358', '475', '363', '308', '65']
['90', '244', '401', '82', '109', '471', '445', '147', '105', '361']
['41', '191', '215', '402', '129', '450', '186', '417', '36', '47']
['253', '279', '319']
['468', '233', '236']
['143', '141', '301', '23']
['209']
