['7', '6', '11', '8', '4', '5', '17', '446', '15', '18', '89', '14', '12', '1', '2', '253', '9', '16', '0', '19']
['347', '359', '30', '358', '354', '340', '350', '385', '344', '342', '353', '356', '348', '357', '341', '343', '346', '352', '345', '355']
['271', '269', '266', '267', '273', '278', '276', '279', '272', '131', '281', '277', '275', '282', '270', '280', '263', '274', '268', '265']
['482', '484', '468', '480', '224', '450', '466', '470', '469', '475', '481', '473', '471', '478', '467', '479', '483', '472', '465', '476']
['243', '400', '251', '247', '257', '256', '249', '245', '248', '244', '252', '262', '254', '258', '250', '259', '260', '246', '261', '255']
['336', '337', '330', '339', '329', '334', '338', '328', '331', '333', '327', '335', '323', '332', '324', '326', '322', '321', '194', '325']
['37', '27', '29', '21', '35', '453', '34', '36', '20', '28', '26', '33', '39', '32', '24', '25', '38', '23', '22']
['220', '214', '211', '213', '212', '222', '216', '215', '217', '227', '219', '228', '225', '209', '221', '223', '210', '218', '226']
['384', '390', '394', '396', '392', '398', '393', '399', '387', '389', '391', '96', '383', '397', '388', '386', '395', '401']
['160', '153', '158', '138', '145', '152', '149', '151', '163', '148', '157', '161', '155', '159', '156', '150', '146', '162', '144', '154']
['46', '45', '55', '50', '42', '58', '44', '57', '52', '40', '48', '51', '53', '43', '56', '41', '47', '54', '49', '242']
['3', '13', '10', '379', '373', '382', '375', '377', '380', '374', '378', '376', '372', '381']
['477', '421', '474', '439', '442', '441', '445', '440', '443', '438', '444']
['283', '299', '295', '290', '287', '288', '296', '297', '289', '293', '286', '294', '292', '301', '300', '298', '66', '291', '284', '285']
['81', '87', '75', '71', '430', '78', '82', '70', '74', '86', '73', '85', '79', '80', '77', '83', '171', '76', '72', '84']
['414', '412', '408', '418', '415', '419', '405', '406', '410', '420', '407', '417', '411', '409', '403', '416', '413', '402', '404']
['320', '130', '124', '129', '125', '134', '123', '128', '126', '121', '132', '133']
['457', '455', '458', '460', '447', '448', '456', '463', '459', '461', '302', '452', '101', '449', '451', '464', '454', '462']
['349', '351', '64', '68', '69', '61', '60', '63', '62', '67', '65']
['108', '116', '109', '106', '112', '114', '120', '105', '119', '107', '111', '115', '113', '118', '104', '103', '110', '117']
['147', '488', '493', '495', '494', '486', '491', '485', '487', '492', '490', '489']
['31', '135', '139', '142', '143', '141', '140', '136']
['264', '361', '360', '368', '371', '365', '367', '366', '362', '363', '370', '364']
['318', '305', '311', '303', '319', '313', '316', '309', '310', '312', '304', '317', '308', '307', '314', '429', '315', '306']
['432', '437', '425', '435', '431', '201', '433', '423', '237', '428', '436', '426', '422', '424', '427', '434']
['170', '177', '175', '122', '176', '172', '178', '174', '166', '169', '168', '92', '179', '165', '164', '167', '173']
['182', '185', '184', '188', '186', '191', '183', '192', '187', '127', '189', '193', '181', '180', '190']
['208', '204', '199', '137', '195', '203', '207', '206', '197', '198', '202', '200', '205', '196']
['99', '98', '90', '93', '95', '100', '88', '97', '91', '234', '94', '102']
['238', '369', '236', '235', '239', '230', '232', '59', '233', '240', '229', '241', '231']
