['Beverley', 'Imogene', 'Clarissa', 'Pearlie', 'Gerardo', 'Annabel', 'Audie', 'Florinda', 'Chun', 'Anabel', 'Randall', 'Marcos']
['Chan', 'Kurtis', 'Pinkie', 'Nicole', 'Eugene', 'Horace', 'Darwin', 'Edmond', 'Altagracia', 'Lizabeth', 'Sharilyn', 'Johnny']
['Angeline', 'Ron', 'Sharlene', 'Earnest', 'Cassie', 'Tressa', 'Oneida', 'Rodrigo', 'Tracie', 'Renetta', 'Griselda', 'Kelly', 'Lola']
['An', 'Junior', 'Danita', 'Lisa', 'Kay', 'Trey', 'Clinton', 'Ambrose', 'Elliott', 'German', 'Savanna', 'Vada']
['Bonnie', 'Susannah', 'Marci', 'Juliet', 'Milissa', 'Kristi', 'Alethia', 'Susan', 'Rita', 'Emmanuel', 'Tamisha', 'Lucia']
['Kyung', 'Elvie', 'Angella', 'Lana', 'Deana', 'Joanne', 'Bertha', 'Jami', 'Ella', 'Jennie', 'Frederic', 'Oma']
['Refugio', 'Flavia', 'Vernia', 'Whitney', 'Glenna', 'Cortney', 'Tarah', 'Riley', 'Gerard', 'Hayden', 'Marion']
['Hiroko', 'Jeremy', 'Merrill', 'Naomi', 'Alfred', 'Ema', 'Loura', 'Glenda', 'Irena', 'Hui', 'Charisse']
['Hilario', 'Princess', 'Clarence', 'Darnell', 'Kasey', 'Ocie', 'Garland', 'Lue', 'Lilly', 'Vernon', 'Lyndon']
['Yevette', 'Piedad', 'Byron', 'Carson', 'Marvin', 'Ok', 'Kareem', 'Russell', 'Stanford', 'Jeanette', 'Leonard']
['Xuan', 'Logan', 'Marilynn', 'Inga', 'Tina', 'Louise', 'Darrel', 'Clarice', 'Tanisha', 'Jama', 'Verona']
['Helene', 'Eve', 'Elenora', 'Joye', 'Chance', 'Lamonica', 'Kim', 'Rosalee', 'Neida', 'Gisela', 'Jay', 'Sharan']
['Zena', 'Kendall', 'Elicia', 'Tiffani', 'Valorie', 'Raul', 'Zoraida', 'Kimbra', 'Hyun', 'Shaun', 'Clyde']
['Saul', 'Aaron', 'Dewitt', 'Dorene', 'Olevia', 'Hassan', 'Nieves', 'Michaela', 'Oswaldo', 'Nadia', 'Joelle']
['Felix', 'Alane', 'Millicent', 'Jeffrey', 'Leila', 'Retta', 'Randa', 'Arcelia', 'Percy', 'Freddie', 'Sharla']
['Sharell', 'Loria', 'Isabel', 'Nickolas', 'Alicia', 'Dewayne', 'Robert', 'Hershel', 'Dagmar', 'Dora', 'Alexandra']
['Marquitta', 'Madison', 'Aretha', 'Annamarie', 'Claudie', 'Loren', 'Danial', 'Shavon', 'Chester', 'Camelia', 'Eufemia']
['Rachel', 'Raleigh', 'Jefferey', 'Alexa', 'Alvera', 'Porter', 'Clara', 'Chang', 'Carolee', 'Stephani', 'Marvis']
['Mariette', 'Phylis', 'Destiny', 'Reita', 'Cleotilde', 'Enola', 'Marcie', 'Laticia', 'Alton', 'Son', 'Tyisha']
['Sherwood', 'Tammi', 'Brendon', 'Allena', 'Lashay', 'Fanny', 'Tameika', 'Honey', 'Tai', 'Renea', 'Clarinda', 'Janetta']
['Dong', 'Travis', 'Wes', 'Carmon', 'Grant', 'Margart', 'Odell', 'Murray', 'Kirstin', 'Selma', 'Herlinda']
['Jan', 'Lucas', 'Elfrieda', 'Hortense', 'Florencio', 'Antoinette', 'Latia', 'Oscar', 'Delmar', 'Adah', 'Amada', 'Laraine']
['Kristopher', 'Heide', 'Toya', 'Ryann', 'Alvin', 'Leilani', 'Lauren', 'Lezlie', 'Eloisa', 'Leontine', 'Osvaldo']
['Elvia', 'Dorthea', 'Easter', 'Martin', 'Leonida', 'Nohemi', 'Kylie', 'Roxane', 'Claretha', 'Eustolia', 'Naida', 'Marquis']
['Xavier', 'Clifton', 'Kris', 'Jacque', 'Jade', 'Louella', 'Lorelei', 'Christiane', 'Jae', 'Trena', 'Orval']
['Elena', 'Lyn', 'Jesus', 'Stanley', 'Pa', 'Cristi', 'Harvey', 'Terry', 'Alex', 'Meagan', 'Nathalie']
['Dusti', 'Taneka', 'Tamala', 'Mariano', 'Rachael', 'Kitty', 'Irma', 'Artie', 'Latoya', 'In', 'Antonette']
['Doyle', 'Caitlyn', 'Winford', 'Hillary', 'Debora', 'Marcella', 'Lasonya', 'Shonda', 'Joan', 'Sheldon', 'Rolando']
['Mariah', 'Charmaine', 'Chas', 'Jina', 'Deirdre', 'Esperanza', 'Treena', 'Miranda', 'Marlo', 'Shelton', 'Antonina']
['Houston', 'June', 'Vincenzo', 'Theo', 'Vivien', 'Rosalba', 'Rima', 'Garret', 'Dion', 'Spencer', 'Almeta']
