['27', '453', '142', '254', '364', '2', '147', '28', '344', '196', '26', '33', '361', '348', '449', '234', '325', '291', '468', '133']
['473', '400', '75', '365', '18', '367', '329', '398', '197', '148', '15', '304', '48', '127', '472', '107', '476', '474', '371']
['155', '55', '120', '333', '16', '9', '154', '38', '39', '32', '209', '130', '182', '320', '350', '54', '156']
['416', '145', '415', '256', '217', '342', '161', '417', '92', '165', '56', '167', '280', '498', '103', '226', '183']
['310', '311', '181', '450', '227', '14', '309', '345', '411', '442', '362', '49', '383', '13', '132', '264', '401']
['493', '295', '393', '494', '374', '316', '387', '244', '294', '467', '189', '492', '41', '263', '451', '3']
['228', '378', '112', '354', '176', '253', '31', '229', '252', '150', '67', '315', '276', '144', '51']
['406', '177', '106', '8', '296', '4', '405', '297', '407', '369', '324', '102', '260', '261', '429']
['379', '485', '368', '44', '61', '440', '73', '169', '380', '496', '128', '328', '218', '402']
['171', '437', '330', '444', '317', '271', '172', '195', '180', '421', '136', '170', '65']
['118', '109', '190', '319', '289', '166', '373', '115', '292', '119', '43', '497', '194', '281', '117']
['347', '116', '139', '447', '436', '251', '334', '478', '299', '356', '346', '212']
['77', '45', '83', '247', '78', '5', '97', '164', '352', '425', '355', '76', '10']
['376', '290', '377', '35', '272', '168', '391', '414', '206', '370', '126', '375', '486', '265']
['327', '303', '122', '17', '40', '336', '487', '326', '233', '259', '222', '179']
['21', '111', '266', '30', '477', '20', '208', '230', '306', '489', '433', '22']
['426', '427', '188', '82', '340', '384', '215', '123', '235', '187', '108', '456', '193']
['394', '175', '11', '125', '34', '460', '448', '203', '300', '94', '395', '160']
['158', '204', '90', '93', '257', '159', '95', '399', '157', '91', '305', '452', '23']
['462', '412', '461', '469', '149', '87', '419', '463', '339', '141', '397', '205']
['121', '137', '458', '404', '286', '471', '7', '307', '202', '482', '302']
['386', '385', '52', '279', '198', '301', '79', '343', '240', '349', '242']
['163', '81', '12', '162', '321', '312', '46', '445', '131']
['432', '338', '0', '431', '443', '243', '146', '88', '241', '250']
['24', '129', '192', '382', '113', '29', '25', '214', '98', '200']
['470', '499', '488', '42', '465', '86', '186', '282']
['457', '124', '283', '152', '409', '101', '19', '418', '216', '358']
['318', '359', '68', '174', '403', '491', '357', '413', '37']
['341', '59', '481', '268', '219', '100', '248', '134']
['237', '455', '238', '249', '308', '236', '420', '366', '479', '231']
['223', '85', '363', '224', '191', '270', '298', '424', '332', '459']
['50', '353', '273', '105', '63', '423', '396']
['269', '58', '89', '184', '388', '110', '322']
['60', '232', '213', '439', '178', '220', '372']
['337', '490', '278', '389', '390']
['454', '277', '430', '435', '408', '284', '464', '275']
['314', '99', '428', '483', '74', '210', '434', '313']
['351', '199', '173']
['135', '153', '71', '1', '62', '104', '331']
['36', '114', '285', '66', '438', '410', '72']
['392', '6', '221', '53', '245']
['211', '484', '360', '287', '466', '47']
['96', '225', '80', '246', '475']
['274', '207', '381', '258', '69', '293']
['201', '143', '335', '57', '255']
['288', '323', '262', '140']
['151', '138', '267', '495', '84']
['64', '239']
['441', '70', '185', '422']
['480', '446']
