['AJA', 'ANP', 'ANW', 'AKC', 'ANE', 'ALQ', 'ALY', 'AJJ', 'ALM', 'AKF', 'AMA', 'AKB', 'ANI', 'AME', 'ANN', 'AJZ', 'AMM', 'AKG', 'ANZ']
['ALK', 'AOM', 'AMK', 'ALC', 'AKM', 'ALN', 'AKS', 'ANR', 'AMW', 'AJS', 'AOE', 'AJL', 'AMU', 'AMQ', 'ALG', 'ANO', 'AOC', 'ALV', 'ANL']
['ALO', 'ANM', 'ANF', 'AKR', 'AKT', 'AKA', 'ANC', 'AJD', 'AMR', 'ANY', 'ALU', 'AJP', 'AMO', 'ALH', 'AJH', 'ANS', 'AKQ', 'AKN', 'AJY']
['ALR', 'ALX', 'ANH', 'ALL', 'AMC', 'ALI', 'AMF', 'AJI', 'AMD', 'AMY', 'AJM', 'AKP', 'AJX', 'AMI', 'AKV', 'AOG', 'AOB', 'AJG', 'AJW']
['AJU', 'AJN', 'ANK', 'AKD', 'AKL', 'AJE', 'AOA', 'ANT', 'ANX', 'AKE', 'ALZ', 'AMV', 'AMS', 'AJB', 'AJK', 'AKK', 'AMG', 'AJV', 'AMX']
['AOJ', 'ANJ', 'ALS', 'ANA', 'AIZ', 'AMZ', 'AOK', 'AKY', 'ALF', 'AMP', 'AKW', 'AMT', 'AKI', 'ANQ', 'AKU', 'AKX', 'AKO', 'AML', 'ALE']
['AKZ', 'AOL', 'AJQ', 'AMH', 'AJO', 'ANG', 'ALB', 'AMJ', 'AOF', 'ALW', 'ANV', 'AJC', 'AJR', 'AKH', 'ALP', 'AJF', 'AMN', 'ALT', 'ALJ']
['AMB', 'AOI', 'AKJ', 'ALA', 'AJT', 'ANB', 'ANU', 'AOH', 'AND', 'AOD', 'ALD', 'AAX', 'ABD', 'ABA', 'AAS', 'AAP', 'AAG', 'AAH']
['AFQ', 'AHR', 'AII', 'AIO', 'AGW', 'AHI', 'AFU', 'AGV', 'AGG', 'AGF', 'AFP', 'AIW', 'AIK', 'AIP', 'AIB', 'AHS', 'AHN', 'AHG', 'AIR']
['AGX', 'AGU', 'AGP', 'AGH', 'AGQ', 'AHB', 'AIC', 'AFY', 'AGB', 'AIJ', 'AFR', 'AHW', 'AFS', 'AIN', 'AIT', 'AHC', 'AFZ', 'AIX', 'AHQ']
['AGZ', 'AGM', 'AGI', 'AHU', 'AGE', 'AGA', 'AGN', 'AIF', 'AFX', 'AGJ', 'AHF', 'AFO', 'AIQ', 'AHL', 'AGD', 'AHV', 'AHM', 'AFT', 'AHJ']
['AIV', 'AHZ', 'AIY', 'AHE', 'AGS', 'AIL', 'AIH', 'AHK', 'AGO', 'AHD', 'AIS', 'AIU', 'AIE', 'AGC', 'AIG', 'AHY', 'AGL', 'AHO', 'AIA']
['AHP', 'AGR', 'AHX', 'AIM', 'AGT', 'AID', 'AHH', 'AFV', 'AHT', 'AFW', 'AGY', 'AHA', 'AGK', 'AAT', 'AAR', 'AAQ', 'AAN', 'AAO', 'AAU']
['AEI', 'AEQ', 'ADR', 'AES', 'AEV', 'AEM', 'AFI', 'AEX', 'ADV', 'AFA', 'ADY', 'ADX', 'AEO', 'AED', 'AFD', 'AEB', 'AFF', 'AET', 'AFC']
['AEY', 'ADL', 'AFG', 'AEU', 'ADO', 'ADQ', 'ADU', 'AEW', 'AEN', 'AFN', 'AEC', 'ADN', 'AEJ', 'AEF', 'AFK', 'AEA', 'AEK', 'ADS', 'AEP']
['AEZ', 'ADT', 'ADM', 'ADP', 'AFL', 'AEL', 'ADZ', 'AFM', 'AFH', 'AFE', 'AEG', 'AEE', 'ADW', 'AFJ', 'AER', 'AEH', 'AFB', 'AAB']
['AQJ', 'AOS', 'AQA', 'AQF', 'APK', 'AQM', 'APY', 'APJ', 'APP', 'AOX', 'AOU', 'AQL', 'APL', 'AQN', 'AON', 'APB', 'APX', 'APC', 'APH']
['AQG', 'AQI', 'AQK', 'APQ', 'APW', 'AOY', 'AOO', 'APN', 'AQH', 'AOR', 'AOZ', 'AOQ', 'AQB', 'AOW', 'AQD', 'APD', 'AQE', 'APU', 'APF']
['APS', 'APA', 'APE', 'AOT', 'APM', 'APR', 'APV', 'API', 'APZ', 'AQO', 'AOP', 'APT', 'APG', 'APO', 'AQC', 'AOV', 'AAF', 'AAC']
['ACN', 'ACV', 'ACQ', 'ADE', 'ACK', 'ADK', 'ADA', 'ACP', 'ACY', 'ACD', 'ACI', 'ACE', 'ADB', 'ACX', 'ADD', 'ACR', 'ADH', 'ACH', 'ADI']
['ACS', 'ACJ', 'ADF', 'ACM', 'ADC', 'ACG', 'ADG', 'ACL', 'ACT', 'ACW', 'ACZ', 'ACO', 'ADJ', 'ACU', 'ACF', 'AAM', 'AAJ', 'AAL', 'AAI']
['ABL', 'ABX', 'ABM', 'ABJ', 'ABW', 'ABR', 'ABP', 'ABS', 'ACB', 'ABV', 'ABO', 'ACA', 'ABU', 'ABZ', 'ABI', 'AAK', 'AAD', 'AAE']
['ABK', 'ABN', 'ACC', 'ABT', 'ABY', 'ABQ', 'ABE', 'AAV', 'AAY', 'ABB', 'ABF', 'AAW', 'AAZ', 'ABG', 'ABC', 'ABH', 'AAA']
