['KCPYN', 'WTAGZ', 'SHEUT', 'QMBKL', 'XZTVE', 'YMAKV', 'MMHOG', 'CYMCE', 'ADKIG', 'YVULZ', 'WGNBW', 'XMZUX', 'FYSSP', 'BREAU', 'GKYTD', 'DQJYE', 'JFKWJ', 'TJFHX', 'UDEWT', 'HIBFR', 'DAPHY', 'QHQUF', 'FHCPP', 'VKBEF', 'IAASE']
['LYFLA', 'TMCLZ', 'RUSXV', 'RRFYM', 'PKECO', 'DWCIC', 'ELRTK', 'OJTYX', 'YYNPW', 'BHFJC', 'HZGVK', 'SCMKV', 'PQYKQ', 'PBEOM', 'KEDYT', 'DUQLN', 'FWTXB', 'JECON', 'RMNKI', 'NHZCJ', 'ZMCMD', 'NCWPX', 'VISUM', 'FQYNK', 'NLQWV']
['VUPAV', 'BHECC', 'TIZZI', 'VXNNV', 'NZQNY', 'STZIM', 'TYYLF', 'POXWS', 'PAVOS', 'TWVAR', 'QMJUD', 'BOOKC', 'KXFFP', 'LMDUZ', 'GUGKR', 'NKLCQ', 'TKEWX', 'SOVUQ', 'FRHWO', 'FPFHY', 'AIWJE', 'ZNTDR', 'ZMWJB', 'WFPUN', 'JGBOH']
['FRVNO', 'OZSQX', 'HUNXU', 'MUUIL', 'ZKMSA', 'IQLHD', 'KZBFF', 'WNDOP', 'DRVVY', 'LESUW', 'XMJJP', 'XIGOI', 'FLAIE', 'OXZCV', 'AALPZ', 'CYVWU', 'LVMLT', 'FBZDZ', 'ROVKN', 'ABQJV', 'WZJYQ', 'XQYCU', 'TDICM', 'DTPHQ', 'JLTJR']
['YPRRC', 'HOCJP', 'NKEPZ', 'HDFES', 'XYVAU', 'XHKTV', 'BBDFQ', 'CCHLM', 'QZGLO', 'FSYHN', 'ZYEMW', 'QLDQR', 'VZNGS', 'XGXRC', 'IUTYE', 'KGDBH', 'UHIOD', 'XTFTT', 'PADSR', 'VUZHE', 'GPAYG', 'CALHI', 'SAOVB', 'GPHCZ', 'DOYMU']
['MTXFY', 'NZAXS', 'UXUZX', 'RWIWJ', 'GXAOE', 'GUJWH', 'GUJWW', 'TPIXY', 'RRDGL', 'VUTIQ', 'EIREK', 'BWKXY', 'SUEUT', 'KIEKF', 'DJQYY', 'CXMEP', 'YTTKI', 'EFRTR']
['ZRFKN', 'UQJJY', 'LQGAI', 'RISKG', 'DFZLH', 'FKMPO', 'CWZDH', 'SSZXS', 'BMNGE', 'QYCKH', 'IPLJJ', 'KSGPB', 'UNSUE', 'CRKWH', 'CRSZF', 'PDNXQ']
['VGTYI', 'LPRGT', 'BCKDA', 'IYGUJ', 'YPSZJ', 'ZLMYN', 'OENOT', 'XDBSH', 'KTXRI', 'UMQSO', 'CSILO', 'PKUWP', 'PUFAY', 'JPWDA', 'ALNHK', 'BVKPC', 'VSEBO']
['LFYYV', 'EBQJA', 'NPJSC', 'NHBOU', 'FIIIX', 'RDCHE', 'EIALG', 'SMDTK', 'YSBTR', 'UTQPU', 'PPBBM', 'AEXQY', 'SDCRN', 'OHEWR', 'QBYJR', 'GJCQK']
['QJRDV', 'UDFVU', 'ENHUS', 'GRUYQ', 'KEPXD', 'YIQHC', 'DYIYS', 'ILRGH', 'DFNDO', 'FWKYL', 'PREHL', 'UMQRP', 'MBBZL', 'FCFIW', 'UTYHJ', 'XYABI']
['GKLKQ', 'JMPSL', 'BKFQR', 'IEEVC', 'NLPHM', 'JRNKY', 'ZPWCF', 'PPAYR', 'EAHZI', 'BXGFY', 'KFWQL', 'PHXOS', 'PQEKQ', 'ZZKGQ', 'JCWPV', 'AXIHL']
['AHXXM', 'MCXWP', 'GPKTZ', 'CHCYT', 'GRIBM', 'VSARS', 'VNIQM', 'QFZCO', 'BFHEV', 'REVQE', 'DREMQ', 'IOHXF', 'DNOMK', 'NTGQJ', 'PCOTH', 'BNPMH']
['NNLIE', 'DBPXU', 'HAPCQ', 'NRRFB', 'TEYRZ', 'JEHBC', 'CSGGY', 'DWGDE', 'WNBOI', 'YHWVK', 'PSMNV', 'AAEBS', 'IYMNE', 'GJYBX', 'JJDHO', 'MLWLT']
['QVEIA', 'WNGHY', 'MSZXR', 'XOUQM', 'VCMUY', 'VBXTL', 'POYSB', 'CWKNX', 'LHFOM', 'PDSZU', 'LCYZY', 'BSOUP', 'FESAS', 'JAGAT', 'GNDQJ', 'HVAAR', 'JXKSJ']
['SYRST', 'JFOPY', 'OYLVF', 'ZRLGV', 'BEFRL', 'RSFHX', 'NEQMO', 'SWZLI', 'WMAOH', 'BBIGY', 'RAAAY', 'TARGC', 'MCVPN', 'MRNHH', 'GZWND', 'OYGNB']
['FIUZZ', 'RLKNU', 'XOUQG', 'XLWDU', 'DZGQX', 'UOYAH', 'SLYUO', 'HXGTU', 'NZQKM', 'RZJZX', 'YTVYR', 'DBXJE', 'SEUJM', 'LQJNK', 'EGYBS', 'LGPGN']
['LRCXZ', 'VGWZF', 'QXETJ', 'EYYNC', 'GKOUL', 'JGIMA', 'KQZVU', 'TJTMV', 'ELBRQ', 'RQZDB', 'IPMBX', 'KDMQW', 'SUNJN', 'STJMV', 'JPLIB', 'ERXLL']
['PUJOM', 'JLETC', 'XADCG', 'KDZDK', 'DOXUP', 'QNXTS', 'BCTKV', 'FYAYI', 'OBCSZ', 'ZCMCP', 'YKOFS', 'ZUYFN', 'BXGAG', 'HAKPT', 'ENWEC', 'UHFXM']
['VQTXV', 'MIMWO', 'NMUXG', 'RNMID', 'VLACB', 'QFSQF', 'VYUHL', 'FKSNY', 'NLQQX', 'RVMXY', 'HKSDK', 'SPROB', 'TLAOJ', 'KEUTQ', 'QJUJE', 'JCTBB']
['USRDK', 'AZDHE', 'CZQAC', 'TQUPW', 'GAUGX', 'IBFSE', 'LMZAF', 'TPIHD', 'SURGB', 'EXERI', 'VKHOX', 'METWY', 'VFWVV', 'OPZLD', 'JCAYK', 'PBAWW']
['XPMAC', 'ZSYGC', 'OEEYW', 'AXICB', 'KCWNV', 'TLKIE', 'FFZNI', 'AEHLI', 'JGGQM', 'WEYKU', 'YRTTG', 'EXSFL', 'NMWYK', 'VFXSF', 'KBDMG', 'XQQNM']
['DPJHM', 'GDZSX', 'PEIBF', 'QBGLN', 'WLODL', 'CYRFR', 'YQBLY', 'MQWLN', 'WTMZW', 'HGAWC', 'CZNRV', 'WWCYP', 'UPNVV', 'KRMMY', 'HKBNA', 'VWLQP']
['RMHZI', 'AUIRW', 'LCGFN', 'RCWOS', 'XQUPB', 'QSAIM', 'LYSRO', 'FXFHY', 'VLXZD', 'UZTYA', 'OVNTP', 'GFWZF', 'RWOPE', 'FMFZO', 'CTLHM', 'CASYZ']
['YTXXV', 'EWIJA', 'URMYA', 'ZXEUD', 'ABAQL', 'SSWHW', 'UYUIP', 'QACAX', 'SLHLJ', 'NCCJD', 'VMRKJ', 'VVMSW', 'PUWYW', 'LEYDX', 'EHCWU']
['JTKTH', 'ZOVBE', 'PRFNT', 'XGCQB', 'QUGAX', 'YVMFJ', 'LBYAL', 'RSYQC', 'SIWEE', 'IXEZM', 'VZFUK', 'NSSHB', 'RFDDK', 'XVOGO', 'WAZOJ']
['JDDRN', 'GAQXI', 'AQEWE', 'LJQBN', 'SPSXT', 'FMMZU', 'MQEVZ', 'REFDA', 'RKMOC', 'DDGZR', 'GWEZA', 'IVYZR', 'FIPGX', 'GBEQY', 'VHWPC']
['SACPU', 'EPEAQ', 'QSIZR', 'QQCGU', 'IHIWD', 'WHBFR', 'HAYKV', 'NGBWQ', 'ZOHDS', 'TJLUN', 'VQUBW', 'UEFBC', 'ASGXO', 'JMNIF', 'FSIEJ']
['OMNEY', 'GKPPL', 'XBVDI', 'IDOHH', 'SEVGN', 'FIBZD', 'WEDAM', 'SEJRA', 'JWNLZ', 'EFPNV', 'PPGSA', 'VNNEP', 'NCXIY', 'ZNEQL', 'PARXO']
