['26', '410', '436', '338', '312', '434', '310']
['60', '120', '344', '195', '353', '496', '155']
['64', '124', '27', '494', '101', '351', '15']
['372', '158', '135', '497', '379', '479', '163']
['159', '394', '176', '405', '365', '97', '392']
['346', '484', '475', '74', '215', '336', '324']
['179', '441', '318', '480', '138', '422', '270']
['233', '431', '420', '227', '266', '473', '342']
['111', '448', '430', '53', '77', '282']
['249', '445', '321', '94', '472', '311', '337']
['427', '8', '146', '412', '118', '190', '455']
['175', '457', '389', '125', '52', '462', '485']
['242', '488', '322', '355', '340', '210', '171']
['20', '498', '172', '198', '388', '177']
['348', '150', '281', '402', '1', '29', '364']
['36', '406', '461', '85', '240', '396']
['200', '356', '162', '259', '347', '404']
['395', '383', '385', '382', '369']
['164', '438', '316', '491']
['99', '182', '432', '268', '387', '339', '128']
['251', '269', '499', '154', '376', '95']
['280', '186', '257', '82', '243', '46', '373']
['73', '117', '75', '232', '391', '409', '14']
['245', '451', '166', '169', '474', '341', '343']
['289', '329', '24', '83', '13', '350', '17']
['295', '149', '386', '221', '121', '10', '6']
['371', '130', '167', '189', '214', '109']
['152', '425', '349', '220', '113', '5', '202']
['134', '98', '223', '416', '18', '265', '492']
['490', '126', '105', '397', '216', '357', '211']
['40', '433', '181', '206', '378', '443', '71']
['258', '317', '165', '237', '447', '367']
['185', '333', '145', '415', '12', '471', '25']
['39', '66', '199', '174', '104', '246', '81']
['297', '147', '417', '278', '226', '217', '247']
['122', '267', '256', '403', '153', '239', '423']
['161', '419', '290', '188', '466', '304', '454']
['407', '287', '173', '116', '16', '228', '129']
['141', '449', '330', '495', '399', '157']
['263', '127', '42', '78', '28', '148', '191']
['236', '470', '93', '411', '80', '114', '323']
['429', '102', '360', '478', '468', '19']
['459', '296', '57', '136', '89', '230', '35']
['205', '302', '91', '58', '231', '137', '192']
['79', '464', '477', '208', '3', '0', '144']
['21', '234', '424', '291', '244', '72', '458']
['196', '45', '428', '414', '68', '460', '235']
['48', '327', '107', '32', '183', '142']
['331', '482', '238', '143', '55', '76', '44']
['62', '368', '286', '9', '309', '272', '275']
['23', '325', '119', '50', '413', '225']
['103', '229', '334', '2', '201', '96', '456']
['408', '250', '393', '92', '375', '465', '248']
['38', '255', '271', '279', '197', '56', '486']
['481', '90', '400', '421', '320', '187']
['131', '34', '390', '67', '212', '288', '151']
['108', '300', '49', '59', '489', '69', '452']
['450', '70', '398', '203', '112', '139', '254']
['47', '65', '43', '261', '305', '274', '86']
['156', '84', '359', '54', '306', '106']
['426', '264', '439', '313', '303', '87', '370']
['241', '110', '453', '133', '362', '326', '11']
['328', '377', '381', '285', '294', '332']
['352', '61', '463', '442', '31', '384', '30']
['222', '298', '277', '440', '224', '366', '207']
['209', '345', '314', '22', '444', '160']
['401', '204', '335', '194']
['63', '184', '193', '284', '4', '273']
['319', '446', '218', '293', '467', '435', '180']
['260', '361', '476', '308']
['262']
['33', '168']
['487', '301', '363', '41', '315']
['253', '7', '88']
['358']
['213']
['299']
['493']
['123']
['132']
['178']
['283']
['374']
['292']
['115']
['380']
['51']
['276']
['170']
['354']
['307']
['469']
['483']
['418']
['140']
['252']
['219']
['437']
['100']
['37']
