['99', '158', '318', '135', '305', '227', '60', '155']
['186', '97', '270', '150', '77', '281', '118', '138']
['184', '324', '171', '149', '37', '24', '189', '13']
['76', '269', '321', '163', '283', '220', '170', '121', '81']
['192', '205', '113', '206', '16', '188', '68', '239', '245']
['197', '214', '237', '228', '300', '174', '223', '94']
['31', '123', '56', '175', '134', '304', '246', '231']
['241', '91', '58', '267', '89', '75', '50', '218', '137']
['110', '284', '247', '57', '19', '327', '200', '144']
['124', '114', '78', '9', '286', '238', '242', '297']
['132', '201', '95', '72', '266', '277', '26', '43']
['35', '3', '183', '190', '73', '272', '230', '59', '234']
['213', '49', '141', '54', '306', '139', '212', '288']
['251', '53', '17', '67', '93', '106', '133', '187', '299']
['248', '52', '264', '235', '161', '291', '314', '196', '11']
['131', '151', '179', '160', '4', '86', '20', '293']
['244', '122', '193', '254', '278', '263', '63', '126', '33']
['219', '255', '172', '30', '46', '14', '34', '199', '256']
['125', '116', '108', '312', '225', '70', '325', '240']
['310', '55', '289', '156', '273', '100', '38', '40', '252']
['317', '48', '88', '280', '276', '10', '120', '176', '74']
['112', '319', '32', '203', '98', '12', '168', '260', '47']
['36', '130', '198', '157', '102', '243', '180', '8', '215']
['210', '84', '15', '287', '282', '177', '29', '82']
['1', '182', '222', '315', '66', '117', '311', '85', '257']
['107', '148', '274', '167', '23', '232', '259', '202']
['261', '298', '316', '166', '115', '164', '216', '226', '6']
['233', '142', '127', '140', '87', '211', '90', '64', '51']
['292', '229', '5', '165', '295', '322', '25', '208', '28']
['105', '119', '296', '309', '152', '2', '191']
['326', '109', '129', '154', '61', '0', '185', '236']
['250', '217', '96', '275', '323', '92', '159']
['249', '265', '147', '181', '22', '79', '145', '178']
['128', '7', '136', '268', '313', '303', '153', '69', '111']
['42', '45', '71', '258', '204', '224', '294', '307', '173']
['41', '207', '194', '279', '308']
['143', '62', '169', '301']
['103', '262']
['209']
['21']
['302']
['83']
['253']
['162']
['285']
['320']
['101']
['271']
['27']
['195']
['290']
['65']
['44']
['146']
['39']
['221']
['104']
['80']
['18']
