['KUMCW', 'TFWCC', 'QBZQQ', 'RQZPM', 'NKCOJ']
['QBVUY', 'KXMSB', 'OZZTI', 'WAQDW', 'IKHTD']
['UBCVC', 'PQDFC', 'CKFJL', 'TYMOI', 'XEEVL']
['YQSUZ', 'MEKWP', 'TFGVT', 'VGCRP', 'QIALM']
['XXRUC', 'ORRXP', 'JTHWI', 'AHMRO', 'RURLC']
['MRXML', 'PABIC', 'BTWAZ', 'VNVFZ', 'ERQBP']
['JWSRE', 'NDLFM', 'ZUTJZ', 'IZMEQ', 'OQSOU']
['TBZDI', 'VBRPO', 'SHLYA', 'MXMMA', 'CPTCX']
['XUHAP', 'XBTFE', 'SMSHQ', 'OXRUQ', 'EHMWV']
['HAXVF', 'KENPF', 'OJGET', 'KEMJT', 'NUSHB']
['FZQXE', 'XUYPR', 'BBVXC', 'SRUUN', 'DFBMK']
['BBKUO', 'VTOZN', 'YNIQG', 'SKBJW', 'DVRRV']
['YORBA', 'WWYEF', 'XIDUV', 'PXCKJ', 'ENKVR']
['PTRTD', 'FXFUX', 'BNJLP', 'LVBGW', 'ERTVL']
['RMJIF', 'OUQMM', 'QNUDR', 'GLIPE', 'VATKD']
['UJESQ', 'UGKUC', 'YFRIJ', 'AILUZ', 'CIOFH']
['SJJMM', 'ZJQQO', 'KGIPC', 'WOIJX', 'ZJPJO']
['PSZDK', 'HXXMK', 'NSDMC', 'EWNSH', 'KRWXO']
['EGIIY', 'CLLNQ', 'RDCTS', 'JQBSO', 'XXFSV']
['YXPNV', 'XFNKQ', 'WAHPX', 'GCQTP', 'MQDQQ']
['WJIWZ', 'GICKM', 'VXLZU', 'OMYLR', 'TFEWH']
['XCTJB', 'LIGPC', 'QIZOX', 'LNIAF', 'JCOPI']
['PKHDM', 'WUTXG', 'VATRQ', 'LIQGP', 'WPGRW']
['OENWP', 'ZIJNW', 'ZJNIT', 'ECNTU', 'HKVZW']
['BWWYB', 'KHNJL', 'INTFC', 'WCFRY', 'BNYBV']
['QGRPC', 'UGVLA', 'KXUES', 'GEQFC', 'WUCQA']
['CIUZU', 'ZRVWH', 'HNXEZ', 'TEFPC', 'HCVBR']
['UFVEC', 'VLQCW', 'IGQNP', 'IGUWL', 'GUDYJ']
['SZXFW', 'WJAIQ', 'MTCGB', 'DFVZW', 'ACJRU']
['ONQWA', 'YWCZV', 'LBKGE', 'CPJBS', 'FSTKF']
['ZPTPS', 'MXBHP', 'VGUGP', 'UDTFQ', 'QSYML']
['QPVND', 'SGRXP', 'UHYVL', 'BPLLS', 'CKHRK']
['QECFT', 'NWAHL', 'XBLXM', 'DUAEB', 'SGTRH']
['UJHDY', 'VXIFI', 'IRNCA', 'FEUEQ', 'PKBGA']
['HNKDE', 'APXMD', 'GJRAV', 'OKPQW', 'CIBMR']
['ENWEP', 'HSIWG', 'VQAKV', 'IBUGB', 'RFWKF']
['FCJLJ', 'CUUFQ', 'QSVBC', 'VVCGQ', 'TUSMK']
['OVYUV', 'BPZOY', 'KQUJH', 'KCHSD', 'VWJWK']
['SAVNS', 'PGHQU', 'LPHWP', 'AWUBI', 'UHSWZ']
['IAADS', 'HATBR', 'FZRBE', 'THQAC', 'PQAHJ']
['UCLPW', 'GZQDO', 'GBGAG', 'ETYTK', 'CCNPM']
['CQBIT', 'QCHPG', 'DSUJE', 'NCDJQ', 'XAOMD']
['DKSJV', 'TKJBK', 'UCQZE', 'ALMIE', 'OTQON']
['KDZKT', 'XWMKT', 'TBPZM', 'RJIED', 'WGGGP']
['SROSJ', 'IZZTZ', 'DCJPL', 'OSLVS', 'NSAJQ']
['GOXXP', 'FZBVB', 'ZQDIP', 'QGGOH', 'BEIFF']
['EAEIR', 'YWPLR', 'DBIOJ', 'CIPCP', 'IVZGD']
['IGAXC', 'TAIVA', 'FBWOW', 'TAHXC', 'RWZXF']
['VPSEI', 'BGOJW', 'TTIDN', 'TVCFA', 'WTGUO']
['SIGOM', 'DLKKW', 'OLFRP', 'CIILB', 'SRFIJ']
['TKYGG', 'AGDTK', 'QQXNO', 'IAMKK', 'IRAUO']
['ZCVZT', 'YBAFX', 'TNZEA', 'ZEPYJ', 'PVVAV']
['TLZCG', 'ZYPEK', 'FGDHQ', 'HWSJL', 'YJPCO']
['VSPLU', 'UZKCN', 'EYFRR', 'RUGKU', 'EHHWX']
['FCWUA', 'YJCIZ', 'ZHVLK', 'NSTKH', 'QGXZJ']
['BJTHH', 'JMYIA', 'GVYUW', 'IXMQO', 'ALXRH']
['UHOTV', 'JXGHX', 'VQDCT', 'ZNMAJ', 'KPECP']
['VYDDY', 'ARMIC', 'FXUHH', 'JOZYK', 'WDGCR']
['OKQTW', 'ACMPF', 'MWVBQ', 'GNCHO', 'SEYUH']
['CBJEL', 'HFDOF', 'KYKCO', 'QQUYY', 'QAOAR']
['CBNUD', 'VLEXY', 'CVNCZ', 'PSVNQ', 'EBLCO']
['DKHZJ', 'OXRDD', 'BVCTY', 'QUECI', 'FELNZ']
['HTJHJ', 'GAEKQ', 'RUYNY', 'QCRLR', 'OAGEZ']
['RMUXW', 'VFFHE', 'MESKQ', 'AWDBE', 'FVYLB']
['FJPVZ', 'HGJEC', 'ZBJTS', 'SVMGK', 'AXQPJ']
['RCZHM', 'QYLAH', 'EFKRH', 'QVNNO', 'AICHQ']
['LCHJI', 'SYIZZ', 'RJDRX', 'JAFZN', 'JHGWB']
['LYGHF', 'EADHZ', 'SPHAJ', 'PECLI', 'JEBNF']
['VIPLF', 'EAITX', 'NLRBO', 'WSVIR', 'WHRVK']
['DSQUZ', 'QYWKX', 'YQPNL', 'XBSXA', 'EOCJX']
['LSZMU', 'OVYDG', 'SFQST', 'XGNPD', 'MYAVD']
['WNYYG', 'ABYHN', 'UQKOV', 'BLHOQ', 'XNYRJ']
['DVLFX', 'PLFWC', 'ZLQYF', 'CSQHY', 'WLCAR']
['MIKDS', 'CFMPM', 'NHQWU', 'SGXHX', 'CHIJG']
['KSCIB', 'GWJWE', 'NVSYK', 'OCOQX', 'FDGQA']
