['483', '484', '120', '488', '8', '135', '176', '74', '15', '155', '392', '480', '311', '337', '85', '498', '364', '347', '433', '292', '37', '357', '189', '405', '164', '202', '201', '211', '16', '188', '499', '239', '237', '101', '246', '116', '68', '477']
['250', '420', '310', '167', '210', '171', '282', '385', '376', '95', '374', '216', '429', '119', '36', '290', '247', '367', '317', '71', '304', '259', '439', '104', '390', '114', '470', '469', '148', '191', '161', '32', '320', '76', '242', '430', '297', '197']
['255', '436', '497', '270', '77', '402', '455', '1', '162', '329', '105', '496', '232', '366', '181', '58', '414', '25', '336', '425', '454', '75', '50', '28', '399', '144', '398', '257', '44', '354', '277', '159', '56', '193', '313', '371', '288', '87']
['476', '124', '441', '60', '342', '406', '281', '419', '462', '83', '121', '466', '423', '428', '421', '346', '424', '208', '0', '72', '185', '18', '22', '236', '230', '102', '67', '54', '459', '315', '133', '31', '186', '372', '363', '62', '108', '381']
['110', '437', '312', '485', '324', '287', '302', '278', '123', '343', '165', '14', '333', '378', '415', '410', '295', '174', '70', '89', '403', '238', '266', '17', '141', '154', '251', '254', '249', '296', '227', '274', '411', '136', '395', '291', '375', '11']
['168', '351', '97', '340', '438', '226', '81', '334', '57', '471', '129', '21', '456', '80', '427', '99', '303', '140', '361', '41', '179', '370', '213', '418', '328', '417', '48', '156', '260', '126', '451', '474', '400', '358', '475', '38', '88', '326']
['194', '394', '125', '205', '387', '360', '478', '233', '412', '35', '327', '49', '183', '368', '323', '43', '7', '306', '151', '457', '344', '91', '382', '426', '335', '33', '386', '45', '40', '243', '352', '276', '401']
['491', '379', '163', '220', '113', '409', '492', '206', '461', '175', '446', '228', '127', '42', '152', '190', '248', '55', '219', '204', '30', '332', '416', '300', '319', '271', '207', '285', '10', '84']
['283', '158', '318', '431', '79', '215', '235', '359', '26', '465', '490', '397', '93', '82', '404', '391', '24', '445', '196', '299', '145', '195', '468', '389', '307', '349', '294', '481', '298', '252', '47', '244']
['2', '146', '383', '309', '96', '66', '234', '117', '177', '184', '187', '396', '241', '408', '112', '245', '131', '134', '487', '293', '449', '330', '273', '137', '253', '200', '442', '444']
['150', '393', '279', '365', '192', '59', '472', '261', '453', '138', '111', '443', '384', '147', '467', '348', '29', '46', '12', '61', '460', '100', '180', '209', '65', '23']
['198', '27', '338', '448', '275', '286', '182', '240', '450', '316', '52', '13', '214', '109', '160', '353', '494', '9', '157', '143', '69', '308', '218']
['199', '178', '128', '432', '369', '362', '452', '264', '172', '20', '380', '269', '265', '98']
['356', '331', '118', '225', '493', '377', '341', '224', '122', '322', '267', '325', '51', '73', '169', '301', '222', '489']
['106', '5', '479', '53', '63', '229', '495']
['422', '321', '447', '142', '166', '373', '345', '86', '78', '170']
['115', '92', '440', '149', '258', '284', '90', '289', '280', '130']
['305', '355', '6', '4', '314', '139', '464']
['268', '94', '263', '482', '223', '39', '107', '231', '256']
['19', '413', '435', '103', '34', '203', '473']
['272', '458', '217', '486', '64', '339', '132', '388', '212', '463']
['221', '350', '3', '153', '262', '407', '434', '173']
