['Tuttle', 'Ursola', 'Flemming', 'Volkan', 'Fokos', 'Arianna', 'Utica', 'Hanway', 'Caines', 'Dowlen', 'Freddy', 'Farro', 'Buxton', 'Ace', 'Harland', 'Gwenette', 'Cardwell', 'Krystalle', 'Leod', 'Starinsky', 'Pryce', 'Moyers', 'Wistrup', 'Groh', 'Converse', 'Balling', 'Selma', 'Baldridge', 'Cristiona', 'Vesta', 'McIntosh', 'Ted', 'Melda', 'Mauchi', 'Manaker']
['Kronick', 'Blasius', 'Saxen', 'Winer', 'Chae', 'Quitt', 'Utas', 'Newton', 'Katzir', 'Jobyna', 'Sosanna', 'Grimona', 'Glenn', 'Gowrie', 'Fadiman', 'Paulita', 'Candyce', 'Cerracchio', 'Maribel', 'Australia', 'Flo', 'Charin', 'Lenhart', 'Pinto', 'Ng', 'Janenna', 'Ashman', 'Cutty', 'Felise', 'Mikol', 'Florentia', 'Ultun', 'Antonetta', 'Bluhm', 'Ratcliffe']
['McClimans', 'Koetke', 'Matthew', 'Tonya', 'Pontius', 'Derril', 'Reste', 'Pappas', 'Tristam', 'Letta', 'Tay', 'Melisa', 'Durante', 'Hakim', 'Lyle', 'Padget', 'Girardo', 'Shelbi', 'Wight', 'Prebo', 'Feinstein', 'Yerxa', 'Larson', 'Robbin', 'Catherin', 'Lotus', 'Fast', 'Danna', 'Eudocia', 'Enid', 'Foulk', 'Doroteya', 'Jason', 'Demetria', 'Jessalin']
['Karlise', 'Griswold', 'Cal', 'Ursi', 'Avril', 'Earlene', 'Emelita', 'Virginia', 'Neveda', 'Blondell', 'Kudva', 'Kimon', 'Elihu', 'Meras', 'Rani', 'Fitz', 'Tessy', 'Hermon', 'Nafis', 'Galligan', 'Hotze', 'Lamb', 'Mathur', 'Gerianne', 'Saville', 'Ashford', 'Dumas', 'Gibun', 'Uta', 'Marina', 'Risteau', 'Benilda', 'Ardehs', 'Crean', 'Biggs']
['Cheria', 'Alvinia', 'Ludovico', 'Zobe', 'Vevay', 'Lynett', 'Nicolis', 'Jeniece', 'Holms', 'Weirick', 'Epstein', 'Prince', 'Willis', 'Willetta', 'Montagna', 'Girovard', 'Roanna', 'Jenkel', 'Derinna', 'Buckler', 'Formenti', 'Karon', 'Plantagenet', 'Eno', 'Grochow', 'Henrique', 'Lauree', 'Lindell', 'Davidde', 'Bernj', 'Sievert', 'Sumer', 'Hannover', 'Lawler', 'Morville']
['Janaya', 'Kerwon', 'Woo', 'Kanya', 'Ashling', 'Masterson', 'Damon', 'Myrvyn', 'Hawger', 'Adolphus', 'Dole', 'Jimmy', 'Colly', 'Aviv', 'Dietrich', 'Carrillo', 'Cristoforo', 'Milore', 'Eilis', 'Jillana', 'Latimer', 'Kaufmann', 'Micheal', 'Salomi', 'Barby', 'Leanna', 'Dimitry', 'Tavy', 'Coh', 'Ruhnke', 'Gloriana', 'Mackenzie', 'Clovah', 'Ciapas', 'Wing']
['Agosto', 'Elmira', 'Tiphane', 'Berneta', 'Nannette', 'Bui', 'Watson', 'Ragland', 'Nance', 'Bello', 'Smukler', 'Won', 'Noyes', 'Delila', 'Verras', 'Nanette', 'Minier', 'Polish', 'Lentha', 'Jori', 'Oscar', 'Margeaux', 'Dotson', 'Proudfoot', 'Firman', 'Holton', 'Binette', 'Danita', 'Emelia', 'Fillender', 'Favian', 'Pippo', 'Monahan', 'Halimeda', 'Hillegass']
['Darrow', 'Jehiel', 'Zelma', 'Tutankhamen', 'Higgs', 'Chancellor', 'Holey', 'Clymer', 'Erlewine', 'Meingolda', 'Harriet', 'Cloots', 'Nestor', 'Kylah', 'Harmony', 'Yarvis', 'Dett', 'Lynnelle', 'Gunn', 'Hankins', 'Rik', 'Felicie', 'Ottinger', 'McCullough', 'Nessy', 'Javler', 'Lunetta', 'Sinnard', 'Haldane', 'Swanhilda', 'Yasu', 'Clere', 'Burkhart', 'Puklich', 'Barsky']
['Birck', 'Woodhead', 'Costin', 'Merth', 'Desi', 'Safire', 'Rodolphe', 'Danais', 'Nath', 'Raynor', 'Larry', 'Toh', 'Balcer', 'Sandstrom', 'Kassi', 'Melburn', 'Leiser', 'Brittnee', 'Hatch', 'Marijn', 'Kerianne', 'Worlock', 'Neille', 'Lou', 'Karie', 'Coumas', 'Perloff', 'Rombert', 'Lux', 'Bruns', 'Schreck', 'Hadleigh', 'Shanly', 'Adriane', 'Auroora']
['Thorman', 'Delinda', 'Jenness', 'Questa', 'Serafine', 'Sheeran', 'Bounds', 'Faunia', 'Minda', 'Cataldo', 'Lacy', 'Rooke', 'Maye', 'Gombosi', 'Gillian', 'Midian', 'Sandeep', 'Livingston', 'Mushro', 'Barnett', 'Behlau', 'Winebaum', 'Acacia', 'Kinzer', 'Fifine', 'Darsie', 'Mokas', 'Fausta', 'Uchida', 'Kile', 'Ber', 'Brazee', 'Balliett', 'Akeyla', 'Fidelio']
['Osrick', 'Velda', 'Mitchiner', 'Everick', 'Astto', 'Moonier', 'Lorilyn', 'Norean', 'Hillel', 'Halstead', 'Clea', 'Rhonda', 'Ammadis', 'Uzzia', 'Zandt', 'Ruyle', 'Atkins', 'Cherry', 'Dela', 'Saylor', 'Yim', 'Tillford', 'Les', 'Love', 'Shannah', 'Hittel', 'Franek', 'Ainslee', 'McKinney', 'Placido']
['Hayyim', 'Eldwen', 'Druce', 'Anuska', 'Ebneter', 'Shepp', 'Danuloff', 'Ubana', 'Groos', 'Adaurd', 'Arel', 'Nari', 'Carlick', 'Elberta', 'Shelby', 'Holofernes', 'Evangeline', 'Odin', 'Cyd', 'Summons', 'Grath', 'Scherman']
['Towne', 'Neva', 'Hardej', 'Wunder', 'Hett', 'Jestude', 'Ches', 'Stearns', 'Raul', 'Schnabel', 'Eleni', 'Fruin', 'Bevon', 'Berner', 'Crompton', 'Elburr', 'Basso', 'Carter']
['Fredkin', 'Edrick', 'Sachi', 'Chaddie', 'Knute', 'Hong', 'Vikky', 'Wendye', 'Oakes', 'Emmer', 'Till', 'Udell', 'Ferro', 'Cavallaro', 'Deni', 'Nisse', 'Celestyn', 'Shea']
['Dott', 'Jorgenson', 'Merola', 'Corkhill', 'Lombardi', 'Ferullo', 'Ardys', 'Dedric', 'Dearman', 'Ginzburg', 'Hudis', 'Janerich', 'Bhayani', 'Renick', 'Beaver']
['Dare', 'Hook', 'Marilou', 'Cicely', 'Beebe', 'Saudra', 'Fairfax', 'Ebba', 'Tennes', 'Sigsmond', 'Vonni']
['Chemush', 'Antonino', 'Klapp', 'Vaish', 'Hamlin', 'Genie', 'Malo', 'Maude', 'Lon']
['Hako', 'Joed', 'Rue', 'Alf', 'Tine', 'Rocray', 'Lamson', 'Turrell', 'Matthaeus', 'Griffin']
['Lenes', 'Tarkany', 'Stephenson', 'Klute', 'Debera', 'Flieger', 'Bran', 'McCoy', 'Marijo']
['Billy', 'Augustina', 'Japeth', 'Donn', 'Dulcea', 'Mansoor', 'Fabrice', 'Busey']
