['396', '30', '393', '16', '370', '317', '148', '163', '335', '131', '300', '80', '64', '54', '110', '177', '184', '385', '298', '243', '289', '387', '37', '313', '61']
['272', '124', '381', '11', '74', '217', '375', '43', '7', '234', '205', '117', '143', '47', '69', '19', '31', '186', '23', '39', '252', '202', '14', '276', '208']
['84', '109', '225', '297', '399', '15', '230', '277', '92', '150', '268', '349', '282', '390', '42', '95', '166', '41', '286', '187', '108', '194', '320']
['83', '175', '247', '135', '176', '178', '85', '198', '267', '331', '336', '167', '46', '50', '273', '329', '334', '253', '151', '229', '382', '308', '142', '179']
['379', '359', '159', '125', '340', '66', '59', '156', '356', '346', '325', '106', '316', '180', '238', '77', '352', '218', '103', '250']
['261', '6', '251', '280', '328', '369', '309', '155', '67', '281', '248', '199', '35', '219', '227', '274', '129', '88', '119', '164', '395', '40']
['351', '290', '44', '323', '294', '56', '173', '246', '386', '376', '105', '82', '344', '372', '157', '115', '292', '391', '347', '161', '279']
['21', '81', '318', '8', '211', '147', '332', '287', '315', '107', '89', '188', '45', '1', '169', '226', '283', '209', '314', '216', '244', '264']
['71', '214', '185', '112', '90', '384', '237', '33', '140', '270', '307', '210', '55', '337', '93', '123', '373', '235', '144', '65']
['245', '120', '378', '18', '304', '128', '392', '322', '126', '152', '339', '278', '262', '301', '24', '357', '170', '183']
['137', '266', '368', '70', '17', '275', '48', '25', '94', '215', '99', '139', '303', '354', '319', '327', '326', '165', '22']
['242', '269', '158', '296', '34', '192', '233', '101', '355', '51', '68', '360', '377', '36', '87', '100', '200', '220', '3']
['86', '365', '57', '321', '310', '389', '53', '146', '265', '299', '153', '358', '2', '312', '132', '0', '341', '345', '350', '241']
['228', '116', '285', '60', '182', '254', '388', '240', '32', '98', '138', '201', '168', '305', '62', '181', '121']
['383', '204', '394', '27', '154', '63', '91', '311', '162', '73', '343', '222', '239', '114', '203', '366', '223', '20']
['221', '284', '306', '212', '97', '291', '5', '189', '361', '271', '232', '49', '260', '371', '193', '353', '141', '76']
['362', '333', '191', '293', '58', '324', '302', '12', '288', '28', '26', '363', '172', '52', '133', '134', '367']
['130', '398', '236', '196', '174', '102', '257', '78', '38', '258', '206', '259', '231', '72', '10', '113', '348']
['75', '397', '213', '249', '122', '263', '256', '160', '380', '255', '207', '111', '149', '104', '364', '190', '330']
['374', '295', '145', '338', '195', '9', '342', '4', '79', '224', '197', '118', '127', '171', '96', '136', '29', '13']
