['618', '235', '643', '634', '354', '183', '800', '307', '140', '451', '738', '601', '323']
['419', '166', '626', '391', '806', '687', '71', '589', '789', '4', '263', '872', '428']
['197', '207', '540', '572', '69', '590', '965', '737', '456', '39', '632', '172', '32']
['930', '14', '75', '710', '159', '153', '681', '13', '476', '405', '784', '195', '213']
['881', '973', '907', '928', '816', '168', '940', '395', '858', '579', '767', '854', '415']
['324', '971', '137', '435', '777', '770', '339', '246', '126', '537', '150', '849', '977']
['773', '512', '908', '746', '698', '549', '543', '91', '344', '867', '703', '102']
['765', '116', '229', '130', '747', '81', '347', '314', '417', '192', '864', '929', '460']
['318', '56', '426', '573', '662', '227', '266', '278', '678', '238', '925', '179', '248']
['403', '889', '708', '8', '926', '605', '480', '962', '294', '959', '811', '366', '986']
['888', '724', '486', '875', '906', '452', '938', '77', '532', '556', '956', '727', '133']
['711', '689', '30', '721', '511', '933', '580', '550', '83', '812', '515', '547', '832']
['637', '430', '219', '603', '660', '827', '871', '301', '123', '404', '202', '309', '390']
['312', '558', '423', '218', '916', '653', '520', '0', '783', '491', '66', '43']
['101', '830', '432', '400', '151', '529', '587', '920', '785', '338', '862', '346', '214']
['510', '791', '60', '51', '361', '409', '903', '65', '416', '565', '182', '125', '719']
['600', '702', '458', '98', '19', '253', '444', '597', '640', '913', '829', '134', '591']
['94', '304', '455', '837', '688', '217', '299', '807', '588', '1', '427', '803']
['181', '843', '701', '143', '3', '831', '578', '586', '961', '398', '985', '333', '713']
['446', '712', '686', '798', '55', '995', '958', '530', '392', '505', '329', '72', '420']
['386', '350', '855', '748', '243', '293', '651', '67', '173', '429', '358', '755']
['41', '242', '471', '599', '190', '574', '736', '575', '983', '321', '447', '840', '826']
['418', '546', '353', '254', '993', '725', '742', '245', '583', '679', '980', '177']
['289', '272', '155', '96', '519', '114', '992', '668', '969', '866', '302', '782', '384']
['769', '544', '991', '260', '382', '475', '691', '844', '561', '623', '189', '518', '490']
['877', '470', '306', '269', '106', '536', '856', '144', '493', '799', '821', '883', '210']
['494', '498', '845', '355', '545', '943', '109', '884', '631', '542', '503', '407', '368']
['745', '370', '952', '212', '178', '352', '541', '700', '437', '310', '156', '280', '801']
['275', '629', '122', '641', '121', '234', '85', '677', '842', '792', '389', '975', '817']
['685', '661', '924', '174', '763', '58', '421', '910', '163', '957', '596', '649', '277']
['715', '111', '484', '357', '581', '175', '970', '615', '963', '674', '989', '477', '513']
['145', '482', '608', '481', '489', '9', '944', '496', '288', '533', '281']
['241', '196', '869', '176', '639', '502', '76', '627', '644', '718', '912', '483', '707']
['5', '759', '442', '209', '868', '443', '611', '790', '164', '648', '625', '408']
['328', '132', '128', '287', '667', '602', '594', '967', '465', '749', '119', '786', '917']
['761', '576', '375', '371', '363', '191', '6', '942', '472', '604', '706', '142', '582']
['440', '694', '809', '24', '750', '300', '795', '208', '351', '609', '206', '729', '919']
['787', '203', '264', '570', '326', '239', '635', '499', '756', '319', '230', '568', '74']
['934', '781', '360', '93', '723', '526', '469', '704', '559', '507', '107', '372', '478']
['341', '562', '504', '744', '762', '127', '657', '78', '960', '117', '457', '987', '425']
['671', '861', '149', '999', '633', '23', '380', '64', '15', '256', '367', '31', '757']
['161', '436', '99', '53', '897', '2', '411', '813', '554', '194', '448', '331', '664']
['488', '147', '157', '658', '560', '804', '340', '250', '466', '356', '766', '152', '216']
['237', '974', '569', '819', '261', '73', '833', '857', '692', '886', '474', '613', '716']
['467', '462', '758', '337', '834', '362', '270', '616', '385', '284', '621', '295', '373']
['835', '548', '859', '722', '50', '95', '205', '479', '285', '87', '387', '97', '154']
['401', '922', '822', '876', '224', '528', '846', '34', '38', '584', '893', '915', '92']
['740', '424', '852', '215', '911', '923', '964', '972', '776', '283', '170', '35']
['665', '739', '42', '874', '500', '697', '267', '262', '775', '896', '726', '904', '839']
['780', '413', '752', '104', '187', '100', '222', '274', '317', '26', '103', '348', '259']
['764', '905', '146', '211', '592', '734', '487', '760', '902', '453', '860', '741', '79']
['251', '80', '438', '805', '885', '523', '656', '535', '630', '945', '733', '951', '433']
['282', '28', '105', '16', '820', '158', '525', '663', '62', '495', '110', '705']
['824', '751', '200', '376', '501', '393', '810', '524', '690', '336', '165', '774', '199']
['29', '522', '966', '332', '779', '683', '334', '878', '567', '808', '330', '412', '257']
['497', '647', '743', '900', '244', '941', '684', '410', '463', '297', '115', '577', '676']
['160', '521', '731', '388', '848', '696', '27', '265', '374', '793', '112', '892']
['169', '890', '252', '485', '459', '322', '88', '68', '276', '796', '654', '754', '377']
['984', '508', '595', '516', '258', '325', '717', '988', '236', '714', '730', '11', '555']
['538', '921', '204', '909', '135', '598', '185', '286', '939', '364', '695', '901', '539']
['753', '936', '396', '847', '139', '571', '531', '120', '305', '441', '141', '402', '36']
['136', '33', '968', '607', '642', '193', '473', '645', '249', '315', '17', '650', '171']
['865', '454', '675', '271', '818', '506', '228', '551', '345', '303', '129', '802', '240']
['955', '383', '879', '148', '46', '815', '990', '335', '997', '44', '449', '935']
['998', '946', '131', '996', '823', '509', '86', '851', '108', '680', '397', '290', '553']
['188', '954', '982', '59', '610', '894', '308', '394', '10', '255', '606', '233', '63']
['788', '118', '937', '932', '624', '891', '927', '468', '70', '887', '37', '931', '225']
['838', '273', '880', '948', '61', '279', '220', '646', '709', '25', '882', '90']
['953', '534', '492', '638', '461', '682', '772', '552', '20', '620', '226', '162']
['564', '296', '52', '978', '950', '381', '445', '768', '138', '828', '313', '18', '794']
['636', '628', '870', '814', '180', '186', '655', '292', '895', '797', '84', '720', '89']
['566', '614', '365', '124', '732', '378', '622', '40', '778', '699', '12', '873', '669']
['947', '593', '439', '464', '918', '82', '113', '369', '612', '399', '836', '617', '666']
['349', '514', '735', '450', '994', '45', '342', '673', '863', '557', '343', '899', '825']
['22', '198', '431', '379', '57', '693', '247']
['414', '201', '981', '585', '320', '517']
['359', '223', '728', '841', '898', '49']
['914', '184', '979', '949']
['850', '527', '298', '7', '311']
['167', '231']
['670', '672']
['268', '232']
['47']
['659']
['422']
['771']
['291']
['652']
['619']
['563']
['406']
['327']
['316']
['976']
['48']
['853']
['54']
['434']
['221']
['21']
