['13', '323', '272', '643', '426', '266', '153', '242', '32', '91', '511', '179', '452', '347', '435', '529', '192', '556', '460', '254', '253', '404', '202', '491', '390', '299', '346', '519', '355', '245', '574', '478', '575', '398', '329', '280', '144', '568', '174', '631', '175', '234', '229', '615', '176', '368', '639', '28', '76', '465']
['509', '14', '391', '116', '339', '246', '632', '172', '470', '543', '150', '354', '213', '480', '218', '196', '3', '65', '416', '565', '182', '590', '530', '269', '588', '641', '117', '189', '422', '499', '360', '194', '589', '558', '119', '625', '469', '143', '319', '562', '111', '206', '475', '24', '219', '250', '479', '275', '284']
['188', '507', '456', '263', '455', '579', '270', '344', '151', '520', '484', '427', '121', '173', '602', '42', '64', '300', '341', '164', '581', '327', '123', '428', '584', '100', '621', '38', '97', '216', '462', '459', '488', '87', '35', '155', '41', '282', '322', '53', '508', '79', '62', '163', '68', '630', '239', '197', '115', '595']
['395', '56', '159', '71', '248', '547', '260', '307', '94', '424', '208', '215', '328', '128', '51', '466', '373', '481', '99', '434', '126', '103', '348', '165', '110', '145', '542', '433', '73', '396', '11', '555', '271', '315', '467', '139', '531', '112', '305', '461', '96', '69', '29', '191', '449', '264', '447', '9', '446', '316']
['603', '537', '361', '31', '50', '78', '152', '501', '170', '523', '521', '98', '211', '236', '325', '77', '268', '314', '27', '46', '401', '61', '241', '129', '363', '240', '486', '608', '59', '244', '237', '201', '36', '450', '180', '572', '330', '414', '292', '332', '25', '397', '553', '445', '628', '439', '585', '606', '431']
['2', '238', '5', '533', '256', '377', '412', '257', '356', '345', '468', '0', '222', '225', '47', '636', '255', '147', '640', '233', '54', '84', '453', '350', '321', '313', '369', '601', '169', '224', '516', '258', '504', '524', '567', '181', '538', '276', '349', '205', '12', '290', '517', '132', '226', '7', '232', '114', '634']
['440', '430', '415', '563', '561', '423', '23', '388', '545', '243', '102', '193', '429', '249', '141', '402', '101', '522', '138', '419', '482', '60', '399', '15', '536', '617', '425', '500', '378', '359', '167', '343', '33', '633', '492', '371', '518', '183', '30', '118', '476', '405', '550', '301', '83', '515', '217', '19', '444', '55']
['539', '437', '168', '503', '267', '146', '580', '535', '638', '637', '464', '113', '514', '338', '548', '564', '620', '49', '235', '166', '75', '227', '39', '458', '306', '195', '605', '532', '366', '133', '409', '586', '43', '333', '496', '392', '583', '318', '134', '177', '85', '109', '210', '623', '626', '310', '443', '560', '277']
['438', '410', '613', '578', '148', '645', '184', '296', '178', '26', '552', '320', '342', '82', '573', '451', '48', '597', '66', '1', '540', '358', '407', '380', '477', '105', '281', '627', '611', '526', '351', '618', '609', '372', '382', '541', '457', '295', '104', '387', '376', '187', '92', '485', '418', '393', '607', '203', '317', '336']
['228', '599', '394', '483', '160', '10', '231', '22', '413', '546', '125', '591', '505', '72', '493', '289', '596', '513', '502', '569', '644', '408', '559', '230', '367', '417', '122', '448', '592', '80', '616', '34', '442', '262', '324', '283', '525', '185', '510', '495', '498', '463', '512', '421', '403', '357', '489', '286', '629', '21']
['577', '472', '304', '274', '220', '297', '140', '131', '190', '420', '302', '384', '142', '95', '474', '544', '598', '209', '199', '642', '16', '340', '364', '506', '158', '335', '86', '624', '490', '432', '312', '252', '149', '106', '454', '70', '411', '279', '593', '81', '497', '610', '291', '406', '90', '198']
['107', '308', '385', '137', '570', '554', '74', '331', '487', '383', '154', '389', '473', '265', '374', '571', '171', '120', '212', '494', '37', '381', '44', '63', '527', '6', '20', '52', '400', '251', '124', '58', '162', '127', '362', '200', '204', '273', '622', '379', '614', '136', '334', '566', '221', '311', '534', '287']
['353', '471', '8', '309', '214', '67', '370', '93', '619', '259', '285', '551', '278', '326', '298', '436', '130', '294', '600', '337', '612', '18', '288', '635', '157', '375', '186']
['17', '303', '352', '557', '582', '108', '223', '386', '40', '57', '247']
['365', '604', '156', '549', '293', '441', '261', '587']
['207']
['576']
['45']
['135']
['594']
['4']
['161']
['88']
['89']
['528']
