['599', '56', '323', '207', '777', '116', '737', '456', '632', '712', '32', '455', '579', '213', '151', '197', '248', '867', '703', '347', '192', '864', '888', '956', '688', '254', '404', '202', '491', '416', '390', '798', '565', '346', '355']
['584', '391', '738', '159', '339', '589', '242', '13', '721', '543', '91', '238', '344', '179', '452', '138', '811', '460', '260', '855', '484', '299', '182', '958', '530', '969', '641', '748', '121', '352', '144', '884', '769', '314']
['843', '973', '246', '263', '150', '959', '363', '123', '3', '140', '427', '992', '574', '122', '930', '106', '799', '763', '229', '615', '176', '957', '639', '28', '194', '723', '625', '704', '107', '168', '881', '478', '128', '724', '51']
['64', '272', '307', '806', '687', '537', '480', '417', '556', '547', '832', '783', '65', '995', '563', '782', '174', '844', '602', '234', '437', '422', '994', '744', '465', '208', '648', '581', '469', '319', '562', '466', '428', '963', '250']
['842', '266', '684', '977', '520', '630', '689', '519', '742', '398', '304', '667', '970', '189', '424', '975', '76', '558', '758', '875', '328', '568', '761', '111', '24', '503', '395', '715', '711', '831', '284', '38', '275', '97', '481']
['112', '927', '795', '71', '172', '361', '668', '575', '588', '280', '700', '817', '790', '119', '253', '476', '269', '50', '117', '78', '479', '373', '701', '716', '152', '950', '631', '126', '497', '53', '79', '521', '163', '68', '239']
['222', '789', '681', '306', '982', '907', '856', '173', '924', '677', '42', '781', '164', '859', '499', '872', '206', '100', '36', '893', '99', '915', '267', '462', '946', '488', '155', '322', '508', '678', '291', '115', '388', '110', '827']
['264', '14', '486', '511', '529', '29', '252', '245', '94', '31', '912', '368', '360', '492', '132', '143', '327', '919', '270', '216', '767', '810', '87', '146', '988', '62', '999', '897', '722', '823', '325', '818', '148', '805', '249']
['680', '910', '718', '874', '729', '475', '751', '683', '690', '776', '459', '170', '295', '839', '243', '145', '951', '676', '820', '377', '52', '236', '535', '485', '978', '998', '734', '847', '815', '531', '870', '948', '241', '305', '638']
['244', '367', '153', '454', '706', '822', '219', '987', '621', '501', '434', '774', '545', '938', '211', '433', '730', '695', '901', '46', '401', '824', '139', '652', '779', '345', '663', '282', '665', '861', '96', '69', '191', '366', '814']
['935', '601', '4', '986', '564', '329', '436', '708', '755', '300', '215', '707', '279', '886', '964', '35', '685', '412', '396', '257', '77', '27', '650', '735', '909', '471', '141', '892', '608', '449', '59', '9', '283', '180', '813']
['350', '928', '470', '926', '903', '533', '356', '616', '904', '41', '741', '348', '613', '796', '555', '578', '193', '447', '402', '0', '851', '931', '572', '821', '852', '997', '292', '397', '553', '947', '101', '636', '628', '147', '768']
['803', '95', '80', '658', '523', '595', '11', '129', '218', '653', '393', '237', '175', '332', '25', '445', '772', '233', '464', '419', '205', '255', '184', '296', '598', '178', '113', '15', '617', '752', '425', '385', '258', '524']
['510', '835', '326', '698', '410', '274', '268', '240', '934', '160', '330', '576', '414', '225', '895', '165', '439', '936', '84', '773', '203', '933', '60', '415', '313', '169', '378', '651', '181', '276', '167', '829', '343', '231', '841']
['826', '435', '771', '12', '467', '370', '770', '890', '686', '468', '675', '201', '47', '877', '453', '482', '98', '966', '542', '341', '836', '863', '516', '500', '504', '745', '297', '359', '717', '6', '850', '552', '290', '342', '996']
['61', '196', '645', '104', '954', '230', '54', '321', '369', '567', '913', '728', '937', '320', '942', '952', '727', '114', '166', '573', '75', '702', '816', '604', '8', '405', '195', '837', '916', '133', '309', '637', '920', '43']
['127', '808', '376', '848', '900', '981', '316', '845', '522', '991', '399', '224', '517', '223', '232', '426', '137', '662', '590', '746', '828', '605', '747', '83', '409', '66', '807', '1', '719', '351', '713', '72', '983', '85', '302']
['596', '188', '544', '787', '585', '606', '603', '444', '911', '833', '732', '659', '671', '643', '354', '183', '849', '580', '583', '301', '19', '586', '190', '214', '333', '505', '976', '177', '883', '993', '289', '380', '989', '477', '443']
['161', '857', '271', '44', '896', '697', '26', '103', '968', '918', '633', '226', '825', '971', '451', '965', '30', '812', '597', '640', '540', '679', '109', '358', '142', '594', '407', '792', '762', '93', '281', '611', '526', '337', '609']
['34', '394', '73', '450', '431', '514', '536', '620', '49', '985', '559', '235', '710', '413', '940', '550', '102', '785', '55', '318', '570', '691', '623', '518', '421', '801', '408', '858', '16', '661', '382', '448', '541', '834']
['878', '634', '759', '906', '871', '546', '334', '800', '944', '199', '571', '157', '980', '420', '5', '429', '674', '692', '105', '569', '592', '489', '2', '819', '438', '372', '757', '967', '440', '923', '285', '972', '487', '885', '726']
['108', '549', '784', '512', '854', '57', '532', '217', '403', '338', '125', '693', '591', '869', '731', '626', '649', '647', '560', '922', '256', '657', '400', '554', '804', '917', '887', '227', '74', '331', '362', '846', '714', '387', '261']
['496', '830', '442', '733', '743', '961', '493', '561', '386', '310', '70', '750', '389', '756', '908', '288', '474', '324', '760', '135', '495', '694', '463', '357', '293', '286', '513', '754', '506', '509', '880', '171', '610', '120', '624']
['696', '209', '515', '210', '277', '582', '627', '507', '457', '619', '273', '635', '262', '656', '889', '336', '525', '945', '48', '381', '705', '939', '158', '921', '458', '365', '303', '490', '736', '149', '943', '187', '81', '131', '45']
['37', '853', '423', '666', '294', '600', '960', '67', '156', '876', '838', '865', '775', '879', '941', '88', '498', '629', '154', '364', '557', '265', '725', '374', '866', '990', '86', '802', '430', '740', '494', '411', '593', '699', '669']
['124', '528', '418', '979', '317', '63', '654', '33', '914', '406', '739', '212', '932', '788', '446', '655', '672', '646', '765', '90', '797', '20', '298', '905', '472', '221', '251', '614', '375', '778', '21', '566', '371', '670']
['278', '502', '483', '860', '642', '340', '17', '929', '891', '23', '793', '577', '461', '198', '955', '335', '130', '82', '7', '441', '162', '200', '383', '607', '753', '353', '349', '186', '894', '882', '840', '984']
['136', '134', '384', '92', '780', '473', '539', '551', '644', '974', '899', '673', '527', '786', '962', '794', '534', '868', '538', '22', '898', '247']
['311', '39', '682', '259', '287', '308', '10', '809', '58', '379', '873']
['228', '618', '432', '791', '764', '40']
['953', '587', '766', '220', '612', '622', '720', '949']
['18', '185', '312', '709', '548', '749']
['660', '902', '118']
['204']
['89']
['664']
['315']
['925']
['862']
['392']
