['842', '188', '973', '148', '333', '115', '307', '999', '878', '456', '71', '21', '433', '816', '4', '875', '754', '168', '848', '405', '784', '239', '340', '925', '573', '452', '301', '249', '853', '956', '69', '520', '564', '309', '171', '484', '345', '112', '800', '689']
['302', '179', '971', '927', '945', '140', '595', '746', '498', '172', '263', '463', '347', '579', '101', '364', '151', '268', '265', '294', '959', '686', '3', '120', '241', '43', '490', '929', '558', '540', '992', '574', '890', '814', '983', '9', '85', '837', '894', '840']
['57', '235', '461', '701', '910', '590', '513', '16', '154', '11', '827', '480', '83', '725', '467', '880', '653', '111', '202', '855', '416', '444', '586', '638', '665', '985', '28', '530', '392', '361', '329', '177', '420', '493', '915', '799', '174', '844', '210', '623']
['380', '56', '737', '427', '209', '110', '965', '323', '506', '712', '901', '32', '91', '412', '257', '818', '477', '473', '77', '986', '19', '571', '735', '909', '365', '565', '346', '838', '777', '272', '502', '505', '930', '59', '980', '454', '359', '446', '36', '884']
['881', '207', '388', '339', '886', '721', '285', '783', '46', '824', '374', '217', '139', '845', '335', '338', '862', '441', '141', '778', '660', '134', '326', '771', '234', '572', '970', '518', '801', '897', '397', '370', '569', '723', '2', '445', '628', '936', '741', '581']
['216', '354', '5', '450', '238', '854', '213', '27', '888', '133', '991', '948', '471', '430', '916', '934', '647', '149', '175', '280', '935', '782', '789', '81', '514', '674', '402', '10', '605', '650', '582', '526', '342', '64', '955', '996', '773', '562', '128', '436']
['787', '426', '48', '774', '391', '39', '702', '424', '458', '780', '537', '543', '396', '555', '344', '98', '688', '196', '449', '597', '86', '61', '624', '519', '802', '608', '312', '575', '561', '23', '942', '358', '883', '763', '658', '793', '677', '610', '66', '895']
['859', '906', '662', '357', '731', '145', '795', '246', '912', '672', '455', '182', '551', '121', '299', '913', '190', '462', '417', '14', '713', '191', '641', '489', '982', '144', '547', '691', '798', '429', '633', '944', '594', '189', '576', '792', '51', '45', '215', '511']
['600', '954', '298', '76', '266', '153', '377', '905', '976', '898', '805', '812', '515', '734', '404', '531', '843', '142', '252', '588', '411', '58', '165', '974', '105', '762', '201', '439', '758', '127', '328', '908', '472', '118', '603', '587', '313', '50', '7', '963']
['984', '495', '297', '42', '451', '676', '632', '820', '645', '578', '102', '532', '864', '349', '129', '807', '26', '355', '278', '599', '318', '922', '995', '106', '316', '229', '626', '503', '407', '563', '611', '570', '648', '606', '877', '255', '718', '464', '876', '54']
['950', '92', '403', '710', '423', '395', '849', '166', '696', '535', '401', '277', '486', '679', '74', '70', '173', '813', '496', '989', '957', '998', '900', '164', '625', '63', '491', '52', '390', '668', '428', '809', '541', '437', '967', '705', '483', '169', '865', '846']
['432', '866', '577', '687', '589', '236', '356', '193', '17', '891', '125', '612', '943', '447', '67', '545', '627', '828', '180', '176', '743', '194', '981', '644', '636', '994', '704', '911', '107', '554', '920', '205', '367', '960', '399', '24', '95', '836', '756', '440']
['694', '643', '435', '940', '722', '195', '271', '487', '509', '921', '366', '652', '903', '212', '748', '332', '744', '533', '394', '35', '119', '208', '797', '469', '408', '528', '337', '6', '230', '585', '343', '482', '415', '729', '73', '834', '288', '987', '466', '715']
['270', '697', '733', '116', '325', '40', '218', '815', '667', '931', '596', '222', '90', '654', '419', '478', '923', '425', '926', '619', '414', '607', '97', '267', '282', '232', '167', '937', '775', '776', '393', '504', '726', '41', '839', '273', '79', '521', '259']
['94', '630', '293', '159', '629', '219', '150', '938', '75', '244', '958', '29', '969', '72', '237', '279', '852', '899', '709', '228', '765', '786', '198', '233', '20', '327', '858', '933', '113', '382', '499', '253', '682', '615', '204', '524', '651', '764', '161', '613']
['481', '907', '738', '951', '476', '857', '941', '350', '847', '65', '240', '475', '117', '310', '381', '759', '879', '618', '231', '917', '720', '82', '123', '869', '592', '833', '479', '616', '152', '438', '387', '214', '126', '261', '135', '131', '274', '317', '669', '287']
['779', '245', '243', '708', '796', '409', '33', '315', '811', '178', '829', '96', '269', '675', '384', '37', '631', '655', '692', '649', '443', '281', '768', '601', '609', '887', '89', '289', '124', '822', '457', '732', '250', '474', '964', '685', '868', '510', '753', '904']
['199', '183', '156', '197', '739', '817', '990', '870', '305', '972', '55', '114', '583', '856', '136', '680', '330', '220', '646', '406', '932', '819', '657', '567', '804', '507', '31', '321', '766', '378', '295', '635', '544', '841', '186', '656', '22', '226', '336']
['379', '546', '977', '867', '260', '785', '264', '494', '924', '542', '15', '659', '93', '947', '707', '319', '830', '413', '724', '372', '206', '78', '860', '584', '508', '538', '914', '434', '324', '810', '68', '49', '62', '693']
['791', '421', '286', '714', '639', '742', '103', '851', '769', '465', '794', '993', '291', '389', '560', '755', '749', '642', '431', '400', '18', '740', '568', '617', '224', '621', '373', '745', '181', '557', '690', '517', '620', '525']
['664', '806', '539', '529', '556', '12', '162', '130', '761', '376', '170', '580', '422', '100', '961', '663', '727', '1', '322']
['874', '211', '695', '719', '706', '997', '470', '371', '750', '684', '87', '442', '485', '885', '262', '850', '988', '591', '808']
['728', '928', '681', '823', '303', '861', '892', '398', '968', '160', '292', '300', '47', '835', '341', '385', '666', '187', '717', '132', '825', '410']
['523', '512', '698', '553', '314', '363', '0', '919', '902', '368', '44', '559', '966', '448', '670', '500', '831', '284', '276', '767', '492', '873']
['703', '872', '781', '593', '953', '352', '527', '863', '453', '203', '88', '952', '84', '661', '283', '882', '362', '360', '790', '351', '752']
['184', '227', '832', '637', '770', '200', '275', '826', '889', '25', '772', '604', '962', '757', '386', '683', '893', '896', '566', '53', '488']
['622', '137', '306', '550', '736', '788', '602', '225', '821', '552', '353', '375', '716', '501', '247', '673', '290', '334']
['320', '13', '640', '549', '522', '147', '60', '331', '497', '223', '534', '949', '678', '634', '256', '99', '304', '38']
['536', '143', '939', '248', '978', '700', '80', '258', '730', '979', '418', '598', '311', '163', '871', '157', '699', '459']
['146', '30', '8', '468', '108', '516', '760', '122', '109', '138', '296', '711', '751', '104', '614', '383', '155', '221', '158']
['803', '747', '460', '975', '308', '548', '251', '34', '946', '185', '348', '242', '192', '254', '918', '369', '671']
