['266', '357', '260', '634', '416', '345', '759', '932', '831', '442']
['186', '495', '171', '750', '519', '891', '324', '767', '428', '351']
['11', '304', '88', '920', '478', '923', '752', '638', '741', '936']
['259', '967', '845', '140', '745', '320', '164', '915', '172', '13']
['927', '779', '288', '183', '308', '516', '742', '21', '40', '805']
['343', '233', '674', '381', '166', '393', '213', '649', '275', '904']
['372', '647', '579', '804', '616', '280', '563', '910', '502', '905']
['89', '494', '775', '329', '933', '25', '586', '684', '226', '799']
['203', '94', '455', '389', '595', '612', '964', '655', '774', '615']
['273', '653', '870', '501', '108', '360', '330', '859', '951', '766']
['543', '808', '195', '618', '85', '406', '193', '806', '456', '258']
['704', '758', '395', '961', '228', '656', '624', '200', '173', '928']
['683', '848', '781', '551', '887', '355', '611', '427', '432', '872']
['829', '107', '384', '256', '435', '718', '580', '947', '866']
['252', '588', '778', '578', '243', '44', '300', '453', '667', '450']
['676', '409', '65', '126', '893', '223', '296', '446', '924', '978']
['909', '483', '42', '327', '678', '328', '602', '622', '224', '926']
['514', '889', '38', '902', '136', '701', '303', '60', '540', '797']
['253', '679', '464', '720', '342', '102', '913', '272', '770', '658']
['34', '903', '945', '727', '70', '362', '901', '900', '572', '199']
['48', '937', '113', '545', '555', '268', '856', '190', '723', '415']
['610', '238', '696', '248', '98', '985', '883', '152', '847']
['197', '3', '842', '637', '78', '177', '751', '773', '448', '422']
['24', '697', '319', '63', '693', '865', '880', '110', '988', '763']
['512', '447', '748', '129', '825', '317', '125', '174', '469', '949']
['921', '713', '841', '23', '584', '265', '884', '39', '311', '254']
['557', '571', '714', '596', '603', '956', '95', '654', '69']
['242', '374', '9', '382', '251', '539', '787', '824', '534', '515']
['452', '559', '813', '92', '908', '710', '689', '307', '441', '295']
['321', '664', '335', '440', '605', '747', '12', '749', '801', '625']
['524', '310', '581', '407', '216', '465', '10', '219', '789', '366']
['643', '548', '179', '726', '706', '201', '83', '627', '322', '103']
['626', '463', '331', '36', '784', '835', '460', '333', '141', '225']
['175', '906', '657', '798', '137', '209', '22', '633', '898', '661']
['582', '236', '405', '740', '777', '746', '77', '651', '868', '206']
['289', '291', '942', '564', '878', '725', '757', '361', '712']
['274', '420', '76', '161', '632', '861', '287']
['709', '531', '270', '473', '480', '708', '301', '178', '976', '613']
['396', '318', '818', '882', '118', '429', '181', '68', '185', '247']
['222', '823', '577', '54', '390', '121', '391', '67', '946', '99']
['505', '499', '52', '737', '719', '672', '401', '950', '729', '17']
['686', '91', '837', '765', '858', '992', '811', '668', '562']
['885', '969', '614', '756', '346', '830', '367', '100', '914', '852']
['876', '705', '980', '176', '802', '492', '37', '702', '267', '922']
['434', '231', '375', '436', '334', '82', '817']
['211', '135', '459', '999', '635', '935', '771', '444', '163', '764']
['377', '912', '567', '5', '46', '198', '636']
['257', '332', '86', '699', '298', '438', '738', '350', '93', '591']
['556', '292', '325', '477', '760', '981', '523', '673', '392', '476']
['187', '650', '971', '61', '641', '954', '227', '583']
['795', '412', '863', '117', '907', '730', '487']
['963', '312', '202', '785', '762', '530', '370', '892']
['294', '143', '398', '72', '975', '507', '619', '130', '53', '944']
['410', '881', '354', '205', '895', '659', '839', '51', '962']
['439', '80', '451', '430', '55', '552', '682']
['399', '123', '669', '970', '437', '497', '525']
['640', '306', '833', '517', '790', '646', '585', '608']
['599', '424', '800', '388', '509', '897', '153', '19']
['974', '115', '899', '755', '792', '546', '513']
['593', '402', '803', '131', '794', '363', '948']
['549', '972', '826', '229', '917', '489', '877']
['869', '237', '338', '277', '965', '49', '498', '554', '4', '677']
['931', '601', '621', '337', '574', '189', '855']
['336', '565', '538', '119', '326', '486', '994']
['977', '896', '834', '867', '293', '27', '482', '387']
['871', '597', '423', '151', '276', '124', '716']
['468', '815', '397', '529', '993', '147', '875', '133']
['569', '207', '850', '590', '299', '547', '609']
['170', '836', '6', '84', '122', '711', '821', '281', '71', '246']
['860', '341', '380', '943', '96', '488', '20', '589']
['208', '148', '862', '550', '358', '576', '722']
['31', '449', '162', '879', '573', '506', '553', '314', '957']
['715', '675', '929', '373', '960', '735', '383']
['481', '703', '168', '8', '687', '353', '204']
['348', '426', '120', '369', '192', '403', '132', '364']
['297', '849', '146', '485', '793', '134', '490']
['461', '149', '316', '14', '411', '510', '918']
['809', '56', '987', '182', '916', '728', '188']
['753', '421', '662', '425', '991', '888', '642']
['558', '989', '997', '109', '462', '629', '45', '594', '156']
['503', '995', '418', '245', '526', '62', '394']
['938', '196', '419', '919', '315', '261']
['652', '458', '814', '941', '666', '26', '404']
['796', '791', '157', '0', '340', '952']
['768', '744', '639', '851', '853', '365']
['996', '235', '544', '846', '379', '111']
['30', '184', '250', '18', '671', '169']
['560', '244', '854', '504', '475', '982']
['454', '302', '484', '471', '606', '167']
['953', '368', '400', '681', '772', '816']
['598', '15', '990', '561', '631', '79', '263', '408']
['828', '984', '568', '479', '660', '35', '210']
['604', '776', '536', '145', '286', '890', '29', '496']
['159', '874', '142', '139', '138', '249', '218', '511']
['239', '743', '600', '934', '644', '733']
['180', '128', '820', '191', '810', '112']
['101', '271', '691', '541', '685', '50']
['827', '694', '284', '532', '959', '648', '215']
['87', '214', '433', '472', '81', '431']
['782', '352', '194', '500', '734', '570', '413']
['347', '150', '344', '998', '240', '97']
['520', '630', '761', '339', '155', '57']
['282', '522', '940', '542', '680', '518']
['241', '212', '290', '417', '873', '620']
['59', '986', '467', '739', '309', '955']
['371', '670', '386', '466', '262', '376']
['279', '695', '359', '623', '43', '285', '521']
['32', '769', '587', '731', '894', '783']
['64', '470', '1', '234', '700', '74', '278']
['165', '968', '66', '116', '90', '925']
['607', '493', '443', '356', '939', '575']
['780', '232', '732', '528', '158', '838']
['230', '698', '33', '645', '104', '457']
['221', '911', '886', '822', '537', '717']
['491', '2', '217', '566', '819', '445']
['41', '724', '832', '144', '788', '663']
['160', '843', '754', '592', '983', '16']
['47', '378', '692', '966', '958', '114']
['385', '264', '220', '73', '28', '979']
['349', '807', '508', '269', '105', '127']
['154', '844', '617', '75', '840', '690']
['323', '313', '305', '857', '665', '474']
['58', '7', '628', '930', '106', '283']
['721', '786', '688', '533', '707', '414']
['535', '527', '973', '864', '255', '736', '812']
