['658', '737', '272', '643', '777', '738', '601', '266', '71', '632', '712', '721', '150', '579', '238', '354', '213', '151', '197', '248', '480', '417', '811', '460', '547', '520', '260', '783', '484', '416', '390', '299', '798', '689', '346', '355', '742', '574', '94', '157', '436', '837', '563', '799', '769', '708', '174', '631', '234']
['464', '56', '323', '391', '426', '159', '589', '172', '13', '32', '344', '60', '347', '183', '529', '361', '404', '202', '565', '519', '182', '245', '0', '530', '122', '398', '329', '641', '280', '144', '667', '700', '615', '677', '422', '424', '817', '300', '533', '194', '76', '95', '558', '208', '119', '215', '4', '80', '319', '328']
['108', '806', '116', '687', '246', '91', '452', '3', '468', '321', '173', '24', '402', '499', '744', '790', '789', '469', '242', '718', '143', '458', '327', '724', '715', '51', '475', '537', '340', '117', '503', '219', '250', '455', '761', '711', '275', '831', '216', '244', '38', '99', '306', '267', '763', '105', '501']
['34', '613', '634', '153', '263', '549', '270', '192', '191', '254', '312', '307', '269', '588', '9', '42', '28', '465', '164', '648', '625', '832', '107', '562', '466', '31', '423', '50', '356', '723', '123', '478', '408', '751', '584', '701', '767', '394', '690', '284', '621', '170', '488', '295', '155', '508', '163', '68', '630']
['165', '456', '511', '218', '688', '196', '454', '23', '759', '360', '704', '707', '795', '97', '459', '523', '146', '839', '322', '53', '581', '678', '239', '243', '211', '145', '722', '823', '412', '11', '818', '148', '314', '27', '46', '249', '315', '139', '652', '650', '61', '663', '665', '29', '449']
['83', '808', '491', '140', '575', '5', '782', '815', '490', '132', '771', '758', '206', '822', '481', '100', '813', '776', '90', '373', '291', '683', '388', '545', '595', '483', '377', '77', '268', '561', '112', '241', '305', '129', '556', '486', '96', '264', '814', '553', '175', '446', '675', '126', '180', '572', '521', '697', '368', '225']
['827', '543', '591', '427', '121', '176', '728', '639', '78', '649', '253', '479', '152', '576', '694', '796', '274', '703', '820', '18', '224', '257', '325', '301', '271', '824', '531', '638', '363', '240', '141', '515', '59', '283', '316', '450', '821', '330', '397', '47', '101', '445', '772', '147', '233', '84', '205', '773']
['352', '138', '114', '181', '16', '128', '111', '664', '716', '434', '810', '35', '41', '103', '79', '396', '696', '535', '734', '212', '462', '653', '608', '447', '36', '222', '666', '726', '332', '636', '628', '585', '431', '603', '296', '98', '768', '313', '399', '514', '341', '536', '833', '752', '516', '684', '258', '504', '607', '745']
['692', '179', '226', '437', '457', '8', '605', '685', '741', '52', '345', '237', '282', '292', '25', '376', '419', '830', '184', '587', '178', '444', '369', '836', '385', '378', '410', '764', '359', '348', '343', '778', '231', '552', '320', '835', '492', '825', '232', '82', '1', '207', '166', '573', '435', '662', '626', '710', '227']
['407', '14', '681', '498', '731', '115', '433', '236', '204', '555', '485', '467', '44', '160', '45', '15', '88', '169', '297', '497', '12', '290', '633', '49', '727', '137', '39', '702', '476', '784', '747', '532', '294', '812', '366', '217', '133', '309', '640', '66', '586', '43', '190', '214', '125', '803', '719', '392']
['57', '193', '429', '779', '220', '201', '787', '794', '255', '732', '510', '276', '349', '223', '671', '791', '800', '590', '451', '746', '168', '428', '395', '195', '69', '686', '338', '55', '357', '679', '134', '713', '420', '177', '85', '493', '109', '691', '384', '358', '534', '496', '674', '792', '389', '635', '21', '443']
['495', '7', '695', '439', '113', '425', '651', '538', '167', '717', '22', '517', '659', '698', '405', '580', '505', '350', '409', '733', '597', '785', '807', '199', '583', '72', '302', '826', '542', '289', '801', '596', '560', '277', '762', '93', '281', '627', '749', '786', '386', '351', '127', '657', '554', '804', '371', '367', '372', '382']
['203', '430', '453', '770', '415', '383', '333', '30', '550', '19', '829', '318', '570', '594', '156', '502', '569', '582', '162', '2', '654', '526', '559', '256', '609', '507', '661', '74', '448', '541', '592', '393', '440', '750', '616', '766', '87', '442', '774', '92', '805', '418', '262', '324', '544', '26', '525', '304']
['672', '308', '578', '370', '471', '617', '567', '735', '235', '75', '564', '623', '644', '230', '339', '668', '229', '528', '474', '500', '619', '387', '775', '656', '135', '185', '209', '403', '342', '489', '293', '629', '513', '33', '780', '754', '645', '506', '509', '539', '725', '17', '374', '739', '188', '335', '365', '624']
['610', '522', '524', '670', '816', '118', '102', '518', '477', '757', '834', '756', '598', '317', '259', '463', '512', '286', '642', '154', '364', '265', '551', '793', '171', '441', '432', '142', '647', '149', '106', '494', '411', '37', '593', '131', '381', '228', '380', '606', '261', '120', '828', '604', '600', '124', '472']
['527', '6', '89', '540', '611', '819', '67', '104', '187', '487', '546', '285', '714', '571', '86', '278', '660', '680', '709', '461', '10', '63', '548', '298', '413', '130', '612', '362', '438', '414', '753', '622', '614', '788', '186', '136', '334', '673', '693', '252', '247']
['473', '421', '705', '158', '802', '838', '602', '198', '64', '20', '400', '353', '58', '740', '682', '730', '161', '375', '273']
['288', '331', '303', '736', '599', '326', '279', '655', '765', '337', '618', '379', '699', '743', '287']
['70', '760', '646', '809', '40', '221', '311']
['406', '557']
['577']
['81']
['797']
['401']
['48']
['251']
['189']
['65']
['748']
['781']
['729']
['110']
['210']
['200']
['336']
['637']
['669']
['566']
['568']
['62']
['755']
['720']
['706']
['482']
['470']
['620']
['54']
['310']
['73']
['676']
