['808', '906', '546', '945', '662', '443', '27', '698', '704', '721', '395', '527', '714', '257', '325', '340', '580', '874', '197', '828', '265', '482', '231', '475', '254', '174', '549', '65', '466', '479', '586', '684', '619', '234', '398', '868', '481', '99', '278', '432', '487', '557', '373', '788', '462', '237', '393', '781', '126', '5', '336', '316', '799', '104', '520', '160', '79', '259', '610']
['56', '614', '424', '2', '646', '734', '48', '560', '502', '208', '45', '644', '897', '433', '642', '606', '705', '236', '548', '849', '920', '918', '804', '143', '193', '343', '102', '529', '812', '321', '864', '366', '139', '912', '309', '836', '335', '536', '715', '356', '584', '730', '802', '838', '154', '357', '449', '284', '922', '850', '726', '0', '311', '62', '902', '508']
['323', '156', '426', '368', '292', '406', '932', '44', '350', '293', '746', '47', '628', '681', '13', '16', '73', '396', '11', '609', '327', '413', '928', '178', '916', '515', '66', '652', '233', '86', '923', '241', '212', '718', '500', '282', '621', '665', '651', '545', '716', '92', '9', '252', '896', '748', '602', '223', '322', '180', '175', '176', '655', '521']
['777', '235', '3', '81', '183', '893', '370', '738', '724', '654', '198', '528', '107', '337', '578', '478', '800', '827', '871', '780', '847', '571', '903', '785', '270', '664', '378', '829', '950', '240', '187', '861', '805', '717', '713', '454', '815', '638', '302', '570', '840', '935', '121', '525', '57', '497']
['266', '414', '225', '895', '164', '907', '900', '723', '90', '943', '101', '246', '118', '786', '768', '470', '306', '917', '531', '477', '703', '905', '46', '83', '824', '959', '853', '873', '866', '7', '288', '162', '303', '663', '43', '385', '346', '622', '764', '683', '554', '486', '418', '778', '106', '488', '563', '706', '941', '317', '450', '210']
['71', '339', '42', '577', '465', '389', '435', '636', '277', '201', '286', '294', '722', '127', '848', '784', '6', '773', '173', '795', '130', '158', '95', '653', '188', '593', '845', '471', '120', '262', '338', '362', '913', '689', '383', '295', '846', '728', '269', '29', '937', '810', '561', '135', '109', '839', '627', '667', '755', '88', '671']
['632', '310', '239', '572', '21', '25', '391', '243', '376', '749', '859', '648', '483', '579', '205', '890', '89', '19', '822', '499', '80', '624', '682', '474', '412', '114', '770', '40', '892', '679', '814', '837', '797', '835', '279', '37', '825', '117']
['263', '792', '630', '166', '50', '611', '445', '4', '876', '772', '32', '732', '377', '419', '512', '301', '509', '98', '353', '888', '31', '67', '217', '472', '503', '865', '929', '110', '759', '930', '312', '501', '59', '946', '564', '615', '348', '587', '727']
['150', '697', '643', '380', '573', '115', '489', '599', '589', '8', '758', '567', '364', '901', '661', '313', '921', '349', '793', '649', '345', '711', '275', '926', '524', '588', '1', '540', '701', '379', '196', '94', '434', '329', '149', '447', '699', '23', '22', '26', '422', '677', '735']
['179', '674', '634', '153', '819', '33', '146', '544', '230', '908', '253', '367', '583', '645', '296', '598', '18', '250', '38', '909', '129', '214', '607', '803', '505', '134', '264', '459', '244', '760', '85', '633', '342', '41', '20', '384', '942', '931', '222', '287', '410']
['811', '407', '354', '957', '228', '446', '762', '818', '867', '796', '511', '559', '618', '806', '747', '452', '506', '401', '415', '453', '399', '514', '202', '457', '568', '408', '751', '510', '442', '318', '641', '841', '420', '720', '358', '670']
['361', '504', '75', '710', '386', '28', '830', '595', '513', '789', '537', '707', '404', '268', '111', '220', '688', '600', '15', '631', '425', '736', '55', '753', '496', '647', '324', '186', '911', '889', '691', '203', '844', '103', '693', '518']
['519', '207', '280', '596', '93', '456', '790', '498', '439', '351', '256', '285', '215', '148', '436', '400', '880', '955', '794', '388', '181', '956', '402', '952', '885', '72', '656', '352', '493', '35', '274', '881', '185', '136', '626']
['182', '332', '590', '771', '629', '869', '936', '940', '428', '854', '359', '480', '369', '360', '547', '229', '886', '766', '190', '441', '958', '155', '898', '769', '878', '826', '741', '24', '576']
['742', '692', '300', '105', '553', '687', '816', '381', '637', '219', '657', '195', '858', '347', '417', '372', '218', '374', '551', '739', '834', '464', '750', '558', '574', '485', '157', '809', '894', '320', '517', '131', '949']
['530', '421', '678', '744', '140', '821', '569', '145', '172', '242', '64', '729', '779', '783', '224', '305', '258', '405', '700', '232', '12', '675', '887', '708', '673', '163']
['122', '137', '522', '119', '712', '875', '740', '245', '535', '184', '507', '10', '124', '437', '725', '565', '387', '272', '297', '199', '938', '167', '170', '326', '87', '36', '899', '328', '334', '463', '49', '594']
['116', '39', '144', '308', '461', '582', '801', '604', '390', '363', '371', '863', '365', '430', '690', '731', '939', '108', '375']
['639', '910', '209', '550', '702', '951', '754', '423', '132', '138', '757', '74', '960', '640', '948', '617', '745', '427', '851', '52', '53', '562', '247']
['625', '260', '694', '344', '933', '924', '171', '448', '616', '862', '891', '161', '831', '620', '534', '623', '189', '165']
['756', '737', '672', '765', '304', '543', '696', '555', '925', '298', '539', '473', '60', '200', '927', '273', '276', '915', '251', '775', '411', '879', '177']
['51', '709', '248', '403', '852', '581', '476', '91', '823', '914', '782', '213', '603', '206', '467', '668', '542', '341', '597', '61', '96', '69', '798', '612', '283', '774', '330']
['123', '211', '261', '455', '605', '133', '82', '382', '460', '832', '440', '152', '194', '191', '523', '882', '884', '883', '58']
['761', '227', '526', '249', '650', '592', '299', '516', '438', '660', '392', '743', '944', '319']
['97', '601', '307', '451', '394', '787', '676', '30', '855', '63', '84', '429', '468', '791', '125', '776', '953', '659', '669', '680', '68']
['857', '817', '142', '947', '585', '431', '141', '255', '112', '954', '733', '870', '490', '14', '333', '719', '494', '492', '289']
['695', '842', '291', '533', '147', '168', '820', '54', '591', '608', '856', '904', '685', '331']
['315', '872', '281', '552', '919', '192', '491', '204', '763', '807', '226', '221', '397', '813']
['934', '70', '444', '17', '409', '833', '484', '100', '666', '635', '538', '575', '314']
['877', '495', '658', '159', '469', '78', '532', '556', '416', '169', '34', '267', '613', '290', '566']
['458', '843', '77', '151', '76', '238', '271', '128', '113', '686', '541', '752', '216', '355', '767', '860']
