['860', '235', '309', '792', '463', '38', '406', '345', '209', '616', '635', '129', '685', '764', '376']
['516', '56', '179', '911', '120', '466', '765', '75', '303', '846', '114', '246', '187', '402', '585']
['939', '3', '310', '495', '568', '452', '291', '666', '960', '433', '379', '168', '921', '583', '679']
['207', '791', '733', '637', '297', '536', '752', '43', '152', '216', '622', '531', '951', '135', '803']
['735', '961', '115', '750', '664', '500', '730', '34', '665', '104', '927', '944', '50', '40', '657']
['119', '845', '910', '471', '740', '491', '86', '617', '305', '388', '383', '972', '125', '570', '636']
['269', '329', '323', '368', '270', '211', '687', '278', '546', '759', '698', '198', '987', '256', '848']
['267', '773', '997', '435', '21', '831', '985', '728', '147', '672', '306', '555', '523', '230', '182']
['836', '421', '990', '80', '973', '785', '569', '790', '330', '558', '4', '875', '359', '363', '705']
['90', '761', '662', '934', '441', '751', '465', '770', '936', '261', '475', '940', '599', '143', '818']
['753', '162', '71', '389', '663', '425', '829', '116', '394', '97', '133', '487', '408', '754', '640']
['795', '403', '512', '715', '112', '865', '44', '438', '888', '749', '245', '589', '13', '786', '505']
['619', '560', '723', '648', '625', '581', '606', '758', '469', '839', '550', '35', '411', '769', '844']
['604', '692', '738', '651', '456', '676', '103', '527', '579', '72', '747', '994', '109', '898', '203']
['628', '597', '49', '863', '414', '522', '30', '574', '412', '393', '454', '917', '327', '144', '45']
['694', '817', '971', '308', '886', '501', '26', '236', '548', '977', '280', '629', '178', '725', '670']
['350', '571', '14', '545', '190', '87', '442', '958', '717', '781', '328', '477', '695', '633', '102']
['398', '315', '479', '110', '878', '849', '805', '721', '318', '719', '5', '699', '22', '77', '492']
['244', '842', '224', '833', '524', '355', '374', '99', '528', '841', '815', '856', '293', '873', '311']
['312', '909', '711', '227', '396', '877', '772', '16', '418', '912', '908', '302', '158', '768', '467']
['188', '643', '596', '443', '277', '802', '891', '530', '377', '713', '231', '205', '326', '347', '709']
['976', '426', '474', '142', '553', '627', '859', '526', '840', '483', '575', '186', '121', '446', '473']
['742', '202', '91', '975', '502', '490', '201', '642', '127', '324', '509', '515', '349', '85']
['165', '808', '870', '241', '729', '689', '540', '915', '146', '96', '106', '364', '525', '118', '7']
['336', '461', '999', '979', '590', '10', '897', '392', '485', '796', '707', '497', '564', '367', '517']
['561', '783', '171', '252', '762', '592', '797', '496', '732', '395', '647', '612', '602', '212', '371']
['37', '356', '282', '55', '632', '937', '11', '850', '175', '529', '929', '79', '58', '615', '229']
['234', '447', '78', '93', '950', '513', '511', '857', '953', '946', '827', '314', '53', '727', '866']
['935', '601', '304', '756', '744', '385', '504', '47', '885', '459', '874', '12', '706', '472', '123']
['369', '239', '292', '25', '451', '716', '263', '718', '788', '760', '226', '956', '542']
['89', '697', '533', '286', '357', '351', '595', '453', '74', '832']
['609', '440', '183', '164', '736', '273', '712', '872', '933', '535', '268', '27', '67', '645', '210']
['923', '949', '300', '199', '343', '918', '155', '755', '88', '62', '919']
['18', '362', '862', '900', '373', '285', '283', '134', '317', '348']
['57', '678', '464', '621', '777', '276', '968', '567', '731', '353', '942', '825', '360', '988']
['322', '798', '482', '159', '819', '63', '237', '980', '879', '23', '984', '734', '287', '626']
['630', '821', '284', '981', '746', '995', '494', '883', '671', '259']
['167', '407', '137', '649', '397', '218', '458', '941', '248', '905', '184']
['926', '346', '811', '704', '641', '544', '358', '163']
['204', '28', '611', '823', '887', '763', '232', '289']
['906', '894', '76', '644', '899', '434', '70', '148', '782', '853']
['743', '338', '200', '8', '251', '969', '264', '332', '541']
['800', '391', '100', '607', '208', '876', '838', '449', '830', '173', '620', '193', '902']
['809', '634', '65', '301', '893', '29', '6', '943', '130', '882', '401', '160', '217', '600']
['884', '331', '930', '337', '563', '724', '864', '594']
['508', '386', '445', '439', '861', '543', '150', '366', '554', '128', '938', '372']
['410', '409', '519', '428', '138', '656', '339', '520']
['784', '15', '145', '992', '32', '262', '415']
['98', '565', '316', '427', '94', '462', '867', '506', '400', '693']
['591', '499', '206', '333', '714', '547', '180', '131']
['587', '701', '843', '92', '952', '748', '83', '757', '916']
['624', '674', '424', '253', '387', '780', '54', '889']
['192', '948', '101', '702', '681', '914', '271', '197', '703', '274', '31']
['658', '854', '444', '422', '837', '683', '222']
['476', '947', '654', '73', '334', '655', '266']
['170', '582', '538', '33', '470', '978', '745']
['789', '991', '855', '139', '518', '828', '480']
['213', '514', '111', '382', '431', '510', '549']
['556', '957', '136', '420', '69', '588', '869', '189']
['814', '288', '737', '925', '41', '46', '618']
['603', '539', '39', '177', '610', '24', '708']
['437', '107', '580', '720', '835', '48', '122', '608']
['593', '381', '9', '970', '124', '149', '989']
['375', '507', '166', '436', '871', '60', '238']
['254', '559', '325', '920', '36', '675', '279', '959', '852']
['586', '605', '290', '221', '17', '59', '573']
['132', '813', '776', '826', '141', '66', '896']
['419', '430', '566', '847', '806', '965', '195']
['423', '834', '907', '726', '228', '450', '295', '904']
['766', '775', '696', '319', '986', '964']
['242', '686', '631', '342', '722', '249', '390', '82']
['488', '84', '258', '741', '638', '352', '404']
['225', '320', '613', '176', '807', '673', '680']
['281', '272', '108', '557', '924', '2', '534', '191']
['880', '42', '257', '156', '521', '484', '974', '913']
['598', '344', '996', '669', '19', '321']
['774', '335', '113', '532', '161', '117', '691', '81']
['688', '577', '365', '255', '294', '354']
['299', '457', '801', '804', '901', '194']
['677', '61', '223', '153', '448', '250', '945']
['652', '468', '659', '552', '478', '562']
['233', '881', '932', '661', '812', '181']
['361', '963', '584', '486', '260', '220']
['667', '503', '429', '68', '215', '623']
['64', '52', '20', '578', '794', '126']
['690', '417', '822', '824', '243', '962']
['682', '95', '493', '140', '998', '572']
['890', '851', '172', '931', '460', '296']
['966', '219', '247', '710', '214', '399']
['378', '341', '955', '778', '983', '646']
['816', '1', '787', '576', '868', '307']
['903', '275', '370', '313', '614', '660', '967']
['51', '858', '405', '684', '537', '767']
['779', '489', '700', '105', '240', '653']
['668', '799', '820', '169', '384', '432']
['982', '895', '481', '157', '922', '151']
['771', '928', '892', '993', '413', '498']
['810', '196', '174', '793', '154', '739']
['0', '298', '455', '954', '185', '650']
['340', '380', '416', '639', '551', '265']
