['307', '56', '874', '391', '613', '738', '456', '4', '32', '721', '91', '150', '238', '344', '213', '151', '248', '480', '835', '959', '888', '956', '361', '253', '564', '202', '903', '783', '299', '565', '355', '992', '869', '930', '969', '398', '329', '641', '748', '116', '144', '782', '924', '919', '844', '763', '234', '437', '615', '677', '28', '0', '723', '790', '859', '648', '215', '469', '718', '143', '881', '698', '562', '327']
['51', '323', '370', '737', '159', '71', '632', '242', '660', '179', '197', '347', '417', '556', '460', '832', '404', '855', '484', '390', '798', '346', '519', '182', '742', '427', '958', '122', '94', '232', '237', '121', '280', '799', '189', '402', '985', '957', '975', '817', '639', '492', '164', '838', '681', '499', '168', '795', '206', '729', '475', '470', '50', '24', '963', '987', '455', '761', '479', '886', '275', '100', '216', '373']
['61', '973', '777', '687', '153', '263', '155', '977', '864', '811', '191', '986', '547', '3', '416', '689', '574', '907', '106', '856', '173', '822', '700', '176', '368', '181', '208', '707', '319', '128', '476', '111', '117', '503', '478', '715', '711', '584', '831', '751', '846', '97', '481', '849', '267', '767', '690', '776', '904', '41', '53', '988', '165', '516', '678', '239', '452', '115', '938', '595', '145', '951', '897', '433']
['918', '927', '806', '601', '634', '724', '246', '867', '703', '529', '192', '254', '520', '65', '334', '575', '563', '631', '229', '430', '424', '76', '625', '712', '704', '758', '78', '756', '955', '250', '568', '664', '284', '701', '915', '813', '462', '126', '523', '508', '741', '410', '163', '683', '545', '796', '73', '396', '555', '818', '148', '638', '978', '268', '139', '652', '531', '870', '732', '241', '240', '141', '843']
['774', '543', '759', '688', '260', '468', '667', '42', '300', '194', '789', '875', '328', '31', '274', '269', '392', '466', '621', '170', '62', '68', '188', '388', '110', '999', '211', '722', '848', '412', '535', '695', '805', '46', '249', '315', '824', '550', '779', '909', '471', '282', '218', '665', '861', '69', '29', '608', '449', '264', '59', '175', '706', '36', '851', '697', '726', '397', '47', '101', '606', '768']
['222', '14', '266', '558', '537', '890', '491', '530', '668', '814', '995', '708', '755', '360', '107', '356', '99', '501', '459', '295', '35', '580', '839', '104', '272', '322', '630', '893', '377', '257', '27', '901', '847', '948', '324', '486', '366', '393', '446', '675', '931', '997', '332', '553', '947', '445', '439', '772', '936', '431', '464', '205', '585', '603', '296', '313', '399', '514', '836', '911', '684', '378', '764', '297']
['293', '367', '599', '590', '245', '174', '744', '465', '127', '38', '716', '152', '434', '488', '243', '857', '823', '102', '271', '467', '734', '650', '345', '112', '305', '129', '770', '934', '892', '686', '544', '815', '760', '316', '450', '180', '160', '852', '225', '895', '628', '233', '54', '184', '236', '98', '350', '444', '255', '341', '752', '500', '524', '651', '845', '728', '349', '167', '968', '850', '22', '12', '290', '320']
['154', '589', '183', '533', '771', '123', '964', '105', '810', '696', '193', '401', '576', '461', '447', '9', '935', '572', '658', '521', '636', '419', '552', '830', '178', '511', '113', '369', '542', '15', '536', '865', '504', '510', '538', '778', '231', '882', '342', '996', '659', '620', '825', '671', '643', '435', '436', '702', '816', '30', '423', '784', '195', '854', '747', '827', '77', '83', '812', '853', '653', '991']
['571', '13', '166', '212', '196', '578', '157', '884', '581', '950', '946', '676', '325', '314', '998', '663', '220', '25', '877', '773', '933', '321', '966', '863', '592', '425', '385', '567', '868', '359', '937', '383', '343', '841', '517', '223', '534', '125', '727', '981', '235', '426', '971', '354', '140', '227', '451', '39', '498', '428', '219', '405', '482', '587', '19', '309', '640', '55', '540', '803', '134', '85', '429']
['710', '925', '588', '119', '172', '395', '262', '394', '146', '974', '201', '787', '138', '60', '415', '169', '258', '994', '132', '735', '573', '662', '75', '940', '400', '906', '301', '837', '929', '916', '515', '217', '133', '637', '785', '43', '190', '114', '679', '72', '781', '177', '302', '840', '384', '358', '826', '993', '210', '58', '626', '674', '352', '380', '989', '502', '762', '569', '627', '611', '2', '876', '618', '554']
['802', '858', '270', '912', '375', '348', '291', '11', '559', '292', '522', '224', '84', '633', '226', '7', '49', '952', '137', '458', '8', '306', '605', '871', '505', '409', '920', '338', '913', '1', '583', '713', '983', '570', '109', '691', '289', '310', '407', '389', '277', '281', '351', '337', '230', '917', '371', '769', '339', '757', '448', '967', '705', '95', '923', '750', '474', '619', '939', '885', '896', '244', '283']
['754', '579', '661', '872', '10', '261', '617', '548', '276', '807', '800', '965', '304', '905', '586', '829', '214', '980', '67', '594', '801', '596', '443', '560', '821', '526', '804', '609', '16', '984', '74', '541', '457', '80', '331', '440', '616', '387', '92', '485', '418', '438', '506', '607', '860', '336', '525', '185', '259', '495', '546', '842', '403', '199', '731', '629', '21', '33', '780', '285', '473', '340', '725', '921']
['408', '52', '256', '45', '745', '6', '942', '89', '454', '420', '944', '496', '156', '961', '477', '644', '654', '819', '657', '507', '382', '960', '820', '970', '834', '766', '685', '187', '487', '775', '879', '135', '878', '945', '209', '733', '489', '286', '792', '364', '265', '158', '793', '171', '120', '86', '624', '736', '891', '432', '252', '922', '943', '5', '326', '70', '279', '699', '81', '902', '655', '610', '743', '646']
['791', '330', '833', '642', '413', '66', '333', '591', '649', '142', '386', '483', '928', '34', '87', '453', '598', '422', '17', '714', '557', '509', '539', '374', '490', '494', '411', '954', '497', '672', '932', '528', '63', '298', '118', '130', '962', '612', '794', '288', '549', '740', '414', '161', '614', '953', '894', '899', '898', '976', '221', '670', '311', '673', '693', '247']
['797', '593', '363', '207', '597', '719', '982', '786', '908', '200', '442', '317', '26', '421', '513', '941', '739', '365', '561', '23', '866', '808', '381', '228', '765', '198', '64', '527', '335', '20', '809', '18', '362', '635', '204', '753', '873', '273', '287', '949']
['566', '887', '666', '828', '883', '93', '656', '889', '910', '357', '645', '990', '303', '880', '278', '602', '108', '680', '131', '692', '577', '90', '147', '162', '251', '600', '979', '622', '379', '914', '40', '788']
['124', '717', '518', '318', '372', '682', '730', '512', '441', '149', '604', '186', '669', '57']
['463', '493', '926', '48', '551', '709', '900', '136']
['749', '647', '79', '294', '623', '44', '720', '353']
['82', '376', '312', '972']
['862', '582', '406']
['308']
['472']
['203']
['37']
['532']
['88']
['103']
['694']
['96']
['746']
