['2', '967', '341', '207', '737', '390', '212', '777', '152', '829', '394', '979', '742', '767', '277', '690', '603', '713', '403', '275', '148', '193', '114', '905', '102', '38', '31', '949', '984', '612', '497', '188', '47']
['688', '202', '421', '407', '974', '250', '659', '204', '666', '181', '333', '654', '263', '721', '143', '405', '54', '544', '5', '810', '980', '316', '860', '529', '178', '235', '382', '234', '273', '57', '966']
['507', '531', '920', '536', '48', '959', '443', '285', '560', '762', '34', '771', '985', '926', '8', '198', '857', '312', '527', '13', '106', '60', '32', '453', '492', '350', '824', '931', '956', '254', '162']
['911', '968', '270', '391', '635', '500', '916', '648', '487', '554', '431', '265', '679', '262', '657', '896', '552', '170', '720', '946', '197', '703', '400', '328', '384', '794', '81', '472', '954', '620']
['693', '571', '783', '335', '455', '761', '682', '907', '490', '293', '1', '297', '716', '861', '29', '73', '969', '607', '591', '535', '70', '248', '347', '933', '782', '924', '811', '653', '542']
['975', '697', '997', '740', '345', '752', '821', '383', '182', '355', '803', '728', '606', '40', '242', '768', '351', '881', '854', '815', '494', '827', '828', '476', '226', '62', '247']
['520', '845', '842', '115', '258', '296', '451', '802', '838', '797', '187', '843', '92', '359', '122', '892', '377', '575', '841', '908', '706', '485', '898', '996', '52', '232', '550', '970']
['339', '643', '426', '380', '97', '948', '299', '982', '100', '519', '39', '701', '153', '558', '890', '754', '167', '322', '501', '579', '493', '98', '353', '942', '534', '404', '866', '7']
['514', '549', '702', '945', '362', '44', '504', '972', '951', '461', '272', '433', '469', '583', '704', '470', '986', '874', '858', '36', '155', '566', '315', '551', '680', '189', '832']
['912', '206', '488', '95', '468', '454', '578', '112', '283', '950', '651', '994', '608', '340', '87', '723', '37', '644', '700', '311', '741', '423', '718']
['18', '694', '389', '378', '381', '171', '499', '650', '495', '588', '730', '205', '639', '517', '284', '208', '424', '294', '159', '589', '915', '759', '137', '491', '580', '663', '342', '887', '611', '725', '369', '445', '673', '958']
['871', '971', '630', '568', '766', '807', '414', '434', '927', '557', '349', '419', '59', '641', '943', '906', '800', '805', '935', '661', '962', '460', '74', '427', '50', '541', '793']
['757', '409', '963', '808', '61', '224', '846', '746', '90', '796', '278', '392', '930', '614', '237', '175', '136', '327', '452', '570', '645', '818', '508', '374', '229', '184', '117']
['722', '582', '222', '478', '917', '533', '592', '313', '292', '781', '656', '840', '46', '323', '111', '631', '774', '853', '934', '530', '809', '940', '428']
['141', '545', '105', '53', '239', '646', '895', '435', '169', '856', '894', '300', '964', '799', '145', '627', '77', '245', '467', '196', '393', '65']
['960', '692', '903', '709', '66', '471', '664', '502', '336', '936', '626', '705', '483', '564', '290', '118', '109', '417', '864', '888', '361', '410', '902', '287', '496']
['146', '291', '120', '440', '711', '862', '413', '462', '442', '683', '4', '875', '261', '707', '918', '573', '406', '835', '82', '372', '978', '763', '944', '655']
['505', '3', '674', '792', '957', '479', '25', '42', '548', '510', '776', '267', '168', '219', '717', '134', '324', '215', '203', '317', '991', '670', '877', '615', '176']
['308', '910', '801', '305', '886', '947', '687', '220', '21', '439', '458', '820', '252', '6', '983', '85', '131', '128', '938', '27', '67', '103', '572', '213', '139', '576']
['988', '601', '309', '990', '618', '765', '817', '200', '216', '738', '387', '161', '581', '255', '256', '788', '93', '941', '585', '852', '851', '482', '158', '358', '727']
['49', '288', '756', '477', '617', '236', '360', '157', '708', '790', '99', '396', '599', '937', '150', '995', '489', '699', '839', '587', '593', '623', '652', '610']
['320', '35', '923', '325', '939', '329', '231', '512', '466', '605', '209', '447', '388', '633', '831', '989', '214', '900', '513', '628', '876', '914']
['567', '147', '791', '775', '546', '68', '195', '569', '602', '677', '473', '806', '885', '301', '524', '634', '600', '71', '729', '444', '366', '822', '537']
['731', '834', '56', '416', '166', '86', '636', '307', '140', '992', '10', '613', '770', '119', '869', '418', '331', '555', '889', '314', '899', '132', '873', '415', '269']
['632', '15', '498', '870', '253', '689', '621', '367', '101', '376', '432', '574', '528', '94', '748', '747', '743', '830', '928', '604', '629', '668', '872']
['249', '357', '836', '855', '332', '190', '619', '218', '665', '266', '538', '523', '79', '149', '925', '364', '45', '124', '509', '953', '929', '880', '475']
['75', '110', '556', '464', '922', '319', '354', '420', '164', '744', '385', '590', '638', '691', '211', '279', '868', '816', '526', '671', '411', '185', '373']
['437', '156', '672', '624', '710', '241', '303', '474', '282', '965', '787', '240', '719', '379', '780', '543', '778', '773', '769', '429', '878', '88', '397', '69']
['217', '825', '163', '210', '129', '264', '987', '113', '23', '179', '867', '961', '116', '343', '826', '993', '17', '154', '772', '330', '259', '22']
['649', '260', '225', '998', '356', '516', '346', '736', '695', '540', '304', '625', '238', '344', '186', '402', '144', '882', '506', '883', '160', '165', '422']
['371', '733', '714', '814', '76', '228', '865', '425', '904', '41', '921', '430', '749', '676', '561', '276', '151', '515', '448', '108', '133', '976']
['121', '897', '833', '750', '595', '227', '201', '884', '14', '522', '859', '789', '642', '658', '760', '879', '230', '268', '365', '173', '837', '844', '348']
['368', '51', '194', '660', '64', '363', '438', '306', '952', '274', '616', '786', '408', '9', '647', '684', '758', '598', '321', '399', '812', '63']
['107', '78', '43', '932', '913', '999', '375', '753', '33', '449', '412', '784', '804', '532', '89', '183', '251', '83', '813', '539', '739', '547']
['553', '503', '0', '446', '559', '955', '84', '11', '715', '850', '326', '798', '298', '436', '675', '745', '246', '30', '734', '16', '289', '662', '724']
['735', '484', '465', '819', '180', '138', '678', '12', '732', '401', '795', '901', '334', '685', '135', '104', '622', '712', '686', '28', '338', '977']
['126', '280', '597', '785', '565', '199', '441', '243', '981', '577', '96', '91', '459', '696', '271', '698', '352', '20', '223', '669', '847', '19', '24']
['295', '726', '521', '764', '318', '848', '849', '973', '457', '177', '779', '142', '130', '233', '123', '192', '221', '525', '127', '681', '172', '244']
['563', '667', '310', '398', '386', '863', '596', '562', '302', '584', '72', '751', '281', '286', '456', '755', '26', '191', '919', '58', '55']
['80', '518', '463', '909', '586', '370', '891', '125', '893', '486', '511', '640', '395', '337', '823', '257', '609', '637', '480', '174', '594', '481', '450']
