['822', '808', '495', '694', '427', '945', '210', '75', '710', '307', '777', '907', '124', '595', '145', '724', '629', '21', '702', '558', '172', '13', '16', '940', '722', '705', '400', '987', '270', '933', '580', '925', '333', '148', '827', '637', '460', '864', '929', '374', '171', '986', '547', '188', '111', '845', '403', '597', '855', '335', '909', '733', '115', '241', '467', '490', '838', '927', '992', '141', '591', '653', '196', '679', '575', '322', '748', '116', '982', '7', '302', '0', '36', '254', '240', '769', '632', '844', '700', '944', '658', '245', '330', '496', '697', '42', '974', '961', '292', '431', '957', '356', '693', '493', '142', '76', '582', '771', '538', '316', '304', '522', '445', '936', '877', '469', '813', '732', '386', '559', '256', '263', '120', '84', '786', '874', '194', '223', '339', '905', '482', '417', '31', '444', '113', '269', '18', '755', '988', '692', '130', '15', '212', '833', '80', '250', '440', '761', '865', '886', '766', '553', '607', '651', '964', '407', '481', '763', '79', '394', '690', '788', '778', '459', '879', '136', '852', '835', '371', '984', '773', '336', '741', '19', '521', '206', '949', '735']
['851', '564', '63', '878', '678', '888', '573', '128', '774', '809', '391', '360', '806', '731', '211', '708', '687', '39', '513', '33', '703', '537', '219', '848', '579', '849', '257', '696', '46', '344', '747', '151', '268', '506', '557', '645', '812', '192', '48', '363', '350', '585', '399', '509', '866', '793', '555', '870', '920', '416', '390', '680', '798', '624', '565', '913', '388', '807', '921', '134', '55', '1', '351', '688', '599', '94', '647', '398', '106', '468', '983', '321', '326', '563', '67', '608', '884', '782', '924', '450', '180', '993', '160', '81', '108', '24', '902', '189', '291', '577', '368', '623', '177', '894', '817', '612', '588', '762', '605', '465', '90', '47', '2', '636', '246', '581', '261', '30', '528', '718', '233', '464', '319', '328', '255', '184', '478', '298', '413', '603', '296', '294', '178', '372', '313', '960', '470', '448', '966', '58', '834', '740', '297', '466', '617', '479', '425', '200', '100', '284', '621', '524', '104', '99', '728', '359', '485', '418', '167', '896', '237', '841', '699', '946', '488', '85', '994', '615', '453', '598', '317', '976', '158', '842', '137', '259']
['861', '791', '768']
['56', '526', '991']
['323', '968', '971']
['858', '282']
['159', '202', '428']
['266', '182', '6']
['71', '668', '931']
['32', '262', '239']
['549', '691', '357']
['150', '156', '474']
['486', '112', '725']
['179', '650', '670']
['197', '996', '341']
['248', '730', '117']
['661', '349']
['29', '802', '648']
['811', '829', '175']
['361', '758', '801']
['404', '168']
['903', '109', '199']
['346', '380']
['519', '441', '429']
['742', '83', '480']
['530', '853', '401']
['869', '242', '279']
['930', '352', '541']
['995', '543']
['641', '787']
['121', '868', '491']
['856', '446', '756']
['144', '675']
['229', '310']
['975', '309', '663']
['499', '489', '796']
['300', '127', '505']
['28', '665', '656']
['153', '476']
['789', '347', '27']
['859', '463', '867']
['119', '379', '11']
['625', '37', '43']
['4', '318', '682']
['331', '288', '74']
['881', '34', '201']
['562', '126']
['327', '60']
['73', '917', '408']
['51', '520', '502']
['721', '365']
['340', '26']
['123', '780', '436']
['455', '684', '277']
['715']
['275', '273', '775']
['831', '209', '264']
['38', '387']
['97', '843', '314']
['267', '204', '628']
['501', '880', '133']
['434', '49', '155']
['776', '770']
['523']
['87', '393']
['146', '889', '320']
['839', '622']
['103', '17', '249']
['348', '738', '95']
['410', '41', '396']
['213', '556', '926']
['163', '784', '901']
['68', '69', '342']
['545', '260', '343']
['676', '572', '378']
['897', '816']
['433', '354']
['857', '863', '887']
['377', '908']
['823', '426', '593']
['535', '366']
['818', '571', '743']
['695', '952']
['315', '720', '584']
['978', '414', '389']
['847', '824']
['779', '546', '576']
['531', '383', '325']
['830', '35', '854']
['129', '634', '492']
['934']
['96', '883']
['892', '20', '919']
['948', '561']
['814', '953', '334']
['9', '91', '958']
['402', '972']
['706', '77', '190']
['832', '935', '473']
['165', '754', '918']
['3', '107', '14']
['997', '746', '660']
['101', '208', '125']
['138', '685']
['419', '222', '157']
['98', '397', '166']
['514', '203', '536']
['836', '395', '238']
['911', '86']
['169', '149', '164']
['516', '421', '295']
['500', '837']
['689', '671', '252']
['181', '70', '430']
['276', '704']
['22', '963']
['517', '548', '540']
['659', '873', '626']
['825', '290', '44']
['232', '225', '973']
['727', '442']
['981', '765', '185']
['207', '942', '176']
['183', '910', '8']
['662', '950', '544']
['965']
['458', '471', '412']
['872']
['423', '609', '411']
['667', '810', '795']
['195', '891', '198']
['906', '525', '5']
['938', '635']
['785', '529', '989']
['66', '759']
['338']
['214', '551']
['803', '25', '161']
['329', '432']
['93', '711']
['713', '498']
['570', '50']
['358', '62']
['592', '736']
['518', '654', '306']
['674', '236']
['792']
['596', '475', '750']
['443', '589', '633']
['105', '373']
['611', '392']
['749']
['230', '221']
['173', '272', '959']
['367', '539', '484']
['289', '587', '620']
['437', '616']
['967', '640']
['752', '88', '652']
['631', '280', '53']
['923', '915']
['613']
['187', '57', '744']
['92', '922']
['805', '729', '542']
['324', '247']
['244', '644', '461']
['283']
['726', '681']
['135']
['712', '281', '10']
['274', '122', '131']
['422']
['764', '714']
['512', '734']
['939', '452']
['739']
['990', '515']
['937', '78']
['639', '435', '630']
['533', '649', '415']
['312', '745']
['943']
['494', '619']
['723', '760']
['672', '574']
['709', '568']
['882', '510']
['45']
['511', '170']
['567', '59']
['118', '895']
['962']
['303', '717', '220']
['979']
['753', '594']
['914', '790']
['893']
['375']
['664']
['737', '258']
['456']
['977', '532']
['956']
['783', '462']
['578', '757']
['65', '890']
['299', '586', '686']
['355', '345']
['590', '286']
['969', '550']
['234', '955']
['677', '767']
['503', '362']
['143', '140']
['707', '12']
['253']
['701']
['716']
['152', '483']
['216']
['751']
['508']
['954']
['683']
['243']
['951']
['271', '364', '384']
['193', '719', '820']
['139', '420']
['638', '657', '970']
['191', '828']
['449']
['447', '504']
['815', '850']
['900']
['218', '132']
['332', '235', '569']
['947', '114']
['439']
['54', '583', '370']
['205']
['369']
['601', '819']
['224', '642']
['385', '293']
['226']
['772']
['643', '278']
['424']
['227']
['451', '265']
['875']
['698']
['871']
['102']
['916', '162']
['217', '72']
['800', '985']
['110']
['781']
['826']
['560']
['821']
['840', '487']
['554']
['507', '376']
['215', '23']
['382']
['457']
['846', '941']
['885']
['860', '454']
['301']
['285']
['154']
['477']
['614']
['602']
['610']
['406']
['797']
['64']
['527']
['353']
['600']
['669']
['606']
['898']
['566']
['311']
['287']
['534']
['52']
['899']
['804']
['928']
['673']
['40']
['552']
['666']
['438']
['409']
['618']
['305']
['904']
['912']
['794']
['472']
['337']
['82']
['251']
['61']
['604']
['89']
['980']
['799']
['231']
['876']
['174']
['862']
['147']
['932']
['308']
['228']
['646']
['381']
['655']
['497']
['186']
['627']
['405']
