['261', '235', '302', '225', '137', '842', '48', '240', '443', '277', '806', '731', '900', '749', '101', '513', '25', '263', '32', '718', '527', '714', '344', '869', '349', '19', '58', '791', '836']
['478', '737', '694', '463', '662', '744', '461', '451', '644', '153', '816', '936', '606', '428', '591', '554', '605', '925', '906', '436', '367', '703', '645', '82', '350', '824', '887', '755', '601']
['324', '380', '292', '957', '308', '533', '492', '165', '965', '465', '676', '819', '64', '543', '231', '509', '89', '400', '345', '60', '192', '956', '217', '472', '832', '600', '649', '833', '682']
['141', '967', '495', '692', '435', '209', '781', '643', '582', '145', '266', '2', '168', '256', '548', '84', '230', '578', '960', '3', '288', '923', '798', '684', '275', '190', '300', '355', '545']
['660', '42', '406', '332', '560', '116', '943', '636', '648', '411', '408', '73', '464', '54', '909', '830', '83', '31', '415', '849', '739', '520', '88', '440', '356', '200', '979', '258', '759']
['409', '291', '14', '808', '357', '394', '589', '797', '208', '255', '458', '6', '562', '179', '452', '506', '905', '978', '174', '113', '365', '619', '972', '985', '114', '540', '803', '896', '523']
['449', '391', '281', '790', '433', '792', '618', '657', '861', '184', '867', '933', '532', '725', '853', '269', '822', '531', '597', '536', '212', '346', '888', '950', '510', '376', '40', '602', '22']
['610', '897', '697', '973', '403', '243', '45', '522', '722', '512', '20', '786', '609', '721', '724', '118', '314', '811', '734', '652', '845', '637', '863', '152', '481', '276', '370', '805', '775']
['728', '424', '239', '895', '907', '746', '629', '857', '412', '473', '480', '17', '537', '457', '733', '740', '303', '500', '638', '838', '273', '442', '741', '583', '892', '713', '748', '399', '70']
['210', '975', '777', '821', '723', '90', '147', '439', '704', '455', '823', '784', '16', '580', '695', '306', '296', '962', '612', '329', '963', '471', '624', '751', '776', '50', '122', '434', '155']
['262', '304', '389', '774', '194', '859', '951', '81', '796', '526', '215', '154', '453', '482', '251', '661', '353', '864', '37', '61', '565', '992', '914', '557', '418', '922', '544', '904', '884']
['498', '310', '207', '254', '738', '654', '351', '127', '579', '396', '555', '298', '248', '603', '556', '74', '448', '260', '715', '865', '730', '764', '278', '614', '459', '393', '342', '898', '593']
['982', '323', '961', '762', '257', '11', '854', '871', '188', '911', '664', '474', '685', '927', '187', '502', '890', '29', '318', '968', '788', '326', '493', '36', '675', '620', '49', '521']
['483', '573', '413', '30', '377', '63', '405', '917', '720', '828', '617', '51', '794', '920', '964', '157', '87', '373', '333', '588', '814', '760', '280', '894', '941', '598', '317', '450', '53']
['942', '56', '426', '92', '228', '771', '445', '754', '150', '939', '319', '417', '986', '18', '229', '903', '752', '425', '846', '378', '284', '398', '72', '468', '946']
['530', '421', '630', '709', '701', '710', '595', '419', '335', '552', '983', '227', '970', '484', '169', '134', '489', '841', '420', '570', '799', '226', '658', '496']
['769', '362', '241', '613', '383', '295', '159', '766', '274', '716', '875', '780', '855', '717', '647', '802', '211', '102', '249', '422', '669']
['848', '546', '765', '98', '199', '702', '13', '528', '499', '294', '940', '984', '515', '65', '382', '635', '621', '430', '893', '186', '726', '135', '203', '79', '626', '655', '176']
['309', '876', '470', '926', '916', '328', '880', '69', '67', '919', '542', '270', '397', '214', '885', '170', '815', '856', '109', '826', '572', '680', '189']
['441', '151', '33', '198', '337', '827', '795', '569', '668', '299', '616', '129', '666', '891', '35', '691', '392', '375']
['622', '381', '477', '142', '632', '581', '772', '758', '369', '966', '650', '756', '43', '490', '182', '5', '561', '835', '873', '883', '336', '594', '163']
['401', '166', '800', '297', '852', '172', '707', '325', '729', '921', '688', '366', '779', '586', '34', '97', '683', '839', '844', '860', '103', '952', '508', '949', '218']
['851', '28', '220', '633', '585', '91', '539', '206', '757', '566', '446', '568', '807', '641', '882', '232', '534', '980', '271', '62']
['750', '783', '948', '78', '128', '689', '592', '55', '628', '712', '930', '80', '138', '879', '85', '197', '290', '596', '623', '547']
['575', '870', '642', '388', '862', '204', '93', '38', '947', '753', '143', '881', '847', '476', '178', '931', '813', '286', '108']
['584', '761', '305', '360', '0', '132', '818', '10', '868', '698', '307', '912', '244', '126', '563', '677', '334', '988', '551', '358', '674']
['340', '202', '407', '719', '899', '348', '131', '185', '130', '646', '268', '301', '384', '529', '253', '23', '469', '789']
['672', '564', '971', '524', '125', '161', '915', '462', '505', '840', '937', '352', '59', '149', '488', '671', '742', '538']
['347', '834', '115', '77', '447', '938', '429', '825', '156', '653', '518', '287', '889', '395', '574', '549', '259', '504']
['236', '801', '491', '385', '590', '829', '427', '432', '359', '167', '285', '238', '321', '311', '843', '75', '627', '690']
['46', '571', '386', '110', '387', '293', '219', '501', '205', '656', '364', '607', '773', '793', '368', '959', '146', '989']
['910', '974', '945', '100', '438', '681', '104', '47', '246', '242', '837', '316', '706', '872', '112', '928', '953', '414']
['437', '507', '886', '958', '747', '158', '944', '525', '850', '604', '902', '503', '745', '343', '315', '68', '693', '213']
['651', '331', '94', '558', '423', '177', '313', '699', '550', '341', '763', '234', '282', '667', '686', '809', '673', '96']
['119', '969', '224', '663', '736', '767', '611', '804', '193', '467', '404', '497', '144', '216', '878', '379', '320', '711']
['52', '456', '913', '21', '196', '312', '955', '7', '107', '460', '164', '615', '541', '139', '390', '782', '587', '410']
['183', '577', '981', '485', '222', '322', '700', '247', '743', '831', '918', '812', '24', '732', '133', '858', '57', '95']
['866', '486', '705', '195', '44', '361', '245', '466', '639', '233', '12', '279', '354', '4', '136', '934', '289', '678']
['954', '785', '250', '877', '535', '977', '976', '330', '924', '26', '267', '252', '27', '41', '991', '768', '576', '820']
['283', '990', '929', '608', '180', '599', '810', '265', '567', '327', '148', '444', '631', '708', '494', '416', '908', '817']
['111', '687', '272', '487', '559', '223', '659', '160', '935', '735', '86', '66', '71', '402', '374', '124', '372', '787']
['874', '181', '679', '106', '175', '121', '371', '171', '162', '140', '511', '670', '431', '634', '264', '237', '475', '9']
['479', '15', '517', '173', '665', '338', '1', '191', '696', '123', '514', '117', '221', '8', '901', '339', '640']
['99', '76', '932', '201', '625', '454', '363', '120', '105', '778', '770', '516', '519', '987', '39', '727', '553']
