['136', '56', '327', '430', '973', '391', '777', '116', '601', '456', '687', '71', '153', '789', '712', '155', '32', '455', '579', '238', '74', '977', '151', '867', '661', '29', '864', '363', '956', '986', '547', '832', '564', '202', '260', '855', '484', '416', '390', '689']
['822', '272', '535', '307', '858', '159', '843', '263', '150', '354', '344', '925', '213', '179', '452', '248', '703', '347', '529', '888', '688', '520', '404', '798', '182', '245', '574', '99', '122', '94', '575', '398', '748', '280', '144', '884', '782', '174', '631', '700']
['494', '737', '806', '738', '426', '266', '246', '632', '242', '141', '192', '361', '196', '742', '427', '0', '907', '930', '121', '563', '667', '763', '234', '437', '189', '677', '42', '424', '834', '817', '639', '28', '194', '465', '790', '164', '208', '215', '469', '681']
['846', '4', '470', '96', '480', '371', '556', '783', '519', '355', '590', '478', '969', '588', '106', '799', '615', '176', '985', '994', '975', '744', '300', '360', '723', '598', '581', '704', '758', '458', '676', '881', '253', '128', '724', '73', '111', '206', '721', '963']
['733', '323', '613', '13', '543', '7', '183', '460', '254', '299', '252', '530', '814', '329', '436', '173', '919', '844', '24', '23', '368', '957', '351', '76', '859', '648', '625', '277', '718', '499', '707', '319', '874', '472', '756', '233', '475', '50', '117', '270']
['538', '995', '367', '558', '903', '491', '992', '958', '31', '924', '457', '759', '172', '795', '123', '503', '250', '987', '275', '284', '621', '766', '97', '701', '767', '216', '434', '751', '523', '946', '35', '852', '988', '741', '79', '165', '489', '68', '678', '239']
['587', '417', '565', '346', '746', '838', '328', '913', '279', '729', '428', '568', '78', '664', '152', '373', '683', '784', '831', '501', '170', '680', '497', '41', '839', '322', '53', '103', '348', '808', '376', '388', '110', '5', '433', '857', '412', '257', '11', '555']
['483', '14', '537', '926', '466', '191', '3', '9', '935', '562', '761', '51', '269', '755', '219', '356', '479', '886', '100', '38', '584', '915', '267', '810', '394', '690', '902', '605', '62', '163', '115', '350', '999', '145', '897', '823', '271', '193', '695', '901']
['593', '927', '549', '952', '138', '65', '668', '641', '856', '769', '771', '119', '143', '168', '513', '715', '716', '972', '658', '776', '459', '488', '146', '291', '481', '243', '974', '796', '396', '325', '578', '268', '532', '27', '46', '401', '824', '139', '779', '531']
['285', '91', '599', '352', '541', '589', '711', '893', '211', '951', '515', '77', '998', '734', '652', '241', '420', '129', '811', '665', '896', '69', '608', '449', '59', '393', '237', '402', '316', '851', '931', '572', '410', '292', '895', '332', '201', '787', '47', '101']
['204', '675', '229', '849', '126', '87', '545', '52', '236', '102', '818', '637', '315', '370', '650', '870', '640', '948', '61', '218', '240', '770', '486', '890', '264', '815', '900', '450', '180', '160', '813', '330', '45', '697', '997', '397', '553', '522', '628', '585']
['58', '643', '415', '468', '12', '592', '698', '887', '462', '282', '294', '722', '283', '444', '467', '847', '909', '663', '644', '638', '934', '892', '175', '706', '521', '947', '445', '439', '877', '464', '84', '773', '603', '482', '296', '98', '178', '991', '313', '399']
['964', '928', '835', '435', '959', '422', '37', '105', '104', '595', '377', '848', '249', '305', '950', '447', '36', '821', '576', '25', '223', '636', '255', '936', '431', '419', '54', '184', '966', '514', '863', '224', '516', '385', '651', '868', '510', '276', '728', '167']
['607', '861', '451', '533', '508', '197', '827', '301', '148', '978', '137', '544', '225', '772', '768', '113', '369', '15', '836', '536', '833', '803', '524', '359', '968', '343', '617', '882', '320', '633', '996', '132', '620', '671', '232', '727', '166', '573', '75', '140']
['624', '942', '630', '774', '112', '732', '131', '933', '60', '528', '169', '107', '425', '500', '258', '904', '297', '349', '383', '231', '841', '205', '290', '342', '226', '49', '825', '82', '981', '971', '662', '710', '39', '702', '875', '306', '854', '550', '583', '314']
['614', '955', '938', '696', '345', '837', '44', '244', '845', '606', '338', '911', '378', '548', '717', '22', '235', '800', '830', '965', '816', '30', '8', '476', '940', '423', '400', '195', '580', '906', '871', '83', '209', '929', '366', '217', '133', '409', '309', '403']
['406', '157', '86', '542', '418', '653', '414', '10', '341', '684', '504', '937', '552', '362', '517', '413', '395', '405', '747', '916', '597', '785', '66', '862', '190', '829', '505', '134', '713', '72', '177', '570', '840', '691', '358', '883', '210', '594', '626', '310']
['334', '511', '559', '446', '492', '735', '207', '634', '708', '1', '591', '719', '302', '493', '67', '429', '993', '289', '156', '792', '989', '791', '596', '93', '281', '627', '819', '526', '786', '408', '912', '256', '554', '804', '339', '372', '382', '757', '448', '970']
['920', '685', '471', '726', '220', '453', '778', '659', '227', '943', '694', '812', '19', '586', '43', '807', '214', '55', '114', '540', '333', '392', '983', '85', '826', '623', '421', '407', '961', '477', '18', '502', '762', '569', '611', '749', '304', '876', '127', '657']
['120', '461', '26', '865', '745', '850', '518', '89', '872', '686', '125', '980', '384', '944', '910', '380', '560', '582', '16', '960', '869', '820', '752', '618', '440', '923', '34', '92', '262', '775', '324', '135', '203', '317', '88', '860', '336', '221', '496', '512']
['655', '181', '321', '353', '679', '649', '142', '162', '2', '109', '485', '967', '95', '331', '619', '387', '487', '805', '656', '889', '525', '364', '259', '764', '199', '293', '454', '629', '780', '754', '154', '506', '539', '921', '551', '188', '571', '171', '441', '802']
['953', '64', '6', '853', '357', '604', '443', '230', '908', '507', '80', '750', '616', '438', '760', '222', '878', '495', '498', '842', '286', '654', '714', '941', '509', '17', '374', '954', '672', '490', '891', '278', '326', '411', '81', '610', '577', '646', '765', '90']
['600', '318', '781', '917', '609', '730', '274', '463', '945', '731', '642', '158', '739', '335', '365', '669', '692', '709', '228', '308', '932', '147', '63', '527', '567', '20', '118', '130', '794', '288', '337', '682', '753', '622', '40', '557', '566', '976', '670', '273']
['379', '979', '389', '295', '442', '187', '546', '48', '674', '473', '265', '645', '793', '212', '432', '660', '312', '922', '866', '381', '261', '298', '828', '873', '124', '612', '303', '200', '161', '894', '984', '311', '534', '949', '247']
['788', '602', '635', '879', '185', '21', '939', '725', '982', '647', '561', '918', '905', '809', '386', '666', '899', '57', '693']
['797', '474', '885', '705', '340', '990', '736', '740', '375', '186', '898', '673', '287']
['198', '149', '720', '962']
['108', '801', '251', '743']
['33', '699', '70']
['914', '880']
