['206', '137', '166', '310', '197', '115', '495', '357', '286', '266', '153', '428', '154', '325', '27', '82', '139', '404', '409', '260', '244', '338', '43', '346', '279', '182', '114', '141', '432', '591', '99', '196', '312', '575', '468', '116', '121', '394', '384', '108', '497', '3', '308', '300', '360', '370', '281', '164', '208', '261', '464', '194', '118', '482', '296', '50', '437', '503', '95', '100', '414', '181', '238', '92', '349', '441', '506', '459', '243', '517', '203', '317', '508']
['458', '498', '97', '239', '538', '307', '590', '211', '514', '380', '168', '8', '16', '91', '412', '265', '17', '69', '547', '171', '484', '416', '212', '565', '519', '125', '1', '540', '278', '530', '361', '191', '318', '252', '398', '59', '76', '454', '494', '210', '594', '245', '330', '518', '421', '381', '228', '553', '465', '119', '305', '581', '585', '431', '386', '233', '337', '563', '587', '111', '569', '399', '472', '493', '26', '270', '201', '584', '378', '488', '146', '223', '49', '103', '79']
['107', '235', '56', '323', '546', '403', '156', '110', '451', '71', '246', '589', '424', '172', '263', '73', '455', '579', '344', '364', '550', '473', '467', '178', '188', '225', '65', '86', '299', '241', '556', '417', '430', '460', '392', '94', '264', '329', '175', '23', '109', '174', '407', '368', '389', '47', '81', '220', '526', '511', '256', '84', '327', '98', '350', '382', '470', '18', '559', '15', '297', '78', '516', '275', '284', '34', '572', '216', '231', '544', '523', '22', '320', '131', '41', '88', '336', '57']
['269', '354', '435', '376', '388', '227', '293', '456', '367', '39', '558', '13', '423', '377', '150', '578', '179', '248', '192', '366', '19', '520', '571', '120', '390', '66', '303', '282', '55', '533', '427', '449', '72', '5', '352', '302', '570', '160', '539', '496', '577', '101', '477', '25', '397', '28', '45', '10', '147', '469', '351', '548', '552', '400', '365', '598', '31', '113', '369', '74', '112', '395', '549', '478', '356', '500', '258', '187', '457', '262', '375', '186', '136', '205', '273', '232', '185', '287', '259']
['271', '426', '145', '542', '21', '4', '32', '543', '396', '11', '580', '213', '452', '193', '480', '529', '158', '315', '309', '61', '272', '333', '515', '420', '561', '144', '36', '67', '429', '180', '24', '189', '422', '596', '176', '44', '93', '90', '2', '445', '33', '554', '319', '6', '298', '198', '353', '444', '122', '341', '592', '331', '536', '250', '425', '438', '77', '359', '251', '434', '155', '274', '322', '534', '62', '387']
['51', '63', '75', '545', '347', '355', '574', '393', '237', '447', '85', '70', '358', '410', '292', '165', '582', '522', '64', '527', '567', '335', '130', '294', '123', '321', '448', '288', '224', '295', '373', '418', '383', '564', '348']
['247']
['328']
['53']
['502']
['311']
['102']
['566']
['334']
['595']
['490']
['229']
['557']
['40']
['129']
['379']
['161']
['157']
['200']
['362']
['532']
['162']
['58']
['471']
['124']
['363']
['345']
['89']
['132']
['60']
['20']
['215']
['342']
['446']
['326']
['406']
['291']
['593']
['37']
['411']
['106']
['149']
['588']
['599']
['105']
['226']
['204']
['551']
['374']
['340']
['509']
['285']
['339']
['513']
['489']
['199']
['209']
['512']
['463']
['510']
['525']
['535']
['135']
['555']
['283']
['324']
['485']
['487']
['442']
['14']
['104']
['138']
['385']
['474']
['440']
['528']
['80']
['541']
['372']
['413']
['507']
['230']
['483']
['408']
['142']
['277']
['560']
['443']
['537']
['280']
['289']
['177']
['134']
['505']
['521']
['214']
['190']
['597']
['415']
['133']
['217']
['48']
['83']
['314']
['301']
['583']
['143']
['195']
['306']
['405']
['221']
['476']
['30']
['304']
['140']
['183']
['573']
['207']
['371']
['492']
['7']
['290']
['12']
['343']
['167']
['276']
['524']
['504']
['169']
['586']
['184']
['255']
['222']
['491']
['54']
['419']
['439']
['313']
['332']
['202']
['576']
['450']
['170']
['254']
['0']
['402']
['29']
['96']
['486']
['240']
['461']
['462']
['218']
['531']
['453']
['249']
['401']
['46']
['268']
['257']
['236']
['52']
['433']
['148']
['151']
['68']
['163']
['38']
['35']
['87']
['126']
['501']
['253']
['267']
['481']
['152']
['479']
['568']
['127']
['219']
['475']
['242']
['128']
['466']
['562']
['499']
['316']
['42']
['391']
['117']
['159']
['234']
['9']
['173']
['436']
