['889', '238', '277', '178', '960']
['641', '347', '636', '810', '780']
['15', '697', '315', '617', '721', '664', '357']
['570', '449', '145', '801', '475', '472']
['592', '414', '163', '867', '841', '949', '989']
['196', '383', '579', '725', '170', '534', '255']
['108', '967', '601', '910', '54', '369', '594', '110']
['800', '884', '791', '440', '681', '821', '133', '542']
['587', '90', '481', '739', '557', '67']
['915', '235', '717', '566', '600', '682', '50', '584']
['156', '394', '955', '927', '662', '326', '786', '994']
['646', '621', '694', '311', '834', '760']
['13', '433', '444', '406', '879', '300']
['263', '888', '853', '270', '635']
['857', '142', '869', '703', '626']
['775', '730', '87', '622', '471', '615', '690']
['628', '993', '391', '885', '657']
['603', '455', '137', '195', '551', '0']
['492', '571', '769', '317', '932']
['605', '498', '466', '329', '161']
['906', '51', '353', '297', '554', '59', '911']
['637', '666', '47', '136', '712']
['55', '647', '546', '244', '632', '797']
['983', '921', '552', '115', '784']
['493', '82', '65', '863', '550']
['442', '905', '42', '588', '756', '183', '576']
['324', '343', '9', '866', '80']
['135', '519', '251', '920', '338']
['88', '459', '302', '148', '367', '342']
['593', '708', '611', '754', '396', '873']
['446', '395', '34', '134', '319', '375']
['614', '783', '390', '538', '964', '467']
['737', '532', '363', '22', '68']
['456', '919', '525', '112', '254', '655']
['959', '598', '427', '276', '48']
['31', '749', '83', '371', '633']
['718', '310', '838', '575', '832', '296']
['243', '625', '308', '689', '909', '179']
['193', '645', '56', '878', '460', '199']
['282', '504', '796', '24', '303', '675']
['461', '799', '629', '348', '130']
['861', '464', '151', '450', '212', '275']
['658', '846', '452', '139', '285']
['114', '483', '246', '445', '827', '755']
['435', '104', '430', '205', '432']
['686', '208', '952', '517', '81', '782']
['69', '306', '526', '561', '500', '200']
['882', '536', '668', '144', '70']
['204', '222', '767', '40', '146']
['278', '826', '580', '125', '379', '423']
['731', '41', '441', '896', '670', '344', '397']
['604', '284', '453', '700', '79']
['323', '716', '62', '248', '73']
['547', '273', '123', '385', '131']
['404', '818', '261', '388', '473']
['903', '817', '875', '713', '858']
['182', '916', '66', '608', '528']
['667', '789', '76', '683', '785']
['844', '518', '929', '864', '496']
['970', '321', '583', '416', '980']
['874', '944', '268', '988', '777']
['886', '94', '351', '49', '410']
['434', '203', '527', '727', '77']
['103', '602', '487', '26', '811']
['665', '912', '141', '4', '661', '719']
['175', '409', '301', '946', '361']
['931', '553', '798', '854', '992']
['419', '679', '295', '984', '36']
['98', '269', '29', '75', '790']
['868', '465', '938', '309', '30']
['181', '562', '121', '943', '237']
['907', '299', '52', '105', '671']
['8', '216', '393', '57', '836']
['872', '674', '640', '147', '607']
['482', '898', '293', '577', '610']
['314', '711', '855', '883', '723']
['350', '812', '698', '58', '209']
['515', '757', '685', '894', '231']
['398', '201', '169', '421', '210', '241']
['443', '160', '574', '707', '334']
['618', '710', '939', '787', '722']
['684', '807', '673', '597', '64']
['999', '704', '174', '511', '914']
['463', '233', '119', '97', '372']
['327', '143', '559', '631', '74']
['654', '957', '223', '280', '359']
['44', '595', '897', '856', '512']
['859', '891', '893', '21', '705']
['567', '132', '524', '732', '539']
['120', '900', '458', '220', '365', '982', '750']
['294', '862', '27', '16', '86']
['753', '494', '660', '616', '380', '190']
['307', '813', '759', '976', '230']
['806', '902', '486', '563', '384', '774']
['969', '267', '545', '362', '422']
['748', '508', '224', '154', '771']
['234', '92', '239', '7', '53']
['469', '653', '522', '991', '613']
['761', '847', '100', '833', '291']
['253', '20', '448', '924', '320']
['462', '426', '399', '766', '271']
['35', '184', '229', '187', '901']
['497', '286', '650', '734', '663']
['741', '305', '333', '823', '332']
['820', '968', '865', '176', '60']
['998', '779', '207', '185', '803']
['447', '505', '266', '495', '792']
['947', '990', '699', '25', '814']
['564', '95', '198', '454', '349']
['643', '331', '962', '33', '140']
['166', '403', '413', '158', '84']
['476', '762', '805', '89', '451']
['871', '364', '922', '356', '468']
['623', '933', '693', '10', '262']
['649', '358', '72', '71', '696']
['408', '499', '876', '945', '568', '852']
['740', '848', '934', '639', '428']
['541', '402', '437', '6', '942']
['544', '99', '692', '678', '793']
['157', '218', '776', '899', '974']
['555', '627', '918', '374', '470']
['535', '569', '509', '335', '831']
['860', '808', '573', '533', '85']
['642', '197', '560', '242', '150']
['941', '829', '252', '484', '981']
['802', '688', '930', '240', '345']
['548', '819', '680', '940', '457']
['411', '400', '93', '264', '106']
['279', '849', '368', '599']
['381', '111', '644', '837']
['61', '417', '485', '401']
['337', '953', '746', '659', '935']
['669', '325', '926', '752']
['298', '842', '956', '612', '656']
['159', '835', '961', '892']
['172', '556', '507', '186']
['346', '167', '225', '624']
['742', '972', '122', '549', '407']
['975', '322', '339', '502']
['28', '591', '714', '247', '202']
['706', '63', '895', '543']
['215', '908', '788', '516']
['328', '289', '736', '824']
['107', '606', '828', '91']
['206', '425', '904', '925']
['340', '257', '763', '480']
['38', '531', '973', '529']
['155', '937', '124', '951']
['839', '479', '638', '986', '281']
['676', '913', '274', '590']
['870', '129', '620', '648']
['843', '887', '288', '382']
['180', '572', '287', '392', '488']
['292', '733', '523', '724']
['138', '709', '747', '221']
['585', '272', '313', '117']
['514', '188', '39', '928']
['341', '165', '565', '191']
['728', '438', '530', '701', '582']
['259', '917', '173', '979']
['735', '651', '153', '751']
['634', '781', '378', '412', '816']
['971', '236', '794', '851', '405', '5']
['965', '589', '490', '330']
['219', '478', '283', '439', '126']
['366', '46', '581', '936', '995']
['214', '890', '881', '850']
['1', '250', '715', '258']
['389', '840', '501', '510', '265']
['596', '985', '521', '978']
['804', '228', '213', '778']
['923', '996', '168', '672']
['474', '189', '377', '765']
['336', '43', '948', '609']
['304', '578', '830', '768']
['171', '772', '32', '376']
['743', '619', '997', '217']
['312', '45', '695', '290', '726']
['37', '825', '652', '226']
['118', '436', '101', '729']
['18', '677', '127', '702']
['758', '17', '963', '977']
['162', '770', '192', '630']
['386', '987', '764', '815']
['152', '744', '809', '102']
['232', '316', '720', '109']
['950', '373', '954', '586']
['738', '880', '966', '540']
['687', '78', '249', '360']
['558', '418', '11', '420']
['354', '489', '477', '691']
['520', '256', '96', '429']
['260', '773', '3', '23']
['491', '14', '877', '19']
['355', '415', '211', '352', '513']
['245', '424', '149', '822']
['958', '116', '128', '506', '370']
['503', '745', '431', '113']
['194', '845', '387', '795', '227']
['164', '12', '318', '177', '2', '537']
