['976', '426', '971', '166', '573', '75', '511', '590', '907', '965', '746', '456', '89', '39', '246', '789', '30', '168']
['823', '0', '634', '869', '806', '451', '687', '702', '632', '8', '721', '543', '455', '150', '784', '195', '580', '452']
['188', '235', '56', '507', '354', '435', '777', '227', '323', '159', '828', '843', '816', '242', '476', '395']
['525', '791', '504', '307', '413', '708', '266', '278', '4', '423', '405', '977', '938', '703', '77', '661', '192']
['177', '207', '245', '153', '263', '767', '854', '151', '248', '583', '102', '529', '864', '956', '653', '986', '19', '415']
['66', '137', '662', '738', '304', '118', '229', '428', '219', '344', '812', '363', '353', '69', '608', '254', '141', '845']
['274', '643', '540', '213', '179', '556', '547', '832', '600', '202', '640', '862', '346', '742', '427', '574', '930', '318']
['18', '262', '14', '889', '140', '681', '698', '747', '197', '867', '347', '301', '888', '404', '409', '637', '43', '803']
['852', '712', '872', '482', '735', '916', '515', '366', '133', '785', '390', '565', '913', '190', '355', '985', '1', '392']
['461', '564', '940', '861', '238', '130', '550', '959', '218', '727', '111', '837', '903', '309', '630', '855', '484', '586']
['593', '973', '367', '91', '906', '480', '314', '90', '264', '995', '575', '398', '713', '641', '570', '384', '919', '631']
['287', '116', '143', '827', '811', '686', '299', '798', '807', '588', '748', '781', '85', '280', '302', '67', '358', '993']
['562', '172', '32', '905', '759', '505', '83', '65', '114', '333', '591', '72', '876', '121', '856', '769', '944', '677']
['672', '183', '558', '13', '532', '853', '449', '920', '338', '55', '958', '269', '134', '144', '799', '541', '542', '615']
['846', '737', '132', '436', '875', '933', '472', '598', '599', '752', '491', '689', '521', '468', '679', '782', '667', '755']
['145', '212', '688', '260', '109', '814', '94', '454', '840', '883', '763', '623', '842', '156', '368', '989', '389']
['47', '710', '391', '589', '597', '416', '122', '980', '691', '173', '429', '174', '844', '514', '422', '421', '629', '513']
['897', '808', '430', '830', '361', '733', '388', '719', '420', '519', '563', '493', '289', '310', '407', '792', '961', '341']
['739', '849', '871', '217', '578', '594', '189', '967', '424', '58', '596', '639', '277', '627', '674', '625', '786', '718']
['221', '306', '587', '447', '232', '884', '626', '817', '308', '360', '281', '465', '208', '838', '704', '657', '230', '917']
['932', '470', '101', '925', '214', '530', '329', '595', '210', '486', '176', '801', '975', '393', '649', '105', '93', '611']
['921', '294', '545', '9', '352', '826', '815', '960', '21', '560', '821', '771', '119', '469', '337', '881']
['937', '537', '417', '444', '313', '182', '106', '700', '42', '64', '957', '744', '749', '911', '107', '127', '554', '609']
['475', '605', '544', '929', '253', '991', '478', '952', '496', '443', '300', '370', '790', '164', '859', '581', '804']
['693', '520', '3', '382', '829', '74', '715', '762', '582', '819', '215', '305', '128', '928', '761', '31', '372', '729']
['297', '539', '518', '750', '569', '970', '732', '756', '711', '356', '236', '275', '474', '87', '716', '152', '394', '885']
['778', '724', '71', '458', '477', '142', '408', '908', '874', '858', '339', '51', '834', '682', '616', '117', '104', '97']
['290', '437', '910', '644', '526', '328', '820', '692', '270', '987', '440', '78', '664', '886', '584', '216', '701', '434']
['135', '602', '502', '76', '723', '411', '963', '80', '766', '100', '373', '258', '487', '776', '126', '726', '878']
['259', '488', '668', '533', '194', '707', '206', '79', '448', '503', '528', '479', '831', '621', '295', '685', '442', '683']
['990', '983', '559', '592', '964', '34', '939', '387', '99', '418', '690', '501', '896', '244', '336', '322', '988', '103']
['303', '60', '460', '969', '894', '380', '618', '400', '319', '284', '377', '466', '923', '619', '751', '481', '972']
['954', '240', '191', '648', '795', '857', '822', '24', '331', '568', '516', '926', '376', '459', '760', '35', '941', '512']
['16', '149', '2', '915', '204', '909', '157', '879', '41', '88', '945', '48', '110', '211', '974', '642', '492', '73']
['167', '431', '371', '50', '774', '666', '146', '717', '53', '510', '678', '239', '953', '942', '40', '473', '725']
['57', '29', '471', '617', '457', '805', '325', '283', '209', '115', '901', '722', '705', '285', '257', '11', '535']
['61', '863', '385', '187', '92', '324', '170', '999', '222', '317', '860', '741', '348', '489', '243', '27', '412']
['12', '943', '234', '446', '758', '224', '396', '730', '775', '904', '203', '165', '764', '463', '825', '293', '286', '154']
['651', '499', '780', '33', '714', '635', '267', '383', '818', '495', '546', '538', '754', '340', '509', '793', '120', '934']
['736', '272', '327', '22', '485', '462', '414', '656', '839', '185', '796', '555', '271', '148', '193', '335', '665']
['273', '783', '728', '694', '645', '364', '506', '46', '401', '268', '531', '802', '252', '922', '326', '70', '494']
['676', '28', '425', '315', '847', '171', '365', '982', '490', '660', '36', '887', '931', '81', '902', '576', '381', '646']
['199', '848', '695', '374', '571', '345', '112', '312', '647', '5', '561', '23', '935', '450', '779', '332', '900', '787']
['948', '123', '773', '870', '441', '180', '160', '813', '697', '997', '228', '397', '220', '522', '797', '585']
['979', '237', '740', '483', '757', '984', '250', '131', '497', '139', '650', '330', '432', '7', '658', '709']
['169', '196', '810', '978', '467', '880', '891', '316', '25', '882', '201', '636', '628', '147', '899', '198', '419', '54']
['517', '745', '557', '158', '282', '950', '108', '10', '768', '233', '6', '720', '184', '251', '962', '809', '200']
['841', '438', '163', '927', '680', '659', '936', '231', '552', '82', '350', '966', '500', '607', '359', '349', '334']
['178', '26', '292', '824', '638', '866', '410', '895', '45', '606', '255', '955', '918', '772', '296', '663']
['342', '912', '95', '17', '734', '402', '553', '261', '464', '20', '604', '603', '63', '753', '968']
['161', '498', '249', '669', '914', '670', '851', '276', '835', '524', '622', '129', '49', '223', '671']
['320', '265', '138', '612', '162', '527', '673']
['699', '96', '241', '981', '548', '205', '124', '399', '794', '833', '362', '743', '633', '996']
['508', '86', '770', '877', '378', '788', '186', '453', '52', '873', '311']
['551', '369', '445', '536', '37', '868', '343', '898', '567']
['298', '620', '951', '549', '291', '892', '765', '113', '836', '386', '566', '949']
['136', '998', '84', '226', '247']
['684', '865', '890', '994']
['59', '62', '800', '321', '288', '850']
['403', '577']
['439', '279']
['614', '98']
['406']
['675']
['534']
['731']
['379']
['375']
['175']
['155']
['181']
['523']
['38']
['613']
['696']
['433']
['68']
['351']
['44']
['706']
['946']
['610']
['655']
['572']
['256']
['225']
['652']
['15']
['947']
['893']
['924']
['992']
['654']
['624']
['357']
['125']
['601']
['579']
