['737', '507', '435', '662', '333', '907', '451', '746', '89', '153', '498', '263', '698', '32', '463', '405', '784', '580', '213', '151', '550', '480', '190', '192', '556', '956', '515', '986', '254', '832', '217', '202', '969', '783', '484', '299', '346', '519', '1', '992']
['338', '643', '327', '166', '710', '391', '140', '965', '159', '246', '13', '940', '428', '543', '91', '150', '354', '482', '344', '212', '248', '867', '812', '116', '853', '916', '653', '686', '547', '481', '903', '640', '920', '785', '798', '182', '588', '985', '590', '245']
['224', '426', '105', '137', '183', '777', '370', '770', '266', '39', '589', '486', '168', '537', '400', '973', '195', '605', '102', '488', '196', '19', '466', '404', '3', '309', '65', '416', '66', '829', '355', '125', '591', '478', '94', '575', '134', '995', '72', '748']
['767', '971', '456', '558', '242', '476', '512', '925', '977', '827', '703', '442', '77', '350', '69', '191', '133', '260', '855', '689', '961', '958', '269', '302', '211', '651', '109', '884', '924', '541', '631', '9', '210', '58', '615', '289', '310', '801', '989', '596']
['457', '56', '307', '227', '738', '634', '632', '701', '423', '395', '179', '938', '347', '83', '959', '218', '460', '321', '845', '912', '597', '913', '357', '736', '122', '781', '85', '856', '293', '384', '623', '156', '402', '380', '750', '817', '443', '28', '762', '582']
['972', '235', '816', '712', '8', '219', '455', '579', '849', '854', '868', '532', '779', '252', '114', '574', '679', '398', '713', '595', '799', '173', '429', '598', '993', '944', '970', '189', '626', '42', '792', '113', '957', '21', '560', '771', '2', '119', '704', '559']
['214', '687', '409', '681', '697', '747', '143', '529', '811', '111', '578', '637', '586', '565', '427', '530', '392', '866', '719', '420', '121', '935', '691', '883', '24', '446', '142', '76', '465', '790', '859', '625', '215', '107', '483', '657', '707', '230', '562', '724']
['692', '452', '708', '795', '4', '660', '385', '968', '197', '306', '520', '444', '351', '583', '318', '243', '399', '822', '840', '145', '825', '700', '234', '791', '975', '821', '627', '648', '758', '256', '599', '917', '568', '858', '367', '585', '206', '757', '340', '437']
['639', '207', '14', '573', '806', '875', '835', '314', '366', '600', '313', '491', '43', '803', '930', '731', '144', '782', '358', '174', '826', '176', '674', '477', '499', '502', '93', '644', '469', '642', '740', '874', '339', '667', '593', '95', '756', '923', '763', '616']
['356', '71', '470', '130', '906', '390', '0', '540', '329', '641', '980', '563', '18', '561', '229', '967', '300', '304', '305', '581', '786', '30', '911', '127', '881', '661', '31', '943', '592', '987', '761', '362', '846', '926', '284', '87', '714', '200', '97', '774']
['539', '504', '323', '172', '118', '454', '890', '220', '61', '382', '157', '177', '352', '493', '67', '769', '910', '604', '360', '281', '164', '819', '554', '319', '371', '417', '886', '729', '960', '475', '250', '331', '715', '664', '936', '685', '275', '99', '915', '267']
['115', '834', '413', '458', '721', '831', '505', '490', '421', '368', '341', '897', '297', '408', '618', '328', '609', '51', '668', '50', '755', '584', '152', '621', '373', '683', '716', '92', '487', '964', '424', '434', '393', '810', '656', '946', '278', '904', '41', '222']
['807', '75', '702', '872', '861', '933', '871', '760', '74', '983', '963', '966', '117', '842', '194', '723', '789', '80', '73', '123', '820', '448', '78', '682', '270', '474', '619', '295', '387', '418', '690', '501', '775', '325', '283', '170', '497', '317', '322', '741']
['447', '60', '608', '570', '844', '496', '796', '389', '277', '611', '804', '128', '869', '919', '711', '823', '751', '104', '805', '462', '776', '126', '208', '35', '38', '878', '336', '525', '185', '764', '974', '629', '274', '654', '33', '754', '722', '705', '285', '154']
['892', '178', '98', '929', '55', '545', '594', '439', '280', '876', '440', '216', '187', '324', '11', '523', '53', '860', '165', '510', '495', '678', '110', '16', '857', '848', '271', '818', '364', '695', '265', '645', '401', '824', '734', '652', '571', '650', '171', '244']
['720', '864', '742', '199', '237', '677', '526', '617', '865', '528', '613', '238', '485', '896', '544', '155', '203', '88', '103', '348', '518', '954', '239', '388', '676', '780', '268', '506', '249', '315', '921', '158', '349', '847', '188', '167', '86', '345', '732', '112']
['901', '647', '862', '718', '908', '928', '833', '503', '253', '516', '766', '34', '414', '726', '453', '546', '209', '407', '939', '257', '899', '374', '241', '982', '129', '891', '468', '5', '675', '572', '813', '680', '131', '610', '577', '895', '12', '932', '602', '394']
['542', '733', '999', '749', '294', '479', '108', '262', '852', '259', '403', '951', '412', '204', '941', '46', '17', '624', '141', '759', '149', '837', '23', '316', '658', '330', '521', '291', '225', '228', '332', '163', '981', '261', '198', '63', '567', '231', '255', '948']
['527', '888', '815', '628', '569', '337', '893', '696', '62', '622', '377', '193', '793', '990', '303', '282', '950', '576', '272', '905', '432', '449', '59', '739', '36', '902', '997', '44', '290', '201', '90', '636', '797', '606', '431', '877', '205', '773', '800', '830']
['536', '48', '744', '100', '376', '885', '508', '663', '68', '630', '27', '52', '555', '148', '509', '725', '531', '978', '365', '471', '533', '96', '175', '70', '851', '879', '931', '672', '461', '553', '947', '47', '233', '54', '298', '132', '828', '82', '369', '472']
['308', '684', '688', '422', '64', '549', '863', '889', '988', '79', '286', '513', '433', '287', '441', '665', '361', '180', '22', '292', '25', '147', '918', '184', '353', '124', '601', '500', '666', '728', '359', '232', '84', '743', '898', '996', '768', '673', '735']
['765', '415', '106', '372', '425', '135', '489', '514', '535', '880', '551', '838', '29', '326', '494', '450', '81', '808', '709', '998', '342', '511', '548', '669', '836', '438', '753', '937', '778', '841', '699', '994', '320', '223', '226', '7', '671', '247']
['411', '952', '363', '649', '706', '459', '694', '945', '467', '139', '909', '927', '566', '900', '809', '288', '162', '386', '383', '534', '659', '873', '942', '984', '311', '57', '727', '693']
['296', '473', '870', '120', '638', '887', '953', '655', '445', '772', '552', '991', '258', '730', '914', '40', '633', '492']
['37', '301', '419', '397', '843', '814', '160', '381', '787', '101', '138', '955', '794', '26', '410', '557', '850', '802', '670']
['979', '717', '430', '264', '279', '45', '522', '251', '538', '379', '375', '334', '949']
['343', '607', '745', '312', '6', '20', '524', '186', '136', '564', '517', '976', '49']
['603', '335', '240', '620']
['614', '587', '839', '406', '181', '276']
['436', '934', '922', '378', '894']
['10', '752', '612', '15']
['962', '146', '464', '161', '788', '882']
['273', '221', '635']
['169', '646']
['236', '396']
