['226', '737', '973', '240', '391', '806', '116', '323', '456', '71', '153', '172', '263', '537', '141', '579', '238', '890', '248', '867', '480', '529', '192', '959', '956', '688', '599', '520', '202', '390', '689', '519', '182', '355', '245', '992', '958', '530', '122', '930', '9', '969', '575', '398', '237', '738', '146', '321', '352', '563', '799', '910', '234', '189', '176', '490', '503', '759', '817', '639', '0', '465', '790', '859', '648', '625', '581', '712', '718', '499', '707', '319', '8', '562', '874', '795', '78', '31', '729', '219', '478', '715', '886', '831', '621', '766', '972', '99', '267', '813', '216', '501', '462', '776', '459', '810', '35', '41', '322', '53', '508', '163', '630', '613', '115', '999', '211', '577', '433', '703', '73', '412', '396', '11', '535', '818', '268', '695', '485', '652', '779', '650', '863', '681', '61', '663', '853', '752', '460', '770', '96', '653', '892', '4', '814', '468', '815', '706', '36', '675', '935', '450', '931', '658', '222', '821', '697', '220', '332', '25', '397', '361', '47', '5', '155', '606', '431', '175', '138', '144', '131', '772', '603', '482', '274', '350', '991', '369', '514', '341', '15', '586', '911', '536', '617', '631', '732', '385', '955', '510', '353', '348', '349', '717', '320', '633', '659', '49', '888', '310', '671', '952', '199', '735', '207', '137', '573', '435', '710', '590', '227', '746', '39', '498', '30', '875', '698', '395', '400', '306', '827', '532', '209', '929', '976', '481', '444', '309', '913', '985', '540', '803', '713', '591', '505', '679', '719', '72', '781', '429', '358', '944', '623', '792', '750', '596', '370', '142', '281', '67', '609', '833', '372', '382', '869', '541', '229', '331', '250', '664', '295', '376', '487', '885', '244', '726', '607', '453', '598', '860', '336', '882', '495', '48', '210', '357', '731', '286', '327', '801', '714', '509', '364', '389', '645', '158', '188', '571', '212', '441', '802', '774', '548', '922', '149', '454', '823', '561', '70', '582', '411', '37', '699', '81', '680', '610', '228', '765', '308', '44', '208', '981', '10', '147', '511', '527', '298', '251', '587', '337', '809', '472', '578', '791', '288', '305', '386', '127', '825', '635', '753', '907', '379', '40', '614', '788', '804', '838', '634', '673', '287']
['721', '307', '589', '558', '13', '549', '470', '543', '925', '213', '556', '608', '254', '3', '260', '416', '299', '346', '140', '427', '588', '995', '82', '856', '667', '602', '173', '677', '42', '424', '975', '28', '194', '962', '215', '638', '872', '242', '51', '123', '269', '428', '593', '987', '761', '479', '284', '373', '893', '100', '394', '690', '126', '946', '488', '605', '38', '988', '741', '521', '151', '678', '197', '145', '980', '796', '325', '301', '193', '901', '401', '83', '978', '847', '139', '531', '870', '640', '909', '345', '665', '576', '29', '191', '264', '402', '170', '160', '852', '165', '666', '91', '903', '787', '522', '585', '65', '233', '773', '933', '313', '399', '542', '836', '516', '258', '378', '524', '651', '297', '276', '937', '12', '994', '517', '996', '132', '7', '727', '426', '354', '708', '816', '168', '574', '940', '195', '580', '906', '550', '871', '77', '812', '156', '217', '19', '845', '338', '190', '333', '318', '983', '289', '993', '518', '674', '961', '649', '560', '914', '105', '627', '611', '2', '654', '819', '526', '351', '917', '908', '417', '960', '857', '437', '457', '923', '616', '846', '500', '619', '104', '805', '438', '775', '383', '764', '135', '271', '317', '878', '185', '568', '694', '463', '512', '945', '27', '368', '16', '339', '939', '473', '557', '265', '539', '374', '120', '365', '533', '278', '196', '762', '943', '837', '887', '771', '866', '902', '655', '692', '461', '900', '342', '261', '20', '162', '436', '89', '294', '600', '363', '566', '124', '984', '200', '204', '414', '534', '129', '970', '953', '743', '898', '873', '221', '311', '273', '247']
['106', '56', '266', '632', '32', '344', '977', '347', '912', '334', '565', '742', '422', '64', '446', '469', '881', '253', '128', '50', '822', '24', '849', '767', '904', '410', '243', '951', '897', '829', '722', '377', '46', '249', '315', '824', '112', '644', '241', '69', '283', '316', '180', '572', '997', '201', '947', '628', '255', '419', '54', '552', '620', '296', '415', '224', '103', '567', '538', '343', '21', '492', '830', '702', '854', '747', '102', '366', '133', '409', '597', '920', '66', '43', '807', '392', '134', '420', '177', '85', '496', '18', '362', '786', '230', '784', '668', '448', '883', '442', '262', '879', '656', '889', '88', '148', '842', '733', '642', '705', '941', '17', '880', '793', '990', '335', '443', '624', '820', '921', '430', '312', '647', '326', '494', '974', '646', '936', '198', '569', '559', '740', '730', '157', '161', '595', '899', '52', '949']
['136', '864', '491', '94', '641', '280', '181', '744', '360', '76', '475', '919', '117', '964', '701', '915', '152', '545', '676', '257', '59', '851', '292', '553', '101', '636', '439', '26', '169', '62', '835', '643', '965', '405', '60', '686', '637', '214', '55', '110', '109', '691', '33', '757', '865', '474', '87', '685', '418', '544', '203', '367', '780', '754', '285', '725', '171', '86', '467', '432', '252', '108', '381', '932', '45', '119', '63', '231', '223', '130', '107', '670', '57']
['6', '14', '150', '723', '466', '111', '329', '839', '938', '236', '934', '330', '895', '464', '868', '778', '942', '476', '314', '113', '785', '114', '302', '826', '95', '551', '968', '458', '23', '406', '90', '118', '696', '618']
['601', '832', '783', '300', '434', '768', '256', '440', '926', '525', '403', '293', '660', '413', '612']
['259', '143', '724', '684', '841']
['622', '384', '483', '657']
['34', '547', '97']
['876']
['948']
['22']
['755']
['359']
['769']
['884']
['506']
['449']
['615']
['371']
['504']
['704']
['891']
['502']
['75']
['425']
['584']
['736']
['546']
['828']
['966']
['979']
['811']
['583']
['672']
['971']
['206']
['756']
['720']
['877']
['455']
['693']
['604']
['507']
['279']
['758']
['324']
['513']
['797']
['186']
['166']
['918']
['74']
['570']
['445']
['291']
['246']
['407']
['93']
['98']
['121']
['179']
['594']
['515']
['92']
['848']
['523']
['404']
['528']
['408']
['626']
['235']
['745']
['555']
['716']
['304']
['989']
['661']
['174']
['928']
['451']
['734']
['855']
['800']
['183']
['232']
['340']
['957']
['794']
['760']
['80']
['471']
['290']
['739']
['187']
['782']
['777']
['808']
['277']
['564']
['167']
['184']
['497']
['452']
['356']
['421']
['905']
['154']
['393']
['916']
['225']
['79']
['700']
['986']
['272']
['375']
['982']
['709']
['387']
['749']
['662']
['58']
['861']
['669']
['927']
['554']
['850']
['798']
['303']
['328']
['894']
['998']
['954']
['489']
['950']
['164']
['629']
['967']
['858']
['493']
['178']
['728']
['239']
['68']
['275']
['789']
['205']
['682']
['687']
['844']
['270']
['159']
['477']
['486']
['592']
['1']
['423']
['763']
['751']
['282']
['862']
['380']
['896']
['125']
['218']
['447']
['388']
['683']
['711']
['963']
['748']
['834']
['924']
['840']
['84']
['484']
['843']
