['808', '56', '323', '391', '777', '159', '266', '71', '632', '681', '263', '32', '470', '150', '179', '197', '248', '581', '811']
['789', '361', '547', '253', '404', '202', '565', '346', '519', '182', '742', '530', '814', '94', '398', '329', '468', '738', '121', '352']
['549', '144', '769', '667', '631', '9', '687', '42', '368', '58', '499', '300', '28', '446', '153', '465', '36', '208', '119', '625']
['641', '4', '758', '13', '328', '562', '327', '51', '123', '206', '475', '721', '755', '24', '478', '715', '479', '275']
['116', '152', '284', '751', '38', '97', '481', '99', '267', '690', '501', '434', '776', '459', '523', '295', '155', '103', '348']
['175', '521', '163', '68', '239', '110', '595', '211', '796', '433', '703', '73', '377', '257', '696', '578', '818', '268']
['64', '695', '249', '315', '467', '779', '531', '91', '112', '305', '129', '556', '665', '576', '240', '141', '96', '29', '608']
['0', '706', '244', '201', '402', '675', '180', '813', '165', '3', '292', '636', '553', '101', '445', '628', '431', '138', '419', '484']
['76', '84', '772', '603', '482', '98', '350', '444', '313', '255', '514', '341', '15', '552', '536', '169', '752', '516', '500']
['316', '689', '607', '181', '297', '276', '728', '717', '343', '22', '517', '492', '49', '671', '232', '727', '735', '207', '634']
['331', '245', '573', '183', '662', '75', '710', '708', '304', '458', '8', '423', '219', '195', '605', '747', '77', '314', '812']
['269', '178', '69', '366', '19', '133', '321', '409', '309', '637', '785', '66', '338', '43', '214', '588', '55', '1', '803', '591']
['270', '750', '679', '134', '713', '302', '493', '570', '109', '358', '592', '210', '289', '310', '792', '389', '596']
['761', '443', '105', '142', '582', '611', '749', '674', '351', '127', '804', '173', '367', '417', '372', '668', '74', '437']
['685', '692', '732', '756', '356', '474', '766', '684', '87', '387', '442', '613', '187', '92', '805', '324', '283', '726', '135']
['376', '615', '712', '274', '88', '336', '422', '185', '510', '495', '694', '463', '512', '403', '199', '629', '654', '33', '754']
['480', '705', '340', '539', '158', '374', '739', '793', '571', '171', '335', '86', '365', '212', '624', '639', '490', '533', '272']
['429', '760', '782', '660', '196', '312', '647', '561', '326', '494', '538', '723', '37', '593', '108', '577', '672', '709', '765']
['218', '44', '45', '90', '10', '342', '261', '198', '511', '63', '567', '120', '6', '20', '720', '800', '132', '118', '659']
['61', '587', '124', '612', '809', '18', '620', '107', '162', '678', '386', '303', '362', '635', '157', '753', '161', '622']
['522', '379', '557', '614', '375', '136', '221', '670', '618', '673', '247', '737', '430', '307', '806', '456', '724', '246', '589']
['491', '558', '242', '537', '543', '455', '579', '238', '354', '344', '213', '151', '452', '347', '529', '192', '460', '688', '254', '520']
['222', '260', '783', '65', '416', '390', '299', '798', '355', '140', '427', '574', '227', '575', '31', '748', '280', '563', '799', '174']
['259', '763', '234', '189', '677', '176', '759', '817', '744', '360', '771', '790', '164', '648', '469', '704', '718', '143', '707']
['301', '319', '128', '795', '111', '729', '50', '117', '503', '466', '78', '711', '584', '100', '373', '683', '716', '784', '767']
['48', '216', '462', '621', '810', '488', '35', '41', '322', '53', '508', '741', '79', '62', '630', '291', '701', '115', '388']
['700', '243', '145', '294', '722', '236', '412', '396', '325', '271', '148', '193', '27', '46', '401', '734', '139', '652', '650']
['489', '345', '241', '663', '638', '461', '770', '486', '515', '191', '449', '264', '59', '237', '447', '815', '7', '126', '450', '160']
['21', '572', '658', '330', '410', '697', '225', '220', '332', '25', '397', '787', '47', '439', '146', '585', '768', '233']
['16', '464', '54', '773', '184', '296', '60', '415', '113', '369', '399', '542', '601', '424', '617', '224', '425', '385', '258']
['334', '378', '504', '524', '745', '764', '359', '349', '167', '778', '564', '12', '290', '320', '633', '223', '226', '371', '114']
['506', '235', '643', '426', '137', '166', '435', '298', '590', '436', '451', '746', '39', '702', '816', '30', '168', '698', '476', '428']
['407', '395', '405', '306', '580', '550', '583', '102', '532', '83', '686', '217', '597', '640', '586', '190', '807', '125']
['545', '540', '333', '392', '505', '318', '719', '72', '177', '420']
['616']
['230']
['736']
['535', '645']
['497', '454']
['666', '147']
['204']
['693']
['287']
['534']
['311']
['653']
['669']
['566']
['52']
['743']
['186']
['205']
['57']
['40']
['282']
['273']
['414']
['438']
['200']
['256']
['740']
['471']
['288']
['441']
['794']
['472']
['337']
['363']
['600']
['353']
['82']
['251']
['130']
['400']
['604']
['89']
['413']
['231']
['548']
['527']
['528']
['598']
['606']
['797']
['498']
['394']
['308']
['228']
['406']
['646']
['2']
['381']
['496']
['610']
['655']
['131']
['680']
['81']
['699']
['279']
['411']
['70']
['23']
['602']
['569']
['106']
['149']
['252']
['599']
['502']
['432']
['278']
['14']
['788']
['172']
['802']
['730']
['188']
['551']
['17']
['725']
['509']
['265']
['473']
['477']
['364']
['154']
['714']
['285']
['780']
['642']
['380']
['513']
['286']
['293']
['731']
['357']
['156']
['733']
['209']
['421']
['546']
['568']
['518']
['525']
['26']
['317']
['203']
['453']
['555']
['656']
['383']
['544']
['11']
['775']
['262']
['418']
['485']
['487']
['774']
['104']
['34']
['619']
['664']
['250']
['682']
['440']
['393']
['80']
['457']
['229']
['541']
['170']
['448']
['122']
['757']
['382']
['95']
['215']
['661']
['339']
['194']
['507']
['609']
['554']
['657']
['483']
['559']
['408']
['786']
['526']
['644']
['627']
['281']
['93']
['762']
['370']
['277']
['560']
['649']
['791']
['676']
['801']
['626']
['594']
['623']
['384']
['691']
['67']
['651']
['5']
['781']
['85']
