['70', '56', '737', '430', '307', '370', '738', '71', '246', '13', '32', '470', '238', '511', '925', '213', '151', '197', '226', '183', '661', '864', '811', '361', '196', '547', '564', '202', '903', '855', '491', '416', '299', '689', '346', '742', '427', '574', '122', '9', '575', '398', '329', '641', '748', '352', '563', '884', '924', '822', '815', '229', '368', '300', '28', '194', '76', '465', '164', '469', '4', '704', '758', '263', '328', '562', '327', '472', '724', '872', '913', '279', '206', '37', '755', '117', '750', '250', '466', '715', '479', '711', '886', '584', '216', '373', '127', '701', '99', '267', '100', '810', '703', '434', '170', '946', '155', '41', '322', '79', '62', '311', '697', '110', '243', '211', '5', '796', '433', '480', '823', '767', '730', '257', '325', '555', '535', '148', '315', '734', '761', '652', '650', '531', '870', '909', '949', '241', '471', '391', '218', '665', '576', '461', '770', '890', '653', '29', '264', '59', '237', '606', '175', '283', '446', '254', '126', '849', '572', '658', '404', '330', '47', '107', '726', '356', '522', '397', '165', '787', '947', '628', '445', '439', '146', '936', '431', '84', '205', '191', '255', '184', '296', '60', '178', '415', '113', '399', '542', '636', '836', '536', '833', '224', '425', '684', '722', '504', '607', '419', '745']
['272', '687', '153', '789', '537', '455', '150', '344', '248', '192', '371', '93', '832', '798', '182', '355', '530', '668', '321', '799', '667', '615', '677', '422', '723', '790', '712', '881', '585', '31', '50', '275', '716', '690', '776', '38', '508', '630', '239', '808', '774', '115', '951', '897', '73', '52', '396', '11', '313', '578', '818', '193', '27', '901', '46', '467', '112', '139', '779', '61', '663', '282', '486', '892', '544', '402', '706', '316', '675', '851', '450', '852', '45', '292', '332', '25', '637', '201', '101', '904', '768', '233', '814', '773', '620', '955', '933', '444', '369', '514', '138', '865', '378', '524', '548', '510', '538', '728', '359', '829', '343', '231', '266', '841', '12', '633', '21', '492', '825', '771', '671', '232', '235', '207', '426', '435', '140', '436', '708', '828', '847', '816', '458', '423', '219', '405', '195', '580', '747', '906', '938', '505', '77', '314', '83', '853', '686', '133', '318', '309', '597', '920', '66', '848', '190', '807', '214', '125', '540', '333', '752', '583', '719', '72', '85', '493', '570', '67', '623', '594', '910', '280', '341', '635', '596', '649', '560', '821', '142', '569', '582', '627', '749', '743', '786', '408', '912', '337', '507', '863', '372', '757', '74', '541', '437', '834', '440', '923', '616', '474', '846']
['364', '543', '660', '7', '867', '363', '94', '744', '274', '625', '215', '717', '795', '51', '123', '478', '284', '152', '394', '90', '902', '163', '179', '291', '893', '485', '345', '896', '141', '843', '861', '180', '225', '376', '482', '688', '350', '586', '911', '732', '500', '651', '827', '850', '22', '882', '835', '939', '952', '735', '643', '166', '573', '75', '590', '907', '451', '746', '476', '940', '395', '306', '605', '532', '812', '587', '69', '366', '217', '338', '43', '588', '114', '134', '781', '481', '384', '358', '883', '407', '801', '477', '644', '554', '780', '429', '95', '80', '516', '34', '295', '104', '937', '442', '487', '805', '775', '324', '696', '244', '656', '203', '598', '878', '26', '860', '336', '868', '567', '259', '463', '945', '209', '733', '357', '473', '513', '428', '380', '16', '705', '645', '941', '506', '725', '921', '739', '188', '793', '120', '86', '365', '595', '490', '802', '950', '432', '759', '312', '252', '943', '23', '281', '411', '866', '953', '453', '680', '610', '577', '672', '646', '709', '228', '308', '44', '659', '900', '147', '899', '198', '64', '527', '298', '118', '905', '130', '82', '353', '18', '58', '441', '351', '305', '386', '682', '438', '157', '161', '40', '557', '614', '699', '894', '287', '334', '102', '221', '534', '673']
['932', '631', '763', '592', '632', '648', '681', '718', '875', '721', '918', '87', '676', '412', '204', '888', '468', '160', '414', '131', '276', '167', '320', '39', '702', '546', '48', '929', '19', '253', '845', '1', '289', '842', '389', '443', '611', '657', '804', '917', '609', '756', '766', '385', '14', '387', '210', '187', '92', '418', '666', '889', '525', '185', '495', '304', '512', '310', '403', '199', '293', '642', '714', '154', '919', '265', '340', '539', '158', '17', '374', '954', '212', '624', '927', '149', '837', '602', '494', '81', '108', '655', '692', '2', '765', '172', '290', '856', '10', '517', '261', '335', '6', '720', '604', '400', '600', '549', '57']
['731', '529', '137', '561', '169', '662', '8', '713', '819', '876', '858', '417', '382', '926', '619', '222', '629', '171', '736', '891', '599', '406', '20', '948', '800', '89', '612', '200', '670', '273', '693']
['484', '777', '895', '271', '88', '654', '551', '375', '880', '922', '381', '379']
['502', '459', '53', '145', '249', '135', '181', '533']
['840', '129', '498']
['707']
['421', '348']
['874']
['683']
['931']
['898']
['857']
['326']
['186']
['360']
['678']
['323']
['556']
['377']
['3']
['698']
['460']
['603']
['934']
['942']
['885']
['297']
['269']
['521']
['826']
['809']
['317']
['388']
['553']
['144']
['285']
['448']
['464']
['503']
['879']
['760']
['339']
['401']
['475']
['695']
['515']
['753']
['694']
['545']
['251']
['854']
['928']
['278']
['30']
['647']
['754']
['33']
['119']
['208']
['42']
['838']
['168']
['762']
['916']
['820']
['268']
['571']
['566']
['794']
['797']
['262']
['223']
['915']
['859']
['782']
['15']
['240']
['174']
['679']
['454']
['778']
['143']
['227']
['873']
['256']
['785']
['634']
['383']
['824']
['523']
['581']
['413']
['106']
['362']
['488']
['111']
['390']
['622']
['674']
['727']
['877']
['0']
['410']
['669']
['740']
['288']
['791']
['691']
['871']
['830']
['935']
['301']
['35']
['621']
['817']
['294']
['803']
['520']
['608']
['96']
['173']
['565']
['559']
['640']
['462']
['78']
['618']
['189']
['956']
['769']
['700']
['813']
['97']
['331']
['159']
['591']
['518']
['342']
['764']
['258']
['601']
['447']
['741']
['260']
['354']
['806']
['247']
['367']
['302']
['489']
['55']
['68']
['132']
['568']
['496']
['483']
['177']
['392']
['784']
['349']
['54']
['220']
['236']
['128']
['783']
['91']
['124']
['509']
['176']
['270']
['105']
['286']
['710']
['552']
['457']
['869']
['424']
['449']
['638']
['116']
['162']
['613']
['528']
['409']
['103']
['24']
['121']
['519']
['230']
['788']
['497']
['792']
['393']
['626']
['550']
['245']
['347']
['63']
['887']
['49']
['98']
['501']
['831']
['499']
['242']
['930']
['109']
['862']
['772']
['234']
['452']
['579']
['558']
['589']
['664']
['914']
['839']
['751']
['36']
['844']
['685']
['526']
['277']
['944']
['420']
['156']
['617']
['729']
['319']
['65']
['456']
['136']
['303']
['593']
['639']
['908']
