['452', '323', '803', '307', '39', '153', '632']
['610', '235', '643', '737', '137', '56', '777', '426', '456']
['103', '272', '573', '792', '116', '367', '558', '172', '13', '698']
['409', '746', '789', '4', '476', '543', '405', '239']
['157', '207', '69', '451', '8', '537', '219', '455', '784']
['825', '247', '710', '227', '738', '266', '589', '694']
['382', '183', '613', '830', '702', '395', '337', '605', '747']
['547', '166', '413', '226', '168', '306', '179', '197', '248']
['40', '687', '580', '151', '827', '480', '77']
['28', '508', '806', '701', '423', '591', '270', '130', '102']
['49', '30', '32', '347', '314', '529', '218', '688']
['462', '435', '75', '512', '835', '532', '83']
['661', '546', '118', '238', '832', '415', '3', '597']
['18', '71', '150', '363', '366', '520']
['515', '437', '242', '123', '599', '217', '133', '338']
['689', '579', '460', '404', '202', '637', '785', '66']
['646', '141', '812', '19', '253', '564', '403', '724']
['639', '712', '653', '608', '444', '586', '807']
['280', '298', '195', '550', '178', '196', '321', '390', '829']
['627', '458', '482', '361', '600', '416', '1', '245']
['834', '229', '191', '372', '519', '355', '427']
['509', '590', '43', '540', '641', '420']
['541', '155', '94', '575', '134', '72', '781', '447']
['833', '182', '530', '713', '804', '384', '615']
['212', '498', '484', '398', '149', '748', '489', '436', '782']
['486', '301', '109', '392', '595', '85', '840']
['142', '181', '412', '214', '121', '493', '763', '594', '518', '490']
['330', '430', '565', '381', '679', '302', '67']
['265', '190', '352', '570', '691', '799', '174']
['666', '800', '488', '811', '795', '700', '211', '631']
['473', '400', '144', '422', '421', '42', '671', '380']
['475', '260', '309', '731', '156']
['429', '822', '602', '477', '817', '194', '762', '76', '582']
['622', '344', '686', '729', '592', '23', '289', '389', '596', '502']
['325', '770', '353', '647', '635', '93', '2', '164', '119']
['616', '681', '48', '126', '234', '310', '801', '744', '105', '162']
['262', '51', '371', '449', '798', '399', '674', '431']
['17', '269', '561', '210', '407', '368', '443', '533', '316']
['499', '60', '649', '560', '749', '644', '208', '625', '657']
['790', '237', '757', '117', '457']
['478', '143', '351', '106', '9', '281', '648', '675', '483', '319']
['715', '81', '469', '33', '758', '707', '328', '128', '31']
['369', '324', '468', '496', '256', '507']
['562', '111', '243', '5', '568', '771', '411', '704', '756']
['818', '842', '796', '786', '22', '448', '95', '331']
['522', '215', '127', '46', '645', '479', '750', '664', '474']
['120', '513', '145', '114', '684', '24', '743', '569', '80']
['388', '797', '735', '814', '755', '503', '528', '284']
['542', '587', '630', '357', '709', '408', '312', '50', '297']
['224', '359', '676', '339', '356', '584', '38', '442', '683', '187']
['655', '350', '581', '34', '295', '387', '97', '805', '619']
['621', '78', '275', '99', '204', '146', '839', '26']
['726', '809', '609', '732', '761', '216', '751', '438', '501']
['185', '402', '716', '267', '690', '775', '776']
['494', '175', '826', '425', '810', '598', '336', '79']
['236', '769', '313', '440', '434', '41']
['745', '385', '92', '487', '523']
['21', '603', '767', '752', '555', '393', '524', '535']
['16', '459', '383', '656', '62', '163', '68', '148', '293']
['527', '64', '0', '171', '418', '741', '259']
['566', '222', '203', '274', '53', '377', '257', '364']
['772', '636', '170', '199', '654', '705', '340', '315', '467']
['768', '132', '386', '249', '815', '335', '86', '365']
['290', '658', '283', '35', '410', '161', '115', '695', '578', '374']
['453', '670', '15', '682', '730', '495', '823']
['188', '838', '722', '820', '401', '725', '650']
['201', '376', '108', '304', '506', '780', '557']
['20', '252', '492', '551', '793', '25', '303']
['720', '305', '285', '678', '291', '433', '539', '663', '441']
['221', '534', '525', '165', '754', '292', '571', '61', '665']
['651', '286', '764', '692', '287', '638', '802', '450', '180']
['52', '696', '241', '624', '446', '593', '406']
['419', '59', '279', '577', '672', '394', '445']
['220', '89', '740', '629', '345', '471', '70', '44']
['63', '538', '45', '628', '606', '567', '54', '231', '131']
['160', '36', '96', '90', '255', '233', '84', '251']
['585', '341', '617', '765', '308', '464']
['378', '652', '572', '228', '10', '439', '342', '198', '511']
['548', '461', '773', '828', '124', '536', '510']
['7', '205', '843', '397', '184', '472']
['258', '604', '169', '349', '186', '633', '693']
['12', '531', '37', '147', '57']
['794', '432', '717', '6', '659', '673']
['101', '552', '223']
['736', '642', '788', '261', '836', '778', '517']
['296', '787', '375']
['614', '129']
['841', '454']
['334']
['699']
['250']
['544']
['370']
['273']
['576']
['733']
['332']
['739']
['317']
['112']
['82']
['821']
['192']
['346']
['774']
['526']
['791']
['333']
['152']
['140']
['135']
['98']
['11']
['466']
['299']
['159']
['362']
['626']
['322']
['711']
['240']
['73']
['719']
['65']
['783']
['703']
['612']
['463']
['74']
['662']
['232']
['329']
['685']
['505']
['620']
['414']
['230']
['417']
['824']
['680']
['714']
['760']
['816']
['225']
['808']
['514']
['470']
['391']
['844']
['623']
['583']
['354']
['320']
['113']
['574']
['553']
['87']
['485']
['122']
['554']
['697']
['521']
['373']
['677']
['136']
['465']
['759']
['88']
['173']
['348']
['667']
['742']
['559']
['734']
['100']
['254']
['379']
['500']
['29']
['110']
['58']
['288']
['278']
['125']
['660']
['428']
['167']
['601']
['360']
['91']
['545']
['668']
['611']
['516']
['138']
['837']
['481']
['300']
['497']
['14']
['277']
['318']
['27']
['271']
['563']
['246']
['753']
['158']
['766']
['634']
['727']
['276']
['813']
['831']
['206']
['588']
['311']
['139']
['193']
['244']
['718']
['176']
['706']
['55']
['708']
['343']
['607']
['268']
['327']
['723']
['424']
['263']
['154']
['177']
['640']
['504']
['47']
['264']
['282']
['396']
['189']
['556']
['213']
['294']
['326']
['618']
['358']
['209']
['728']
['491']
['779']
['104']
['107']
['721']
['669']
['200']
['549']
['819']
