['89', '235', '239', '209', '199', '451', '489', '456', '39', '246', '433', '4', '13', '8', '91', '285', '405', '306', '101', '151', '268', '248', '226', '265', '46', '249', '17', '460', '361', '366', '19', '202', '171', '206', '390', '212', '490', '363', '182', '375', '1', '14', '71', '392', '121', '446', '411', '429', '410', '407', '308', '277', '105', '465', '10', '119', '107', '230', '416', '294', '353', '113', '124', '448', '24', '457', '197', '253', '356', '236', '487', '232', '84', '342', '132', '355', '7', '88', '311', '176', '287', '259', '247']
['388', '304', '463', '435', '48', '75', '286', '153', '172', '168', '476', '219', '455', '150', '154', '257', '344', '415', '148', '340', '192', '31', '404', '449', '66', '44', '141', '486', '29', '196', '312', '72', '175', '402', '494', '316', '37', '177', '160', '496', '421', '156', '368', '144', '21', '443', '461', '194', '165', '2', '67', '255', '458', '261', '178', '372', '382', '369', '73', '241', '58', '169', '224', '216', '295', '373', '441', '462', '283', '22', '135', '68', '53', '185', '114']
['27', '430', '391', '110', '357', '116', '145', '30', '32', '423', '398', '77', '271', '193', '480', '385', '374', '315', '409', '112', '305', '303', '307', '5', '103', '468', '447', '282', '436', '23', '493', '36', '180', '225', '292', '300', '45', '445', '155', '143', '328', '469', '413', '400', '350', '269', '428', '472', '471', '95', '440', '474', '152', '204', '157', '190', '343', '6', '414', '87', '35', '453', '26', '348', '289']
['260', '207', '427', '495', '243', '293', '412', '96', '401', '83', '467', '133', '365', '69', '237', '70', '302', '109', '358', '188', '9', '291', '220', '389', '25', '290', '201', '281', '47', '147', '215', '408', '263', '205', '198', '345', '98', '111', '478', '258', '438', '34', '297', '349', '12', '492']
['50', '396', '195', '347', '314', '82', '217', '491', '86', '346', '329', '352', '210', '422', '381', '406', '370', '208', '256', '54', '231', '20', '298', '52', '130', '251', '444', '437', '117', '200', '284', '38', '481', '92', '57', '418', '41', '371', '218']
['362', '327', '498', '354', '161', '227', '266', '16', '395', '238', '102', '254', '3', '120', '129', '214', '434', '55', '432', '85', '279', '330', '310', '42', '360', '76', '203', '118', '299', '475', '288', '221', '123', '250', '425', '97', '376', '276', '485', '262', '170', '136', '125']
['459', '272', '99', '211', '367', '325', '364', '452', '139', '278', '173', '234', '81', '189', '164', '419', '319', '339', '296', '74', '15', '162', '80', '104', '359']
['338', '245', '166', '403', '33', '377', '301', '309', '61', '43', '326', '424', '228', '332', '397', '394', '482', '384', '321', '378', '383', '379', '40', '167', '393', '49', '100', '62', '163']
['158', '240', '115', '11', '179', '65', '333', '252', '264', '497', '380', '483', '128', '313', '122', '341', '464', '78', '275', '187', '222', '334', '322', '336', '79']
['63', '274', '213', '473', '28', '134', '149', '106', '142', '90', '439', '337', '417', '18', '466', '244', '488', '223']
['59', '426', '51', '64', '431', '233', '320', '146']
['0', '318', '280', '93', '242', '138', '270', '267', '126', '186', '273']
['127', '94', '420', '108', '399', '386', '331', '479', '181', '387']
['174', '183', '335', '191', '499', '184', '60', '351', '442']
['454', '470', '229']
['477', '137', '56', '450']
['323', '131', '324']
['159', '484']
['317']
['140']
