['842', '207', '634', '971', '137', '973', '803', '710', '391', '907', '426', '39', '498', '168', '698', '940', '423', '219', '952', '150', '784', '511', '854', '977', '945', '550', '867', '703', '102', '959', '888', '460', '254', '404', '903', '484']
['757', '56', '573', '662', '75', '227', '738', '159', '266', '246', '702', '546', '4', '263', '537', '455', '591', '605', '179', '938', '812', '864', '556', '916', '653', '547', '520', '991', '783', '462', '640', '338', '43', '565', '307', '182']
['861', '643', '323', '992', '806', '451', '71', '632', '13', '872', '678', '967', '579', '482', '344', '452', '60', '892', '218', '515', '686', '202', '969', '416', '66', '798', '807', '355', '114', '427', '333', '530', '392', '269', '679', '588']
['364', '507', '435', '590', '155', '789', '172', '476', '721', '141', '925', '212', '151', '248', '480', '347', '314', '69', '577', '3', '597', '65', '491', '689', '913', '134', '985', '742', '329', '583', '318', '719', '748', '781', '982', '983']
['965', '298', '339', '153', '558', '242', '463', '306', '933', '1', '442', '532', '83', '192', '366', '217', '832', '845', '957', '346', '228', '55', '777', '505', '398', '995', '943', '731', '177', '302', '109', '782', '145', '667', '175', '234']
['414', '362', '470', '395', '195', '213', '929', '178', '919', '299', '190', '106', '489', '809', '67', '691', '799', '173', '429', '924', '794', '910', '210', '594', '176', '421', '728', '792', '961', '457', '21', '443', '533', '194', '771', '611']
['61', '436', '116', '746', '687', '681', '543', '759', '394', '580', '747', '906', '871', '415', '855', '785', '829', '214', '450', '641', '321', '121', '856', '853', '844', '763', '970', '189', '42', '280', '424', '676', '477', '370', '582', '81']
['352', '932', '183', '432', '876', '197', '77', '722', '529', '260', '390', '334', '245', '574', '840', '884', '769', '174', '700', '524', '407', '801', '821', '569', '549', '790', '706', '836', '712', '912', '816', '881', '917', '562', '327', '724']
['743', '235', '14', '166', '387', '613', '770', '143', '458', '405', '849', '733', '76', '125', '713', '980', '399', '5', '563', '293', '570', '358', '561', '456', '677', '380', '796', '300', '105', '762', '93', '465', '598', '526', '215', '786']
['568', '875', '688', '862', '540', '958', '930', '708', '883', '826', '602', '623', '422', '310', '671', '629', '389', '975', '560', '446', '859', '33', '704', '718', '107', '618', '230', '367', '715', '31', '372', '668', '74', '822', '732', '987']
['117', '823', '928', '589', '220', '735', '353', '599', '986', '409', '519', '736', '94', '420', '638', '815', '615', '289', '368', '596', '817', '277', '142', '723', '749', '164', '119', '581', '559', '483', '804', '908', '874', '795', '661', '111']
['256', '737', '354', '830', '684', '32', '91', '301', '350', '509', '578', '322', '586', '144', '626', '604', '341', '649', '309', '281', '2', '127', '440', '50', '229', '592', '205', '393', '478', '479', '356', '886', '152', '831', '621', '373']
['438', '400', '9', '472', '496', '156', '989', '28', '819', '469', '707', '554', '382', '960', '24', '834', '425', '750', '926', '104', '774', '187', '767', '204', '434', '944', '135', '274', '860', '508', '221', '185', '304', '716', '701', '223']
['758', '500', '827', '51', '209', '361', '920', '493', '70', '64', '360', '208', '305', '657', '466', '16', '417', '206', '122', '448', '755', '95', '80', '331', '766', '284', '685', '805', '418', '690', '501', '896', '810', '523', '656', '999']
['386', '800', '264', '85', '503', '58', '627', '625', '408', '756', '351', '128', '376', '729', '963', '30', '78', '682', '616', '236', '275', '474', '964', '481', '99', '544', '751', '170', '946', '271', '317', '53', '663', '259', '495', '630']
['956', '272', '132', '979', '337', '761', '123', '439', '250', '100', '97', '262', '776', '696', '488', '904', '941', '224', '239', '268', '115', '545', '654', '820', '705', '714', '154', '257', '11', '243', '473', '645', '824', '880', '453', '866']
['12', '504', '601', '110', '575', '942', '437', '674', '780', '791', '857', '752', '931', '848', '619', '34', '846', '683', '216', '760', '126', '336', '146', '535', '878', '988', '741', '163', '510', '694', '357', '513', '325', '818', '148', '901']
['112', '428', '993', '181', '744', '639', '644', '934', '328', '253', '88', '711', '270', '295', '915', '885', '383', '87', '203', '26', '525', '348', '68', '48', '403', '897', '642', '754', '22', '52', '285', '396', '193', '249', '650', '308']
['401', '8', '19', '631', '371', '27', '131', '222', '62', '388', '211', '286', '695', '506', '539', '467', '139', '652', '171', '870', '282', '490', '802', '665', '430', '240', '647', '237', '494', '36', '935', '37', '340', '108', '669', '655']
['238', '402', '162', '869', '593', '664', '38', '487', '658', '324', '79', '410', '512', '951', '158', '978', '847', '335', '86', '303', '788', '278', '922', '59', '850', '468', '739', '23', '968', '813', '852', '576', '808', '225', '672', '765']
['385', '637', '648', '863', '893', '267', '485', '666', '879', '764', '161', '73', '921', '531', '891', '196', '814', '316', '44', '101', '528', '527', '955', '20', '603', '98', '113', '962', '369', '966', '542', '740', '617', '730', '607', '548']
['887', '927', '828', '0', '431', '413', '319', '609', '186', '459', '35', '312', '839', '291', '433', '734', '779', '725', '120', '948', '241', '441', '811', '449', '837', '475', '851', '692', '998', '25', '981', '90', '10', '585', '419', '6']
['709', '499', '541', '584', '283', '726', '41', '521', '377', '412', '406', '265', '17', '990', '614', '471', '890', '651', '411', '902', '564', '292', '895', '659', '900', '947', '636', '797', '255', '198', '138', '54', '118', '918', '261', '184']
['92', '889', '954', '200', '129', '363', '660', '149', '447', '188', '160', '697', '997', '381', '445', '673', '147', '342', '720', '905', '365', '313', '124', '18', '15', '536', '865', '538', '379', '557', '349', '320', '492', '976', '311', '232']
['63', '858', '939', '374', '571', '624', '972', '553', '522', '772', '231', '773', '620', '294', '768', '833', '516', '745', '753', '276', '914', '40', '841', '882', '899', '566', '49']
['191', '727', '332', '273', '775', '595', '843', '486', '180', '936', '233', '288', '868', '359', '375', '136', '894', '517', '996', '7', '670', '534', '247', '949']
['518', '384', '551', '793', '29', '279', '572', '47', '296', '258', '297', '622', '717', '778', '898', '57']
['140', '608', '911', '244', '103', '555', '950', '96', '397', '251', '343', '84', '699', '633', '226', '825']
['82', '444', '345', '454', '330', '461', '45', '628', '606', '130', '514', '157']
['552', '646', '787', '464', '169', '838', '287']
['315', '610', '89', '587']
['612', '326', '680', '497', '290', '984']
['873', '909', '877', '953', '693']
['835', '675', '201', '167', '994', '502']
['72', '252']
['600', '567']
['199', '133', '974']
['378', '937']
['46', '923']
['165', '635']
