['28', '421', '225', '592', '649', '752', '528', '842', '401', '142', '751', '87', '355', '55', '742', '245', '522', '59', '30', '530', '392', '892', '718', '679', '455', '714', '238', '301', '562', '980', '827', '36', '254', '851', '799', '839', '896', '729', '363', '764']
['553', '409', '963', '42', '870', '166', '48', '112', '513', '674', '282', '619', '182', '868', '897', '819', '445', '432', '660', '505', '768', '293', '438', '662', '231', '11', '205', '773', '923', '743', '452', '972', '684', '728', '77', '98', '123', '661', '984', '931']
['882', '202', '338', '80', '331', '464', '869', '299', '241', '982', '122', '722', '922', '956', '872', '187', '864', '215', '557', '840', '690', '400', '412', '120', '84', '453', '20', '326', '889', '52', '109', '265', '340', '296', '322', '467', '888', '369', '653', '437']
['758', '310', '507', '88', '335', '440', '250', '303', '639', '446', '829', '361', '510', '246', '270', '256', '958', '606', '419', '91', '548', '244', '748', '447', '271', '136', '536', '0', '634', '102', '769', '384', '350', '174', '824', '993', '160', '358', '551', '734']
['701', '865', '380', '101', '354', '262', '435', '960', '356', '501', '544', '985', '383', '950', '186', '159', '47', '14', '613', '867', '959', '242', '552', '127', '657', '149', '237', '504', '561', '151', '736', '928', '727', '884', '651', '667', '372', '631', '988', '753']
['17', '219', '308', '637', '461', '457', '12', '471', '565', '590', '129', '730', '234', '45', '465', '951', '635', '240', '770', '789', '155', '73', '969', '614', '939', '154', '459', '828', '200', '815', '494', '413', '695', '67', '51', '976', '218', '79', '576', '276']
['345', '628', '288', '424', '678', '76', '710', '305', '115', '385', '907', '666', '883', '161', '164', '622', '33', '591', '772', '583', '511', '191', '134', '978', '983', '605', '261', '609', '22', '493', '905', '917', '60', '430', '754', '113', '336', '165', '942', '832']
['641', '316', '95', '290', '239', '791', '365', '803', '636', '886', '777', '357', '281', '788', '266', '796', '648', '642', '926', '428', '434', '719', '195', '344', '977', '726', '706', '724', '275', '578', '334', '317', '677', '763', '108', '599', '577', '131', '541']
['348', '532', '697', '610', '454', '323', '912', '337', '203', '808', '46', '169', '994', '792', '745', '444', '801', '652', '208', '515', '24', '626']
['211', '491', '929', '390', '247', '547', '420', '932', '367', '933', '524', '787', '611', '473', '220', '534', '526', '168', '880', '875', '594', '554', '943', '600', '760', '302', '320', '306', '183', '132', '158', '669', '53', '825', '311', '31', '686', '761', '287', '222']
['732', '503', '291', '309', '961', '292', '260', '382', '664', '397', '277', '295', '90', '44', '433', '654', '4', '359', '805', '930', '756', '395', '717', '285', '177', '656', '564', '563', '506', '483', '312', '810', '835', '924', '620', '206', '953', '910', '572', '163']
['124', '370', '374', '176', '297', '571', '171', '766', '638', '519', '387', '807', '329', '523', '327', '144', '35', '347', '130', '602', '820', '809', '496']
['986', '121', '415', '263', '817', '694', '989', '979', '915', '196', '968', '6', '364', '402', '321', '62', '422']
['429', '627', '735', '482', '512', '443', '38', '379', '876', '64', '252', '776', '213', '352', '197', '509', '812', '949', '210', '259', '404']
['229', '119', '399', '655', '315', '498', '466', '209', '806', '34', '934', '901', '16', '885', '499', '343', '621', '148', '342', '691', '873', '670', '19', '518']
['793', '971', '3', '341', '640', '61', '596', '371', '403', '846', '831', '965', '540', '481', '712', '574', '683', '778', '881', '906', '570', '81', '935', '294', '178', '29', '962', '460', '366', '18', '58']
['990', '407', '733', '672', '416', '715', '682', '569', '586', '43', '474', '110', '659', '243', '744', '99', '278', '485', '704', '537', '527', '575', '696', '93', '126', '230', '248', '871', '833', '251', '598', '940', '313', '798', '157', '269', '117', '902', '450']
['111', '135', '15', '488', '137', '484', '573', '765', '425', '300', '584', '204', '414', '406', '140', '10', '816', '558', '439', '487', '32', '630', '490', '814', '775', '72', '945', '837', '580', '818', '389', '436', '475', '57', '740', '9', '525', '255', '680']
['693', '388', '826', '779', '65', '957', '479', '616', '862', '116', '665', '373', '927', '517', '859', '604', '608', '167', '138', '150', '767', '781', '328', '946', '411', '41', '330', '822']
['284', '834', '617', '227', '451', '426', '456', '114', '629', '716', '172', '378', '786', '377', '857', '449', '647', '318', '54', '898', '283', '585', '908', '280', '118', '603', '887', '685', '37', '556', '566', '904', '448', '85', '410']
['991', '668', '207', '874', '973', '568', '709', '362', '711', '25', '189', '981', '549', '442', '141', '914', '658', '13', '713', '319', '325', '555', '785', '268', '894', '780', '173', '417', '671', '688', '497', '966']
['188', '947', '394', '2', '86', '332', '624', '71', '469', '198', '418', '707', '854', '184', '895', '128', '27', '899', '539', '741']
['391', '107', '643', '431', '143', '398', '588', '100', '762', '811', '891', '644', '538', '632', '92', '698', '423', '94', '462', '995', '771', '804', '470', '70', '89', '878', '529', '249', '286', '587', '289', '68']
['274', '802', '650', '615', '954', '212', '913', '199', '508', '104', '125', '687', '214', '376', '702', '147', '492', '8', '703', '543', '937', '612', '5', '720', '480', '82', '866', '103', '944', '74', '731', '567', '919', '593']
['514', '903', '676', '253', '307', '258', '738', '900', '579', '790', '272', '153', '797', '861', '581', '339', '911', '618', '405', '850', '49', '145', '847', '23', '179', '858', '795', '408', '217', '673', '226', '844', '952', '739', '749']
['920', '495', '974', '855', '759', '75', '848', '545', '152', '531', '314', '774', '267', '458', '40', '349', '63', '236', '441', '324', '468', '106', '879', '175', '877', '800', '7', '675', '223', '279', '192', '700', '916', '502', '852', '542']
['162', '845', '601', '783', '987', '78', '21', '194', '582', '699', '181', '427', '992', '381', '681', '304', '476', '559', '264', '784', '393', '535', '333', '50', '83', '794', '180', '925', '853', '521', '472', '139', '1']
['863', '967', '56', '725', '909', '66', '516', '500', '360', '821', '708', '595', '746', '97', '890', '721', '705', '955', '257', '941', '747', '856', '830', '146', '645', '233', '353', '26', '156', '921', '185', '755']
['893', '782', '368', '623', '477', '533', '346', '216', '607', '723', '273', '39', '843', '589', '836', '936', '105', '69', '938', '948', '396', '841', '478', '298', '550', '633', '170', '190', '546', '757', '221', '232', '520', '970']
['737', '235', '351', '663', '597', '463', '646', '692', '228', '750', '689', '964', '560', '838', '975', '625', '486', '96', '386', '823', '375', '849', '918', '201', '193', '860', '133', '813', '489', '224']
